unning Scheduler
Images = 100
Inferences = 1
Sleeping for 5 seconds
Main thread running
CPU Small: Started process
CPU Big: Started process
GPU: Started process
tdiff = 5.00596, run_cpu_small = 1, run_cpu_big = 1, run_gpu = 1, temp = 81800, val = 4
tdiff = 10.0062, run_cpu_small = 1, run_cpu_big = 1, run_gpu = 1, temp = 82232, val = 10
tdiff = 15.0111, run_cpu_small = 1, run_cpu_big = 1, run_gpu = 1, temp = 83096, val = 15
tdiff = 20.0106, run_cpu_small = 1, run_cpu_big = 1, run_gpu = 1, temp = 81152, val = 22
tdiff = 25.0098, run_cpu_small = 1, run_cpu_big = 1, run_gpu = 1, temp = 81152, val = 30
tdiff = 30.0035, run_cpu_small = 1, run_cpu_big = 1, run_gpu = 1, temp = 82232, val = 36
tdiff = 35.0009, run_cpu_small = 1, run_cpu_big = 1, run_gpu = 1, temp = 82664, val = 41
tdiff = 40.0026, run_cpu_small = 1, run_cpu_big = 1, run_gpu = 1, temp = 82880, val = 47
tdiff = 45.0019, run_cpu_small = 1, run_cpu_big = 1, run_gpu = 1, temp = 82664, val = 55
tdiff = 50.0039, run_cpu_small = 1, run_cpu_big = 1, run_gpu = 1, temp = 83744, val = 60
tdiff = 55.0093, run_cpu_small = 1, run_cpu_big = 1, run_gpu = 1, temp = 83096, val = 66
tdiff = 60.0061, run_cpu_small = 1, run_cpu_big = 1, run_gpu = 1, temp = 83312, val = 72
tdiff = 65.0093, run_cpu_small = 1, run_cpu_big = 1, run_gpu = 1, temp = 83312, val = 77
tdiff = 70.0038, run_cpu_small = 1, run_cpu_big = 1, run_gpu = 1, temp = 83528, val = 82
tdiff = 75.0096, run_cpu_small = 1, run_cpu_big = 1, run_gpu = 1, temp = 83744, val = 88
tdiff = 80.0005, run_cpu_small = 1, run_cpu_big = 1, run_gpu = 1, temp = 83528, val = 93
tdiff = 85.0066, run_cpu_small = 1, run_cpu_big = 1, run_gpu = 1, temp = 83744, val = 99
0.85261 per image
0.85261 per inference
