***
Running Scheduler
Images = 100
Inferences = 1
Sleeping for 5 seconds
Main thread running
CPU Big: Started process
GPU: Started process
CPU Small: Started process
tdiff = 5.0005, run_cpu_small = 1, run_cpu_big = 0, run_gpu = 0, temp = 72080, val = 4
tdiff = 10.0005, run_cpu_small = 1, run_cpu_big = 0, run_gpu = 1, temp = 63224, val = 10
tdiff = 15.0007, run_cpu_small = 1, run_cpu_big = 0, run_gpu = 1, temp = 64736, val = 17
tdiff = 20.0006, run_cpu_small = 1, run_cpu_big = 0, run_gpu = 1, temp = 64520, val = 25
tdiff = 25.001, run_cpu_small = 1, run_cpu_big = 0, run_gpu = 1, temp = 64304, val = 30
tdiff = 30.001, run_cpu_small = 1, run_cpu_big = 0, run_gpu = 1, temp = 64304, val = 35
tdiff = 35.0007, run_cpu_small = 1, run_cpu_big = 0, run_gpu = 1, temp = 65384, val = 42
tdiff = 40.0001, run_cpu_small = 1, run_cpu_big = 0, run_gpu = 1, temp = 67328, val = 49
tdiff = 45.0007, run_cpu_small = 1, run_cpu_big = 0, run_gpu = 1, temp = 68408, val = 57
tdiff = 50.0003, run_cpu_small = 1, run_cpu_big = 0, run_gpu = 1, temp = 65384, val = 63
tdiff = 55.0007, run_cpu_small = 1, run_cpu_big = 0, run_gpu = 1, temp = 68408, val = 70
tdiff = 60.0009, run_cpu_small = 1, run_cpu_big = 0, run_gpu = 1, temp = 66680, val = 76
tdiff = 65.0008, run_cpu_small = 1, run_cpu_big = 0, run_gpu = 1, temp = 67760, val = 84
tdiff = 70.0001, run_cpu_small = 1, run_cpu_big = 0, run_gpu = 1, temp = 67328, val = 91
tdiff = 75.0003, run_cpu_small = 1, run_cpu_big = 0, run_gpu = 1, temp = 69272, val = 97
0.764792 per image
0.764792 per inference