time temp
0.00208492 58040
0.0127543 57824
0.0231216 58040
0.0335452 58256
0.0443067 58472
0.0548506 58472
0.0654236 58472
0.0759357 58472
0.0864275 58472
0.0969104 58472
0.107404 58472
0.117939 58472
0.128441 58688
0.138959 58688
0.149446 58688
0.159888 58688
0.170337 58688
0.180772 58688
0.191173 58688
0.201546 58904
0.211927 58904
0.222384 58904
0.232774 58904
0.243208 58904
0.253669 58904
0.264086 58904
0.293289 59120
0.303639 59120
0.31397 59120
0.324308 59336
0.334643 59336
0.344851 59552
0.355116 59552
0.365552 59552
0.376037 59552
0.38654 59768
0.397384 59768
0.4079 59768
0.418386 59984
0.428814 59984
0.439101 60200
0.449415 60200
0.459757 60416
0.470062 60632
0.480367 60632
0.490725 60632
0.501071 60848
0.511347 60848
0.52164 61064
0.531991 61064
0.542326 61064
0.55264 61064
0.562938 61064
0.573221 61064
0.583531 61064
0.593813 61280
0.604182 61280
0.614429 61928
0.624668 61928
0.634898 62144
0.645113 62360
0.655355 62360
0.66561 62576
0.675955 62792
0.686292 62792
0.696651 63008
0.706974 63008
0.717301 63008
0.727653 63224
0.737942 63224
0.748294 63224
0.758561 63440
0.768841 63440
0.779161 63656
0.789447 63656
0.799773 63656
0.810102 63872
0.820442 64088
0.838049 64088
0.848385 64088
0.858658 64088
0.868961 64304
0.879246 64304
0.889603 64304
0.899926 64304
0.910269 64304
0.920555 64520
0.930851 64952
0.941238 65168
0.95166 65384
0.962173 65384
0.972683 65384
0.98309 65600
0.993476 65816
1.00375 66248
1.01407 66464
1.02445 66896
1.03484 67112
1.04524 67112
1.05567 67328
1.06621 67544
1.07675 67760
1.08726 67760
1.09781 67760
1.10838 67760
1.1189 67760
1.12959 67760
1.1402 67976
1.15069 67760
1.16124 67976
1.17197 67976
1.18263 68192
1.19325 68192
1.2039 68192
1.21448 68408
1.22508 68192
1.23573 68408
1.24628 68192
1.25679 68192
1.26734 67976
1.2778 67976
1.28845 67760
1.29903 67760
1.30952 67976
1.31999 67976
1.33058 67760
1.34121 67760
1.35184 67976
1.36234 67760
1.37291 67976
1.38345 67976
1.39394 67976
1.40445 67976
1.41492 67976
1.42534 67760
1.43559 67760
1.44579 67760
1.45595 67760
1.46631 67544
1.47651 67760
1.48671 67760
1.4969 67544
1.5071 67544
1.51744 67760
1.5277 67760
1.53798 67760
1.54827 67760
1.55854 67760
1.56878 67760
1.57894 67760
1.58907 67760
1.5992 67760
1.60941 67760
1.61977 67976
1.63025 67976
1.6407 67976
1.65117 67976
1.66156 67976
1.6719 68408
1.68219 68192
1.6925 68408
1.70282 68408
1.71307 68408
1.7234 68408
1.7338 68624
1.74419 68408
1.75448 68624
1.76481 68624
1.77515 68624
1.78547 68840
1.79574 68840
1.80603 68840
1.81629 68840
1.82654 69056
1.83684 69056
1.84711 68840
1.85731 69056
1.86752 69056
1.87774 69056
1.88796 69056
1.8982 69056
1.90854 69056
1.91889 69056
1.92923 69056
1.93957 69056
1.94989 69272
1.96028 69272
1.97057 69272
1.98087 69272
1.99132 69272
2.00159 69272
2.01194 69272
2.02223 69272
2.03259 69488
2.04295 69272
2.05325 69488
2.06352 69488
2.07387 69272
2.08418 69488
2.09445 69488
2.10473 69488
2.11502 69488
2.12537 69488
2.13577 69488
2.14624 69488
2.15659 69488
2.16696 69704
2.17735 69704
2.18774 69920
2.19812 69920
2.20851 69920
2.21887 70136
2.2293 70352
2.23981 70352
2.25031 70352
2.26085 70568
2.27137 70568
2.28192 70784
2.29252 70784
2.30307 70784
2.31357 70784
2.32411 70568
2.33462 70568
2.34519 70568
2.35586 70784
2.36639 70784
2.37693 70784
2.38747 70784
2.39799 71000
2.40854 71000
2.41909 71000
2.42963 71000
2.44012 71216
2.45061 71216
2.46111 71000
2.47167 71000
2.4823 70784
2.49292 70568
2.50346 70568
2.514 70568
2.52458 70568
2.5351 70352
2.54565 70352
2.55624 70352
2.56672 70136
2.57724 70136
2.5877 70136
2.59817 70136
2.60847 70136
2.61904 69920
2.62965 69920
2.64029 69920
2.6507 69704
2.66095 69704
2.67115 69704
2.68132 69704
2.6915 69704
2.70167 69704
2.71186 69704
2.72207 69704
2.73229 69704
2.74257 69704
2.75284 69704
2.76311 69704
2.77338 69704
2.78364 69704
2.79386 69704
2.80409 69704
2.81423 69704
2.82438 69704
2.83459 69704
2.84495 69704
2.85535 69704
2.86592 69704
2.87644 69704
2.88686 69920
2.89722 69704
2.90753 69920
2.91789 70136
2.92821 70136
2.9385 70136
2.94888 70352
2.95924 70568
2.96959 70352
2.97988 70568
2.99022 70568
3.00056 70568
3.0109 70568
3.02119 70568
3.03152 70568
3.04178 70568
3.05204 70784
3.06237 70784
3.0726 70568
3.0828 70784
3.09301 70784
3.10321 70784
3.11344 70784
3.12372 70784
3.13406 71000
3.14439 70784
3.15469 70784
3.16503 71000
3.17537 71000
3.18571 71000
3.19604 71000
3.20634 71000
3.21661 71000
3.22697 71000
3.23731 71000
3.24766 71000
3.25803 71216
3.26836 71216
3.2787 71432
3.28897 71432
3.2993 71432
3.30952 71432
3.31978 71648
3.33008 71648
3.34035 71864
3.35072 71432
3.36105 71432
3.37148 71864
3.38207 72080
3.39253 72080
3.40293 72296
3.41335 72512
3.42388 72728
3.43425 72728
3.44464 72728
3.45504 72944
3.46545 73160
3.47582 73160
3.48622 73160
3.49675 73160
3.50727 73160
3.51777 73160
3.52838 73160
3.5389 73160
3.5494 73160
3.56 73160
3.57055 73160
3.5811 73160
3.59163 73160
3.60221 73160
3.61281 73160
3.62334 73160
3.6339 73160
3.64459 73160
3.65514 73160
3.66565 73160
3.67628 72944
3.68688 72728
3.69733 72728
3.7078 72512
3.71832 72296
3.72883 72080
3.73935 72080
3.74993 71864
3.76057 71864
3.77102 71648
3.78148 71648
3.792 71648
3.80247 71432
3.81274 71216
3.82326 71432
3.83384 71432
3.84437 71216
3.85468 71216
3.86489 71216
3.87506 71216
3.88522 71216
3.89537 71000
3.90557 71000
3.91573 71000
3.92593 71000
3.93616 71216
3.94641 71216
3.95664 71216
3.96687 71216
3.97713 71216
3.98738 71216
3.99764 71216
4.00787 71216
4.01802 71216
4.0282 71216
4.03834 71216
4.04854 71216
4.05906 71000
4.06958 71000
4.08006 71000
4.09051 71000
4.10095 71000
4.11125 71000
4.12161 71216
4.13191 71216
4.14221 71432
4.15259 71432
4.16293 71432
4.17323 71648
4.18352 71648
4.19388 71648
4.20422 71648
4.21457 71648
4.22499 71648
4.23534 71648
4.24568 71648
4.25596 71648
4.26622 71648
4.2765 71648
4.2868 71648
4.29703 71648
4.30724 71648
4.31746 71648
4.32768 71648
4.33795 71648
4.34832 71864
4.35861 71864
4.36899 71864
4.37933 71864
4.38964 72080
4.4 71864
4.41027 71864
4.42058 72080
4.43084 72080
4.44111 72080
4.45147 72080
4.46181 72080
4.4722 72080
4.48254 72080
4.49288 72080
4.50323 72296
4.51358 72296
4.52388 72296
4.53411 72296
4.54437 72512
4.55463 72296
4.56491 72512
4.57528 72512
4.58558 72728
4.59591 72728
4.60629 72728
4.61674 72944
4.62725 72944
4.63762 72944
4.64805 72944
4.65862 72944
4.66914 72944
4.67953 73160
4.68996 73160
4.70057 73160
4.71109 73160
4.72156 73376
4.7321 73160
4.74268 73160
4.75334 73160
4.76393 72944
4.77446 72944
4.78509 73160
4.79572 73160
4.80622 72944
4.81675 72944
4.82725 72944
4.83777 72944
4.84836 73160
4.8589 73160
4.86944 73160
4.87994 73376
4.89042 73376
4.90092 73376
4.91139 73376
4.92188 73376
4.93255 73160
4.94309 73160
4.95365 72944
4.96411 73160
4.97446 72944
4.98489 72944
4.99539 72944
5.00592 72944
5.01655 72944
5.02698 72728
5.03729 72728
5.04783 72512
5.05871 72512
5.06912 72296
5.07939 72296
5.08959 72296
5.09975 72296
5.10993 72296
5.1201 72080
5.13029 72080
5.14051 72080
5.15071 72296
5.16096 72080
5.17122 72080
5.18145 72080
5.19171 72080
5.20203 71864
5.21232 72080
5.22257 71864
5.23273 71864
5.24286 71648
5.25298 71864
5.26312 71864
5.27363 71864
5.28396 72944
5.2945 72296
5.30508 72080
5.3154 71864
5.32578 71648
5.33606 71864
5.34637 71864
5.35672 71864
5.3671 71864
5.37744 72080
5.38787 71864
5.39816 71864
5.40848 72080
5.41885 72080
5.42921 72080
5.43958 72080
5.44996 72080
5.46032 72296
5.47064 72512
5.48103 72944
5.49131 73592
5.50159 72728
5.51211 72080
5.52233 71648
5.53252 71648
5.54271 71432
5.55293 71000
5.56318 71000
5.57342 71000
5.58371 71432
5.59405 71432
5.60443 71000
5.61477 70568
5.62532 70568
5.63564 70568
5.64605 70352
5.65639 70352
5.66669 70352
5.67715 70568
5.68751 70352
5.69788 70136
5.70828 69704
5.71858 69488
5.72891 69272
5.73917 69056
5.74946 68840
5.75995 68840
5.77029 68840
5.78061 68840
5.7909 68840
5.80121 68624
5.81147 68624
5.82179 68840
5.83231 68840
5.84264 68624
5.85295 68840
5.86324 69056
5.87451 69056
5.88568 69056
5.89719 68624
5.90832 68624
5.92138 68408
5.93433 68408
5.94564 68408
5.9579 68408
5.97051 68408
5.98076 68408
5.9909 68840
6.00107 69056
6.01133 68840
6.02159 68840
6.03192 68840
6.0422 68840
6.05246 68840
6.06273 68840
6.07299 68624
6.08346 68408
6.09366 68408
6.10391 68408
6.11415 68192
6.12439 68192
6.13458 68192
6.14483 68192
6.15515 68192
6.16543 67976
6.17559 68192
6.18581 68192
6.196 68192
6.20617 67976
6.21639 67976
6.22658 67976
6.23673 67976
6.24689 68408
6.25716 68840
6.26749 68624
6.27777 68192
6.28799 67976
6.29821 67760
6.30842 67544
6.31861 67544
6.3288 67544
6.33901 67544
6.34921 67328
6.35942 67544
6.36963 67544
6.3799 67544
6.39021 67544
6.40047 67544
6.41064 67328
6.42082 67328
6.43101 67544
6.44119 67544
6.45137 67544
6.46159 67760
6.47183 67976
6.48204 67976
6.49222 67976
6.50236 67976
6.51251 67976
6.52264 67976
6.53279 67976
6.54293 67760
6.55309 67976
6.56323 67976
6.57336 67976
6.58348 68192
6.59359 68192
6.60381 68192
6.61396 68192
6.62414 68192
6.6343 68192
6.64454 67976
6.65473 68192
6.66491 67976
6.67509 67976
6.68535 67976
6.6957 67976
6.70591 67976
6.71617 68192
6.72637 68192
6.73657 68408
6.74684 68192
6.75713 68192
6.76737 68408
6.77759 68408
6.78786 68408
6.79813 68624
6.80837 68840
6.81863 68408
6.82882 68192
6.83897 67976
6.8491 67976
6.85927 67976
6.86943 67760
6.87955 67544
6.88968 67544
6.89982 67544
6.90994 67544
6.92007 67544
6.93032 67544
6.94051 67544
6.95065 67544
6.96077 67544
6.97093 67544
6.98105 67544
6.9912 67544
7.0014 67544
7.01153 67544
7.02165 67544
7.03177 67544
7.0419 67544
7.05206 67328
7.06216 67328
7.07226 67328
7.08237 67544
7.09247 67544
7.1026 67328
7.11273 67544
7.12285 67328
7.13296 67328
7.14309 67328
7.15323 67328
7.16333 67328
7.17343 67328
7.18355 67544
7.19369 67328
7.20384 67112
7.21403 67112
7.22418 67112
7.23433 67112
7.24447 67112
7.25461 67328
7.26478 67328
7.27492 67328
7.28507 67328
7.29525 67328
7.30539 67328
7.31558 67544
7.32576 67328
7.33595 67328
7.34614 67328
7.35637 67112
7.36655 67112
7.37688 67112
7.38717 67112
7.39736 67112
7.40757 66896
7.41775 66896
7.42795 66896
7.43825 66680
7.44853 66896
7.45873 66680
7.46896 66680
7.47922 66680
7.48944 66680
7.49969 66680
7.50991 66680
7.52028 66680
7.53049 66680
7.54096 66680
7.55116 66680
7.56134 66680
7.57161 66680
7.58186 66680
7.5921 66896
7.60237 66896
7.61307 66896
7.62483 67112
7.63576 67112
7.64634 67112
7.65665 67112
7.66698 67112
7.67724 67112
7.6875 66896
7.69772 67112
7.7079 67112
7.71808 67112
7.72828 67328
7.73843 67328
7.74857 67112
7.75871 67328
7.76884 67112
7.77898 67112
7.78912 67112
7.79933 66896
7.8096 66896
7.81973 66896
7.82987 67112
7.84004 66896
7.85035 66680
7.86087 66680
7.87282 66464
7.89142 66248
7.90697 66248
7.91798 66248
7.93611 66032
7.94801 65816
7.96114 65816
7.97257 65816
7.98334 65600
7.99373 65600
8.00431 65600
8.01496 65600
8.0267 65600
8.03693 65600
8.04746 65600
8.05805 65600
8.07124 65600
8.08192 65600
8.09473 65600
8.10543 65600
8.11861 65600
8.12921 65600
8.13978 65600
8.1502 65600
8.16114 65600
8.17262 65600
8.18288 65384
8.1936 65384
8.20429 65384
8.2168 65384
8.22724 65600
8.23771 65600
8.24805 65600
8.25841 65816
8.2687 65816
8.28076 66032
8.29623 66032
8.30908 66032
8.32323 66032
8.33794 66032
8.34975 66032
8.36285 65816
8.37452 65816
8.39166 65816
8.40365 65816
8.41487 66032
8.42511 66032
8.43546 66032
8.44564 66032
8.45586 66248
8.46601 66248
8.4762 66248
8.48635 66248
8.49658 66248
8.50685 66032
8.51704 66032
8.52725 66032
8.53748 66032
8.54768 66032
8.55787 66032
8.56802 66032
8.57826 66032
8.58851 66032
8.59871 66032
8.60886 66032
8.61909 66032
8.62923 66032
8.63949 66032
8.64968 66032
8.65988 66032
8.67031 66248
8.6806 66248
8.69077 66248
8.70098 66032
8.7112 66032
8.72139 66032
8.73154 66032
8.7417 65816
8.7519 65816
8.76223 65816
8.7724 65816
8.78261 66032
8.79281 66032
8.80299 66032
8.8132 66032
8.82337 66032
8.83352 66032
8.84366 66032
8.8538 66032
8.86395 66032
8.8741 66032
8.88424 65816
8.89437 66032
8.90451 66032
8.91465 66032
8.9248 66032
8.93497 66032
8.94512 66032
8.95525 66032
8.96539 66248
8.97554 66032
8.98567 66248
8.99582 66248
9.00596 66248
9.01608 66464
9.0262 66464
9.03631 66464
9.04642 66464
9.05655 66680
9.06666 66680
9.07677 66680
9.08689 66680
9.097 66680
9.10711 66896
9.11722 66896
9.12733 66896
9.13745 66896
9.14757 66896
9.1577 66896
9.16783 66896
9.17811 67112
9.18832 66896
9.1985 66896
9.20863 66896
9.21876 66896
9.22889 66896
9.23901 66896
9.24913 66896
9.25924 66680
9.26937 66680
9.27963 66680
9.29005 66680
9.30025 66680
9.31043 66464
9.32064 66464
9.3308 66464
9.34095 66464
9.35109 66248
9.36124 65816
9.37138 65816
9.38152 65816
9.3917 65600
9.40184 65384
9.41198 65384
9.4221 65384
9.43227 65384
9.44241 65384
9.45255 65384
9.46271 65384
9.47286 65384
9.48309 65600
9.49332 65600
9.50354 65600
9.51371 65600
9.52387 65600
9.53403 65600
9.54422 65600
9.5544 65384
9.5646 65600
9.57485 65384
9.58507 65384
9.59525 65384
9.60545 65384
9.61571 65600
9.62603 66464
9.6363 66680
9.64652 66896
9.65674 66896
9.66701 67112
9.67726 67328
9.68746 67328
9.69765 67328
9.70789 67328
9.71802 67328
9.7281 67328
9.73821 67112
9.74833 67328
9.75843 67112
9.7685 66896
9.7786 66896
9.7887 66896
9.79883 66896
9.80896 66896
9.81907 66896
9.82917 66896
9.83931 66896
9.84944 66680
9.85955 66896
9.86966 66896
9.87978 66680
9.8899 66896
9.90001 66896
9.91013 66896
9.92026 66680
9.93037 66680
9.94051 66680
9.95063 66464
9.96074 66464
9.97085 66680
9.98099 66464
9.99111 66464
10.0012 66464
10.0114 66464
10.0215 66464
10.0316 66464
10.0418 66896
10.0521 66680
10.0623 66680
10.0725 66680
10.0827 66680
10.0928 66680
10.103 66896
10.1133 66896
10.1235 67112
10.1337 66896
10.1438 66896
10.1541 66896
10.1643 66896
10.1745 67112
10.1847 67112
10.1949 67112
10.205 67112
10.2152 67112
10.2254 67112
10.2355 67328
10.2457 67328
10.256 67328
10.2662 67544
10.2765 67976
10.2868 67976
10.2971 67760
10.3073 67544
10.3176 67328
10.3278 67328
10.3382 67112
10.3485 67112
10.3588 67112
10.3691 66896
10.3793 66896
10.3896 66896
10.3998 66896
10.41 66680
10.4202 66896
10.4304 66896
10.4406 66896
10.4509 66896
10.4611 66896
10.4714 66896
10.4817 67544
10.4919 67976
10.5025 67760
10.513 67544
10.526 67544
10.5378 67544
10.5489 67544
10.5593 67544
10.5696 67544
10.58 67544
10.5902 67112
10.6004 67112
10.6107 67112
10.6209 67112
10.6312 66896
10.6414 66896
10.6516 66896
10.6618 66896
10.672 66680
10.6822 66680
10.6923 66464
10.7025 66464
10.7128 66680
10.7229 66896
10.7331 67112
10.7432 67112
10.7534 67112
10.7635 67112
10.7736 67328
10.7838 67328
10.794 67112
10.8042 67328
10.8143 67328
10.8245 67328
10.8347 67328
10.8448 67328
10.855 67328
10.8653 67328
10.8755 67328
10.8857 67328
10.8959 67112
10.9061 67328
10.9163 67328
10.9266 67544
10.9368 67760
10.947 67760
10.9572 67544
10.9675 67328
10.9778 67328
10.9881 67328
10.9984 67112
11.0087 66896
11.0191 66896
11.0293 66896
11.0394 66680
11.0496 66680
11.0598 66464
11.07 66464
11.0802 66248
11.0903 66248
11.1005 66248
11.1106 66248
11.1207 66464
11.1308 66680
11.141 66680
11.1511 66680
11.1612 66680
11.1713 66680
11.1815 66680
11.1916 66680
11.2017 66680
11.2118 66896
11.222 66896
11.2322 67112
11.2423 66896
11.2524 66896
11.2626 66896
11.2727 66896
11.2828 66896
11.293 67112
11.3032 67112
11.3133 67328
11.3234 67328
11.3335 67328
11.3436 67760
11.3538 68408
11.364 67760
11.3742 67760
11.3844 67544
11.3945 67328
11.4048 67544
11.4149 67544
11.4251 67328
11.4354 67112
11.4456 67112
11.4558 67112
11.466 67112
11.4763 67112
11.4865 67112
11.4968 67112
11.507 67112
11.5172 67112
11.5275 67112
11.5378 67328
11.5482 67328
11.5584 67328
11.5686 67328
11.5789 67328
11.5891 67328
11.5993 67328
11.6095 67328
11.6197 67328
11.63 67112
11.6402 67112
11.6504 67328
11.6605 67328
11.6708 67328
11.6809 67328
11.6912 67544
11.7014 67544
11.7118 67760
11.7221 67760
11.7324 67760
11.7427 67760
11.7529 67760
11.7631 67760
11.7734 67760
11.7836 67760
11.7939 67760
11.804 67544
11.8142 67544
11.8244 67544
11.8347 67544
11.8449 67544
11.8551 67544
11.8654 67544
11.8756 67328
11.8858 67328
11.896 67328
11.9061 67328
11.9163 67544
11.9265 67976
11.9367 68408
11.9469 68408
11.957 68408
11.9672 68408
11.9773 68624
11.9874 68624
11.9976 68624
12.0077 68840
12.0179 68840
12.0281 68840
12.0382 68840
12.0484 68840
12.0587 68840
12.069 68840
12.0794 68840
12.0897 68840
12.0999 68624
12.1101 68624
12.1205 68840
12.1309 68624
12.1412 68408
12.1514 68408
12.1617 68192
12.172 68192
12.1822 68192
12.1926 68192
12.203 68192
12.2132 67976
12.2235 68192
12.2338 68192
12.2442 68192
12.2546 68192
12.2651 67976
12.2755 67976
12.2859 67760
12.2965 67760
12.3069 67760
12.3173 67760
12.3276 68408
12.338 68840
12.3484 68192
12.3587 68624
12.369 69272
12.3791 68840
12.3893 68408
12.3994 67976
12.4095 67976
12.4197 67976
12.4298 67760
12.4399 67976
12.45 67760
12.4601 67976
12.4702 67760
12.4804 67760
12.4905 67544
12.5006 67544
12.5107 67544
12.5208 67544
12.5309 67544
12.541 67544
12.5511 67760
12.5613 67760
12.5714 67760
12.5815 67760
12.5917 67760
12.6018 67544
12.6119 67760
12.622 67760
12.6321 67544
12.6423 67544
12.6524 67544
12.6625 67328
12.6726 67328
12.6828 67328
12.6929 67328
12.703 67112
12.7131 67328
12.7233 67328
12.7335 67112
12.7436 67112
12.7537 67112
12.7639 67112
12.774 67112
12.7841 67328
12.7942 67328
12.8044 67544
12.8146 67328
12.8248 67328
12.8349 67328
12.845 67112
12.8552 67112
12.8653 67112
12.8754 67112
12.8855 67112
12.8957 67112
12.9058 66896
12.916 67112
12.9263 67112
12.9366 67112
12.9469 67112
12.9571 67112
12.9675 67112
12.9778 67112
12.988 67112
12.9982 67112
13.0084 66896
13.0185 67112
13.0287 67112
13.0389 67112
13.0491 67112
13.0593 67112
13.0695 67112
13.0797 67112
13.0899 67328
13.1002 67328
13.1104 67328
13.1206 67544
13.1309 67544
13.1412 67544
13.1514 67544
13.1616 67544
13.1718 67544
13.1821 67544
13.1923 67544
13.2026 67544
13.213 67544
13.2232 67544
13.2333 67760
13.2434 67976
13.2536 68192
13.2639 68408
13.2743 68408
13.2845 68408
13.2947 68408
13.3049 68408
13.3151 68408
13.3253 68408
13.3355 68408
13.3457 68408
13.3558 68408
13.366 68408
13.3761 68408
13.3865 68408
13.3966 68408
13.4068 69488
13.417 69488
13.4272 69272
13.4373 69272
13.4475 69272
13.4576 69056
13.4677 69056
13.4779 69056
13.4881 68840
13.4982 69056
13.5083 69272
13.5185 69488
13.5288 69704
13.5389 69920
13.5492 69920
13.5594 70136
13.5696 69488
13.5799 69056
13.5903 68840
13.6006 68624
13.6109 68408
13.6211 68192
13.6314 67976
13.6417 67976
13.6523 67760
13.6628 67760
13.6736 67760
13.6843 67760
13.6949 67760
13.7053 67760
13.7155 67760
13.7258 67544
13.7362 67544
13.7465 67544
13.7568 67544
13.7671 67544
13.7773 67544
13.7875 67760
13.7976 67544
13.8078 67328
13.8179 67328
13.828 67328
13.8382 67328
13.8483 67328
13.8584 67328
13.8685 67328
13.8786 67328
13.8887 67328
13.8988 67112
13.9089 67328
13.9191 67328
13.9292 67328
13.9393 67328
13.9494 67328
13.9595 67328
13.9696 67544
13.9797 67544
13.9898 67328
14 67328
14.0101 67328
14.0202 67544
14.0305 67544
14.0407 67544
14.0508 67544
14.061 67544
14.0711 67544
14.0813 67544
14.0914 67976
14.1017 67760
14.1119 67544
14.122 67544
14.1322 67544
14.1424 67544
14.1527 67544
14.1632 67544
14.1736 67544
14.1838 67544
14.1944 67544
14.2046 67544
14.2149 67544
14.2251 67328
14.2353 67328
14.2455 67328
14.2557 67328
14.2659 67328
14.2762 67328
14.2864 67328
14.2966 67328
14.3068 67544
14.317 67544
14.3273 67544
14.3375 67328
14.3477 67544
14.3583 67544
14.3686 67544
14.3789 67760
14.3892 67760
14.3994 67544
14.4097 67544
14.4199 67544
14.43 67544
14.4402 67544
14.4504 67544
14.4606 67544
14.4708 67544
14.481 67544
14.4911 67760
14.5013 67760
14.5114 67544
14.5215 67760
14.5318 67976
14.542 67976
14.5523 67976
14.5627 67976
14.5729 67976
14.5831 68192
14.5933 68192
14.6037 68192
14.6139 68192
14.6241 68192
14.6343 68192
14.6445 68192
14.6546 68408
14.6649 68624
14.6751 69056
14.6854 69488
14.6956 69056
14.7057 69272
14.7158 69056
14.726 69272
14.7361 69272
14.7463 69488
14.7564 69488
14.7666 69704
14.7767 70136
14.787 70568
14.7973 70136
14.8076 69920
14.8178 69920
14.828 69920
14.8383 69920
14.8485 69920
14.8587 69920
14.8689 69920
14.8792 69920
14.8894 69704
14.8998 69920
14.9101 69920
14.9205 69488
14.9309 69488
14.9412 69272
14.9516 69272
14.9621 69488
14.9724 69272
14.9828 69272
14.9931 68840
15.0035 68840
15.0139 68624
15.0243 68624
15.0346 68624
15.0448 68840
15.055 68408
15.0651 68192
15.0753 67976
15.0855 67976
15.0959 67760
15.1062 67544
15.1166 67544
15.127 67328
15.1373 67328
15.1477 67112
15.1579 67112
15.1682 67112
15.1784 67112
15.1886 66896
15.1988 66896
15.2091 67112
15.2192 67112
15.2295 67112
15.2397 67328
15.2499 67328
15.2602 67328
15.2754 67328
15.2857 67544
15.2959 67328
15.3061 67328
15.3163 67328
15.3265 67112
15.3369 66896
15.3473 66896
15.3576 66896
15.3682 66680
15.3787 66680
15.3891 66464
15.3995 66464
15.4109 66464
15.4213 66464
15.4315 66464
15.4417 66680
15.4519 66680
15.462 66680
15.4722 66680
15.4823 66896
15.4925 66680
15.5027 66896
15.5129 66896
15.523 66896
15.5332 66896
15.5433 66896
15.5535 66896
15.5636 67112
15.5738 67112
15.5839 66896
15.594 67112
15.6042 66896
15.6143 67112
15.6245 66896
15.6346 67112
15.6447 66896
15.6549 66896
15.6651 66896
15.6753 66896
15.6856 66896
15.6957 66896
15.7059 66896
15.7161 66896
15.7262 66896
15.7364 66680
15.7466 66896
15.7568 66680
15.767 66680
15.7772 66896
15.7875 66680
15.7976 66680
15.8078 66680
15.8181 66680
15.8283 66680
15.8385 66680
15.8486 66680
15.8588 66680
15.8691 66680
15.8793 66680
15.8895 66680
15.8997 66680
15.91 66680
15.9204 66680
15.9306 66680
15.9407 66680
15.9509 66896
15.9611 66680
15.9714 66680
15.9817 66680
15.9919 66248
16.0021 66248
16.0123 66248
16.0225 66248
16.0334 66248
16.0437 66464
16.054 66464
16.0643 66464
16.0745 66464
16.0847 66680
16.0951 66896
16.1053 66896
16.1155 66896
16.1257 67112
16.1358 67112
16.146 67112
16.1562 67112
16.1665 67112
16.1767 67328
16.1869 67112
16.1971 67544
16.2074 67760
16.2178 67760
16.2283 67544
16.2385 67544
16.2487 67328
16.259 67328
16.2694 67328
16.2796 67328
16.2897 67112
16.2999 67328
16.3102 67328
16.3204 67544
16.3306 67544
16.3408 67544
16.351 67544
16.3612 67544
16.3714 67544
16.3816 67760
16.3918 67760
16.402 67760
16.4122 67760
16.4224 67760
16.4327 67760
16.4429 67976
16.453 67976
16.4632 67976
16.4735 68192
16.4841 67976
16.4945 67760
16.5048 67976
16.5151 67760
16.5256 67760
16.5358 67760
16.546 67544
16.5562 67760
16.5666 67544
16.5767 67544
16.5869 67544
16.5971 67544
16.6073 67544
16.6175 67544
16.6277 67328
16.6379 67328
16.6481 67328
16.6583 67328
16.6684 67328
16.6786 67328
16.6888 67328
16.699 67544
16.7092 67760
16.7194 67760
16.7295 67544
16.7396 67544
16.7498 67760
16.76 67760
16.7701 67760
16.7803 67760
16.7904 67760
16.8006 67976
16.8108 68192
16.8209 68192
16.8311 68192
16.8412 68192
16.8514 68624
16.8616 67976
16.8718 67976
16.882 67760
16.8922 67760
16.9025 67760
16.9127 67760
16.923 68192
16.9334 68408
16.9438 68408
16.9541 68192
16.9644 68408
16.9746 68408
16.9849 68840
16.9952 69056
17.0054 69056
17.0157 69272
17.0259 69056
17.0361 68840
17.0463 69272
17.0565 69056
17.0666 68624
17.0767 68624
17.0869 68408
17.097 68408
17.1071 68408
17.1172 68408
17.1274 68192
17.1375 68408
17.1476 68192
17.1578 68408
17.1679 68192
17.178 68408
17.1881 68192
17.1983 68192
17.2084 68192
17.2185 68192
17.2286 68192
17.2387 68192
17.2488 68192
17.2589 67976
17.2691 67976
17.2792 67976
17.2893 67760
17.2995 67976
17.3096 67760
17.3198 67760
17.3299 67760
17.34 67760
17.3502 67760
17.3603 67760
17.3706 67976
17.3807 67976
17.3908 67976
17.4009 67976
17.4113 67976
17.4217 68192
17.4319 67976
17.4422 67544
17.4524 67544
17.4626 67328
17.4728 67328
17.4831 67112
17.4934 67112
17.5036 67328
17.5138 67328
17.5241 67544
17.5343 67544
17.5445 67328
17.5547 67328
17.565 67328
17.5753 67544
17.5856 67544
17.5958 67760
17.606 67976
17.6163 67976
17.6265 68192
17.6367 68408
17.647 68624
17.6572 68408
17.6675 68408
17.6778 68408
17.688 68408
17.6982 68408
17.7085 68408
17.7188 68408
17.7289 68408
17.7391 68408
17.7493 68624
17.7594 68624
17.7695 68624
17.7797 69056
17.7901 69056
17.8003 69272
17.8105 69056
17.8207 69272
17.8309 69056
17.841 69272
17.8512 69272
17.8614 69272
17.8715 69272
17.8817 69272
17.8918 69488
17.902 69488
17.9122 69704
17.9223 70136
17.9325 69920
17.9427 69488
17.9528 69488
17.9629 69272
17.9731 69272
17.9832 69272
17.9934 69272
18.0035 69488
18.0136 69488
18.0238 69920
18.034 69920
18.0441 69488
18.0542 69272
18.0644 69056
18.0748 68840
18.0853 68840
18.0956 68624
18.1059 68624
18.1162 68408
18.1265 68408
18.1367 68408
18.147 68192
18.1573 68192
18.1676 68192
18.1781 67976
18.1887 67976
18.1991 67976
18.2096 67976
18.2201 67976
18.2308 67976
18.2412 67760
18.2516 67760
18.262 67760
18.2724 67760
18.2828 67544
18.2932 67544
18.3036 67544
18.3144 67544
18.3247 67544
18.335 67976
18.3453 67976
18.3555 67760
18.3657 67544
18.376 67544
18.3862 67544
18.3964 67544
18.4067 67544
18.4169 67544
18.4271 67544
18.4373 67544
18.4475 67544
18.4576 67544
18.4681 67544
18.4784 67544
18.4886 67760
18.4987 67760
18.5089 67976
18.519 68192
18.5291 68192
18.5392 68408
18.5493 68408
18.5595 68408
18.5697 68624
18.5798 68840
18.5899 69056
18.6003 69488
18.6106 69272
18.6207 69056
18.6309 68840
18.6411 68624
18.6513 68624
18.6614 68624
18.6716 68408
18.6818 68408
18.6919 68408
18.7021 68408
18.7122 68408
18.7224 68408
18.7326 68192
18.7428 68408
18.753 68408
18.7632 68408
18.7734 68192
18.7835 68408
18.7938 68624
18.8042 68624
18.8144 68624
18.8246 68408
18.8347 68408
18.8451 68408
18.8558 68840
18.8661 68624
18.8762 68408
18.8864 68192
18.8965 68192
18.9067 68192
18.9169 68192
18.9271 68192
18.9372 68192
18.9475 68192
18.9578 68408
18.9681 68192
18.9784 68192
18.9887 68192
18.999 68192
19.0092 68192
19.0195 68192
19.0297 67976
19.0399 68192
19.05 68192
19.0603 68192
19.0705 68192
19.0807 68192
19.0909 68192
19.1011 68192
19.1113 67976
19.1215 67976
19.1317 68192
19.1419 68192
19.1521 68408
19.1623 68408
19.1725 68408
19.1827 68624
19.193 68624
19.2031 68840
19.2133 68840
19.2235 69056
19.2337 69056
19.2438 69272
19.254 69488
19.2642 69488
19.2744 69488
19.2847 69488
19.2949 69488
19.3052 69488
19.3155 70136
19.3257 70784
19.3359 71000
19.3462 71216
19.3564 71000
19.3666 71216
19.3768 71216
19.3872 70568
19.3979 70784
19.4084 70352
19.4187 70136
19.4291 70352
19.4394 70568
19.4498 70568
19.4602 70568
19.4705 70568
19.4808 70568
19.4912 69920
19.5015 69920
19.5117 69920
19.5219 69920
19.532 69920
19.5421 69704
19.5523 69488
19.5625 69488
19.5726 69272
19.5827 69272
19.5928 69056
19.603 69056
19.6132 69704
19.6234 69056
19.6335 68840
19.6437 68408
19.6538 68408
19.6639 68192
19.6741 68192
19.6842 68192
19.6944 68192
19.7045 68408
19.7147 68624
19.7248 68624
19.735 68624
19.7452 68840
19.7554 68840
19.7655 68840
19.7757 69056
19.7859 69272
19.7965 69056
19.8068 69056
19.817 69056
19.8273 68840
19.8376 68624
19.8479 68624
19.8581 68408
19.8684 68408
19.8789 68408
19.8891 68192
19.8993 68192
19.9095 68408
19.9199 68624
19.9302 68624
19.9406 68624
19.9509 68840
19.9612 68624
19.9714 68840
19.9816 68624
19.9918 68840
20.0021 68624
20.0123 68840
20.0225 68840
20.0327 68624
20.0431 68840
20.0533 68624
20.0635 68840
20.0737 68624
20.0839 68624
20.094 68840
20.1042 69056
20.1145 69056
20.1249 69272
20.1352 69488
20.1454 69272
20.1556 68840
20.1658 68840
20.176 68840
20.1862 68624
20.1964 68624
20.2066 68624
20.2168 68624
20.227 68624
20.2372 68624
20.2474 68624
20.2575 68624
20.2677 68624
20.2778 68624
20.2881 68840
20.2983 68840
20.3085 69056
20.3187 69488
20.3289 69488
20.3391 69272
20.3493 69056
20.3594 68840
20.3696 69056
20.3797 68840
20.3898 68840
20.4 68840
20.4101 68840
20.4203 68840
20.4304 68840
20.4405 68840
20.4506 68840
20.4607 68840
20.4708 68840
20.481 68840
20.4912 68840
20.5013 68840
20.5114 68840
20.5215 68840
20.5317 69056
20.5418 68840
20.5519 69272
20.5622 69272
20.5724 69488
20.5826 69272
20.5927 69272
20.6028 69272
20.6129 69272
20.6231 69272
20.6332 69488
20.6435 69488
20.6537 69488
20.6638 69488
20.6739 69488
20.6843 69272
20.6944 69272
20.7046 69272
20.7147 69272
20.7248 69272
20.7349 69272
20.7452 69272
20.7556 69272
20.7659 69056
20.7761 69056
20.7862 69056
20.7964 69056
20.8066 69056
20.8167 69056
20.8269 69056
20.837 69056
20.8472 69272
20.8575 69272
20.8679 69272
20.8781 69272
20.8883 69272
20.8984 69272
20.9086 69056
20.9187 69056
20.9288 69056
20.939 69056
20.9492 69056
20.9593 69056
20.9696 69056
20.98 69056
20.9904 69056
21.0009 69272
21.0112 69056
21.0215 68840
21.0316 68624
21.0418 68408
21.0519 68192
21.062 68192
21.0722 68192
21.0823 67976
21.0924 67976
21.1027 67976
21.113 68408
21.1232 68624
21.1335 68408
21.1437 68192
21.154 68192
21.1642 67976
21.1745 68192
21.1848 68192
21.1951 68192
21.2054 67976
21.2157 67976
21.2259 67976
21.2362 67976
21.2465 67976
21.2569 67976
21.2671 67760
21.2772 67760
21.2874 67760
21.2976 67760
21.308 67544
21.3185 67544
21.329 67544
21.3397 67544
21.3502 67544
21.3606 67544
21.371 67544
21.3811 67328
21.3912 67328
21.4013 67328
21.4114 67544
21.4215 67544
21.4316 67544
21.4418 67544
21.4519 67544
21.462 67544
21.4721 67976
21.4823 67976
21.4924 67976
21.5025 67976
21.5126 67976
21.5227 68408
21.5328 67976
21.5429 68192
21.553 68192
21.5631 68192
21.5732 68192
21.5833 68408
21.5935 68408
21.6036 68408
21.6139 68408
21.6241 68192
21.6342 68192
21.6445 68192
21.6547 68192
21.6649 68192
21.6751 68192
21.6852 68192
21.6955 68408
21.7059 68408
21.7164 68408
21.7267 67976
21.737 67976
21.7473 67976
21.7576 67976
21.7678 67760
21.778 67760
21.7884 67976
21.7986 67976
21.8088 67976
21.8191 67976
21.8292 67976
21.8394 67976
21.8496 68192
21.8599 68192
21.8702 68192
21.8805 67976
21.8907 67976
21.9009 67976
21.9111 67976
21.9214 67976
21.9317 67976
21.942 67976
21.9522 67976
21.9624 67760
21.9726 67976
21.9829 67976
21.993 67976
22.0033 67760
22.0135 67760
22.0237 67760
22.0338 67760
22.044 67976
22.0543 67976
22.0646 67976
22.0749 67976
22.0852 67976
22.0955 67760
22.1057 67760
22.1158 67760
22.126 67976
22.1362 68408
22.1465 69056
22.1567 69272
22.1669 68840
22.1772 68840
22.1873 68840
22.1975 68624
22.2078 68624
22.2179 68840
22.2282 68840
22.2384 68840
22.2486 68840
22.2587 68840
22.2689 68840
22.2791 69056
22.2893 69488
22.2996 69704
22.3098 69920
22.32 69488
22.3302 69704
22.3404 69704
22.3505 69920
22.3607 69920
22.3709 70136
22.3811 70136
22.3912 70136
22.4014 69920
22.4116 69920
22.422 69920
22.4323 69704
22.4426 69704
22.4529 69488
22.4632 69272
22.4735 69272
22.4837 69056
22.4939 69056
22.5042 68840
22.5145 68840
22.5248 68840
22.535 68840
22.5453 69056
22.5556 70136
22.566 70352
22.5765 69704
22.5869 69272
22.5974 69056
22.6078 69056
22.6182 68840
22.6287 68840
22.6391 68624
22.6495 68624
22.6599 69056
22.6703 69488
22.6806 69272
22.6907 68408
22.7009 68192
22.711 67976
22.7212 67976
22.7316 67760
22.7422 67760
22.7526 67760
22.7632 67544
22.7741 67544
22.7844 67544
22.7947 67544
22.8049 67544
22.8151 67544
22.8253 67328
22.8355 67328
22.8458 67112
22.8561 67112
22.8664 67112
22.8767 67112
22.8869 67112
22.8971 67112
22.9073 67112
22.9175 67328
22.9283 67328
22.9385 67328
22.9488 67328
22.9591 67112
22.9693 67112
22.9795 67112
22.9901 67112
23.0006 67112
23.0111 67112
23.0215 67112
23.0319 67112
23.0421 67112
23.0524 67112
23.0628 67112
23.0731 67112
23.0835 67328
23.0939 67328
23.1043 67328
23.1146 67328
23.125 67328
23.1353 67328
23.1456 67328
23.156 67328
23.1663 67328
23.1767 67328
23.1871 67328
23.1975 67328
23.2078 67328
23.2182 67112
23.2285 67328
23.2387 67328
23.2491 67328
23.2593 67328
23.2697 67328
23.2798 67328
23.29 67328
23.3003 67328
23.3105 67328
23.3207 67328
23.3309 67328
23.3413 67328
23.3515 67328
23.3617 67328
23.3719 67328
23.382 67544
23.3923 67328
23.4025 67328
23.4127 67328
23.4229 67328
23.4333 67328
23.4438 67328
23.454 67112
23.4642 67112
23.4745 67328
23.4847 67328
23.4951 67328
23.5053 67328
23.5154 67328
23.5256 67328
23.5358 67328
23.5461 67328
23.5563 67112
23.5665 67328
23.5767 67328
23.5869 67328
23.5972 67328
23.6074 67328
23.6177 67328
23.6279 67328
23.6381 67112
23.6483 67112
23.6588 67112
23.669 67328
23.6792 67328
23.6894 67328
23.6999 67328
23.7102 67112
23.7205 67112
23.7307 67328
23.7408 67328
23.7509 67544
23.7611 67544
23.7712 67760
23.7814 67760
23.7915 67976
23.8016 67976
23.8119 68192
23.8221 68192
23.8324 68192
23.8427 67976
23.8531 67976
23.8633 67976
23.8735 67760
23.8838 67760
23.894 67760
23.9043 67544
23.9145 67544
23.9249 67760
23.9352 67544
23.9455 67760
23.9559 67760
23.9665 67544
23.9768 67544
23.987 67544
23.9972 67544
24.0075 67544
24.0177 67544
24.0279 67544
24.0381 67544
24.0483 67544
24.0585 67544
24.0687 67544
24.079 67328
24.0892 67328
24.0996 67544
24.1099 67544
24.1201 67544
24.1303 67544
24.1406 67328
24.151 67328
24.1614 67544
24.1717 67544
24.1819 67328
24.1955 67760
24.2085 67760
24.2188 67544
24.229 67544
24.2392 67544
24.2494 67760
24.2596 67760