graph_alexnet
gpu
> Q0=51369.043, Qinf=5848.333, Tau=0.386
> Q0=53287.650, Qinf=4253.150, Tau=0.004
> Q0=50866.689, Qinf=10575.917, Tau=0.251
> Q0=53720.050, Qinf=4065.378, Tau=0.004
> Q0=53504.001, Qinf=4510.883, Tau=0.004
cpu_big
> Q0=54152.327, Qinf=10285.371, Tau=0.002
> Q0=54797.806, Qinf=8251.390, Tau=0.002
> Bad Graph
> Bad Graph
> Bad Graph
cpu_small
> Q0=56959.625, Qinf=2091.887, Tau=0.003
> Bad Graph
> Q0=58038.845, Qinf=52371443.643, Tau=59135.263
> Q0=58255.832, Qinf=2133.830, Tau=0.003
> Q0=58687.997, Qinf=2065.174, Tau=0.003
graph_mobilenet
gpu
> Q0=59119.761, Qinf=4723.050, Tau=0.003
> Q0=59983.091, Qinf=4647.679, Tau=0.003
> Q0=60188.400, Qinf=9227.619, Tau=0.002
> Q0=61064.655, Qinf=3769.507, Tau=0.003
> Q0=61063.871, Qinf=4510.718, Tau=0.003
cpu_big
> Q0=61498.722, Qinf=8612.975, Tau=0.003
> Q0=61712.319, Qinf=7818.881, Tau=0.003
> Q0=62363.023, Qinf=7578.275, Tau=0.003
> Q0=62142.440, Qinf=8713.560, Tau=0.003
> Q0=62359.864, Qinf=8448.152, Tau=0.003
cpu_small
> Q0=62791.677, Qinf=1485.343, Tau=0.002
> Q0=62791.975, Qinf=1566.026, Tau=0.002
> Q0=63007.862, Qinf=1886.538, Tau=0.003
> Q0=63439.953, Qinf=1785.647, Tau=0.003
> Q0=63656.070, Qinf=1498.426, Tau=0.002
graph_resnet50
gpu
> Q0=61649.310, Qinf=13251.126, Tau=0.297
> Q0=62610.839, Qinf=8956.461, Tau=0.563
> Q0=63978.672, Qinf=12014.824, Tau=0.273
> Q0=64139.778, Qinf=8962.539, Tau=0.523
> Q0=64530.792, Qinf=9120.898, Tau=0.566
cpu_big
> Q0=64791.860, Qinf=26198.988, Tau=2.168
> Q0=67631.879, Qinf=21788.326, Tau=2.781
> Q0=68401.165, Qinf=19588.536, Tau=2.645
> Q0=69264.966, Qinf=10807.034, Tau=0.004
> Q0=69482.447, Qinf=10165.553, Tau=0.004
cpu_small
> Q0=69487.726, Qinf=4644.274, Tau=0.004
> Q0=69704.029, Qinf=4643.970, Tau=0.004
> Q0=68959.698, Qinf=6729.086, Tau=1.271
> Q0=69100.384, Qinf=7144.719, Tau=1.200
> Q0=69195.060, Qinf=7459.908, Tau=1.435
