graph_alexnet			: 0.139842	sec	[taskset -c 0-3 ./graph_alexnet --threads=4, Test passed3]
graph_googlenet			: 0.281581	sec	[taskset -c 0-3 ./graph_googlenet --threads=4, Test passed3]
graph_mobilenet			: 0.114844	sec	[taskset -c 0-3 ./graph_mobilenet --threads=4, Test passed3]
graph_resnet50			: 0.508892	sec	[taskset -c 0-3 ./graph_resnet50 --threads=4, Test passed3]
graph_squeezenet			: 0.143309	sec	[taskset -c 0-3 ./graph_squeezenet --threads=4, Test passed3]
graph_alexnet			: 0.150589	sec	[taskset -c 0-3 ./graph_alexnet --threads=8, Test passed3]
graph_googlenet			: 0.30538	sec	[taskset -c 0-3 ./graph_googlenet --threads=8, Test passed3]
graph_mobilenet			: 0.125874	sec	[taskset -c 0-3 ./graph_mobilenet --threads=8, Test passed3]
graph_resnet50			: 0.51768	sec	[taskset -c 0-3 ./graph_resnet50 --threads=8, Test passed3]
graph_squeezenet			: 0.170629	sec	[taskset -c 0-3 ./graph_squeezenet --threads=8, Test passed3]
graph_alexnet			: 0.201538	sec	[taskset -c 0-3 ./graph_alexnet --threads=12, Test passed3]
graph_googlenet			: 0.380591	sec	[taskset -c 0-3 ./graph_googlenet --threads=12, Test passed3]
graph_mobilenet			: 0.13194	sec	[taskset -c 0-3 ./graph_mobilenet --threads=12, Test passed3]
graph_resnet50			: 0.567451	sec	[taskset -c 0-3 ./graph_resnet50 --threads=12, Test passed3]
graph_squeezenet			: 0.193689	sec	[taskset -c 0-3 ./graph_squeezenet --threads=12, Test passed3]
graph_alexnet			: 0.203662	sec	[taskset -c 0-3 ./graph_alexnet --threads=16, Test passed3]
graph_googlenet			: 0.414633	sec	[taskset -c 0-3 ./graph_googlenet --threads=16, Test passed3]
graph_mobilenet			: 0.156858	sec	[taskset -c 0-3 ./graph_mobilenet --threads=16, Test passed3]
graph_resnet50			: 0.649069	sec	[taskset -c 0-3 ./graph_resnet50 --threads=16, Test passed3]
graph_squeezenet			: 0.210246	sec	[taskset -c 0-3 ./graph_squeezenet --threads=16, Test passed3]
graph_alexnet			: 0.164127	sec	[taskset -c 0-3 ./graph_alexnet --threads=20, Test passed3]
graph_googlenet			: 0.389182	sec	[taskset -c 0-3 ./graph_googlenet --threads=20, Test passed3]
graph_mobilenet			: 0.171735	sec	[taskset -c 0-3 ./graph_mobilenet --threads=20, Test passed3]
graph_resnet50			: 0.637246	sec	[taskset -c 0-3 ./graph_resnet50 --threads=20, Test passed3]
graph_squeezenet			: 0.205146	sec	[taskset -c 0-3 ./graph_squeezenet --threads=20, Test passed3]
graph_alexnet			: 0.239811	sec	[taskset -c 0-3 ./graph_alexnet --threads=24, Test passed3]
graph_googlenet			: 0.430057	sec	[taskset -c 0-3 ./graph_googlenet --threads=24, Test passed3]
graph_mobilenet			: 0.158954	sec	[taskset -c 0-3 ./graph_mobilenet --threads=24, Test passed3]
graph_resnet50			: 0.615501	sec	[taskset -c 0-3 ./graph_resnet50 --threads=24, Test passed3]
graph_squeezenet			: 0.215589	sec	[taskset -c 0-3 ./graph_squeezenet --threads=24, Test passed3]
graph_alexnet			: 0.218236	sec	[taskset -c 0-3 ./graph_alexnet --threads=28, Test passed3]
graph_googlenet			: 0.41257	sec	[taskset -c 0-3 ./graph_googlenet --threads=28, Test passed3]
graph_mobilenet			: 0.158069	sec	[taskset -c 0-3 ./graph_mobilenet --threads=28, Test passed3]
graph_resnet50			: 0.602137	sec	[taskset -c 0-3 ./graph_resnet50 --threads=28, Test passed3]
graph_squeezenet			: 0.234444	sec	[taskset -c 0-3 ./graph_squeezenet --threads=28, Test passed3]
graph_alexnet			: 0.216397	sec	[taskset -c 0-3 ./graph_alexnet --threads=32, Test passed3]
graph_googlenet			: 0.399508	sec	[taskset -c 0-3 ./graph_googlenet --threads=32, Test passed3]
graph_mobilenet			: 0.145521	sec	[taskset -c 0-3 ./graph_mobilenet --threads=32, Test passed3]
graph_resnet50			: 0.608488	sec	[taskset -c 0-3 ./graph_resnet50 --threads=32, Test passed3]
graph_squeezenet			: 0.222923	sec	[taskset -c 0-3 ./graph_squeezenet --threads=32, Test passed3]
graph_alexnet			: 0.197013	sec	[taskset -c 0-3 ./graph_alexnet --threads=36, Test passed3]
graph_googlenet			: 0.387164	sec	[taskset -c 0-3 ./graph_googlenet --threads=36, Test passed3]
graph_mobilenet			: 0.143927	sec	[taskset -c 0-3 ./graph_mobilenet --threads=36, Test passed3]
graph_resnet50			: 0.596949	sec	[taskset -c 0-3 ./graph_resnet50 --threads=36, Test passed3]
graph_squeezenet			: 0.216892	sec	[taskset -c 0-3 ./graph_squeezenet --threads=36, Test passed3]
graph_alexnet			: 0.171264	sec	[taskset -c 0-3 ./graph_alexnet --threads=40, Test passed3]
graph_googlenet			: 0.409045	sec	[taskset -c 0-3 ./graph_googlenet --threads=40, Test passed3]
graph_mobilenet			: 0.152406	sec	[taskset -c 0-3 ./graph_mobilenet --threads=40, Test passed3]
graph_resnet50			: 0.645535	sec	[taskset -c 0-3 ./graph_resnet50 --threads=40, Test passed3]
graph_squeezenet			: 0.239603	sec	[taskset -c 0-3 ./graph_squeezenet --threads=40, Test passed3]
graph_alexnet			: 0.0680343	sec	[taskset -c 4-7 ./graph_alexnet --threads=4, Test passed3]
graph_googlenet			: 0	sec	[Test failed]
graph_mobilenet			: 0.0512846	sec	[taskset -c 4-7 ./graph_mobilenet --threads=4, Test passed3]
graph_resnet50			: 0.241966	sec	[taskset -c 4-7 ./graph_resnet50 --threads=4, Test passed3]
graph_squeezenet			: 0	sec	[Test failed]
graph_alexnet			: 0.0677916	sec	[taskset -c 4-7 ./graph_alexnet --threads=8, Test passed3]
graph_googlenet			: 0.124869	sec	[taskset -c 4-7 ./graph_googlenet --threads=8, Test passed3]
graph_mobilenet			: 0.0555596	sec	[taskset -c 4-7 ./graph_mobilenet --threads=8, Test passed3]
graph_resnet50			: 0.242372	sec	[taskset -c 4-7 ./graph_resnet50 --threads=8, Test passed3]
graph_squeezenet			: 0.0725794	sec	[taskset -c 4-7 ./graph_squeezenet --threads=8, Test passed3]
graph_alexnet			: 0.0812086	sec	[taskset -c 4-7 ./graph_alexnet --threads=12, Test passed3]
graph_googlenet			: 0	sec	[Test failed]
graph_mobilenet			: 0.0588743	sec	[taskset -c 4-7 ./graph_mobilenet --threads=12, Test passed3]
graph_resnet50			: 0.250282	sec	[taskset -c 4-7 ./graph_resnet50 --threads=12, Test passed3]
graph_squeezenet			: 0.0794104	sec	[taskset -c 4-7 ./graph_squeezenet --threads=12, Test passed3]
graph_alexnet			: 0.0807689	sec	[taskset -c 4-7 ./graph_alexnet --threads=16, Test passed3]
graph_googlenet			: 0	sec	[Test failed]
graph_mobilenet			: 0.0803525	sec	[taskset -c 4-7 ./graph_mobilenet --threads=16, Test passed3]
graph_resnet50			: 0.287424	sec	[taskset -c 4-7 ./graph_resnet50 --threads=16, Test passed3]
graph_squeezenet			: 0.0857976	sec	[taskset -c 4-7 ./graph_squeezenet --threads=16, Test passed3]
graph_alexnet			: 0.0812309	sec	[taskset -c 4-7 ./graph_alexnet --threads=20, Test passed3]
graph_googlenet			: 0	sec	[Test failed]
graph_mobilenet			: 0.0749531	sec	[taskset -c 4-7 ./graph_mobilenet --threads=20, Test passed3]
graph_resnet50			: 0.282848	sec	[taskset -c 4-7 ./graph_resnet50 --threads=20, Test passed3]
graph_squeezenet			: 0.0825295	sec	[taskset -c 4-7 ./graph_squeezenet --threads=20, Test passed3]
graph_alexnet			: 0.0943694	sec	[taskset -c 4-7 ./graph_alexnet --threads=24, Test passed3]
graph_googlenet			: 0	sec	[Test failed]
graph_mobilenet			: 0.0628477	sec	[taskset -c 4-7 ./graph_mobilenet --threads=24, Test passed3]
graph_resnet50			: 0.25754	sec	[taskset -c 4-7 ./graph_resnet50 --threads=24, Test passed3]
graph_squeezenet			: 0.0833285	sec	[taskset -c 4-7 ./graph_squeezenet --threads=24, Test passed3]
graph_alexnet			: 0.0984718	sec	[taskset -c 4-7 ./graph_alexnet --threads=28, Test passed3]
graph_googlenet			: 0.187102	sec	[taskset -c 4-7 ./graph_googlenet --threads=28, Test passed3]
graph_mobilenet			: 0.0616913	sec	[taskset -c 4-7 ./graph_mobilenet --threads=28, Test passed3]
graph_resnet50			: 0.28551	sec	[taskset -c 4-7 ./graph_resnet50 --threads=28, Test passed3]
graph_squeezenet			: 0.0917189	sec	[taskset -c 4-7 ./graph_squeezenet --threads=28, Test passed3]
graph_alexnet			: 0.0991318	sec	[taskset -c 4-7 ./graph_alexnet --threads=32, Test passed3]
graph_googlenet			: 0.162104	sec	[taskset -c 4-7 ./graph_googlenet --threads=32, Test passed3]
graph_mobilenet			: 0.0686543	sec	[taskset -c 4-7 ./graph_mobilenet --threads=32, Test passed3]
graph_resnet50			: 0.307503	sec	[taskset -c 4-7 ./graph_resnet50 --threads=32, Test passed3]
graph_squeezenet			: 0.0973332	sec	[taskset -c 4-7 ./graph_squeezenet --threads=32, Test passed3]
graph_alexnet			: 0.0952564	sec	[taskset -c 4-7 ./graph_alexnet --threads=36, Test passed3]
graph_googlenet			: 0.170102	sec	[taskset -c 4-7 ./graph_googlenet --threads=36, Test passed3]
graph_mobilenet			: 0.0721586	sec	[taskset -c 4-7 ./graph_mobilenet --threads=36, Test passed3]
graph_resnet50			: 0.318373	sec	[taskset -c 4-7 ./graph_resnet50 --threads=36, Test passed3]
graph_squeezenet			: 0.0980475	sec	[taskset -c 4-7 ./graph_squeezenet --threads=36, Test passed3]
graph_alexnet			: 0.0936737	sec	[taskset -c 4-7 ./graph_alexnet --threads=40, Test passed3]
graph_googlenet			: 0.182121	sec	[taskset -c 4-7 ./graph_googlenet --threads=40, Test passed3]
graph_mobilenet			: 0.0772238	sec	[taskset -c 4-7 ./graph_mobilenet --threads=40, Test passed3]
graph_resnet50			: 0.340806	sec	[taskset -c 4-7 ./graph_resnet50 --threads=40, Test passed3]
graph_squeezenet			: 0.104455	sec	[taskset -c 4-7 ./graph_squeezenet --threads=40, Test passed3]
graph_alexnet			: 0.0735445	sec	[taskset -c 0-7 ./graph_alexnet --threads=8, Test passed3]
graph_googlenet			: 0.161287	sec	[taskset -c 0-7 ./graph_googlenet --threads=8, Test passed3]
graph_mobilenet			: 0.0692306	sec	[taskset -c 0-7 ./graph_mobilenet --threads=8, Test passed3]
graph_resnet50			: 0.297298	sec	[taskset -c 0-7 ./graph_resnet50 --threads=8, Test passed3]
graph_squeezenet			: 0.0885844	sec	[taskset -c 0-7 ./graph_squeezenet --threads=8, Test passed3]
graph_alexnet			: 0.0817881	sec	[taskset -c 0-7 ./graph_alexnet --threads=16, Test passed3]
graph_googlenet			: 0	sec	[Test failed]
graph_mobilenet			: 0.0992025	sec	[taskset -c 0-7 ./graph_mobilenet --threads=16, Test passed3]
graph_resnet50			: 0.333234	sec	[taskset -c 0-7 ./graph_resnet50 --threads=16, Test passed3]
graph_squeezenet			: 0.0889441	sec	[taskset -c 0-7 ./graph_squeezenet --threads=16, Test passed3]
graph_alexnet			: 0.0931469	sec	[taskset -c 0-7 ./graph_alexnet --threads=24, Test passed3]
graph_googlenet			: 0.205697	sec	[taskset -c 0-7 ./graph_googlenet --threads=24, Test passed3]
graph_mobilenet			: 0.081537	sec	[taskset -c 0-7 ./graph_mobilenet --threads=24, Test passed3]
graph_resnet50			: 0.31284	sec	[taskset -c 0-7 ./graph_resnet50 --threads=24, Test passed3]
graph_squeezenet			: 0.0958464	sec	[taskset -c 0-7 ./graph_squeezenet --threads=24, Test passed3]
graph_alexnet			: 0.10018	sec	[taskset -c 0-7 ./graph_alexnet --threads=32, Test passed3]
graph_googlenet			: 0.269422	sec	[taskset -c 0-7 ./graph_googlenet --threads=32, Test passed3]
graph_mobilenet			: 0.072086	sec	[taskset -c 0-7 ./graph_mobilenet --threads=32, Test passed3]
graph_resnet50			: 0.438465	sec	[taskset -c 0-7 ./graph_resnet50 --threads=32, Test passed3]
graph_squeezenet			: 0.118196	sec	[taskset -c 0-7 ./graph_squeezenet --threads=32, Test passed3]
graph_alexnet			: 0.0791579	sec	[taskset -c 0-7 ./graph_alexnet --threads=40, Test passed3]
graph_googlenet			: 0.229614	sec	[taskset -c 0-7 ./graph_googlenet --threads=40, Test passed3]
graph_mobilenet			: 0.0872255	sec	[taskset -c 0-7 ./graph_mobilenet --threads=40, Test passed3]
graph_resnet50			: 0.414744	sec	[taskset -c 0-7 ./graph_resnet50 --threads=40, Test passed3]
graph_squeezenet			: 0.135497	sec	[taskset -c 0-7 ./graph_squeezenet --threads=40, Test passed3]
graph_alexnet			: 0.0989775	sec	[taskset -c 0-7 ./graph_alexnet --threads=48, Test passed3]
graph_googlenet			: 0.19831	sec	[taskset -c 0-7 ./graph_googlenet --threads=48, Test passed3]
graph_mobilenet			: 0.085821	sec	[taskset -c 0-7 ./graph_mobilenet --threads=48, Test passed3]
graph_resnet50			: 0.344043	sec	[taskset -c 0-7 ./graph_resnet50 --threads=48, Test passed3]
graph_squeezenet			: 0.128392	sec	[taskset -c 0-7 ./graph_squeezenet --threads=48, Test passed3]
graph_alexnet			: 0.092291	sec	[taskset -c 0-7 ./graph_alexnet --threads=56, Test passed3]
graph_googlenet			: 0.233578	sec	[taskset -c 0-7 ./graph_googlenet --threads=56, Test passed3]
graph_mobilenet			: 0.098112	sec	[taskset -c 0-7 ./graph_mobilenet --threads=56, Test passed3]
graph_resnet50			: 0.403213	sec	[taskset -c 0-7 ./graph_resnet50 --threads=56, Test passed3]
graph_squeezenet			: 0.158126	sec	[taskset -c 0-7 ./graph_squeezenet --threads=56, Test passed3]
graph_alexnet			: 0.0883448	sec	[taskset -c 0-7 ./graph_alexnet --threads=64, Test passed3]
graph_googlenet			: 0.25765	sec	[taskset -c 0-7 ./graph_googlenet --threads=64, Test passed3]
graph_mobilenet			: 0.111253	sec	[taskset -c 0-7 ./graph_mobilenet --threads=64, Test passed3]
graph_resnet50			: 0.444	sec	[taskset -c 0-7 ./graph_resnet50 --threads=64, Test passed3]
graph_squeezenet			: 0.171901	sec	[taskset -c 0-7 ./graph_squeezenet --threads=64, Test passed3]
graph_alexnet			: 0.0854717	sec	[taskset -c 0-7 ./graph_alexnet --threads=72, Test passed3]
graph_googlenet			: 0.241921	sec	[taskset -c 0-7 ./graph_googlenet --threads=72, Test passed3]
graph_mobilenet			: 0.139222	sec	[taskset -c 0-7 ./graph_mobilenet --threads=72, Test passed3]
graph_resnet50			: 0.382543	sec	[taskset -c 0-7 ./graph_resnet50 --threads=72, Test passed3]
graph_squeezenet			: 0.154999	sec	[taskset -c 0-7 ./graph_squeezenet --threads=72, Test passed3]
graph_alexnet			: 0.0866535	sec	[taskset -c 0-7 ./graph_alexnet --threads=80, Test passed3]
graph_googlenet			: 0.290379	sec	[taskset -c 0-7 ./graph_googlenet --threads=80, Test passed3]
graph_mobilenet			: 0.111559	sec	[taskset -c 0-7 ./graph_mobilenet --threads=80, Test passed3]
graph_resnet50			: 0.503427	sec	[taskset -c 0-7 ./graph_resnet50 --threads=80, Test passed3]
graph_squeezenet			: 0.13856	sec	[taskset -c 0-7 ./graph_squeezenet --threads=80, Test passed3]
