#0  arm_gemm::a64_sgemm_asimd_12x8_jumps (Apanel=0xffffb51e5080, 
    Bpanel=0xffffb515c080, Cpanel=0xaaaaaac24f00, ablocks=1, bblocks=8, K=182, 
    row_jump=0, block_jump=0)
    at src/core/NEON/kernels/arm_gemm/kernels/a64_sgemm_12x8/generic.cpp:43
#1  0x0000ffffb789e360 in arm_gemm::a64_sgemm_asimd_12x8 (
    Apanel=0xffffb51e5080, Bpanel=0xffffb515c080, Cpanel=0xaaaaaac24f00, 
    ablocks=1, bblocks=8, K=182)
    at src/core/NEON/kernels/arm_gemm/kernels/a64_sgemm_12x8/generic.cpp:361
#2  0x0000ffffb7596c48 in arm_compute::NEGEMMInterleavedMatrixMultiplyWrapperTemplate<float, float, false>::transform(arm_compute::MatrixMultiplyWorkload const&, arm_compute::ThreadInfo const&, arm_compute::Window const&, arm_compute::Coordinates const&, arm_compute::Coordinates const&)::{lambda(arm_compute::Coordinates const&)#1}::operator()(arm_compute::Coordinates const&) const (
    __closure=0xfffffffff3b0, id=...)
    at src/core/NEON/kernels/assembly/NEGEMMInterleavedMatrixMultiplyWrapper.cpp:85
#3  0x0000ffffb759bffc in arm_compute::WindowIterator<arm_compute::NEGEMMInterleavedMatrixMultiplyWrapperTemplate<float, float, false>::transform(arm_compute::MatrixMultiplyWorkload const&, arm_compute::ThreadInfo const&, arm_compute::Window const&, arm_compute::Coordinates const&, arm_compute::Coordinates const&)::{lambda(arm_compute::Coordinates const&)#1}>::iterate_over_dim0(int) (
    this=0xfffffffff3b0, end=3032) at ./arm_compute/core/WindowIterator.h:284
#4  0x0000ffffb759b4d0 in arm_compute::WindowIterator<arm_compute::NEGEMMInterleavedMatrixMultiplyWrapperTemplate<float, float, false>::transform(arm_compute::MatrixMultiplyWorkload const&, arm_compute::ThreadInfo const&, arm_compute::Window const&, arm_compute::Coordinates const&, arm_compute::Coordinates const&)::{lambda(arm_compute::Coordinates const&)#1}>::iterate_over_dim0<arm_compute::NEGEMMInterleavedMatrixMultiplyWrapperTemplate<float, float, false>::transform(arm_compute::MatrixMultiplyWorkload const&, arm_compute::ThreadInfo const&, arm_compute::Window const&, arm_compute::Coordinates const&, arm_compute::Coordinates const&)::{lambda(unsigned int, unsigned int)#2}&>(int, arm_compute::NEGEMMInterleavedMatrixMultiplyWrapperTemplate<float, float, false>::transform(arm_compute::MatrixMultiplyWorkload const&, arm_compute::ThreadInfo const&, arm_compute::Window const&, arm_compute::Coordinates const&, arm_compute::Coordinates const&)::{lambda(unsigned int, unsigned int)#2}&) (this=0xfffffffff3b0, end=3032, 
    on_new_row_size=...) at ./arm_compute/core/WindowIterator.h:271
#5  0x0000ffffb75997a4 in arm_compute::WindowIterator<arm_compute::NEGEMMInterleavedMatrixMultiplyWrapperTemplate<float, float, false>::transform(arm_compute::MatrixMultiplyWorkload const&, arm_compute::ThreadInfo const&, arm_compute::Window const&, arm_compute::Coordinates const&, arm_compute::Coordinates const&)::{lambda(arm_compute::Coordinates const&)#1}>::iterate_2D_internal<arm_compute::NEGEMMInterleavedMatrixMultiplyWrapperTemplate<float, float, false>::transform(arm_compute::MatrixMultiplyWorkload const&, arm_compute::ThreadInfo const&, arm_compute::Window const&, arm_compute::Coordinates const&, arm_compute::Coordinates const&)::{lambda(unsigned int, unsigned int)#2}&>(arm_compute::NEGEMMInterleavedMatrixMultiplyWrapperTemplate<float, float, false>::transform(arm_compute::MatrixMultiplyWorkload const&, arm_compute::ThreadInfo const&, arm_compute::Window const&, arm_compute::Coordinates const&, arm_compute::Coordinates const&)::{lambda(unsigned int, unsigned int)#2}&, int, int) (this=0xfffffffff3b0, 
    on_new_row_size=..., end_x=3024, end_y=0)
    at ./arm_compute/core/WindowIterator.h:209
#6  0x0000ffffb7598710 in arm_compute::WindowIterator<arm_compute::NEGEMMInterleavedMatrixMultiplyWrapperTemplate<float, float, false>::transform(arm_compute::MatrixMultiplyWorkload const&, arm_compute::ThreadInfo const&, arm_compute::Window const&, arm_compute::Coordinates const&, arm_compute::Coordinates const&)::{lambda(arm_compute::Coordinates const&)#1}>::iterate_2D<arm_compute::NEGEMMInterleavedMatrixMultiplyWrapperTemplate<float, float, false>::transform(arm_compute::MatrixMultiplyWorkload const&, arm_compute::ThreadInfo const&, arm_compute::Window const&, arm_compute::Coordinates const&, arm_compute::Coordinates const&)::{lambda(unsigned int, unsigned int)#2}&>(arm_compute::NEGEMMInterleavedMatrixMultiplyWrapperTemplate<float, float, false>::transform(arm_compute::MatrixMultiplyWorkload const&, arm_compute::ThreadInfo const&, arm_compute::Window const&, arm_compute::Coordinates const&, arm_compute::Coordinates const&)::{lambda(unsigned int, unsigned int)#2}&) (this=0xfffffffff3b0, on_new_row_size=...)
    at ./arm_compute/core/WindowIterator.h:176
#7  0x0000ffffb7595ab4 in arm_compute::NEGEMMInterleavedMatrixMultiplyWrapperTemplate<float, float, false>::transform (this=0xaaaaaac22b30, wl=..., info=..., 
    batch_window=..., start_offset=..., end_offset=...)
    at src/core/NEON/kernels/assembly/NEGEMMInterleavedMatrixMultiplyWrapper.cpp:95
#8  0x0000ffffb7cb2fb0 in arm_compute::NEGEMMInterleavedWrapper::<lambda(const arm_compute::ThreadInfo&)>::operator()(const arm_compute::ThreadInfo &) const (
    __closure=0xaaaaaad22eb0, info=...)
    at src/runtime/NEON/functions/assembly/NEGEMMInterleavedWrapper.cpp:98
#9  0x0000ffffb7cb4f24 in std::_Function_handler<void(const arm_compute::ThreadInfo&), arm_compute::NEGEMMInterleavedWrapper::prepare()::<lambda(const arm_compute::ThreadInfo&)> >::_M_invoke(const std::_Any_data &, const arm_compute::ThreadInfo &) (__functor=..., __args#0=...) at /usr/include/c++/6/functional:1731
#10 0x0000ffffb7c343ac in std::function<void (arm_compute::ThreadInfo const&)>::operator()(arm_compute::ThreadInfo const&) const (this=0xaaaaaad22e80, 
    __args#0=...) at /usr/include/c++/6/functional:2127
#11 0x0000ffffb7c34608 in arm_compute::(anonymous namespace)::process_workloads(std::vector<std::function<void(const arm_compute::ThreadInfo&)>, std::allocator<std::function<void(const arm_compute::ThreadInfo&)> > > &, arm_compute::(anonymous namespace)::ThreadFeeder &, const arm_compute::ThreadInfo &) (
    workloads=std::vector of length 1, capacity 1 = {...}, feeder=..., 
    info=...) at src/runtime/CPP/CPPScheduler.cpp:86
#12 0x0000ffffb7c34f18 in arm_compute::CPPScheduler::run_workloads(std::vector<std::function<void (arm_compute::ThreadInfo const&)>, std::allocator<std::function<void (arm_compute::ThreadInfo const&)> > >&) (
    this=0xffffb7d6b9e0 <arm_compute::CPPScheduler::get()::scheduler>, 
    workloads=std::vector of length 1, capacity 1 = {...})
    at src/runtime/CPP/CPPScheduler.cpp:252
#13 0x0000ffffb7cb2dec in arm_compute::NEGEMMInterleavedWrapper::run (
    this=0xaaaaaac248e0)
    at src/runtime/NEON/functions/assembly/NEGEMMInterleavedWrapper.cpp:45
#14 0x0000ffffb7c6c460 in arm_compute::NEGEMMAssemblyDispatch::run (
    this=0xaaaaaac23530)
    at src/runtime/NEON/functions/NEGEMMAssemblyDispatch.cpp:439
#15 0x0000ffffb7c6a188 in arm_compute::NEGEMM::run (this=0xaaaaaac233a0)
    at src/runtime/NEON/functions/NEGEMM.cpp:231
#16 0x0000ffffb7c79d98 in arm_compute::NEGEMMConvolutionLayer::run (
    this=0xaaaaaac23220)
    at src/runtime/NEON/functions/NEGEMMConvolutionLayer.cpp:527
#17 0x0000ffffb7c4c47c in arm_compute::NEConvolutionLayer::run (
    this=0xaaaaaac14e10)
    at src/runtime/NEON/functions/NEConvolutionLayer.cpp:163
#18 0x0000ffffb7edec88 in arm_compute::graph::execute_task (task=...)
    at src/graph/Workload.cpp:42
#19 0x0000ffffb7edf20c in std::_Function_handler<void (arm_compute::graph::ExecutionTask&), void (*)(arm_compute::graph::ExecutionTask&)>::_M_invoke(std::_Any_data const&, arm_compute::graph::ExecutionTask&) (__functor=..., __args#0=...)
    at /usr/include/c++/6/functional:1731
#20 0x0000ffffb7edef98 in std::function<void (arm_compute::graph::ExecutionTask&)>::operator()(arm_compute::graph::ExecutionTask&) const (
    this=0xffffb7f92a88 <arm_compute::graph::TaskExecutor::get()::executor>, 
    __args#0=...) at /usr/include/c++/6/functional:2127
#21 0x0000ffffb7edec3c in arm_compute::graph::ExecutionTask::operator() (
    this=0xaaaaaad1c7a0) at src/graph/Workload.cpp:35
#22 0x0000ffffb7ef2ce0 in arm_compute::graph::detail::call_all_tasks (
    workload=...) at src/graph/detail/ExecutionHelpers.cpp:239
#23 0x0000ffffb7ecce00 in arm_compute::graph::GraphManager::execute_graph (
    this=0xaaaaaac0eab0, graph=...) at src/graph/GraphManager.cpp:122
#24 0x0000ffffb7ef5054 in arm_compute::graph::frontend::Stream::run (
    this=0xaaaaaac0ea38) at src/graph/frontend/Stream.cpp:49
#25 0x0000aaaaaab1c344 in GraphAlexnetExample::do_run (this=0xaaaaaac0e860)
    at examples/graph_alexnet.cpp:175
#26 0x0000aaaaaab528d4 in arm_compute::utils::run_example (argc=1, 
    argv=0xfffffffffb18, 
    example=std::unique_ptr<arm_compute::utils::Example> containing 0xaaaaaac0e860) at utils/Utils.cpp:82
#27 0x0000aaaaaab20e14 in arm_compute::utils::run_example<GraphAlexnetExample>
    (argc=1, argv=0xfffffffffb18) at ./utils/Utils.h:104
#28 0x0000aaaaaab1602c in main (argc=1, argv=0xfffffffffb18)
    at examples/graph_alexnet.cpp:201
