time, temp
0.000543234, 53072
0.01121, 53072
0.021808, 53072
0.0324112, 53288
0.0428796, 53288
0.0536276, 53288
0.064236, 53288
0.0747554, 53288
0.0852055, 53504
0.0957722, 53504
0.106118, 53504
0.116573, 53504
0.127016, 53720
0.137418, 53720
0.147901, 53720
0.158357, 53720
0.168818, 53720
0.179314, 53720
0.189793, 53720
0.20027, 53936
0.210602, 53936
0.220924, 53936
0.231311, 54152
0.241655, 54152
0.251786, 53936
0.261905, 53936
0.272033, 54152
0.282172, 53936
0.292763, 53936
0.305013, 53936
0.315155, 53936
0.325291, 54368
0.335432, 55232
0.345556, 56312
0.355685, 56744
0.365791, 57608
0.375899, 58688
0.386014, 58688
0.39613, 60200
0.406306, 61280
0.416422, 61712
0.426553, 61712
0.436675, 61928
0.446794, 61928
0.45692, 62360
0.467036, 62360
0.477177, 63224
0.487321, 63224
0.497441, 63008
0.507578, 63224
0.517801, 63656
0.528039, 63656
0.538273, 63440
0.548726, 63224
0.558965, 63224
0.569197, 63224
0.579491, 63440
0.58972, 63872
0.599947, 63656
0.610169, 63440
0.620403, 63656
0.630626, 63440
0.640853, 63440
0.651107, 63872
0.661483, 61712
0.671727, 61280
0.681947, 61064
0.692184, 62144
0.702421, 63440
0.712661, 64088
0.722894, 64520
0.733115, 64736
0.74341, 64952
0.753674, 65168
0.764105, 65384
0.774336, 64520
0.784708, 63656
0.79514, 63008
0.805545, 62576
0.816042, 62360
0.826432, 62360
0.836668, 62144
0.846879, 62144
0.857065, 62360
0.867227, 62144
0.877376, 62144
0.887529, 62360
0.897702, 62576
0.907913, 62576
0.918106, 62576
0.928296, 62576
0.938497, 62576
0.948717, 62576
0.958937, 62792
0.969133, 62792
0.979382, 62792
0.989604, 62792
0.999835, 62792
1.01005, 63008
1.02027, 63008
1.03046, 63008
1.04063, 63224
1.05079, 63224
1.06095, 63440
1.07109, 63656
1.08128, 63656
1.09168, 63656
1.10219, 63872
1.11273, 63872
1.12319, 64736
1.13377, 66248
1.14425, 66464
1.15483, 66896
1.1653, 67328
1.17586, 67544
1.18632, 67760
1.19674, 66464
1.20715, 68192
1.21791, 68192
1.22852, 67760
1.23888, 66680
1.24967, 68408
1.26044, 68840
1.27121, 68840
1.28201, 68840
1.29268, 69488
1.30352, 69272
1.314, 69272
1.32439, 67976
1.33471, 67112
1.34512, 67112
1.35554, 67112
1.36589, 66896
1.37619, 66896
1.38647, 66680
1.39682, 66464
1.40713, 66248
1.41743, 66032
1.42776, 66032
1.438, 66032
1.44823, 66248
1.45848, 66032
1.46876, 66032
1.47906, 66248
1.48936, 66032
1.49974, 66464
1.51011, 66464
1.52051, 66680
1.53089, 66896
1.54127, 66896
1.55169, 66680
1.56201, 66464
1.57246, 66464
1.58283, 66464
1.59311, 66248
1.60343, 66248
1.61382, 66464
1.62417, 66464
1.63457, 66464
1.64498, 66464
1.6554, 66464
1.66579, 66464
1.68525, 66464
1.6957, 66248
1.70611, 67760
1.71643, 68408
1.72709, 69056
1.73789, 68624
1.74822, 68192
1.75898, 69056
1.7698, 69704
1.78056, 69704
1.79129, 69920
1.80209, 69920
1.81287, 69920
1.82321, 68408
1.83357, 67976
1.84405, 67976
1.85461, 67760
1.86513, 67544
1.87554, 67544
1.88595, 67760
1.89637, 67760
1.90671, 67544
1.91719, 67544
1.92765, 67328
1.93805, 67544
1.94853, 67760
1.95915, 67760
1.96965, 67760
1.98018, 67760
1.99071, 67760
2.00133, 67760
2.01185, 67544
2.02232, 67760
2.03285, 67760
2.04346, 67760
2.054, 67976
2.06459, 67976
2.07514, 67976
2.08564, 67976
2.0962, 67760
2.10676, 67760
2.11735, 67976
2.12781, 67760
2.13831, 67760
2.14889, 67760
2.15957, 67760
2.17012, 67760
2.18077, 69488
2.19129, 69920
2.20157, 71432
2.21187, 71432
2.22224, 73376
2.23269, 72296
2.24315, 73160
2.2535, 74024
2.26391, 74888
2.27432, 74024
2.28473, 74240
2.29512, 75104
2.30542, 74888
2.31566, 75536
2.32584, 77480
2.33599, 77048
2.34613, 76616
2.35632, 76400
2.36649, 77912
2.37666, 78128
2.3869, 78776
2.39713, 78992
2.40739, 78560
2.41761, 77696
2.42782, 77912
2.43801, 77912
2.44814, 79208
2.45826, 78992
2.46841, 79208
2.47874, 78560
2.48909, 78776
2.49961, 77696
2.51008, 77912
2.52051, 76184
2.53097, 76400
2.54129, 77264
2.55167, 77912
2.56203, 78128
2.57244, 77480
2.5829, 77048
2.59333, 76832
2.60385, 76616
2.61434, 76400
2.62472, 76400
2.63528, 76184
2.64578, 76184
2.65627, 75968
2.66671, 76400
2.67713, 76616
2.68748, 76184
2.69783, 76400
2.70816, 75104
2.71847, 74672
2.72879, 74456
2.73916, 74240
2.74939, 72296
2.75962, 71432
2.76983, 71216
2.78007, 71000
2.79029, 71000
2.80063, 71000
2.81102, 71000
2.82139, 71864
2.83189, 73160
2.8426, 73808
2.85299, 71864
2.86357, 71648
2.8739, 71432
2.88423, 71000
2.89453, 70784
2.9048, 70568
2.91508, 70568
2.92547, 70568
2.93583, 70568
2.94621, 72080
2.95662, 70784
2.96701, 70568
2.97737, 70352
2.98766, 70352
2.99801, 70136
3.0083, 70136
3.0186, 70136
3.02912, 70136
3.03955, 70136
3.0499, 71648
3.06032, 71216
3.07073, 70784
3.08133, 70568
3.09187, 70352
3.10224, 70568
3.11268, 70568
3.12333, 70568
3.13371, 70352
3.14413, 70352
3.15454, 70784
3.16499, 72728
3.17542, 73160
3.18582, 73160
3.19636, 73160
3.20686, 73160
3.21733, 73160
3.22777, 73160
3.23821, 73160
3.24869, 73376
3.25925, 73376
3.26977, 73592
3.28045, 73376
3.29096, 74240
3.30183, 74456
3.31268, 74456
3.3237, 74672
3.33454, 74888
3.34538, 74888
3.35615, 75104
3.36645, 75104
3.37676, 75320
3.3871, 75320
3.3975, 75104
3.40789, 74672
3.4184, 74456
3.42888, 74240
3.43939, 74240
3.44996, 74240
3.46049, 73808
3.471, 74024
3.48148, 73808
3.49212, 73808
3.50265, 73592
3.51317, 73592
3.52368, 73592
3.53414, 73592
3.54448, 73160
3.55473, 73160
3.56486, 72944
3.57498, 73160
3.58509, 72944
3.59526, 73160
3.60542, 73160
3.61557, 73160
3.62569, 73160
3.63587, 73160
3.64623, 72944
3.65664, 72944
3.66704, 72944
3.67744, 72944
3.68781, 72728
3.69818, 72944
3.70848, 72944
3.71881, 72944
3.72921, 73160
3.73966, 73160
3.75037, 73160
3.76086, 73376
3.77142, 73592
3.78181, 72944
3.79235, 73808
3.80281, 74240
3.81335, 74456
3.82386, 74024
3.83427, 74240
3.84469, 74672
3.85543, 74672
3.866, 74240
3.8766, 73376
3.88696, 74672
3.89732, 74672
3.90776, 74672
3.91838, 74672
3.92874, 74456
3.93907, 75104
3.94951, 75536
3.95988, 74024
3.97011, 73376
3.98035, 72512
3.99057, 72296
4.00081, 72080
4.01104, 71864
4.02127, 72080
4.03156, 72080
4.04194, 72296
4.05233, 72296
4.06274, 72296
4.07313, 72296
4.08351, 72296
4.09387, 72296
4.10419, 72296
4.11461, 72080
4.12492, 72080
4.1352, 71864
4.14551, 71648
4.15589, 71648
4.16621, 71648
4.17662, 71648
4.187, 71432
4.19737, 71648
4.20775, 71432
4.21805, 71432
4.22836, 71432
4.23862, 71432
4.24891, 71216
4.25926, 71432
4.26964, 71432
4.28002, 71216
4.2904, 71000
4.30079, 71432
4.31122, 71432
4.32172, 72296
4.33242, 73376
4.34297, 74024
4.35343, 73592
4.36434, 74888
4.37501, 75104
4.38578, 74240
4.39654, 74888
4.40757, 74888
4.41842, 75104
4.4291, 75104
4.44008, 75536
4.45082, 75536
4.46115, 74456
4.47146, 73808
4.48174, 73808
4.49205, 73592
4.50237, 73592
4.51272, 73592
4.52315, 73808
4.53353, 73592
4.54401, 73592
4.55449, 73592
4.56499, 73376
4.57559, 73376
4.58608, 73376
4.59663, 73376
4.60708, 73376
4.61758, 73160
4.62803, 73160
4.63852, 73160
4.64904, 72728
4.6596, 72728
4.67006, 72728
4.68057, 72512
4.6911, 72296
4.70158, 72512
4.71208, 72512
4.72255, 72296
4.73306, 72080
4.74359, 72296
4.75406, 72080
4.76452, 72080
4.7749, 72080
4.78537, 73376
4.79571, 74024
4.8059, 74456
4.81606, 74888
4.82619, 73592
4.83643, 74024
4.84664, 77264
4.85686, 79208
4.86706, 77912
4.87724, 77912
4.88744, 78560
4.89772, 79208
4.90803, 78992
4.91841, 79856
4.92884, 79640
4.93924, 80072
4.94963, 79208
4.96, 80288
4.9703, 82016
4.98068, 82016
4.99105, 80720
5.00134, 80504
5.01171, 82232
5.02206, 82016
5.03245, 82664
5.04292, 83096
5.05328, 82016
5.06366, 80720
5.07395, 80936
5.0843, 80504
5.09458, 80936
5.10498, 80720
5.11529, 80504
5.12569, 79424
5.136, 79208
5.14628, 79640
5.15653, 80936
5.16679, 81152
5.17702, 81584
5.18725, 81368
5.19759, 81800
5.20795, 80720
5.21831, 79856
5.22883, 79208
5.23922, 78776
5.24963, 78776
5.26011, 78128
5.27057, 78128
5.28097, 78344
5.29149, 78344
5.30184, 77696
5.31239, 77912
5.32285, 78560
5.33334, 78560
5.34369, 77696
5.35403, 75536
5.36445, 74456
5.37482, 74672
5.38522, 74024
5.39562, 75752
5.40592, 74024
5.41628, 73808
5.42657, 74024
5.43689, 74240
5.44722, 76616
5.45754, 75752
5.46787, 75104
5.47831, 74888
5.48872, 74888
5.49915, 74672
5.50968, 74888
5.52018, 74672
5.53057, 75536
5.54087, 74456
5.55122, 74240
5.56162, 74240
5.57202, 74240
5.58254, 74240
5.59309, 74024
5.60363, 74240
5.61431, 74456
5.62468, 75968
5.63505, 74672
5.65005, 74456
5.66062, 74240
5.67117, 74024
5.68172, 74024
5.69226, 73808
5.70284, 74456
5.71355, 75536
5.72396, 74240
5.73438, 74024
5.74494, 73808
5.7556, 73376
5.76616, 73160
5.7767, 73160
5.78727, 72944
5.79783, 75104
5.80836, 75320
5.81914, 76184
5.82972, 76400
5.8405, 76400
5.85139, 76400
5.86222, 76400
5.87313, 76616
5.88398, 76616
5.89438, 76616
5.90479, 76400
5.91533, 76400
5.92587, 76184
5.93641, 76184
5.94696, 76184
5.95746, 75968
5.96784, 75752
5.97817, 75536
5.98839, 75752
5.99853, 75752
6.00866, 75536
6.01878, 75320
6.02891, 75320
6.03908, 75320
6.04927, 75320
6.05957, 75320
6.06997, 75104
6.08037, 75104
6.09078, 75320
6.1012, 75320
6.11158, 75320
6.12188, 75320
6.13221, 75320
6.14261, 75320
6.15295, 75320
6.16331, 75320
6.17372, 75320
6.18411, 75320
6.19443, 75320
6.20485, 75536
6.2152, 75320
6.22555, 75320
6.23585, 75320
6.24619, 75320
6.25654, 75104
6.26689, 75104
6.27715, 75536
6.28744, 74024
6.2979, 74888
6.30826, 75320
6.31858, 75752
6.3289, 75752
6.3392, 75752
6.34942, 75968
6.35968, 75320
6.37002, 75752
6.38051, 75320
6.39126, 75320
6.40199, 75752
6.41264, 75968
6.42326, 76184
6.43374, 76184
6.44435, 76184
6.45497, 75104
6.46536, 74024
6.47575, 73592
6.48614, 73160
6.49647, 73160
6.50686, 72728
6.51718, 72512
6.5276, 72728
6.538, 72512
6.54835, 72728
6.55874, 72728
6.56914, 72728
6.57955, 72728
6.58993, 72728
6.60026, 72512
6.61062, 72296
6.62094, 72296
6.6312, 72296
6.64153, 72512
6.65189, 73808
6.66215, 72728
6.67254, 72080
6.68296, 71648
6.69332, 71216
6.70385, 70784
6.71434, 70784
6.72475, 70784
6.73515, 70568
6.74569, 70568
6.75634, 70352
6.76677, 69920
6.7774, 69704
6.78796, 69488
6.7986, 69488
6.80918, 69272
6.81974, 69488
6.83026, 72512
6.84076, 72944
6.85157, 73808
6.86215, 74240
6.87298, 74888
6.88394, 74888
6.89498, 75104
6.90571, 75320
6.91652, 75536
6.92747, 75752
6.93822, 75752
6.94855, 75320
6.95885, 72944
6.9693, 72512
6.97999, 72512
6.99055, 72296
7.00106, 71864
7.01156, 71864
7.02216, 71864
7.03264, 71648
7.04325, 72296
7.05403, 71648
7.06456, 71216
7.07495, 71216
7.08596, 73592
7.09815, 72080
7.10972, 71000
7.12116, 70136
7.13295, 70136
7.14554, 69920
7.15708, 69920
7.17003, 69920
7.18164, 69272
7.19379, 69056
7.20497, 68840
7.21569, 68624
7.22619, 68840
7.23663, 68840
7.24699, 68840
7.25741, 68624
7.26803, 68408
7.27859, 68408
7.28913, 68840
7.29971, 69272
7.31017, 68624
7.32056, 69488
7.33077, 70784
7.34097, 71432
7.35118, 72512
7.36135, 74456
7.37192, 72944
7.38248, 71216
7.3928, 71648
7.40311, 73376
7.41352, 73808
7.42382, 75104
7.43412, 75320
7.44447, 74024
7.45496, 73592
7.46528, 74240
7.47561, 74240
7.48589, 73808
7.4961, 74456
7.50628, 75536
7.51655, 76616
7.52707, 77048
7.53756, 75968
7.54782, 74672
7.55815, 74456
7.56838, 74672
7.57864, 75104
7.58895, 76184
7.59916, 75536
7.61008, 75104
7.62159, 75104
7.63357, 74888
7.64706, 74672
7.65794, 75104
7.66833, 75536
7.67868, 75104
7.68901, 74456
7.69925, 74240
7.70966, 74240
7.71992, 73592
7.73018, 74024
7.74051, 74456
7.75092, 75104
7.76155, 74024
7.7718, 73160
7.78198, 72728
7.79215, 72296
7.80229, 71648
7.81242, 71432
7.82254, 71216
7.83267, 71000
7.84283, 71000
7.85314, 70784
7.86345, 70568
7.87371, 70352
7.88395, 70136
7.8942, 70136
7.90455, 70352
7.91494, 70352
7.92525, 70136
7.93601, 69920
7.94644, 71216
7.95671, 70568
7.96706, 70136
7.97734, 70352
7.98777, 71864
7.99806, 70784
8.00829, 69920
8.0186, 70568
8.02891, 71864
8.03918, 72080
8.04944, 72080
8.05974, 72728
8.07001, 73160
8.0803, 73376
8.09061, 73376
8.1008, 74024
8.11102, 74240
8.12123, 73376
8.13151, 72296
8.14532, 71864
8.15582, 72512
8.16637, 72512
8.17783, 72296
8.18867, 72512
8.19943, 72296
8.21033, 72296
8.22148, 72512
8.23319, 72296
8.24409, 72296
8.25437, 71216
8.26487, 70784
8.27514, 70352
8.28542, 70352
8.29568, 70136
8.30591, 69920
8.31612, 69920
8.32635, 69920
8.33663, 69704
8.34683, 69488
8.35703, 69272
8.36729, 69056
8.37753, 68840
8.38771, 68840
8.39789, 68624
8.40815, 68624
8.41841, 69056
8.4288, 69704
8.43908, 70136
8.44951, 70352
8.45996, 70352
8.47025, 70568
8.48052, 70784
8.49076, 70784
8.50103, 70784
8.51139, 71000
8.52181, 70568
8.53278, 71000
8.5431, 71216
8.55439, 70352
8.5653, 70352
8.57606, 70352
8.58683, 70568
8.5981, 70352
8.60899, 70568
8.61983, 70352
8.63002, 70136
8.64018, 69920
8.65043, 69920
8.66059, 69704
8.67083, 69920
8.68129, 69704
8.69162, 69488
8.70184, 69488
8.71212, 69488
8.72235, 69272
8.73261, 69272
8.74286, 69056
8.75306, 69056
8.76329, 69056
8.77355, 69056
8.78377, 69056
8.79397, 69056
8.80415, 69056
8.81437, 69056
8.82467, 69056
8.83514, 68840
8.84556, 68840
8.85601, 68840
8.86641, 68624
8.87668, 68624
8.89123, 68840
8.90189, 69920
8.91389, 69920
8.92636, 69920
8.93838, 71432
8.95065, 71864
8.96112, 72080
8.97167, 72728
8.98188, 72944
8.99203, 73160
9.00219, 73160
9.01236, 73376
9.02252, 73808
9.03272, 73808
9.04287, 73376
9.05306, 72728
9.06374, 71864
9.07417, 70784
9.08447, 70784
9.09472, 70568
9.10512, 70352
9.11538, 70352
9.12562, 70136
9.13597, 70136
9.14623, 70136
9.15655, 69920
9.16687, 69920
9.17721, 69920
9.18763, 69704
9.19801, 69704
9.20818, 69704
9.21832, 69920
9.22849, 69920
9.23864, 69920
9.24878, 70568
9.25897, 71648
9.26923, 71864
9.2795, 71000
9.28967, 70568
9.29983, 70352
9.30998, 70136
9.3202, 70136
9.33036, 70136
9.3405, 70136
9.35062, 70136
9.36076, 69920
9.37088, 69920
9.38102, 69920
9.39113, 69920
9.40122, 69920
9.41137, 69920
9.42153, 69704
9.43713, 70136
9.4476, 71648
9.45817, 71000
9.46848, 72296
9.47874, 72512
9.48905, 71432
9.49957, 71864
9.51, 77912
9.52049, 78776
9.53105, 78128
9.54143, 76184
9.55199, 74240
9.56233, 74240
9.57267, 75104
9.58306, 75536
9.5934, 75968
9.6037, 75968
9.61414, 76184
9.62468, 76184
9.63502, 76184
9.64538, 75968
9.65581, 76184
9.66622, 76184
9.67652, 75752
9.68676, 75320
9.69707, 76184
9.7074, 76400
9.71768, 75536
9.72794, 75536
9.7382, 75536
9.74861, 74456
9.7589, 76184
9.76913, 76832
9.77945, 76832
9.78977, 76832
9.79998, 77264
9.81021, 76400
9.82046, 76184
9.83071, 75968
9.84095, 75968
9.85119, 77696
9.8614, 78128
9.87173, 78344
9.88196, 77264
9.89227, 76616
9.90252, 75752
9.91276, 75536
9.92299, 75104
9.9332, 74888
9.94345, 75104
9.9537, 75536
9.96396, 75536
9.97419, 77048
9.98439, 77048
9.99461, 76616
10.0049, 76400
10.0151, 77264
10.0253, 75752
10.0355, 74672
10.0457, 74024
10.0558, 73376
10.0661, 72944
10.0762, 72728
10.0865, 72728
10.0969, 73592
10.1072, 71864
10.1175, 71216
10.1277, 71000
10.1381, 70784
10.1483, 70352
10.1585, 70568
10.1693, 70352
10.18, 70568
10.1903, 70784
10.2005, 70784
10.2108, 71000
10.2213, 71000
10.2317, 70784
10.2421, 70568
10.2526, 70352
10.2631, 70352
10.2742, 70568
10.2849, 69488
10.2952, 68624
10.3057, 68624
10.316, 68408
10.3264, 68192
10.3369, 68192
10.3489, 68408
10.3595, 69488
10.3698, 69920
10.3808, 69920
10.3914, 69920
10.4024, 70568
10.413, 71000
10.4236, 71432
10.4339, 70568
10.4443, 69920
10.4549, 69704
10.4654, 69272
10.4757, 69056
10.4859, 68840
10.4962, 68840
10.5065, 68624
10.5167, 68408
10.527, 68624
10.5374, 68408
10.5478, 68408
10.5581, 68408
10.5683, 68408
10.5786, 68192
10.5888, 68192
10.5989, 68408
10.6092, 68192
10.6196, 68408
10.63, 68192
10.6401, 68192
10.6503, 68192
10.6606, 67976
10.6708, 67976
10.6813, 67760
10.6915, 67760
10.7017, 67976
10.712, 67976
10.7223, 68192
10.7328, 68192
10.7431, 68192
10.7535, 68192
10.7637, 68192
10.7739, 68192
10.7841, 68408
10.7943, 68408
10.8045, 68192
10.8147, 68408
10.8248, 68624
10.8351, 68624
10.8454, 69272
10.8558, 70136
10.8663, 70784
10.8766, 70136
10.887, 70352
10.8973, 70784
10.9076, 71216
10.9179, 71432
10.9283, 71648
10.9387, 71648
10.949, 70784
10.96, 71432
10.9707, 71864
10.9812, 71648
10.9936, 71864
11.0042, 72080
11.0148, 72080
11.026, 72296
11.0368, 72296
11.0476, 72512
11.0583, 72512
11.0688, 72512
11.0791, 71000
11.0892, 70568
11.0994, 70352
11.1095, 70136
11.1196, 69920
11.1298, 69704
11.14, 69488
11.1501, 69488
11.1602, 69488
11.1703, 69272
11.1805, 69272
11.1906, 69272
11.2007, 69056
11.2109, 69056
11.221, 69056
11.2312, 69056
11.2413, 69272
11.2515, 69272
11.2617, 69272
11.2719, 69056
11.2821, 69272
11.2922, 69488
11.3024, 69704
11.3126, 69920
11.3228, 70136
11.3331, 70352
11.3432, 70352
11.3534, 70352
11.3636, 70352
11.3737, 70352
11.3839, 70352
11.3941, 70352
11.4044, 70136
11.4146, 70136
11.4249, 70568
11.4353, 71864
11.4456, 73376
11.456, 74672
11.4665, 74240
11.4771, 74024
11.4873, 73808
11.4979, 74240
11.5084, 74240
11.5189, 74456
11.5299, 74240
11.5407, 74024
11.5514, 73160
11.5615, 72944
11.5718, 72944
11.582, 73160
11.5924, 73160
11.6028, 72944
11.6131, 72728
11.6235, 72728
11.6338, 72728
11.6442, 72512
11.6544, 73376
11.6646, 72944
11.6748, 72512
11.685, 71648
11.6952, 71432
11.7053, 71216
11.7155, 71000
11.7258, 71000
11.7361, 70568
11.7463, 70568
11.7565, 70352
11.7666, 70352
11.7768, 70136
11.7869, 69704
11.7971, 69704
11.8073, 69704
11.8174, 69704
11.8275, 69704
11.8377, 69704
11.8478, 69704
11.858, 69704
11.8682, 69488
11.8783, 69488
11.8884, 69488
11.9013, 69704
11.9116, 71216
11.9221, 72080
11.9322, 72512
11.9424, 73808
11.9526, 73160
11.9628, 71864
11.9731, 73808
11.9834, 77264
11.9937, 78776
12.0042, 79856
12.0148, 77696
12.0252, 77264
12.0356, 77264
12.046, 76832
12.0565, 76832
12.0671, 76400
12.078, 75536
12.0888, 75536
12.0997, 75104
12.1103, 75104
12.121, 75752
12.132, 75320
12.1427, 75536
12.1537, 75104
12.1644, 75104
12.1753, 75104
12.186, 75536
12.1964, 75104
12.2068, 75104
12.2171, 74888
12.2276, 74672
12.2379, 74672
12.2483, 75320
12.259, 74672
12.2696, 75104
12.2801, 74672
12.2905, 74240
12.3013, 75104
12.3129, 75752
12.3234, 74672
12.3337, 73592
12.344, 72728
12.3542, 71648
12.3644, 71216
12.3746, 71000
12.3847, 70784
12.3948, 70136
12.4051, 69920
12.4152, 69704
12.4254, 69704
12.4356, 69704
12.4459, 69488
12.4561, 69704
12.4664, 69704
12.4767, 69704
12.4871, 69920
12.4975, 70136
12.5078, 70136
12.5183, 70136
12.5288, 70352
12.5394, 70568
12.5503, 71216
12.5606, 70352
12.5709, 69920
12.5814, 69272
12.5916, 69272
12.6019, 69272
12.6123, 69056
12.6226, 69056
12.633, 68840
12.6458, 68840
12.6573, 69704
12.668, 70352
12.6783, 69488
12.6885, 69272
12.6987, 68840
12.7089, 68840
12.7191, 68840
12.7295, 69272
12.7397, 69704
12.7499, 69920
12.7607, 69272
12.7712, 69920
12.7816, 69704
12.7918, 69056
12.802, 69056
12.8122, 68840
12.8224, 68840
12.8327, 70136
12.8429, 69488
12.8531, 69272
12.8634, 70352
12.8735, 69704
12.8837, 69704
12.8939, 69488
12.9041, 69488
12.9144, 70352
12.9248, 71216
12.9364, 71432
12.9473, 71648
12.958, 72080
12.9689, 72080
12.9796, 72080
12.9905, 72296
13.0012, 72512
13.0117, 72296
13.0219, 71648
13.0321, 71216
13.0423, 70784
13.0525, 71432
13.0629, 71432
13.0732, 71648
13.0835, 71216
13.0938, 71000
13.104, 71000
13.1143, 71000
13.1247, 71216
13.1349, 71216
13.1452, 71216
13.1555, 71216
13.1659, 71648
13.1763, 71864
13.1867, 72080
13.197, 72080
13.2073, 71864
13.2176, 71864
13.2279, 71864
13.2382, 70784
13.2484, 70784
13.2586, 70784
13.2773, 72080
13.2878, 72944
13.2981, 74024
13.3087, 74024
13.3191, 74240
13.3292, 74672
13.3394, 74672
13.3496, 74888
13.3597, 75104
13.3699, 75104
13.3801, 74456
13.3904, 74240
13.4007, 75104
13.411, 74888
13.4212, 75104
13.4314, 75320
13.4416, 75536
13.4517, 75536
13.4619, 75536
13.4721, 75752
13.4823, 75752
13.4925, 75536
13.5026, 72944
13.5127, 72728
13.5229, 71648
13.5331, 71216
13.5432, 71000
13.5537, 70352
13.5641, 70136
13.5743, 69920
13.5847, 69920
13.5949, 69704
13.6051, 69704
13.6152, 69488
13.6255, 69272
13.6357, 69272
13.6458, 69488
13.656, 69488
13.6662, 69272
13.6764, 69272
13.6867, 69488
13.697, 69272
13.7075, 69056
13.7177, 69056
13.7281, 69056
13.7383, 68840
13.7485, 68840
13.7588, 68840
13.769, 68840
13.7794, 68840
13.7903, 69704
13.8011, 71000
13.8122, 71216
13.8228, 71648
13.8333, 71864
13.8441, 72296
13.8547, 72944
13.8652, 73376
13.8755, 72296
13.8867, 74024
13.899, 74456
13.9098, 74672
13.9203, 74672
13.9308, 73808
13.9413, 73592
13.9517, 73376
13.962, 72296
13.9723, 71432
13.9825, 71216
13.9928, 71648
14.0032, 71648
14.0134, 71432
14.0235, 71432
14.0338, 71432
14.0442, 71216
14.0544, 71216
14.0646, 71216
14.0748, 71216
14.085, 71216
14.0954, 71000
14.1056, 70784
14.1157, 70784
14.1259, 70568
14.1361, 70568
14.1463, 70568
14.1565, 70568
14.1667, 70568
14.177, 71216
14.1874, 71432
14.1978, 71000
14.2081, 71000
14.2184, 70784
14.2287, 70568
14.2389, 70568
14.2491, 70568
14.2593, 70568
14.2695, 70352
14.2797, 70568
14.2899, 70568
14.3002, 70568
14.3104, 70352
14.3206, 70352
14.3309, 70352
14.3411, 70568
14.3514, 70136
14.3693, 71648
14.3797, 72944
14.39, 73592
14.4002, 74456
14.4104, 74240
14.4207, 73376
14.431, 74672
14.4413, 79856
14.4517, 80288
14.4619, 80720
14.4722, 79208
14.4824, 78776
14.4927, 77912
14.5029, 77048
14.5132, 76616
14.5235, 76184
14.5337, 75968
14.5439, 75320
14.5542, 75320
14.5646, 76832
14.5749, 77912
14.5853, 79424
14.5956, 81368
14.6059, 80936
14.6162, 81368
14.6265, 81584
14.6368, 82232
14.6471, 81800
14.6575, 82232
14.6677, 84176
14.6782, 85472
14.6885, 85688
14.6987, 83312
14.709, 83096
14.7192, 81800
14.7293, 81152
14.7396, 79424
14.7499, 77912
14.7603, 77480
14.7706, 77048
14.7808, 76616
14.7911, 76400
14.8013, 76400
14.8115, 76400
14.8218, 76184
14.832, 75752
14.8422, 75320
14.8524, 74888
14.8627, 75320
14.8729, 75536
14.8831, 74888
14.8934, 75104
14.9036, 74672
14.9138, 73808
14.9241, 73160
14.9343, 72728
14.9444, 72512
14.9547, 72080
14.965, 71864
14.9752, 72080
14.9856, 72944
14.9959, 72512
15.0062, 72080
15.0164, 71864
15.0267, 71648
15.0369, 71648
15.0472, 71648
15.0575, 71432
15.0679, 71432
15.0785, 72512
15.0888, 72296
15.099, 71432
15.1093, 71216
15.1195, 71216
15.1296, 71000
15.14, 71000
15.1503, 70784
15.1608, 70784
15.172, 71216
15.1828, 71864
15.1932, 70784
15.2035, 70784
15.2137, 70784
15.224, 70568
15.2343, 70352
15.2445, 70136
15.2547, 70136
15.2649, 70136
15.2753, 70136
15.2857, 70352
15.2961, 70784
15.3064, 70568
15.3166, 70136
15.3268, 69704
15.3371, 69488
15.3476, 69488
15.3579, 69272
15.3681, 69272
15.3783, 69272
15.3891, 69488
15.4054, 69704
15.4157, 69488
15.4263, 70136
15.4404, 71000
15.4515, 71000
15.4622, 71216
15.4732, 71864
15.4854, 72080
15.4962, 72296
15.5071, 72512
15.5177, 72728
15.5286, 72728
15.5388, 71648
15.5491, 71000
15.5594, 70784
15.5699, 70352
15.5801, 70136
15.5904, 70136
15.6006, 69920
15.6108, 69704
15.621, 69488
15.6312, 69488
15.6414, 69488
15.6517, 69272
15.6619, 69272
15.6721, 69272
15.6823, 69272
15.6925, 69488
15.7027, 69272
15.7129, 69272
15.7231, 69272
15.7333, 69272
15.7436, 69272
15.7538, 69704
15.7641, 70136
15.7743, 70568
15.7845, 70568
15.7946, 70568
15.8048, 70352
15.8149, 70352
15.825, 70568
15.8352, 70568
15.8453, 70784
15.8555, 70784
15.8656, 71000
15.8758, 71000
15.8859, 71000
15.8961, 71000
15.9062, 71216
15.9293, 73376
15.9397, 74240
15.9501, 74888
15.9607, 74024
15.9709, 73808
15.9812, 73808
15.9915, 73808
16.0017, 74024
16.0121, 74240
16.0224, 73808
16.0331, 74456
16.0439, 74888
16.0549, 74888
16.0657, 74888
16.0763, 74888
16.0871, 74888
16.0977, 74888
16.1085, 74888
16.1192, 74888
16.1294, 74024
16.1396, 72944
16.1498, 72944
16.16, 73160
16.1702, 73160
16.1803, 73160
16.1905, 73160
16.2007, 72728
16.2109, 72728
16.221, 72512
16.2314, 73160
16.2416, 73808
16.2519, 74024
16.2622, 73592
16.2724, 73376
16.2827, 73376
16.2929, 73376
16.3032, 73592
16.3134, 74456
16.3237, 75752
16.3341, 75752
16.3444, 75752
16.3548, 75752
16.3652, 75752
16.3756, 75752
16.3859, 75752
16.3963, 74888
16.4065, 74024
16.4167, 73376
16.4268, 72944
16.437, 72728
16.4472, 72296
16.4573, 72512
16.4675, 72296
16.4815, 72296
16.4923, 73808
16.5027, 74456
16.5129, 74888
16.5233, 74672
16.5337, 75104
16.544, 75968
16.5543, 75320
16.5645, 75536
16.5747, 75968
16.5849, 75320
16.5951, 75104
16.6052, 74888
16.6154, 74888
16.6255, 74672
16.6356, 73592
16.6458, 72728
16.6562, 73160
16.6666, 73376
16.677, 73160
16.6874, 73160
16.6978, 73160
16.7082, 72944
16.7187, 72944
16.7291, 72728
16.7396, 72944
16.7502, 73160
16.7615, 73160
16.7728, 72728
16.784, 72728
16.7949, 72512
16.8059, 72512
16.8171, 72512
16.828, 72296
16.8389, 72296
16.8496, 72080
16.8608, 72080
16.8721, 72080
16.883, 72080
16.8935, 72080
16.9039, 72080
16.9144, 72296
16.9249, 72080
16.9355, 71864
16.9458, 71864
16.9564, 72728
16.9671, 73376
16.9777, 73376
16.9887, 73376
17.0001, 73160
17.0109, 74024
17.0217, 74456
17.0322, 74672
17.043, 74024
17.0538, 73376
17.0661, 73592
17.0773, 72296
17.0881, 72296
17.0993, 73160
17.1101, 73808
17.1208, 74456
17.1311, 75104
17.1416, 75320
17.1521, 75752
17.1628, 75320
17.1736, 75320
17.1843, 75968
17.1948, 76400
17.2056, 76184
17.2164, 75968
17.2274, 75968
17.2387, 75752
17.2497, 75536
17.2604, 75752
17.2709, 75320
17.2816, 76184
17.2927, 76184
17.304, 76184
17.3146, 75968
17.3249, 75536
17.3354, 76400
17.3457, 76832
17.3561, 75968
17.3664, 75536
17.3767, 75320
17.387, 75320
17.3975, 75320
17.4078, 75752
17.4182, 75104
17.4286, 77912
17.4389, 78776
17.4493, 77912
17.4597, 76616
17.47, 75968
17.4805, 75104
17.491, 75104
17.5014, 75104
17.5118, 75752
17.5221, 76616
17.5325, 76832
17.5428, 75968
17.5532, 76616
17.5636, 77048
17.574, 77264
17.5844, 77264
17.5948, 77264
17.6053, 77264
17.6159, 76400
17.6265, 76184
17.637, 76400
17.6477, 75968
17.6583, 75536
17.6688, 75536
17.6794, 75536
17.69, 77048
17.7004, 78560
17.7107, 77696
17.721, 77480
17.7315, 77048
17.7418, 76832
17.7523, 76184
17.7628, 75968
17.7733, 75752
17.7839, 75752
17.7943, 75752
17.8047, 73592
17.8153, 73160
17.8259, 72944
17.8368, 72728
17.8474, 73592
17.8579, 73160
17.8682, 73160
17.8786, 73808
17.8888, 73592
17.899, 73160
17.9093, 72944
17.9195, 72944
17.9298, 73160
17.9401, 73592
17.9503, 72944
17.9605, 72512
17.9707, 72296
17.9808, 72080
17.991, 71864
18.0013, 71432
18.0115, 71432
18.0216, 71216
18.0318, 71000
18.0421, 70136
18.0529, 69920
18.0634, 69704
18.0738, 69704
18.0842, 69488
18.0945, 69272
18.1048, 69272
18.1163, 69056
18.1288, 68840
18.1416, 68840
18.1539, 68624
18.1656, 68408
18.1771, 68192
18.193, 67976
18.2038, 67976
18.2149, 67976
18.2321, 67760
18.2431, 68192
18.2535, 68624
18.2642, 69056
18.2752, 69056
18.2856, 69272
18.296, 69488
18.3063, 69488
18.3165, 69704
18.3267, 69920
18.3369, 70136
18.3471, 70136
18.3574, 70352
18.3677, 70568
18.3778, 70568
18.3882, 70784
18.3986, 71000
18.4089, 71000
18.4191, 70784
18.4294, 71000
18.4397, 71000
18.4499, 71000
18.4602, 71648
18.4707, 73592
18.4827, 73592
18.4932, 73160
18.5043, 72728
18.5149, 72728
18.5255, 73592
18.5363, 74024
18.5469, 74024
18.5572, 73376
18.5676, 73376
18.5784, 73160
18.5894, 72512
18.6003, 72296
18.6128, 72944
18.6236, 72728
18.6339, 72512
18.6447, 72944
18.6554, 73160
18.666, 73376
18.6767, 73160
18.6872, 73376
18.6977, 73808
18.708, 72728
18.7182, 72296
18.7284, 72080
18.7387, 71648
18.749, 71648
18.7592, 71432
18.7694, 71432
18.7796, 71432
18.7899, 71432
18.8, 71432
18.8102, 71432
18.8205, 71216
18.8307, 71216
18.8409, 71216
18.8512, 71216
18.8615, 71216
18.8718, 71000
18.882, 71000
18.8922, 71216
18.9024, 71432
18.9127, 72512
18.9229, 72512
18.9331, 72296
18.9433, 72080
18.9535, 71864
18.9636, 71648
18.9738, 71432
18.9839, 71648
18.994, 71432
19.0041, 71432
19.0143, 71216
19.0253, 71432
19.0356, 73160
19.0459, 73592
19.0563, 73592
19.0679, 75752
19.0785, 75320
19.0899, 74456
19.1008, 74240
19.1122, 74240
19.1232, 74672
19.1339, 74672
19.1446, 74888
19.1552, 75104
19.1654, 74888
19.1756, 73808
19.1857, 73592
19.1959, 73376
19.206, 72944
19.2162, 72728
19.2263, 72512
19.2365, 72296
19.2467, 72080
19.2569, 72080
19.267, 72080
19.2771, 71864
19.2873, 71864
19.2975, 71648
19.3076, 71648
19.3179, 71648
19.3281, 71648
19.3383, 71648
19.3485, 71432
19.3586, 71432
19.3688, 71648
19.3791, 71864
19.3894, 71864
19.3997, 71648
19.41, 71432
19.4203, 71432
19.4305, 71216
19.4408, 71000
19.451, 70784
19.4613, 70784
19.4715, 70784
19.4818, 71000
19.4922, 71000
19.5025, 71432
19.5128, 72728
19.5232, 73592
19.5334, 72512
19.5437, 72512
19.5583, 72944
19.5688, 74024
19.5789, 73376
19.5892, 75320
19.5995, 73808
19.6098, 76616
19.6203, 79856
19.6309, 80288
19.6413, 80720
19.6515, 81800
19.6618, 82880
19.6722, 83960
19.6825, 85040
19.6929, 84608
19.7033, 83744
19.7137, 83528
19.7243, 83312
19.7348, 82880
19.7452, 82880
19.7556, 82880
19.766, 81584
19.7765, 80504
19.7871, 80288
19.7975, 79640
19.8079, 78344
19.8184, 78992
19.8287, 80288
19.839, 80288
19.8494, 79856
19.8597, 79208
19.8699, 75752
19.8805, 75320
19.8916, 74672
19.902, 74672
19.9123, 75104
19.9226, 75320
19.9331, 75968
19.944, 77048
19.955, 75968
19.9659, 75104
19.9768, 74672
19.9883, 74240
19.9992, 74024
20.0098, 74024
20.0212, 73808
20.0328, 73808
20.0441, 73808
20.0548, 73592
20.0654, 73376
20.0764, 73376
20.0886, 73160
20.0991, 73160
20.1096, 74456
20.1201, 74024
20.1305, 74024
20.141, 74456
20.1516, 75320
20.1621, 74240
20.1727, 75752
20.1837, 76616
20.1946, 73808
20.2054, 73160
20.2162, 72728
20.227, 73592
20.2379, 74240
20.2489, 74024
20.2605, 73808
20.273, 73592
20.2851, 73592
20.2968, 73376
20.308, 73160
20.3185, 73160
20.3289, 73592
20.3393, 73376
20.3495, 73376
20.3603, 73808
20.3719, 73592
20.3827, 73376
20.3937, 73376
20.4055, 72944
20.4165, 72296
20.428, 72080
20.4395, 71864
20.4505, 71648
20.462, 71648
20.4739, 71648
20.4849, 72296
20.4958, 71864
20.5061, 71648
20.5164, 71648
20.5266, 71864
20.5369, 72296
20.5472, 72296
20.5575, 72512
20.5678, 72296
20.5785, 72728
20.5889, 73160
20.6, 73376
20.6107, 73592
20.6213, 73592
20.6323, 73592
20.643, 73808
20.6537, 74672
20.6644, 74456
20.6746, 73592
20.6847, 73160
20.6949, 72944
20.705, 72944
20.7152, 72944
20.7253, 72944
20.7354, 72944
20.7456, 72944
20.7557, 72944
20.7658, 72728
20.776, 72728
20.7862, 72728
20.7963, 72512
20.8065, 72512
20.8166, 72512
20.8268, 72512
20.837, 72296
20.8471, 72296
20.8573, 72296
20.8674, 72296
20.8776, 72080
20.8877, 72296
20.8978, 72080
20.908, 72080
20.9181, 72080
20.9282, 72080
20.9385, 72080
20.9487, 72728
20.9589, 73592
20.9693, 74888
20.9795, 76832
20.9897, 77696
21, 77912
21.0102, 77048
21.0204, 76184
21.0308, 74888
21.0412, 74024
21.0533, 74024
21.0636, 75968
21.0739, 75536
21.0842, 76400
21.0944, 76616
21.1047, 76832
21.1151, 76616
21.1254, 76832
21.136, 77048
21.1468, 77480
21.1579, 75752
21.1687, 75536
21.1795, 75536
21.1902, 75536
21.2008, 75536
21.2116, 75536
21.2222, 75536
21.2324, 75320
21.2425, 74456
21.2527, 74240
21.2628, 74024
21.273, 73808
21.2831, 73808
21.2933, 73592
21.3035, 73592
21.3137, 73376
21.3239, 73160
21.3342, 73376
21.3443, 73160
21.3545, 72944
21.3647, 72944
21.375, 72944
21.3852, 72944
21.3953, 72728
21.4055, 72728
21.4158, 72728
21.426, 72728
21.4361, 72728
21.4463, 72728
21.4566, 72728
21.4667, 72728
21.4769, 72512
21.4871, 72512
21.4972, 72512
21.5076, 73592
21.5179, 74888
21.5283, 73376
21.5387, 72728
21.5489, 72728
21.5592, 72512
21.5695, 72512
21.5797, 72512
21.5973, 73592
21.6079, 74672
21.6185, 74024
21.6293, 73808
21.6409, 74240
21.6528, 74456
21.6639, 74456
21.6745, 73592
21.6865, 74672
21.7003, 75536
21.7116, 76616
21.7222, 75752
21.7329, 75320
21.7435, 74888
21.754, 74456
21.7643, 73592
21.7746, 72944
21.7848, 72728
21.7951, 73376
21.8055, 73592
21.8157, 73160
21.8261, 73160
21.8364, 72944
21.8466, 72944
21.857, 72512
21.8673, 72512
21.8776, 72512
21.8878, 72296
21.8981, 72296
21.9083, 72080
21.9185, 72080
21.9287, 72080
21.9389, 72080
21.9491, 72080
21.9592, 72080
21.9694, 72080
21.9798, 72080
21.9902, 72080
22.0005, 72080
22.0108, 71864
22.0214, 71864
22.0322, 71648
22.0426, 71648
22.0529, 71432
22.0632, 71432
22.0736, 71432
22.0839, 71432
22.0942, 72296
22.1045, 72944
22.1148, 73160
22.1251, 73376
22.1355, 73376
22.1457, 73376
22.156, 73592
22.1733, 73808
22.1843, 74672
22.1947, 74024
22.205, 75752
22.2152, 75320
22.2254, 75968
22.2357, 76616
22.246, 77696
22.2563, 77696
22.2666, 77912
22.2769, 77264
22.2872, 76616
22.2974, 76400
22.3077, 76400
22.3179, 76616
22.3282, 76616
22.3385, 76616
22.3489, 76400
22.3592, 76184
22.3695, 75968
22.3799, 76616
22.3902, 76184
22.4006, 77264
22.4111, 77696
22.4214, 77264
22.4318, 76832
22.4422, 75968
22.4527, 75536
22.4633, 75104
22.4736, 76400
22.484, 76616
22.4942, 77264
22.5045, 77480
22.5149, 77912
22.5252, 78776
22.5356, 78128
22.546, 78344
22.5562, 79856
22.5665, 80072
22.5768, 78344
22.5871, 77048
22.5974, 76400
22.6075, 76184
22.6177, 75536
22.6279, 74888
22.6382, 74888
22.6484, 74888
22.6588, 74672
22.6693, 74024
22.6797, 73808
22.6902, 74240
22.7005, 73808
22.7107, 72944
22.7209, 73592
22.7312, 74888
22.7415, 74672
22.7518, 74672
22.7621, 74888
22.7724, 74672
22.7826, 74456
22.7929, 74240
22.8031, 74024
22.8134, 73592
22.8237, 73376
22.8339, 72944
22.8441, 72728
22.8544, 72512
22.8646, 72296
22.8748, 72080
22.8849, 72080
22.895, 71864
22.9053, 71864
22.9156, 72080
22.9259, 71864
22.9363, 71864
22.9465, 71648
22.9571, 71216
22.9675, 70784
22.9778, 70568
22.988, 70568
22.9984, 70352
23.0087, 70352
23.0189, 70136
23.0293, 70136
23.0396, 70136
23.0498, 70136
23.0604, 71000
23.072, 71432
23.0832, 71000
23.0942, 71216
23.1054, 71648
23.1163, 71864
23.1277, 72080
23.1454, 72296
23.1566, 72296
23.1673, 72944
23.1786, 73376
23.189, 71864
23.1993, 71864
23.2098, 72080
23.22, 72296
23.2305, 72944
23.2409, 72728
23.256, 72728
23.2665, 74672
23.2773, 74888
23.2882, 75320
23.2988, 73808
23.3093, 73376
23.3197, 73376
23.3301, 73592
23.3411, 73808
23.3518, 74024
23.3623, 73808
23.373, 73592
23.3836, 73592
23.3942, 73808
23.4048, 73160
23.4163, 73160
23.4276, 75104
23.4384, 75536
23.4488, 75968
23.4601, 75320
23.471, 74456
23.4847, 74456
23.4977, 74456
23.5118, 74672
23.5225, 74672
23.5342, 74456
23.5445, 73808
23.5548, 74672
23.5651, 75536
23.5754, 75536
23.5856, 75752
23.5959, 75752
23.6061, 75536
23.6165, 75536
23.6267, 75536
23.6369, 75536
23.6471, 75536
23.6573, 75320
23.6677, 75320
23.6779, 75320
23.6881, 75536
23.6983, 75536
23.7085, 75752
23.7188, 75752
23.7291, 75968
23.7394, 75968
23.7495, 75968
23.7596, 76184
23.7698, 76184
23.7892, 76400
23.7995, 76832
23.81, 76832
23.8209, 75968
23.8315, 75752
23.8426, 75752
23.8531, 75320
23.8638, 75320
23.8748, 75320
23.8856, 75320
23.8967, 75320
23.9072, 75104
23.9174, 74888
23.9276, 74888
23.9378, 74672
23.9479, 75536
23.958, 74672
23.9682, 73808
23.9783, 73808
23.9885, 73808
23.9986, 73592
24.0088, 73592
24.019, 73592
24.0292, 73376
24.0394, 73376
24.0495, 73376
24.0597, 73376
24.07, 73808
24.0802, 73160
24.0904, 72944
24.1006, 72728
24.1107, 72728
24.1208, 72728
24.131, 72728
24.1411, 72728
24.1512, 72728
24.1614, 73592
24.1717, 74240
24.1819, 74240
24.1921, 74240
24.2024, 74456
24.2127, 74456
24.2229, 74888
24.2331, 75104
24.2435, 75320
24.2537, 75320
24.2639, 75104
24.2742, 74888
24.2844, 75320
24.2946, 75536
24.3048, 74888
24.3152, 75968
24.3256, 76616
24.336, 76832
24.3462, 76400
24.3564, 77696
24.3668, 75320
24.3772, 76184
24.3875, 78560
24.3977, 80072
24.4081, 82016
24.4186, 82016
24.429, 82232
24.4392, 82448
24.4499, 83312
24.461, 83312
24.4716, 82664
24.482, 82880
24.4925, 83096
24.5028, 82448
24.5132, 82880
24.5236, 82664
24.534, 82664
24.5445, 82448
24.5558, 83528
24.5661, 84392
24.5765, 83744
24.5867, 83744
24.5971, 80072
24.6074, 78560
24.6177, 77696
24.6282, 77264
24.6385, 77264
24.6488, 77048
24.6597, 77264
24.671, 77048
24.6813, 75968
24.6916, 75752
24.7019, 75320
24.7122, 75104
24.7226, 74888
24.7329, 76616
24.7435, 75536
24.7538, 74888
24.7642, 74240
24.7746, 74024
24.7849, 73592
24.7951, 73376
24.8053, 73160
24.8155, 73160
24.8258, 73376
24.8361, 72944
24.8464, 72944
24.8566, 72944
24.867, 73592
24.8772, 73808
24.8876, 74024
24.898, 74672
24.9083, 75752
24.9188, 76184
24.9293, 75320
24.9403, 76400
24.9507, 76400
24.9614, 76184
24.9718, 75968
24.9825, 76400
24.9934, 76832
25.0038, 77696
25.0142, 76616
25.0244, 76184
25.0347, 75752
25.045, 75968
25.0552, 76400
25.0653, 76616
25.0756, 77912
25.0859, 77480
25.0961, 75968
25.1064, 75536
25.1167, 75104
25.127, 74888
25.1372, 74888
25.1476, 75968
25.1581, 76616
25.1684, 75320
25.1788, 75320
25.189, 75104
25.1993, 74888
25.2095, 74888
25.2198, 75752
25.2301, 77480
25.2403, 77264
25.2504, 77264
25.2607, 77480
25.271, 76184
25.2812, 75752
25.2914, 75320
25.3016, 75536
25.3124, 76616
25.3227, 77480
25.3338, 77264
25.3445, 76616
25.3551, 76400
25.3658, 75968
25.3765, 75752
25.387, 75752
25.3972, 75536
25.4074, 74888
25.4175, 74672
25.4276, 74240
25.4378, 74672
25.4479, 73160
25.458, 72728
25.4681, 72728
25.4783, 72512
25.4884, 72728
25.4985, 72944
25.5087, 72944
25.5188, 72944
25.529, 72944
25.5391, 72944
25.5492, 72944
25.5594, 72944
25.5695, 72944
25.5797, 72728
25.5899, 72944
25.6001, 72944
25.6103, 72728
25.6204, 72728
25.6306, 72728
25.6408, 72728
25.6509, 72728
25.6611, 72728
25.6713, 72728
25.6814, 72728
25.6917, 72728
25.702, 72944
25.7121, 72944
25.7223, 72944
25.7325, 72944
25.7427, 73808
25.753, 74456
25.7632, 75104
25.7736, 76400
25.7838, 75968
25.7941, 75320
25.8048, 75320
25.8156, 75320
25.8262, 75104
25.8366, 75104
25.8471, 75104
25.8574, 74672
25.868, 74888
25.8785, 74672
25.8892, 75320
25.9, 75536
25.9109, 76400
25.9221, 77264
25.9328, 78128
25.9431, 78128
25.9535, 76184
25.9637, 75536
25.974, 75536
25.9843, 75536
25.9946, 75536
26.0048, 76184
26.015, 75536
26.0252, 75320
26.0354, 74888
26.0455, 74672
26.0557, 74240
26.0659, 74240
26.076, 74024
26.0862, 74024
26.0963, 74024
26.1065, 73808
26.1166, 73808
26.1268, 73592
26.1369, 73592
26.1471, 73592
26.1573, 73376
26.1674, 73376
26.1776, 73376
26.1877, 73376
26.1978, 73160
26.208, 73160
26.2181, 73160
26.2283, 73160
26.2385, 72944
26.2486, 72944
26.2587, 72728
26.2688, 72728
26.279, 72944
26.2891, 72728
26.2993, 72944
26.3097, 73592
26.32, 74672
26.331, 75536
26.3415, 76400
26.3518, 75968
26.3629, 75320
26.3737, 75536
26.3849, 75536
26.3957, 75752
26.4069, 75320
26.4177, 75104
26.4283, 75104
26.4385, 75320
26.4487, 74456
26.4589, 74456
26.4691, 74672
26.4795, 75104
26.4899, 74888
26.5002, 74456
26.5104, 74240
26.5207, 74240
26.531, 74024
26.5413, 74024
26.5517, 73808
26.562, 73592
26.5722, 73592
26.5826, 73376
26.5929, 73160
26.6035, 73160
26.6139, 73160
26.6244, 73160
26.6348, 73160
26.6451, 72944
26.6553, 72944
26.6656, 72944
26.6758, 72944
26.686, 73376
26.6963, 73592
26.7065, 73592
26.7168, 73592
26.7271, 73592
26.7375, 73808
26.7481, 73808
26.7584, 73592
26.7689, 73592
26.7792, 73376
26.7895, 73592
26.7998, 73376
26.8102, 73376
26.8205, 73376
26.831, 73376
26.8413, 73160
26.8518, 74024
26.8628, 75320
26.8737, 75968
26.8842, 75320
26.895, 75752
26.9055, 74672
26.9162, 74672
26.9266, 77048
26.9368, 78992
26.947, 78992
26.9577, 77696
26.9689, 76616
26.9798, 75968
26.9903, 75752
27.0009, 75536
27.0114, 75968
27.022, 76616
27.0323, 76616
27.0426, 76832
27.0529, 76832
27.0632, 76832
27.0734, 76616
27.0836, 76832
27.0938, 76832
27.104, 77480
27.1143, 76832
27.1246, 75752
27.1349, 75536
27.1451, 76616
27.1554, 77696
27.1658, 78992
27.1763, 78128
27.1866, 77264
27.1972, 76616
27.2076, 77480
27.2179, 77696
27.2282, 77912
27.2386, 77264
27.2489, 77912
27.2593, 77696
27.2696, 76400
27.2798, 75968
27.2902, 75104
27.3004, 74888
27.3107, 77696
27.321, 78344
27.3315, 78344
27.3419, 77480
27.3522, 77048
27.3625, 76616
27.3727, 77912
27.3829, 78344
27.3932, 78128
27.4036, 78560
27.4139, 77480
27.4242, 76832
27.4345, 76616
27.4448, 76400
27.4551, 78776
27.4654, 77912
27.4756, 77048
27.4858, 76616
27.4961, 76184
27.5066, 77264
27.5169, 76184
27.5271, 75536
27.5373, 75320
27.5476, 75104
27.558, 76616
27.5683, 75536
27.5785, 75104
27.5887, 74456
27.599, 74240
27.6092, 74024
27.6194, 74240
27.6296, 74240
27.6398, 74240
27.65, 74024
27.6601, 73808
27.6703, 73592
27.6805, 73808
27.691, 74888
27.7012, 74240
27.7114, 73592
27.7216, 73592
27.7319, 73376
27.7421, 73376
27.7523, 73160
27.7624, 73808
27.7727, 74456
27.7836, 73808
27.797, 74456
27.8091, 74672
27.8198, 74240
27.8303, 75104
27.841, 75536
27.853, 75752
27.8647, 75968
27.88, 76184
27.8922, 75536
27.9066, 75536
27.9174, 75536
27.9282, 75752
27.9398, 75752
27.9503, 74672
27.9607, 74456
27.9711, 74024
27.9816, 74024
27.9918, 74024
28.002, 75104
28.0123, 75968
28.0227, 77264
28.0331, 77912
28.0434, 78128
28.0538, 77480
28.0641, 76616
28.0745, 75968
28.085, 75752
28.0955, 75968
28.1076, 75752
28.1219, 76184
28.1343, 77048
28.1456, 78344
28.1575, 78344
28.168, 77480
28.1791, 78560
28.1912, 79640
28.2033, 79856
28.2152, 79640
28.2267, 78560
28.2379, 78128
28.2485, 77696
28.259, 77696
28.2694, 77048
28.2796, 76184
28.29, 75536
28.3003, 75104
28.3107, 74888
28.3211, 75320
28.3312, 76616
28.3414, 77264
28.3517, 77912
28.3622, 77696
28.3725, 77480
28.3827, 77048
28.393, 76400
28.4032, 75536
28.4137, 75320
28.424, 75752
28.4342, 75968
28.4446, 75968
28.455, 75752
28.4656, 75752
28.4764, 75752
28.4868, 75752
28.4976, 75536
28.5081, 75536
28.5186, 75536
28.5292, 75536
28.5394, 75536
28.5496, 75752
28.5599, 75752
28.5812, 76400
28.5916, 76616
28.6019, 77048
28.6133, 76400
28.6239, 75320
28.6345, 75320
28.6447, 75752
28.6559, 75752
28.667, 75752
28.6778, 75752
28.6886, 75752
28.6993, 75968
28.71, 75752
28.7207, 75320
28.7309, 75104
28.741, 74672
28.7511, 74240
28.7613, 74240
28.7715, 74240
28.7816, 74240
28.7918, 74024
28.8019, 74024
28.812, 74240
28.8221, 74024
28.8322, 74024
28.8424, 74024
28.8525, 74024
28.8627, 74024
28.8728, 74024
28.883, 74024
28.8931, 74024
28.9033, 74024
28.9137, 74888
28.9238, 74456
28.934, 74240
28.9442, 74672
28.9545, 74672
28.9647, 74240
28.9748, 74024
28.985, 74024
28.9952, 74024
29.0052, 74024
29.0154, 74024
29.0256, 74024
29.0357, 74024
29.0459, 74024
29.0562, 74672
29.0664, 74240
29.0766, 74024
29.0972, 74888
29.1075, 76184
29.1178, 76832
29.1282, 76184
29.1386, 76400
29.1488, 75320
29.1591, 74888
29.1696, 75320
29.18, 80720
29.1903, 80720
29.2007, 79424
29.2111, 78344
29.2214, 76832
29.2317, 76400
29.242, 76184
29.2522, 75752
29.2624, 76616
29.2726, 79856
29.2829, 80288
29.2931, 79640
29.3033, 79856
29.3136, 79856
29.3238, 81800
29.3341, 82880
29.3443, 82448
29.3545, 81368
29.3648, 81152
29.3752, 82016
29.3854, 82232
29.3958, 82448
29.4063, 82664
29.4166, 82448
29.4269, 81152
29.4371, 80936
29.4474, 80072
29.4577, 79640
29.4679, 80720
29.4781, 82664
29.4883, 81800
29.4985, 79640
29.5087, 78992
29.5189, 78560
29.5292, 77696
29.5394, 77480
29.5496, 77264
29.5598, 77264
29.57, 77264
29.5802, 76832
29.5905, 76832
29.6007, 76616
29.6109, 76400
29.6211, 76400
29.6314, 76184
29.6416, 76184
29.6519, 75968
29.6625, 76184
29.6727, 75752
29.6829, 75104
29.6932, 75104
29.7035, 75968
29.7137, 75752
29.724, 74672
29.7342, 73592
29.7444, 73376
29.7546, 73160
29.7649, 72944
29.7752, 72944
29.7853, 73592
29.7955, 73808
29.8058, 72944
29.816, 72728
29.8262, 72512
29.8364, 72728
29.8469, 72728
29.8573, 72512
29.8685, 72080
29.8792, 73376
29.8898, 72728
29.9, 72296
29.9103, 72080
29.9208, 71864
29.9312, 71864
29.9416, 71648
29.952, 71648
29.9624, 71864
29.9729, 72080
29.9831, 71864
29.9933, 71648
30.0036, 71648
30.0138, 71648
30.0241, 71432
30.0345, 71648
30.0454, 71432
30.0565, 71432
30.0677, 72512
30.0784, 72728
30.091, 72080
30.1021, 72296
30.113, 72080
30.1249, 72296
30.1363, 72296
30.1479, 72296
30.1585, 72296
30.1693, 72512
30.1802, 72728
30.1921, 72944
30.2023, 72944
30.2125, 72296
30.2227, 72296
30.233, 72080
30.2432, 72080
30.2533, 72080
30.2634, 71864
30.2736, 72080
30.2839, 72512
30.2942, 72296
30.3044, 72080
30.3146, 72080
30.3249, 71864
30.3352, 71864
30.3454, 71864
30.3556, 71864
30.3658, 71648
30.376, 71648
30.3862, 71648
30.3965, 71648
30.4068, 71648
30.4171, 71648
30.4274, 71432
30.4376, 71432
30.4478, 71432
30.458, 71432
30.4681, 71648
30.4783, 72296
30.4886, 73376
30.4989, 74024
30.5091, 74456
30.5194, 73376
30.5297, 73160
30.5398, 72944
30.55, 72944
30.5601, 72944
30.5703, 72944
30.5933, 73808
30.6038, 75968
30.6141, 75968
30.6245, 74888
30.6351, 74672
30.6458, 74672
30.6566, 75104
30.6672, 75320
30.6776, 75320
30.6879, 75104
30.6983, 74456
30.7089, 74888
30.7193, 74672
30.7303, 74024
30.741, 74024
30.7523, 74456
30.7632, 74888
30.7745, 76400
30.7855, 76400
30.7963, 76400
30.8072, 76400
30.8174, 74240
30.8275, 73808
30.8377, 73376
30.8478, 73376
30.858, 73592
30.8681, 74240
30.8784, 74240
30.8885, 74024
30.8987, 73808
30.9089, 73808
30.919, 74024
30.9291, 73808
30.9393, 74240
30.9495, 74240
30.9596, 74240
30.9698, 74240
30.9801, 74888
30.9904, 74456
31.0006, 74240
31.0108, 74240
31.021, 74240
31.0312, 74240
31.0413, 74240
31.0515, 74240
31.0616, 74240
31.0718, 73808
31.082, 74456
31.0923, 74240
31.1025, 74240
31.1128, 74240
31.1229, 74240
31.1332, 75968
31.1435, 75752
31.1539, 75752
31.1643, 75968
31.1748, 77480
31.1851, 79640
31.1955, 79424
31.2059, 78992
31.2162, 78344
31.2268, 78128
31.2373, 77912
31.2478, 77912
31.2583, 77696
31.2688, 77480
31.2793, 77048
31.2895, 77048
31.2997, 76832
31.3099, 76832
31.3202, 76616
31.3304, 78128
31.3408, 78344
31.351, 78776
31.3613, 77912
31.3715, 76400
31.3817, 75752
31.3919, 75536
31.402, 75320
31.4122, 74888
31.4223, 74888
31.4324, 74672
31.4426, 74672
31.4527, 74672
31.4629, 74456
31.4731, 74240
31.4833, 74024
31.4934, 74024
31.5036, 73808
31.5138, 73808
31.524, 73808
31.5342, 73592
31.5445, 73592
31.5547, 73808
31.5648, 73808
31.575, 73808
31.5852, 73808
31.5953, 73808
31.6055, 73592
31.6157, 73808
31.6259, 73592
31.6362, 75536
31.6465, 76400
31.6572, 76832
31.6683, 77048
31.6787, 75320
31.689, 74456
31.6993, 75104
31.7096, 77696
31.72, 79856
31.7305, 80504
31.7415, 78992
31.7518, 78992
31.7623, 78992
31.7736, 78128
31.784, 78344
31.7945, 78128
31.8048, 78776
31.8155, 78992
31.8268, 78776
31.8376, 78560
31.8492, 78560
31.8602, 78560
31.8706, 78776
31.881, 78776
31.8914, 79424
31.902, 78560
31.9124, 78776
31.9227, 78344
31.9331, 78992
31.9435, 78776
31.9538, 78776
31.9642, 78992
31.9745, 78560
31.9858, 77696
31.9979, 77048
32.0089, 76616
32.0197, 75968
32.0304, 75320
32.0414, 76184
32.0529, 76616
32.0641, 77264
32.0745, 76832
32.0854, 76400
32.0962, 77048
32.1066, 76832
32.117, 76184
32.1274, 75536
32.1376, 75104
32.1478, 74888
32.158, 74672
32.1682, 76184
32.1785, 76832
32.1888, 77264
32.1993, 76616
32.2101, 75320
32.2204, 74888
32.2308, 74888
32.2412, 74888
32.2516, 75320
32.262, 75536
32.2724, 75320
32.2828, 75536
32.2931, 75536
32.3037, 75536
32.3142, 75968
32.3246, 77048
32.3349, 78344
32.3452, 78560
32.3555, 77480
32.3658, 77264
32.3761, 76400
32.3863, 76184
32.3965, 75536
32.4067, 75752
32.417, 76616
32.4272, 76184
32.4374, 75536
32.4475, 75104
32.4577, 74888
32.4678, 74888
32.4779, 74672
32.4881, 74456
32.4983, 74456
32.5084, 74240
32.5185, 74240
32.5287, 74024
32.5389, 74024
32.5491, 74888
32.5594, 74672
32.5695, 74672
32.5796, 74456
32.5898, 74456
32.5999, 74456
32.6101, 74024
32.6203, 74024
32.6305, 73592
32.6408, 73592
32.651, 73592
32.6613, 75104
32.672, 74888
32.683, 74672
32.7016, 75104
32.7125, 75320
32.7232, 75320
32.7339, 75320
32.7446, 75104
32.7549, 75104
32.7651, 75320
32.7754, 76616
32.7856, 78776
32.7958, 79640
32.8061, 78776
32.8164, 77912
32.8266, 77912
32.8369, 77480
32.8471, 77696
32.8574, 78776
32.8676, 78992
32.8779, 78560
32.8884, 78992
32.8987, 79640
32.9091, 78776
32.9196, 79640
32.9302, 79856
32.9408, 80072
32.9514, 80504
32.9619, 80504
32.9725, 80504
32.9828, 80288
32.993, 80288
33.0032, 80072
33.0134, 80072
33.0236, 79640
33.0338, 79424
33.0439, 78992
33.0542, 78344
33.0643, 78128
33.0745, 78128
33.0848, 77912
33.095, 77696
33.1053, 77480
33.1155, 77480
33.1257, 77480
33.1359, 77480
33.1461, 77480
33.1563, 77480
33.1665, 77264
33.1767, 77264
33.1869, 77264
33.1971, 77264
33.2073, 77264
33.2177, 77048
33.2279, 77048
33.2381, 76832
33.2533, 76832
33.2637, 76832
33.2741, 76616
33.2847, 75968
33.2956, 75968
33.3063, 76184
33.3167, 75968
33.3297, 74672
33.3408, 75104
33.3523, 76184
33.3655, 76184
33.3763, 75968
33.3896, 75968
33.4001, 75968
33.4104, 75536
33.4207, 75320
33.4311, 74888
33.4414, 74024
33.4517, 73376
33.4621, 73376
33.4724, 72944
33.4825, 72944
33.4928, 72728
33.503, 72944
33.5133, 72944
33.5236, 73160
33.5339, 72944
33.5441, 72944
33.5543, 72944
33.5645, 72944
33.5747, 72944
33.5849, 72944
33.5955, 72728
33.6057, 72728
33.616, 72944
33.6262, 73160
33.6366, 74456
33.6468, 74024
33.6571, 73160
33.6676, 72728
33.6779, 72512
33.6882, 72512
33.6984, 72296
33.7087, 72296
33.7189, 72512
33.729, 72296
33.7393, 72296
33.7494, 72512
33.7597, 72728
33.7699, 72728
33.7801, 72944
33.7903, 72944
33.8005, 72944
33.8133, 73376
33.8235, 75104
33.8338, 75968
33.844, 75968
33.8542, 76616
33.8658, 76616
33.8777, 75752
33.8879, 75104
33.8986, 76184
33.909, 77048
33.9195, 76832
33.9302, 78776
33.9405, 78776
33.9511, 78776
33.9617, 78128
33.9722, 77696
33.9827, 77264
33.9929, 76832
34.0032, 77264
34.0134, 77264
34.0237, 76832
34.0339, 77048
34.0442, 77480
34.0544, 77480
34.0647, 77696
34.0749, 77912
34.0852, 78344
34.0955, 78344
34.1057, 78344
34.116, 78344
34.1263, 78560
34.1365, 78344
34.1468, 78344
34.1571, 77912
34.1675, 77048
34.1779, 76616
34.1883, 76184
34.1987, 76400
34.2091, 76616
34.2195, 76184
34.2299, 76616
34.2403, 76616
34.2506, 77480
34.2609, 79640
34.2712, 80936
34.2815, 82232
34.2918, 81368
34.302, 80072
34.3123, 79424
34.3225, 79208
34.3327, 78992
34.3431, 78992
34.3534, 78992
34.3636, 78776
34.3739, 78776
34.3842, 78776
34.3944, 79208
34.4047, 79424
34.4149, 78776
34.4252, 78776
34.4355, 78344
34.4457, 78560
34.4562, 79424
34.4665, 77912
34.4768, 77480
34.487, 76400
34.4973, 77480
34.5078, 79208
34.5181, 79424
34.5283, 78992
34.5385, 78560
34.5486, 78560
34.5589, 77480
34.569, 76616
34.5792, 76184
34.5894, 75968
34.5999, 75752
34.6102, 74888
34.6204, 74456
34.6306, 74240
34.6412, 73808
34.6516, 73376
34.6618, 73376
34.672, 73160
34.6822, 73160
34.6926, 74024
34.7028, 73376
34.7131, 73160
34.7233, 72944
34.7335, 72944
34.7437, 72728
34.7538, 72728
34.764, 72512
34.7748, 72512
34.785, 73592
34.7954, 72944
34.8055, 72728
34.8158, 72512
34.8259, 72512
34.8361, 72296
34.8463, 72080
34.8565, 72080
34.868, 71864
34.8783, 72296
34.8887, 73376
34.8992, 73592
34.9122, 73808
34.9231, 74240
34.934, 74456
34.9446, 74888
34.9556, 75104
34.9675, 75104
34.9783, 74888
34.9885, 73808
34.9989, 74024
35.0093, 74024
35.0196, 74024
35.0299, 74024
35.0402, 73808
35.0505, 73808
35.0607, 73808
35.0709, 73808
35.0812, 73808
35.0914, 73592
35.1017, 73592
35.1119, 73592
35.1221, 73808
35.1323, 73808
35.1425, 73808
35.1528, 74240
35.163, 75104
35.1734, 74888
35.1836, 74456
35.1938, 74672
35.2041, 75104
35.2145, 74888
35.2249, 74888
35.2352, 74672
35.2455, 74672
35.2559, 74456
35.2662, 74456
35.2765, 74240
35.2868, 74240
35.297, 74240
35.3073, 74240
35.3175, 74240
35.3278, 74240
35.3384, 74240
35.3489, 74240
35.3592, 74024
35.3696, 74024
35.3799, 74024
35.3902, 74024
35.4005, 74456
35.4122, 76184
35.4227, 77048
35.4335, 76184
35.4443, 75968
35.455, 75968
35.4654, 76184
35.4758, 76616
35.4865, 76400
35.4976, 76400
35.5099, 75968
35.5221, 75752
35.5327, 75968
35.5434, 75536
35.5543, 75752
35.5663, 75752
35.5774, 75968
35.5886, 75968
35.5994, 75752
35.6103, 75320
35.6217, 74456
35.6328, 74672
35.6444, 74888
35.6555, 74672
35.6664, 74672
35.6783, 74672
35.6908, 74456
35.7029, 74456
35.716, 74456
35.7283, 74240
35.739, 74456
35.7498, 74456
35.7603, 74888
35.7712, 74672
35.7817, 74888
35.7921, 74888
35.8024, 74672
35.8126, 74672
35.8228, 74672
35.8329, 74456
35.843, 74456
35.8532, 74456
35.8634, 74240
35.8736, 74240
35.8837, 74240
35.8939, 74024
35.9041, 74024
35.9145, 74024
35.9249, 74024
35.9354, 74024
35.9459, 73808
35.9565, 73808
35.9669, 74672
35.9774, 76184
35.9879, 76616
35.9985, 77480
36.0093, 76832
36.02, 75536
36.0306, 74672
36.0415, 74672
36.0523, 74672
36.0631, 74888
36.0738, 75968
36.0846, 76184
36.0955, 76184
36.1059, 75968
36.1163, 75320
36.1267, 75104
36.1373, 74672
36.1477, 74240
36.1582, 74240
36.1688, 74240
36.1793, 74024
36.1897, 74024
36.2001, 74024
36.2105, 73808
36.2211, 74024
36.2315, 74024
36.2419, 74024
36.2523, 74024
36.2626, 74024
36.2729, 74024
36.2832, 74024
36.2934, 74024
36.3037, 74024
36.314, 74024
36.3242, 74024
36.3345, 74240
36.345, 74456
36.3553, 75968
36.3656, 75536
36.3758, 75104
36.3861, 75104
36.3963, 75320
36.4065, 75536
36.4167, 75752
36.4271, 76616
36.4374, 77048
36.4477, 78344
36.4581, 78560
36.4686, 78776
36.479, 78776
36.4896, 79640
36.4999, 80072
36.5102, 80288
36.5205, 81584
36.5307, 83744
36.5411, 84824
36.5516, 82232
36.562, 82448
36.5725, 82232
36.5828, 82664
36.5931, 83528
36.6034, 83744
36.6138, 83744
36.6241, 84392
36.6344, 84824
36.6451, 85040
36.6554, 85472
36.6657, 85688
36.676, 85904
36.6863, 85256
36.6967, 84824
36.7073, 85256
36.7175, 84392
36.7277, 83312
36.738, 82448
36.7482, 82232
36.7584, 80720
36.7687, 80072
36.7789, 79640
36.7891, 79208
36.7993, 78560
36.8095, 78128
36.8198, 77912
36.83, 78128
36.8403, 78992
36.8505, 78560
36.8608, 79208
36.871, 79640
36.8814, 79856
36.8922, 79640
36.9032, 78992
36.9135, 77696
36.9241, 77048
36.9346, 76616
36.9451, 77696
36.9556, 77912
36.966, 77696
36.9765, 77264
36.9869, 76616
36.9976, 76400
37.0084, 76616
37.0188, 77696
37.0291, 76184
37.0395, 76184
37.0498, 75752
37.0602, 75752
37.0706, 75752
37.0808, 75536
37.0911, 76400
37.1014, 76184
37.1116, 75752
37.1219, 75752
37.1321, 75968
37.1428, 76616
37.1538, 78128
37.1643, 76400
37.1747, 74888
37.1851, 74456
37.1958, 74024
37.2061, 74240
37.2163, 74240
37.2267, 74024
37.2376, 74024
37.2481, 74024
37.2589, 74024
37.2698, 75968
37.2821, 76400
37.2929, 76400
37.3038, 75320
37.3145, 74888
37.3263, 75536
37.338, 76184
37.3508, 76184
37.3624, 75752
37.3731, 75752
37.3837, 75752
37.3943, 75752
37.4049, 75320
37.4152, 74672
37.4256, 74456
37.4362, 74240
37.4467, 74240
37.4574, 74024
37.4681, 74024
37.4975, 76184
37.5084, 77480
37.5191, 77480
37.5296, 76616
37.5405, 75536
37.5509, 75536
37.5614, 75968
37.5716, 76184
37.5818, 76184
37.592, 75968
37.6022, 75752
37.6124, 75536
37.6226, 75320
37.6329, 75536
37.6431, 75320
37.6535, 75752
37.6638, 76184
37.674, 75320
37.6842, 74888
37.6944, 74672
37.7046, 74888
37.7147, 75752
37.7249, 76184
37.735, 76400
37.7455, 76616
37.7558, 76184
37.7661, 75968
37.7763, 75320
37.7866, 74672
37.7968, 74456
37.807, 74456
37.8172, 74456
37.8274, 74672
37.8376, 74888
37.8478, 74888
37.858, 74888
37.8681, 74888
37.8784, 74888
37.8886, 74888
37.8987, 75104
37.9089, 74888
37.9191, 74888
37.9293, 74888
37.9395, 74888
37.9497, 74888
37.9598, 74888
37.97, 74888
37.9802, 74888
37.9904, 74888
38.0007, 74888
38.0112, 77048
38.0216, 77696
38.0324, 77912
38.044, 76616
38.0552, 76184
38.0662, 75968
38.0767, 75752
38.0886, 75320
38.0998, 75320
38.1105, 75536
38.1219, 76184
38.1326, 76400
38.1453, 76184
38.1561, 75968
38.1667, 75752
38.177, 75536
38.1872, 75104
38.1976, 74888
38.2078, 74456
38.218, 74456
38.2281, 74456
38.2382, 74456
38.2484, 74456
38.2585, 74456
38.2687, 74672
38.2789, 74672
38.2892, 74672
38.2994, 74672
38.3095, 74672
38.3196, 74672
38.3297, 74672
38.3399, 74672
38.3501, 74672
38.3602, 74888
38.3704, 74672
38.3807, 74672
38.3909, 75104
38.4012, 76184
38.4114, 76616
38.4216, 79640
38.4319, 78344
38.4421, 77696
38.4523, 77480
38.4626, 77912
38.4729, 78560
38.4832, 78128
38.4934, 78776
38.5037, 79208
38.5139, 79424
38.5253, 79856
38.5357, 79856
38.5459, 79856
38.5562, 80288
38.5664, 82448
38.5767, 82232
38.587, 83096
38.5972, 85256
38.6074, 86552
38.6177, 87416
38.6279, 86552
38.6381, 86768
38.6484, 87200
38.6587, 86552
38.6689, 85904
38.6793, 85904
38.6898, 85904
38.7004, 85904
38.711, 85256
38.7213, 85256
38.7317, 85256
38.742, 85040
38.7525, 84176
38.7628, 83528
38.773, 83096
38.7834, 82232
38.7939, 83744
38.8044, 83744
38.8149, 84176
38.8251, 82448
38.8354, 81152
38.8456, 80504
38.8558, 80288
38.8663, 80072
38.8767, 79856
38.887, 79640
38.8974, 79856
38.9078, 80288
38.9181, 80288
38.9284, 79856
38.9395, 79856
38.9505, 78992
38.9636, 78560
38.9764, 77696
38.9881, 77480
39.001, 77048
39.0142, 77048
39.0264, 76832
39.0381, 76616
39.049, 76616
39.0612, 76400
39.073, 76184
39.0844, 75968
39.0949, 75968
39.1053, 76184
39.1159, 76184
39.1265, 76184
39.137, 77912
39.1478, 78560
39.1584, 77912
39.1687, 77480
39.1793, 77048
39.1896, 77264
39.2034, 77480
39.2138, 78344
39.2242, 77048
39.2344, 75968
39.2447, 75536
39.255, 75320
39.2654, 75320
39.2758, 75320
39.2861, 75320
39.2963, 75104
39.3079, 76400
39.3182, 76184
39.3284, 75752
39.3386, 75320
39.3489, 75104
39.3592, 75104
39.3695, 75320
39.3798, 75320
39.39, 75320
39.4005, 75320
39.4109, 77480
39.4213, 76616
39.4316, 75968
39.4417, 75536
39.452, 75320
39.4623, 75968
39.4727, 75536
39.483, 75320
39.4935, 75320
39.504, 75104
39.5146, 75968
39.5266, 77696
39.537, 76616
39.5472, 75320
39.5574, 74888
39.5677, 74672
39.5782, 74240
39.5885, 74456
39.599, 74672
39.6092, 74672
39.622, 76616
39.6349, 77480
39.6456, 77696
39.6563, 76832
39.668, 76616
39.6808, 76832
39.6916, 76616
39.7028, 76616
39.7136, 76400
39.7243, 76184
39.7351, 76184
39.7454, 75536
39.7556, 75320
39.7659, 75104
39.7761, 74888
39.7863, 75104
39.7965, 75104
39.8066, 75104
39.8168, 74888
39.8269, 74888
39.8371, 74888
39.8472, 75104
39.8573, 75104
39.8675, 75320
39.8776, 75104
39.8877, 75320
39.8979, 75320
39.908, 75320
39.9182, 75320
39.9283, 75104
39.9384, 75320
39.9485, 75320
39.9587, 75320
39.9688, 75320
39.9789, 75536
39.9891, 75320
39.9992, 75536
40.0093, 75536
40.0195, 75752
40.0297, 75752
40.0398, 75536
40.05, 75536
40.0601, 75104
40.0703, 75104
40.0805, 75104
40.0906, 74888
40.1008, 75104
40.1111, 75536
40.1213, 75536
40.1315, 75752
40.1419, 77264
40.1521, 78128
40.1624, 77912
40.1729, 77048
40.1832, 76400
40.1934, 76184
40.2037, 75968
40.214, 75968
40.2243, 76184
40.2346, 75968
40.2451, 76184
40.2555, 76400
40.2661, 76832
40.2767, 77048
40.2872, 77264
40.2977, 76400
40.3082, 75968
40.3194, 75752
40.33, 75752
40.3402, 75320
40.3504, 75320
40.3606, 77696
40.3709, 79856
40.3812, 80720
40.3916, 79640
40.4019, 79424
40.4123, 79208
40.4226, 79208
40.4329, 79424
40.4432, 77912
40.4535, 77264
40.4638, 77480
40.474, 77264
40.4842, 76616
40.4944, 75968
40.5046, 75752
40.5147, 75536
40.5249, 75536
40.5351, 75320
40.5452, 75104
40.5554, 75320
40.5655, 75104
40.5757, 74888
40.5858, 74888
40.5959, 74888
40.6061, 74888
40.6163, 74888
40.6264, 74672
40.6366, 74672
40.6468, 74888
40.6569, 74672
40.6671, 74456
40.6772, 74456
40.6874, 74672
40.6978, 76400
40.7083, 75968
40.7192, 77264
40.7302, 78128
40.7414, 76616
40.7535, 75968
40.7648, 75536
40.7757, 75320
40.7864, 75104
40.7969, 75320
40.8077, 75536
40.8182, 75104
40.8285, 74672
40.8387, 74456
40.8488, 74888
40.8591, 74888
40.8692, 74888
40.8794, 74888
40.8896, 75104
40.8998, 75320
40.9103, 75320
40.9206, 75104
40.9309, 75104
40.9414, 75104
40.9516, 75104
40.9619, 74888
40.9722, 74888
40.9824, 74888
40.9927, 74888
41.0029, 74672
41.0134, 74672
41.0237, 74672
41.0339, 74672
41.0442, 74672
41.0545, 74672
41.0648, 75320
41.075, 74672
41.0851, 74888
41.0954, 74888
41.1057, 75104
41.1159, 74888
41.1261, 77264
41.1366, 75752
41.1469, 75320
41.1572, 75104
41.1675, 74888
41.1776, 74888
41.1879, 74672
41.2016, 74672
41.2122, 77048
41.2226, 76400
41.2331, 76832
41.2441, 77696
41.2545, 75752
41.2648, 75320
41.2763, 76400
41.2888, 77912
41.2991, 78128
41.3094, 77696
41.3197, 77480
41.3301, 77264
41.3409, 77048
41.3517, 76400
41.3624, 76616
41.373, 76400
41.3833, 76400
41.3937, 76616
41.4044, 76400
41.415, 76616
41.4254, 76832
41.4357, 76832
41.446, 76616
41.4572, 76616
41.4682, 76184
41.4786, 76616
41.4889, 76832
41.4991, 76832
41.5094, 77264
41.5196, 77480
41.5299, 77480
41.5401, 77696
41.5504, 77480
41.5606, 77264
41.5709, 76616
41.5812, 76832
41.5915, 75968
41.6018, 76832
41.612, 78128
41.6222, 78344
41.6325, 77696
41.6427, 77264
41.6529, 77264
41.6631, 76832
41.6733, 76832
41.6836, 76616
41.6938, 77264
41.704, 78560
41.7142, 78992
41.7245, 77696
41.7348, 77264
41.7451, 76832
41.7554, 77912
41.7656, 80504
41.776, 81152
41.7862, 81800
41.7964, 82016
41.8066, 82016
41.8168, 79424
41.827, 78776
41.8372, 78128
41.8474, 77696
41.8576, 77696
41.868, 77696
41.8785, 78560
41.8888, 77264
41.8991, 77264
41.9094, 77264
41.9196, 76616
41.9302, 77264
41.9406, 78776
41.9509, 77696
41.9612, 77264
41.9714, 77912
41.9816, 78560
41.9918, 77480
42.002, 77264
42.0123, 77048
42.0225, 76400
42.0327, 77480
42.043, 77912
42.0543, 78128
42.0654, 77480
42.076, 77264
42.0865, 77048
42.0972, 76832
42.108, 76832
42.1188, 76616
42.1292, 76184
42.1394, 75104
42.1496, 74456
42.1599, 74240
42.1701, 74240
42.1803, 74240
42.1906, 74024
42.2008, 73592
42.211, 73376
42.2212, 73376
42.2314, 73376
42.2416, 73376
42.2519, 74888
42.2623, 74024
42.2727, 73592
42.2829, 73376
42.2933, 73376
42.3036, 73160
42.3138, 72944
42.324, 72944
42.3342, 72944
42.3445, 72944
42.3547, 73160
42.365, 73376
42.3752, 73592
42.3853, 73808
42.3956, 73808
42.4058, 74024
42.4161, 74024
42.4264, 74456
42.4367, 74456
42.4469, 74456
42.4572, 74456
42.47, 74672
42.4802, 76184
42.4907, 77696
42.5013, 76832
42.5121, 76184
42.5226, 76184
42.534, 75968
42.5454, 75968
42.5567, 75752
42.5673, 75104
42.5785, 75320
42.5909, 75104
42.6019, 75536
42.613, 75752
42.6243, 75104
42.6367, 75104
42.6477, 75104
42.6582, 75104
42.6695, 75320
42.681, 75320
42.6922, 75320
42.7047, 76400
42.7167, 76616
42.731, 76400
42.7419, 75968
42.7521, 75752
42.7624, 75536
42.7728, 75968
42.7834, 76184
42.7939, 75752
42.8042, 75320
42.8146, 75104
42.8249, 74888
42.8351, 74888
42.8455, 74888
42.8558, 74456
42.866, 74456
42.8763, 74240
42.8866, 74240
42.8969, 74240
42.9072, 74240
42.9174, 74240
42.9278, 74240
42.938, 74240
42.9482, 74240
42.9584, 74456
42.9685, 75536
42.9787, 75536
42.989, 75536
42.9992, 75536
43.0094, 75536
43.0195, 75536
43.0297, 75536
43.0398, 75752
43.05, 75968
43.0693, 76832
43.0798, 78344
43.0905, 77696
43.1013, 77696
43.1116, 77264
43.1227, 75968
43.1334, 75752
43.1441, 75536
43.1549, 75320
43.1657, 76832
43.1763, 77048
43.1871, 76832
43.1972, 76400
43.2074, 75968
43.2175, 76832
43.2277, 77048
43.2378, 77264
43.248, 77264
43.2581, 77048
43.2683, 77048
43.2785, 77048
43.2887, 77048
43.2988, 77048
43.309, 77048
43.3192, 76832
43.3295, 76832
43.3396, 76616
43.3498, 76616
43.3599, 76400
43.3703, 76400
43.3805, 76400
43.3907, 76400
43.401, 76616
43.4113, 76616
43.4216, 76616
43.4319, 76616
43.4421, 76832
43.4524, 76832
43.4626, 76832
43.4729, 76832
43.4831, 77048
43.4934, 77264
43.5036, 77480
43.5139, 78128
43.5242, 78992
43.5344, 79208
43.5446, 79424
43.5548, 78128
43.565, 77480
43.5751, 77696
43.5855, 78776
43.5958, 78992
43.6062, 80288
43.6165, 78776
43.6267, 82448
43.6369, 84392
43.6471, 84824
43.6574, 85040
43.6678, 85904
43.6782, 85256
43.6887, 85688
43.6991, 85256
43.7094, 84608
43.7197, 83744
43.73, 83744
43.7403, 84824
43.7506, 85256
43.7611, 85040
43.7713, 85040
43.7816, 85256
43.7918, 85256
43.8022, 84608
43.8126, 83960
43.8229, 82880
43.8332, 81368
43.8436, 81152
43.8541, 81368
43.8646, 80504
43.8756, 80288
43.8859, 80288
43.8963, 79424
43.9067, 78560
43.9171, 78344
43.9276, 78128
43.938, 77696
43.9483, 77048
43.9585, 77912
43.9688, 77264
43.9791, 76832
43.9894, 76616
43.9998, 76616
44.0101, 76832
44.0205, 77048
44.031, 76832
44.0414, 76400
44.0518, 76184
44.0623, 76184
44.0727, 76184
44.083, 76184
44.0933, 76184
44.1037, 76400
44.1141, 76400
44.1244, 76400
44.1347, 76400
44.1451, 76400
44.1555, 76184
44.1659, 76400
44.1763, 76184
44.1865, 77696
44.1967, 78128
44.2074, 79640
44.2176, 78128
44.2279, 78776
44.2384, 77912
44.2489, 76832
44.2597, 77264
44.2709, 77696
44.2815, 77696
44.292, 76616
44.3023, 75968
44.3126, 75536
44.3228, 75536
44.3333, 77048
44.3437, 78344
44.3539, 78344
44.3644, 78344
44.3748, 78776
44.385, 78560
44.3952, 77696
44.4054, 77264
44.4156, 77048
44.426, 77480
44.4366, 78776
44.4476, 79424
44.4579, 78344
44.4682, 77912
44.4785, 77480
44.4888, 78344
44.4992, 78776
44.5094, 78776
44.5197, 78992
44.5302, 78344
44.5406, 78344
44.5508, 78128
44.561, 77912
44.5712, 77696
44.5814, 77480
44.5916, 77696
44.602, 77912
44.6127, 78560
44.623, 78344
44.6337, 78560
44.6443, 78560
44.6548, 77912
44.6654, 77480
44.676, 76400
44.6862, 75968
44.6963, 75536
44.7064, 75320
44.7166, 75752
44.7267, 77912
44.7368, 78128
44.747, 78128
44.7571, 78344
44.7673, 78344
44.7774, 78344
44.7876, 77480
44.7977, 77048
44.8079, 76832
44.818, 77264
44.8281, 77480
44.8382, 77912
44.8483, 77912
44.8585, 78128
44.8686, 78128
44.8788, 78128
44.8889, 78128
44.899, 78128
44.9092, 78128
44.9194, 77912
44.9295, 77912
44.9396, 77912
44.9498, 77912
44.96, 77912
44.9701, 77912
44.9804, 78128
44.9907, 78128
45.0009, 78128
45.0111, 77264
45.0213, 76832
45.0315, 76616
45.0416, 76400
45.0573, 77696
45.0676, 77480
45.0781, 77264
45.0883, 76832
45.0986, 76832
45.1089, 77048
45.1192, 76616
45.1374, 77264
45.1482, 78560
45.1587, 79424
45.169, 78776
45.1796, 80072
45.1901, 80504
45.2007, 80720
45.2114, 80720
45.222, 80936
45.2327, 81152
45.2431, 81368
45.2534, 80936
45.2636, 81152
45.2739, 81368
45.2843, 81152
45.2946, 81152
45.3049, 80936
45.3152, 80936
45.3254, 80720
45.3357, 80720
45.3459, 80504
45.3561, 80288
45.3662, 79856
45.3764, 79424
45.3866, 79208
45.3967, 79208
45.4069, 78992
45.417, 78992
45.4272, 78776
45.4376, 78776
45.448, 78560
45.4582, 78560
45.4683, 78560
45.4785, 78344
45.4886, 78344
45.4988, 78344
45.509, 78128
45.5192, 78344
45.5294, 78128
45.5396, 78128
45.5498, 78128
45.56, 78128
45.5702, 78128
45.5805, 78128
45.5906, 78128
45.6008, 78344
45.6129, 78344
45.6233, 78344
45.634, 78128
45.6447, 78344
45.6566, 78128
45.6675, 77696
45.6786, 77480
45.6895, 77264
45.7005, 77264
45.7115, 77048
45.7221, 77048
45.7323, 77696
45.7429, 78992
45.7532, 78776
45.7638, 78776
45.7741, 78560
45.7844, 78128
45.7947, 78128
45.8049, 78128
45.8154, 77912
45.8258, 77912
45.836, 77912
45.8465, 77696
45.8568, 77696
45.8672, 77696
45.8775, 77480
45.8879, 77480
45.8983, 77480
45.9088, 77480
45.9194, 77480
45.9297, 77264
45.9401, 77264
45.9504, 77264
45.9607, 77264
45.9711, 77264
45.9814, 77264
45.9919, 77264
46.0023, 77264
46.0126, 77264
46.0229, 77264
46.0335, 77264
46.0438, 77264
46.0541, 77480
46.0646, 77696
46.0748, 77696
46.0851, 77048
46.0956, 76832
46.106, 76832
46.1164, 76616
46.1267, 76184
46.1372, 76184
46.148, 76400
46.1586, 77048
46.169, 77264
46.1795, 76616
46.1899, 76184
46.2002, 76184
46.2106, 76184
46.221, 76832
46.2313, 77048
46.2533, 77480
46.2643, 77480
46.2748, 76400
46.2853, 77048
46.2955, 77264
46.3057, 77696
46.3159, 78344
46.3263, 78776
46.3367, 78776
46.3472, 77480
46.3583, 77048
46.3687, 76832
46.3791, 77048
46.3897, 76616
46.4001, 76832
46.4107, 76832
46.4219, 76616
46.4327, 77264
46.4439, 77480
46.4541, 78344
46.4644, 78992
46.4746, 78560
46.4849, 78128
46.4951, 78344
46.5053, 78128
46.5156, 78128
46.526, 78128
46.5363, 77696
46.5468, 77264
46.5571, 77264
46.5674, 77264
46.5777, 77696
46.588, 76832
46.5985, 77048
46.6088, 76616
46.619, 76832
46.6293, 77048
46.6395, 78560
46.6499, 78344
46.6603, 78128
46.6707, 77912
46.681, 76616
46.6912, 76184
46.7015, 76616
46.7116, 77480
46.7219, 77480
46.7321, 77264
46.7424, 77480
46.7526, 77912
46.763, 77696
46.7733, 77264
46.7836, 76832
46.794, 76400
46.8043, 76184
46.8147, 75752
46.825, 75968
46.8353, 77696
46.8457, 77696
46.856, 77912
46.8663, 78128
46.8767, 77912
46.887, 77480
46.8972, 76832
46.9075, 76832
46.9177, 78560
46.9279, 77048
46.9382, 76832
46.9485, 76616
46.9588, 76616
46.9691, 77912
46.9794, 76832
46.9896, 76616
46.9998, 76184
47.0099, 76184
47.0201, 75968
47.0302, 75968
47.0403, 75752
47.0505, 75752
47.0606, 75752
47.0708, 75752
47.0809, 75752
47.091, 77048
47.1012, 78128
47.1114, 77912
47.1216, 77912
47.1318, 77912
47.1419, 78128
47.1521, 77480
47.1625, 76832
47.1727, 76616
47.1829, 76400
47.1939, 77912
47.2058, 77696
47.2165, 77480
47.2271, 76832
47.2413, 76616
47.2522, 76616
47.263, 76400
47.2737, 76184
47.2839, 76184
47.2942, 76832
47.3046, 76616
47.315, 76184
47.3256, 76184
47.3359, 76184
47.3463, 76400
47.3568, 77912
47.3676, 78776
47.378, 78992
47.3886, 77696
47.3991, 77264
47.4098, 77048
47.4203, 76616
47.4305, 76616
47.4409, 76400
47.4516, 76400
47.4623, 76184
47.4728, 76184
47.4836, 75968
47.494, 76184
47.5047, 76400
47.5153, 76616
47.5267, 77048
47.5375, 77048
47.5481, 77264
47.5588, 77048
47.5695, 77048
47.5802, 77048
47.5907, 77048
47.6009, 76616
47.6112, 75968
47.6217, 75752
47.632, 75320
47.6422, 75104
47.6524, 75104
47.6627, 75320
47.673, 75320
47.6832, 75752
47.6936, 75536
47.7041, 75536
47.7146, 75752
47.725, 75968
47.7352, 75968
47.7454, 75968
47.7556, 76184
47.766, 76400
47.7764, 76184
47.7867, 75968
47.797, 75752
47.8073, 75536
47.8176, 75536
47.8279, 75536
47.8381, 75536
47.8484, 75752
47.8586, 75752
47.8688, 75536
47.8792, 75536
47.8895, 75536
47.8998, 75536
47.9132, 76184
47.9237, 77696
47.9341, 78344
47.9446, 77480
47.9553, 77480
47.966, 77048
47.9763, 76832
47.987, 76400
47.9975, 76184
48.0082, 76184
48.0188, 76184
48.0292, 75968
48.0398, 75968
48.0505, 75968
48.0607, 75968
48.0709, 75320
48.0812, 74672
48.0913, 74672
48.1015, 74672
48.1116, 75536
48.1217, 75752
48.1318, 75968
48.142, 75968
48.1521, 75968
48.1622, 75968
48.1723, 75968
48.1825, 75968
48.1927, 75968
48.2028, 75968
48.213, 75752
48.2231, 75752
48.2333, 75752
48.2434, 75752
48.2535, 75752
48.2637, 75752
48.2738, 75752
48.2839, 75752
48.294, 75752
48.3042, 75752
48.3143, 75752
48.3244, 75752
48.3346, 75752
48.3447, 75752
48.3548, 75752
48.3649, 75752
48.375, 75752
48.3852, 75752
48.3953, 75752
48.4054, 76616
48.4156, 77048
48.4257, 77048
48.4359, 77264
48.4532, 77912
48.4637, 78344
48.474, 76616
48.4843, 76184
48.4947, 76184
48.505, 75104
48.5153, 75104
48.5257, 77048
48.536, 78560
48.5462, 79208
48.5565, 79640
48.5667, 79208
48.5769, 78776
48.5872, 78344
48.5974, 78128
48.6076, 80504
48.6178, 85904
48.628, 86336
48.6383, 84176
48.6485, 83528
48.6589, 84608
48.6693, 84392
48.6795, 84392
48.6897, 83960
48.6999, 85472
48.7102, 85040
48.7204, 83960
48.7308, 84608
48.7412, 85256
48.7517, 85688
48.7621, 86120
48.7724, 85040
48.7827, 84608
48.7929, 83744
48.8032, 83960
48.8134, 84176
48.8236, 84176
48.8338, 82448
48.844, 81800
48.8543, 81152
48.8646, 80720
48.8749, 80072
48.8851, 80072
48.8954, 79640
48.9056, 79640
48.916, 79640
48.9263, 79208
48.9365, 79424
48.947, 79208
48.9573, 78560
48.9676, 77912
48.978, 77696
48.9883, 77912
48.9986, 77912
49.0091, 78344
49.0198, 78992
49.0301, 78128
49.0405, 77912
49.0507, 77264
49.0609, 77048
49.0711, 77696
49.0815, 79640
49.0922, 80288
49.1026, 78992
49.1129, 77696
49.1233, 77480
49.1335, 77264
49.1438, 76832
49.1541, 76616
49.1645, 76184
49.1749, 76832
49.1858, 78560
49.1963, 77264
49.2065, 76184
49.2169, 75968
49.2273, 75752
49.2376, 75752
49.2478, 75968
49.2581, 76184
49.2684, 76616
49.2789, 78344
49.2891, 77480
49.2994, 76832
49.3098, 75968
49.3205, 75536
49.3309, 75536
49.3412, 75752
49.3516, 75968
49.3619, 75968
49.3725, 75968
49.3837, 78128
49.3941, 76616
49.4043, 75968
49.4146, 75536
49.4249, 75320
49.4352, 75536
49.4454, 75968
49.4556, 76184
49.4658, 76184
49.4761, 76184
49.4866, 77480
49.497, 77696
49.5091, 77480
49.5199, 77696
49.531, 76832
49.5418, 76400
49.5526, 76400
49.5647, 76184
49.5758, 75752
49.5862, 75320
49.5965, 75104
49.6068, 75104
49.6172, 74888
49.6275, 75104
49.6378, 75320
49.648, 75536
49.6583, 75752
49.6685, 75752
49.6787, 75968
49.6889, 75752
49.6991, 75968
49.7093, 75968
49.7196, 75752
49.7298, 75752
49.7401, 75752
49.7504, 75968
49.7607, 75968
49.7709, 75968
49.7811, 76184
49.7913, 76400
49.8015, 76832
49.8118, 76832
49.822, 76184
49.8322, 75752
49.8424, 75536
49.8525, 75536
49.8627, 75752
49.8728, 75968
49.883, 75968
49.8931, 75968
49.9032, 75968
49.9134, 76184
49.9235, 76400
49.9336, 76184
49.9438, 76184
49.9539, 76184
49.9641, 76184
49.9742, 76184
49.9853, 76616
49.9956, 78128
50.0059, 78992
50.0164, 79424
50.027, 77696
50.0373, 77048
50.0476, 76616
50.0579, 76400
50.0682, 76184
50.0787, 75968
50.089, 75752
50.0998, 75968
50.1107, 75968
50.1218, 76400
50.1324, 76832
50.1431, 76832
50.1538, 77048
50.1643, 77264
50.175, 77264
50.1857, 77048
50.2029, 76184
50.2132, 75752
50.2234, 75536
50.2336, 76400
50.2438, 76832
50.254, 76400
50.2642, 75536
50.2744, 75320
50.2846, 75104
50.2947, 75104
50.305, 75320
50.3153, 75320
50.3256, 75104
50.3358, 74888
50.3459, 74888
50.3562, 74888
50.3664, 75536
50.3767, 74888
50.387, 74888
50.3973, 74888
50.4075, 74888
50.4179, 74888
50.4282, 74888
50.4385, 74888
50.4488, 74888
50.4592, 75320
50.4696, 75968
50.48, 75536
50.4904, 75320
50.5007, 75320
50.5111, 75320
50.5215, 75968
50.5318, 75968
50.5421, 76832
50.5523, 76400
50.5625, 76184
50.5726, 75968
50.5828, 75752
50.5931, 75968
50.6034, 77264
50.6136, 77912
50.624, 78560
50.6343, 78776
50.6447, 79640
50.655, 80072
50.6653, 80072
50.6755, 80072
50.6858, 80072
50.696, 80072
50.7061, 80288
50.7163, 80504
50.7264, 80504
50.7365, 78992
50.7468, 77480
50.757, 76832
50.7672, 76184
50.7774, 76400
50.7876, 76184
50.7978, 75536
50.808, 75752
50.8183, 76184
50.8285, 76184
50.8388, 76184
50.8489, 75968
50.8591, 75968
50.8694, 76616
50.8796, 76184
50.8897, 75968
50.8999, 75968
50.9102, 76400
50.9206, 76616
50.9308, 76400
50.9411, 76184
50.9513, 76184
50.9617, 76184
50.9719, 76184
50.9822, 75968
50.9925, 75968
51.0029, 75968
51.0135, 75968
51.0238, 75968
51.0341, 75968
51.0445, 75968
51.0548, 75968
51.065, 75968
51.0752, 76184
51.093, 77912
51.1034, 77696
51.1138, 77912
51.124, 77912
51.1344, 77480
51.1449, 76400
51.1578, 75536
51.1686, 76400
51.1799, 78776
51.1907, 79424
51.2021, 80072
51.214, 79856
51.2249, 79856
51.2365, 78344
51.2486, 77696
51.259, 77696
51.2702, 77912
51.2815, 77912
51.2924, 77696
51.3036, 77264
51.3148, 77048
51.3263, 76832
51.3367, 77264
51.3471, 77480
51.3575, 77480
51.3679, 77048
51.3785, 77264
51.3897, 77480
51.4006, 77264
51.4112, 77264
51.4221, 77264
51.4329, 76832
51.4433, 77264
51.4541, 77048
51.4656, 77264
51.4771, 76832
51.4895, 76832
51.5, 77264
51.5109, 76616
51.5231, 75968
51.5336, 75968
51.5439, 75752
51.5542, 75968
51.5645, 76184
51.5748, 76832
51.5853, 76832
51.5957, 77264
51.606, 77264
51.6165, 77912
51.6268, 77264
51.637, 76832
51.6472, 76616
51.6574, 76616
51.6675, 76616
51.6777, 76616
51.688, 76832
51.6982, 77264
51.7085, 77696
51.7188, 77696
51.7291, 78992
51.7393, 79640
51.7496, 78560
51.7608, 77696
51.7711, 77696
51.7814, 78128
51.7916, 77696
51.8018, 76832
51.8121, 77048
51.8224, 77480
51.8328, 77912
51.8432, 79856
51.8536, 78992
51.864, 78776
51.8743, 78992
51.8854, 78992
51.8958, 80936
51.9061, 80072
51.9164, 80720
51.9266, 80072
51.9368, 79424
51.947, 78776
51.9572, 78560
51.9675, 78560
51.9777, 78560
51.988, 79856
51.9981, 80720
52.0083, 80720
52.0185, 80504
52.0287, 80504
52.0388, 80288
52.049, 80072
52.0591, 79856
52.0693, 79856
52.0795, 79640
52.0897, 79640
52.0998, 79424
52.11, 79424
52.1206, 78344
52.1309, 77912
52.1411, 77480
52.1513, 76832
52.1617, 76616
52.1718, 76400
52.182, 76400
52.1922, 76184
52.2024, 75968
52.2126, 75968
52.2229, 76400
52.2334, 76400
52.2444, 76400
52.2549, 76400
52.2658, 76616
52.2765, 76616
52.287, 76616
52.2979, 76616
52.3087, 76616
52.319, 76400
52.3294, 76832
52.3398, 75536
52.3503, 75320
52.3609, 74888
52.3714, 74672
52.3822, 74456
52.3973, 74672
52.4077, 75536
52.4183, 76184
52.4295, 76400
52.4408, 76616
52.4537, 76616
52.466, 76832
52.4765, 76832
52.487, 75968
52.4977, 75752
52.5096, 75536
52.5227, 75320
52.5338, 75104
52.5445, 75752
52.5556, 75968
52.5663, 76184
52.5773, 76400
52.5881, 76400
52.5992, 76616
52.6102, 76400
52.6211, 76184
52.6321, 75968
52.6432, 75968
52.654, 76184
52.6643, 76400
52.6746, 76184
52.6849, 75968
52.6953, 75752
52.7057, 75320
52.716, 74888
52.7264, 75104
52.7366, 75104
52.7469, 75320
52.7574, 75320
52.7678, 75320
52.7781, 75320
52.7883, 75320
52.7987, 75320
52.809, 75320
52.8191, 75320
52.8293, 75320
52.8395, 75320
52.8497, 75320
52.8599, 75536
52.8701, 75536
52.8805, 75968
52.8909, 75968
52.9013, 75536
52.9116, 75536
52.9219, 75536
52.9321, 75536
52.9424, 75536
52.9528, 75320
52.9632, 75320
52.9734, 75320
52.9837, 75320
52.9938, 75320
53.0041, 75320
53.0144, 75536
53.0246, 75536
53.0348, 75536
53.045, 75536
53.0553, 75320
53.0655, 75752
53.082, 77480
53.0926, 77696
53.1031, 77048
53.1134, 76832
53.1244, 76184
53.135, 75968
53.1456, 75752
53.1566, 75752
53.1675, 75968
53.1784, 76184
53.1891, 76184
53.2001, 76184
53.2108, 76184
53.2214, 76184
53.2321, 76184
53.2423, 75536
53.2525, 75104
53.2627, 75536
53.2728, 75752
53.283, 75752
53.2931, 75752
53.3032, 75536
53.3133, 75536
53.3235, 75320
53.3336, 75320
53.3438, 75536
53.3539, 75536
53.3641, 75536
53.3742, 75752
53.3844, 75752
53.3945, 75752
53.4046, 75968
53.4148, 75968
53.4249, 76184
53.435, 76184
53.4452, 76184
53.4553, 76184
53.4655, 76184
53.4757, 76184
53.4858, 76184
53.496, 76184
53.5064, 76184
53.5166, 75968
53.5267, 75968
53.5369, 75968
53.5471, 75968
53.5572, 75968
53.5674, 77264
53.5775, 77696
53.5876, 77912
53.5978, 77912
53.608, 78128
53.6184, 77480
53.6287, 77480
53.6391, 77480
53.6494, 77264
53.6598, 77264
53.6702, 77912
53.6805, 77480
53.6907, 77696
53.7012, 77912
53.7116, 78560
53.7221, 78992
53.7324, 79424
53.7427, 82016
53.7529, 83312
53.7631, 84392
53.7734, 86552
53.7837, 88064
53.794, 89144
53.8043, 88280
53.8146, 85904
53.8251, 85472
53.8354, 86120
53.8456, 86336
53.8559, 86552
53.8661, 87200
53.8764, 86984
53.8866, 85256
53.8969, 84824
53.9071, 84608
53.9174, 83096
53.9276, 83312
53.9379, 83528
53.9481, 84392
53.9583, 82664
53.9685, 81152
53.9787, 80720
53.989, 80720
53.9993, 80504
54.0097, 80504
54.0201, 79856
54.0304, 79208
54.0406, 79208
54.051, 79424
54.0615, 79208
54.0719, 78344
54.0822, 78128
54.0926, 77912
54.103, 77480
54.1134, 77480
54.1237, 77696
54.134, 77696
54.1443, 77696
54.1546, 77696
54.1649, 78776
54.1753, 78344
54.1859, 78128
54.1963, 77912
54.2069, 77480
54.2182, 77480
54.229, 77264
54.2394, 77264
54.2498, 76184
54.2601, 75752
54.2706, 75536
54.281, 75320
54.2913, 75320
54.3015, 75104
54.3121, 75104
54.3225, 75752
54.333, 76400
54.3432, 75536
54.3534, 75104
54.3637, 74888
54.3741, 74888
54.3844, 75320
54.3946, 74888
54.4049, 74888
54.4152, 74888
54.4256, 75536
54.4359, 75320
54.4462, 75320
54.4565, 75104
54.4667, 75104
54.477, 74888
54.4872, 74888
54.4976, 74456
54.5079, 74456
54.5188, 75104
54.5293, 75104
54.5396, 74888
54.5499, 74456
54.5601, 74456
54.5704, 74456
54.5807, 74456
54.5909, 74672
54.6025, 74672
54.613, 75104
54.6236, 75968
54.6359, 75968
54.6471, 76184
54.6581, 75752
54.669, 75752
54.6798, 75752
54.6907, 75752
54.7019, 76400
54.7127, 76400
54.723, 76184
54.7334, 75536
54.7438, 74888
54.754, 74672
54.7642, 74672
54.7744, 74672
54.7846, 74888
54.7948, 75104
54.8051, 75320
54.8154, 75104
54.8256, 75104
54.8359, 75104
54.846, 75320
54.8563, 75536
54.8666, 75536
54.8768, 75968
54.887, 75968
54.8973, 76832
54.9076, 78128
54.9179, 77696
54.928, 76832
54.9382, 76616
54.9483, 76400
54.9585, 76184
54.9686, 76184
54.9788, 76400
54.9889, 76616
54.9991, 76832
55.0092, 76832
55.0194, 77048
55.0296, 77048
55.0397, 77048
55.0499, 77048
55.06, 77048
55.0702, 77048
55.0803, 77048
55.0905, 77048
55.1007, 77048
55.1108, 77048
55.121, 78128
55.1313, 79856
55.1416, 79640
55.1521, 79640
55.1627, 78128
55.173, 77912
55.1834, 77264
55.1938, 77048
55.2044, 76832
55.2149, 76400
55.228, 77048
55.2385, 77480
55.2493, 77264
55.2604, 77048
55.2712, 76832
55.2821, 76832
55.2928, 76832
55.303, 76184
55.3132, 75752
55.3234, 75752
55.3336, 75536
55.3438, 76832
55.3541, 77696
55.3644, 77696
55.3746, 77048
55.3848, 76400
55.395, 76400
55.4053, 76616
55.4155, 76400
55.4257, 78560
55.4361, 79208
55.4463, 79856
55.4565, 80288
55.4668, 80288
55.4771, 80504
55.4875, 80288
55.4978, 79640
55.5081, 78344
55.5183, 77912
55.5284, 77912
55.5386, 77480
55.5488, 77264
55.559, 77264
55.5691, 77264
55.5793, 77048
55.5895, 77048
55.5996, 76832
55.6098, 76832
55.6199, 76616
55.6301, 76616
55.6402, 76616
55.6533, 76616
55.6636, 78128
55.674, 78776
55.6848, 79856
55.6956, 80288
55.706, 79640
55.7181, 80072
55.7293, 80504
55.7401, 80504
55.7508, 79424
55.7622, 79424
55.7733, 79208
55.7841, 79208
55.7949, 78992
55.8052, 78560
55.8154, 77912
55.8257, 77696
55.8359, 77696
55.8461, 76832
55.8563, 76616
55.8664, 76616
55.8766, 76616
55.8868, 76400
55.897, 76616
55.9072, 76616
55.9174, 76400
55.9276, 76616
55.9378, 76616
55.948, 76616
55.9584, 76832
55.9688, 76832
55.979, 76616
55.9895, 76616
55.9997, 76616
56.01, 76400
56.0204, 76400
56.0307, 76400
56.041, 76400
56.0512, 76400
56.0614, 76400
56.0716, 76400
56.0818, 76400
56.092, 76400
56.1023, 76400
56.1125, 76400
56.1229, 76400
56.1332, 76400
56.1434, 76184
56.1537, 77480
56.1639, 76832
56.1743, 76616
56.1846, 76400
56.2017, 76616
56.2123, 77696
56.2235, 77912
56.2349, 77048
56.2456, 77048
56.2559, 77264
56.2665, 76616
56.2773, 77048
56.2877, 77696
56.2982, 79424
56.3086, 79208
56.3194, 78776
56.3305, 78560
56.3411, 77696
56.3514, 77264
56.3617, 77264
56.3722, 77048
56.3829, 77480
56.3935, 77696
56.404, 77696
56.4144, 77912
56.425, 77912
56.4358, 77696
56.4463, 77264
56.457, 77048
56.4681, 76832
56.4792, 77480
56.4897, 77696
56.4999, 78128
56.5102, 78128
56.5205, 76832
56.5308, 76832
56.5411, 76832
56.5514, 77912
56.5617, 78560
56.5722, 78560
56.5825, 78128
56.5929, 78128
56.6032, 78128
56.6136, 77912
56.624, 77912
56.6343, 77480
56.6446, 77912
56.655, 77696
56.6655, 77696
56.676, 77912
56.6863, 78128
56.6967, 77480
56.7071, 77264
56.7177, 77912
56.7279, 78128
56.7383, 78128
56.749, 77912
56.7592, 78128
56.7695, 79208
56.7797, 79424
56.7901, 79640
56.8006, 79640
56.8111, 79856
56.8214, 80288
56.8317, 80720
56.8421, 80720
56.8524, 78776
56.8628, 79424
56.873, 79208
56.8833, 78560
56.8935, 79856
56.9037, 79424
56.9153, 79208
56.9256, 79640
56.9358, 79640
56.9461, 79208
56.9562, 78560
56.9667, 78776
56.977, 77480
56.9872, 76832
56.9975, 76184
57.0077, 75968
57.018, 76184
57.0283, 77048
57.0384, 75968
57.0486, 75536
57.0588, 75320
57.0689, 75104
57.0791, 74888
57.0893, 74672
57.0995, 74456
57.1097, 74456
57.1199, 74240
57.1301, 74240
57.1403, 74240
57.1508, 74456
57.1613, 75320
57.1716, 74672
57.1818, 74672
57.1919, 74456
57.2023, 74240
57.2125, 74024
57.2227, 74024
57.2329, 74456
57.2431, 74240
57.2534, 74240
57.2647, 74240
57.2751, 75104
57.2854, 75536
57.2961, 76184
57.3068, 76400
57.3174, 76400
57.3281, 76184
57.3493, 75752
57.3602, 76184
57.3711, 75968
57.3817, 75320
57.3925, 75536
57.403, 75536
57.4133, 75752
57.4236, 75968
57.4339, 75968
57.4448, 75968
57.4577, 76832
57.4692, 77912
57.48, 78560
57.4904, 79208
57.5007, 79424
57.5111, 78344
57.5214, 77912
57.5322, 77696
57.5427, 77480
57.5529, 77048
57.5632, 76832
57.5736, 76832
57.5843, 76616
57.6019, 75968
57.6123, 75968
57.6229, 76832
57.6335, 77048
57.645, 77048
57.656, 76400
57.6666, 76184
57.6773, 76400
57.688, 76616
57.6986, 76832
57.7093, 76616
57.7204, 76400
57.7306, 75752
57.7409, 75968
57.7514, 75968
57.7617, 75752
57.772, 75968
57.7823, 76400
57.7926, 76616
57.8031, 76832
57.8135, 76832
57.8237, 76832
57.8339, 77048
57.8442, 77048
57.8545, 77048
57.8648, 77048
57.8751, 77048
57.8853, 77048
57.8955, 77480
57.9059, 79424
57.9164, 78992
57.9268, 77696
57.9372, 76400
57.9478, 76184
57.9582, 75968
57.9686, 75968
57.9791, 76400
57.9895, 76400
58, 76400
58.0105, 76616
58.0212, 76616
58.0319, 77696
58.0426, 78776
58.0533, 79424
58.0637, 77696
58.0754, 77048
58.0877, 76616
58.0998, 76400
58.1141, 76400
58.1244, 76184
58.1351, 75968
58.1461, 75968
58.1571, 76400
58.1681, 76184
58.1787, 76616
58.1897, 77264
58.2003, 77480
58.2106, 76832
58.2208, 76400
58.231, 75968
58.2412, 75536
58.2514, 75320
58.2615, 75968
58.2717, 76184
58.2818, 75968
58.292, 75968
58.3021, 75752
58.3122, 75968
58.3224, 76184
58.3325, 76184
58.3426, 76184
58.3528, 76184
58.3629, 76400
58.373, 76184
58.3831, 76400
58.3932, 76400
58.4033, 76400
58.4134, 76400
58.4235, 76616
58.4337, 76616
58.4438, 76400
58.4539, 76400
58.464, 76400
58.4741, 75968
58.4843, 75752
58.4944, 75752
58.5045, 75752
58.5147, 75752
58.5248, 75536
58.535, 75536
58.5451, 75320
58.5553, 75320
58.5655, 75752
58.5757, 76184
58.586, 77048
58.5972, 78344
58.6076, 78128
58.6181, 77480
58.6284, 77696
58.6387, 76832
58.649, 76184
58.6595, 75968
58.6698, 76616
58.68, 77696
58.6903, 78992
58.7006, 79208
58.711, 80936
58.7212, 83312
58.7316, 83528
58.7419, 83528
58.7523, 83960
58.7626, 85040
58.773, 86984
58.785, 85688
58.7953, 86120
58.8056, 85904
58.8159, 85256
58.8262, 85256
58.8365, 85472
58.8469, 86336
58.8573, 86120
58.8676, 85904
58.8779, 85472
58.8881, 85688
58.8984, 85256
58.91, 85904
58.9203, 84824
58.9306, 84176
58.9409, 82880
58.9512, 82880
58.9614, 82880
58.9717, 82448
58.9821, 82664
58.9924, 81584
59.0029, 80288
59.0132, 79856
59.0234, 79424
59.0336, 79208
59.0438, 78992
59.054, 78344
59.0642, 78128
59.0746, 77912
59.0853, 77912
59.0958, 77480
59.1061, 77264
59.1164, 77264
59.1267, 77264
59.1371, 77696
59.1474, 78128
59.1578, 79640
59.1681, 78992
59.1783, 77912
59.1885, 77480
59.1991, 77264
59.2094, 78776
59.2196, 79208
59.2299, 78776
59.2401, 78128
59.2505, 77696
59.2608, 77696
59.2712, 77696
59.2832, 77696
59.2938, 78560
59.3042, 77912
59.3145, 77264
59.3248, 76832
59.3351, 76616
59.3453, 76184
59.3555, 76184
59.3659, 76616
59.3766, 76832
59.3872, 78344
59.3974, 78128
59.4077, 78128
59.418, 77912
59.4283, 77696
59.4386, 77264
59.4489, 77264
59.4594, 78128
59.47, 78560
59.4804, 78128
59.4911, 77696
59.5016, 77048
59.5123, 76400
59.5228, 76184
59.5331, 76400
59.5435, 76400
59.5537, 76616
59.5639, 76832
59.5755, 77048
59.5878, 78560
59.5997, 79424
59.6108, 79424
59.6247, 78776
59.6352, 78128
59.6457, 77696
59.6564, 77480
59.6684, 77048
59.6792, 77048
59.6899, 77048
59.701, 77048
59.7112, 76400
59.7215, 76184
59.732, 75968
59.7424, 75752
59.7527, 75752
59.7631, 76400
59.7734, 76400
59.7836, 76400
59.7939, 76400
59.8042, 76616
59.8144, 76616
59.8247, 76616
59.835, 76616
59.8452, 76616
59.8556, 76400
59.866, 76400
59.8764, 76400
59.8868, 76400
59.8974, 76400
59.9076, 76400
59.9181, 76400
59.9287, 76184
59.9392, 76184
59.9494, 76400
59.9596, 76400
59.9698, 76400
59.9801, 76832
59.9903, 77480
60.0005, 77696
60.0107, 76832
60.0209, 76616
60.031, 76400
60.0411, 76184
60.0513, 76400
60.0614, 76616
60.0716, 76400
60.0918, 77048
60.1022, 78560
60.1126, 77480
60.1231, 77912
60.1334, 77696
60.144, 77048
60.1548, 76616
60.1653, 76400
60.1758, 76184
60.1863, 75752
60.197, 75752
60.2078, 76832
60.2182, 77048
60.2294, 77048
60.2402, 77048
60.251, 77048
60.2617, 77048
60.2723, 77048
60.2829, 76832
60.2936, 76832
60.3044, 76832
60.3145, 76832
60.3247, 76616
60.3348, 75752
60.345, 75320
60.3553, 75104
60.3655, 75536
60.3757, 75968
60.3858, 76184
60.396, 76400
60.4063, 77264
60.4165, 77048
60.4267, 76832
60.437, 76400
60.4472, 76184
60.4573, 75752
60.4675, 75752
60.4777, 75968
60.4878, 76184
60.498, 76184
60.5081, 76616
60.5184, 77048
60.5286, 76832
60.5387, 76832
60.5489, 76832
60.559, 76832
60.5692, 77048
60.5794, 77048
60.5896, 77048
60.5997, 77048
60.6098, 77264
60.6202, 77480
60.6304, 77264
60.6406, 77048
60.6508, 77264
60.661, 77048
60.6712, 77912
60.6814, 78776
60.6973, 79640
60.7076, 80288
60.7179, 78344
60.7284, 77696
60.7392, 77480
60.7499, 77264
60.7606, 77048
60.7714, 77048
60.7823, 78776
60.7931, 79856
60.8037, 81368
60.8142, 81800
60.8245, 81584
60.8347, 80288
60.845, 80288
60.8554, 79640
60.8658, 79424
60.876, 79208
60.8863, 79424
60.8965, 79640
60.9068, 79640
60.917, 80504
60.9272, 80288
60.9374, 79640
60.9476, 79640
60.9578, 79208
60.968, 79208
60.9781, 78992
60.9884, 78992
60.9985, 78776
61.0087, 79208
61.0189, 78992
61.029, 78776
61.0392, 78560
61.0494, 78560
61.0596, 78560
61.0698, 78344
61.08, 78560
61.0902, 78560
61.1005, 78560
61.1107, 78128
61.1209, 77912
61.1314, 78344
61.1416, 78560
61.1519, 78344
61.1622, 78344
61.1724, 77912
61.1829, 77912
61.1933, 77480
61.2036, 77264
61.2184, 77264
61.2287, 78128
61.2389, 78344
61.2494, 78344
61.2599, 79208
61.2703, 78560
61.2806, 77912
61.2909, 78344
61.3013, 78776
61.3122, 78776
61.3235, 78776
61.3343, 77696
61.3449, 77480
61.3553, 77048
61.3658, 76832
61.3762, 76832
61.3866, 77048
61.3969, 77264
61.4072, 77264
61.4174, 77264
61.4278, 77048
61.438, 77480
61.4483, 77912
61.4585, 78344
61.4688, 78128
61.4791, 77480
61.4901, 77912
61.5008, 77912
61.5119, 77912
61.5232, 77264
61.534, 77264
61.5456, 77048
61.5568, 77048
61.5677, 77264
61.5791, 77264
61.5903, 77480
61.6015, 77264
61.6121, 77480
61.6233, 76832
61.6346, 76832
61.6449, 77048
61.6552, 77048
61.6655, 77264
61.676, 77480
61.6883, 77696
61.6997, 77912
61.7103, 77696
61.721, 77048
61.7328, 76616
61.7447, 76400
61.7553, 76400
61.7659, 76184
61.7763, 76184
61.7866, 76184
61.7969, 75752
61.8071, 75536
61.8173, 75320
61.8275, 76400
61.8377, 76616
61.8478, 76616
61.858, 77264
61.8681, 77048
61.8783, 77048
61.8886, 77264
61.8989, 77480
61.9092, 77264
61.9195, 76832
61.9299, 75968
61.9402, 76184
61.9504, 76184
61.9607, 76184
61.971, 75752
61.9813, 75968
61.9915, 75536
62.0017, 75320
62.0119, 75320
62.0221, 75104
62.0323, 74888
62.0425, 74888
62.0528, 75536
62.0634, 76400
62.0737, 76400
62.0839, 76616
62.0942, 76616
62.1043, 76832
62.1145, 77480
62.1248, 77696
62.1351, 77912
62.1455, 76616
62.1563, 75968
62.1665, 75536
62.1767, 75536
62.1868, 75536
62.197, 75536
62.2072, 75536
62.2173, 75536
62.2275, 75536
62.2377, 75752
62.2481, 78344
62.2584, 78776
62.2686, 78560
62.2788, 77696
62.2891, 77048
62.3003, 77264
62.3106, 76616
62.3209, 76400
62.3312, 77048
62.3418, 78560
62.3522, 79424
62.3634, 80072
62.3742, 78128
62.385, 77696
62.3961, 77264
62.4069, 76832
62.4175, 76616
62.428, 76832
62.4382, 79208
62.4485, 80720
62.4588, 82016
62.4691, 82016
62.4794, 82232
62.4897, 82448
62.4999, 82664
62.5102, 83096
62.5205, 83528
62.5309, 83744
62.5411, 84176
62.5516, 84176
62.5624, 83528
62.573, 83096
62.5834, 82232
62.594, 82232
62.6045, 81800
62.6149, 82016
62.6254, 82232
62.636, 82232
62.6462, 82016
62.6564, 81152
62.6666, 80720
62.6769, 79640
62.6871, 78776
62.6973, 78344
62.7076, 77696
62.7178, 77696
62.7281, 77480
62.7384, 77264
62.7486, 77048
62.7588, 76832
62.769, 76616
