time, temp
0.00353232, 55880
0.0142074, 55880
0.0248299, 56096
0.0351294, 56096
0.0454472, 56096
0.0559869, 56096
0.0665333, 56528
0.0769964, 56960
0.0874298, 56960
0.0978226, 57176
0.108173, 57176
0.118604, 57176
0.12902, 57824
0.139457, 58040
0.149781, 58256
0.160113, 58472
0.170401, 58472
0.180793, 58688
0.191178, 58688
0.201523, 58904
0.211929, 58904
0.222253, 59120
0.232618, 59120
0.242982, 59120
0.253296, 59120
0.263608, 59336
0.273909, 59336
0.284264, 59336
0.294566, 59552
0.304948, 59552
0.315306, 59336
0.32582, 59336
0.336187, 59336
0.346582, 58904
0.357369, 58904
0.368334, 58688
0.379761, 58688
0.390261, 58904
0.40076, 59120
0.41125, 58904
0.421628, 58904
0.432027, 59768
0.442384, 62360
0.452677, 64088
0.462885, 63872
0.473185, 64088
0.483397, 64520
0.493641, 64736
0.504, 65816
0.514262, 66032
0.524563, 66032
0.53486, 66248
0.545094, 66248
0.555412, 66896
0.565695, 65168
0.575992, 64952
0.586299, 64952
0.597192, 64952
0.607544, 67544
0.617832, 67760
0.628077, 67544
0.63838, 67760
0.648667, 67760
0.658974, 68192
0.669385, 67760
0.679932, 68408
0.690609, 68624
0.701157, 69272
0.711773, 69488
0.722351, 69704
0.732855, 69704
0.743457, 70136
0.754093, 69704
0.764343, 69488
0.774592, 69272
0.784873, 69056
0.795136, 69056
0.805447, 69056
0.815698, 69056
0.825944, 68840
0.836222, 68840
0.846404, 68840
0.856658, 68840
0.866902, 69056
0.877182, 69056
0.88743, 69056
0.897643, 69056
0.907837, 69056
0.918038, 69272
0.928344, 69272
0.938633, 69056
0.948823, 69272
0.958994, 69272
0.969161, 69488
0.979334, 69488
0.98956, 69488
0.99983, 69488
1.0101, 69488
1.02034, 69488
1.03056, 69704
1.04084, 69704
1.05106, 69920
1.06123, 69920
1.07135, 70136
1.08154, 70352
1.09171, 70568
1.10187, 70568
1.11205, 70568
1.12224, 70784
1.13372, 71000
1.14411, 71216
1.15437, 70784
1.16469, 71648
1.17497, 72296
1.18523, 72944
1.19551, 73160
1.20575, 72512
1.21619, 73376
1.22657, 73592
1.23724, 72728
1.24784, 73808
1.25844, 74024
1.26903, 74024
1.27954, 74240
1.29015, 73808
1.30033, 72080
1.31055, 71648
1.32074, 71432
1.33092, 71216
1.34111, 70784
1.35137, 70568
1.36161, 70568
1.37182, 70568
1.38209, 70568
1.39243, 70352
1.40274, 70136
1.41306, 70136
1.42341, 69920
1.4338, 69920
1.44414, 69704
1.45443, 69704
1.46478, 69704
1.47505, 69704
1.48531, 69704
1.49553, 69272
1.50572, 69488
1.51592, 69488
1.52605, 69488
1.53626, 69488
1.54651, 69704
1.55682, 69488
1.56715, 69704
1.57741, 69488
1.58774, 69488
1.59798, 69488
1.60817, 69488
1.61833, 69704
1.62854, 69272
1.63941, 70568
1.65758, 72512
1.66806, 72944
1.67846, 73160
1.68918, 72080
1.69995, 73160
1.71059, 73376
1.72109, 73592
1.73153, 73592
1.74213, 74024
1.75276, 74024
1.76301, 73592
1.77324, 73376
1.78351, 73160
1.79373, 72728
1.80391, 72944
1.8141, 72728
1.82434, 72728
1.83455, 72728
1.84483, 72728
1.85502, 72728
1.86526, 72512
1.87551, 72728
1.88575, 72728
1.89598, 72728
1.90623, 72512
1.91644, 72512
1.92662, 72512
1.93684, 72728
1.94705, 72512
1.95724, 72512
1.96745, 72512
1.97764, 72512
1.98787, 72512
1.99811, 72296
2.0083, 72512
2.0185, 72512
2.02873, 72512
2.03894, 72512
2.04915, 72512
2.05938, 72512
2.06966, 72512
2.07987, 72728
2.09012, 72728
2.10039, 72728
2.11062, 72728
2.12086, 72512
2.13535, 72728
2.14582, 73160
2.15761, 73160
2.16791, 73808
2.17814, 74456
2.18842, 74240
2.1987, 75968
2.20901, 74672
2.2193, 77696
2.22955, 77696
2.2399, 78560
2.25018, 78128
2.26044, 78560
2.27068, 78128
2.2809, 79640
2.29111, 79856
2.30136, 79856
2.31166, 81368
2.3219, 81584
2.3321, 82016
2.34231, 82880
2.35253, 82880
2.36274, 82016
2.37293, 82232
2.38312, 83960
2.39333, 84176
2.40354, 83096
2.4138, 83744
2.4241, 83528
2.43456, 83096
2.44493, 84392
2.45527, 84608
2.46559, 82880
2.47585, 82232
2.48609, 82232
2.49638, 82232
2.50664, 81368
2.51694, 81800
2.52721, 82664
2.53759, 82016
2.54786, 81152
2.55807, 80936
2.56824, 80720
2.57842, 80936
2.58863, 80504
2.59888, 80288
2.60912, 80288
2.61932, 80072
2.62952, 80288
2.63978, 80504
2.65044, 80288
2.66064, 79208
2.67086, 78560
2.68108, 77912
2.69126, 76832
2.70144, 76184
2.71167, 75536
2.72192, 75320
2.73217, 74456
2.74239, 74240
2.75257, 74024
2.76285, 75320
2.77309, 76184
2.7833, 75104
2.79355, 74672
2.80382, 74456
2.8141, 75320
2.82429, 76184
2.83449, 74672
2.84478, 74240
2.85496, 74672
2.86528, 76616
2.87546, 76616
2.88563, 76616
2.89585, 76400
2.90606, 76832
2.91637, 76616
2.92657, 76184
2.93676, 74672
2.94706, 74240
2.95739, 75320
2.96787, 76616
2.97823, 77048
2.98909, 77048
2.99973, 77264
3.01049, 77264
3.02135, 77480
3.03228, 77696
3.04289, 77480
3.05327, 77048
3.06357, 75104
3.07381, 73808
3.08404, 73808
3.0942, 73592
3.1044, 73592
3.11468, 73592
3.125, 73376
3.13527, 73160
3.1455, 73376
3.15576, 73376
3.16595, 73592
3.17618, 73376
3.1864, 73160
3.19662, 73160
3.20684, 73160
3.21714, 73160
3.22742, 73160
3.23755, 73160
3.24785, 73160
3.25815, 73160
3.26839, 73160
3.27858, 73160
3.28887, 73160
3.29911, 73160
3.30938, 73160
3.31965, 73160
3.3299, 73160
3.34018, 73160
3.35038, 73160
3.36068, 73160
3.37089, 72944
3.3811, 72944
3.39126, 73160
3.40145, 73160
3.41172, 73376
3.42192, 73160
3.43212, 73160
3.44957, 74024
3.46, 75104
3.47035, 75752
3.48067, 76400
3.49088, 75752
3.50118, 76832
3.51144, 77480
3.52176, 77480
3.53201, 77696
3.54221, 77264
3.55256, 77696
3.56303, 78128
3.57763, 76832
3.58826, 77912
3.59884, 78344
3.60962, 78560
3.62043, 78776
3.63119, 78992
3.64193, 78992
3.65226, 77264
3.66269, 75536
3.67313, 75104
3.68378, 74888
3.69432, 74672
3.70487, 74672
3.71542, 74672
3.72598, 74672
3.73654, 74888
3.74708, 74888
3.75765, 74888
3.76814, 74888
3.77856, 74672
3.78904, 74672
3.7996, 74456
3.81009, 74456
3.82064, 74456
3.83121, 74240
3.84171, 74024
3.85224, 73808
3.86276, 73808
3.87329, 73808
3.88391, 73808
3.89442, 73808
3.90493, 73808
3.91539, 74024
3.92585, 73808
3.93625, 73808
3.94651, 73808
3.95665, 73808
3.96678, 73808
3.9769, 74024
3.9871, 74024
3.99736, 73808
4.00763, 74024
4.01789, 75752
4.02804, 76616
4.03819, 77048
4.04832, 77696
4.05844, 76616
4.06859, 77048
4.07875, 77480
4.08896, 77912
4.09988, 78128
4.1106, 78128
4.12158, 78128
4.1323, 77480
4.14262, 75968
4.15307, 75320
4.16347, 75104
4.17381, 74672
4.18413, 74672
4.19445, 74456
4.20483, 74240
4.21515, 73808
4.22551, 73592
4.23595, 73592
4.24627, 73592
4.2566, 73808
4.26702, 73808
4.27743, 73592
4.28787, 73592
4.29822, 73808
4.30853, 73592
4.31887, 73592
4.32914, 73592
4.33945, 73592
4.3498, 73592
4.36003, 73376
4.37023, 73808
4.38045, 73808
4.39069, 73808
4.40091, 73592
4.41118, 73808
4.42152, 73808
4.43205, 73592
4.44239, 73592
4.4528, 73376
4.46316, 73160
4.47357, 73376
4.48398, 73376
4.49431, 73376
4.505, 73808
4.51533, 76184
4.52565, 75968
4.53589, 76400
4.54619, 77696
4.55654, 77696
4.5669, 79424
4.57731, 80504
4.58774, 82016
4.59808, 80504
4.60853, 81368
4.61888, 81152
4.62921, 80504
4.63947, 81584
4.64972, 81152
4.65999, 81152
4.67027, 82448
4.68062, 82448
4.69101, 82448
4.7014, 82448
4.71184, 83744
4.72221, 85040
4.73261, 85472
4.7432, 84392
4.75361, 85688
4.76395, 84824
4.77431, 86120
4.78478, 85256
4.79519, 84824
4.80564, 85256
4.81633, 85904
4.82672, 86768
4.83718, 85256
4.84777, 85040
4.85812, 84176
4.86851, 83312
4.87894, 84176
4.88932, 86336
4.8998, 85904
4.91019, 85904
4.92067, 85904
4.93118, 84824
4.9416, 83960
4.95204, 83312
4.96237, 83312
4.9727, 83312
4.98307, 83096
4.99344, 82664
5.00381, 82448
5.0142, 82232
5.0245, 82448
5.03488, 82880
5.04525, 81800
5.05556, 82016
5.06584, 82232
5.07611, 80288
5.0864, 78992
5.09679, 78128
5.10725, 77696
5.11777, 77480
5.12812, 77048
5.13836, 76400
5.14854, 77696
5.15871, 78992
5.16884, 77696
5.17896, 77048
5.18915, 76832
5.19931, 77696
5.20959, 77264
5.21994, 76616
5.23032, 76400
5.24076, 77264
5.25121, 78344
5.2616, 77048
5.27194, 76832
5.28227, 76616
5.29273, 77048
5.30311, 78128
5.31344, 77048
5.32385, 76832
5.33422, 76616
5.34463, 77264
5.35532, 78560
5.36573, 79208
5.37632, 78992
5.38702, 79856
5.39782, 80072
5.40865, 80072
5.41939, 80288
5.42986, 79424
5.44016, 77480
5.4504, 76832
5.46066, 76400
5.47096, 75968
5.48131, 75968
5.49155, 75968
5.50177, 75968
5.51202, 75968
5.52227, 76184
5.53254, 76400
5.54293, 76400
5.55329, 76400
5.56369, 76400
5.57406, 76184
5.58447, 75968
5.59486, 75968
5.60524, 75968
5.61555, 75752
5.6259, 75968
5.63619, 75752
5.65091, 75968
5.66133, 75968
5.67172, 75968
5.68212, 75968
5.69255, 75968
5.70294, 75968
5.71332, 75968
5.72368, 75968
5.73404, 75968
5.74432, 75752
5.7546, 75752
5.76491, 75752
5.77519, 75752
5.7856, 75752
5.79603, 75752
5.80643, 75752
5.81693, 75752
5.82735, 75752
5.83786, 77912
5.84822, 77912
5.85877, 78776
5.86922, 79424
5.87979, 80072
5.89014, 78992
5.90086, 79856
5.91156, 80288
5.9224, 80504
5.93333, 80504
5.94437, 80720
5.95522, 80720
5.96606, 80936
5.97673, 81152
5.98744, 80936
5.99775, 78992
6.00808, 78128
6.01841, 77480
6.02886, 77264
6.03923, 77264
6.0496, 77048
6.06001, 77264
6.0704, 77264
6.08096, 77264
6.09151, 77048
6.10203, 77048
6.11259, 76832
6.12312, 76832
6.13363, 76832
6.14413, 76832
6.15452, 76832
6.16503, 76616
6.17548, 76616
6.18598, 76616
6.19652, 76400
6.20705, 76400
6.21768, 76184
6.22825, 76184
6.23876, 75968
6.24929, 75968
6.25979, 75968
6.27012, 75968
6.28041, 75752
6.29087, 75752
6.30138, 75536
6.31199, 75320
6.32252, 75104
6.33285, 77048
6.343, 75968
6.35314, 75968
6.3633, 77264
6.37347, 78344
6.38362, 78344
6.39382, 78344
6.404, 78776
6.41415, 78992
6.42431, 79208
6.43447, 79208
6.44463, 79424
6.45479, 79424
6.46494, 77912
6.47514, 76616
6.48537, 75968
6.49559, 75320
6.50584, 75104
6.51605, 75104
6.52625, 74888
6.5364, 74888
6.54653, 74672
6.55669, 74456
6.56685, 74456
6.57729, 74456
6.58773, 74456
6.59825, 74240
6.60875, 74240
6.61932, 74240
6.62971, 74240
6.64013, 74240
6.65048, 74240
6.66093, 74240
6.67128, 74456
6.68162, 74456
6.69197, 75320
6.70231, 75104
6.71274, 74672
6.72312, 74456
6.73344, 74240
6.74385, 74024
6.75423, 74024
6.76462, 73808
6.77495, 73808
6.78574, 73592
6.79674, 73376
6.80756, 74456
6.81818, 75752
6.82851, 76616
6.83894, 77480
6.84923, 75752
6.8595, 74888
6.86974, 76616
6.88003, 81152
6.89036, 81800
6.90082, 82448
6.91126, 83528
6.92161, 83096
6.93196, 83312
6.94233, 83312
6.95283, 83096
6.96332, 82664
6.97371, 81584
6.98425, 81584
6.99461, 81800
7.00539, 82232
7.01573, 82664
7.02606, 82664
7.03668, 82016
7.04702, 81800
7.05733, 81800
7.06775, 81584
7.0781, 82016
7.08847, 80936
7.09898, 80072
7.10965, 78128
7.12975, 78128
7.14063, 77696
7.15141, 77480
7.16175, 77048
7.17304, 76616
7.18662, 75968
7.19991, 75752
7.21198, 75536
7.22394, 75320
7.2354, 75104
7.24634, 74672
7.25667, 75104
7.267, 75968
7.2775, 76400
7.28801, 76184
7.29845, 74672
7.30952, 75320
7.32215, 74672
7.33384, 73592
7.34611, 74024
7.35738, 73376
7.36908, 72944
7.38125, 73376
7.39283, 75104
7.40352, 74888
7.4144, 74456
7.42521, 74456
7.4355, 74672
7.44579, 73808
7.45625, 74672
7.46696, 75104
7.47808, 75320
7.48891, 75320
7.49944, 75752
7.51022, 75536
7.52122, 75752
7.53226, 76400
7.54309, 76400
7.55385, 76400
7.56466, 75968
7.57914, 75536
7.59415, 75536
7.60643, 75320
7.61796, 75320
7.62874, 75320
7.63959, 75536
7.65058, 75104
7.66112, 74240
7.67153, 74024
7.68183, 74456
7.69218, 74888
7.70249, 74888
7.71283, 74888
7.72312, 75104
7.73345, 74888
7.74383, 74672
7.75428, 74672
7.76471, 74672
7.77518, 74888
7.78588, 76400
7.79648, 77264
7.80709, 77912
7.81782, 76616
7.82857, 76184
7.83922, 75752
7.84979, 75536
7.86005, 75320
7.87024, 75104
7.88044, 74456
7.89063, 74888
7.90081, 75104
7.91104, 75104
7.92124, 75104
7.93158, 75320
7.94178, 75752
7.95197, 75752
7.96213, 75968
7.97231, 75536
7.98253, 75104
7.9927, 74456
8.0029, 73376
8.01308, 72944
8.02323, 73592
8.03346, 73808
8.0438, 73592
8.05415, 73808
8.06468, 73592
8.07502, 73592
8.08544, 73808
8.09584, 74024
8.1062, 74240
8.11657, 74456
8.1269, 74672
8.13736, 74888
8.14771, 74888
8.15803, 75104
8.16841, 74888
8.17879, 74672
8.18917, 74672
8.19959, 74672
8.21008, 74456
8.22057, 74672
8.23097, 74672
8.24178, 74456
8.25382, 74024
8.26494, 74024
8.27568, 74456
8.28624, 74240
8.29696, 74888
8.30737, 74456
8.31779, 74456
8.32812, 75536
8.33836, 76616
8.34863, 76832
8.35898, 77048
8.36934, 77264
8.3797, 77696
8.39008, 76184
8.40061, 75104
8.41103, 74672
8.42143, 74456
8.43205, 74024
8.44257, 74024
8.45307, 73808
8.46357, 73808
8.47389, 74024
8.48432, 73592
8.49475, 73808
8.50554, 73808
8.51635, 73592
8.52674, 73592
8.53733, 73592
8.54824, 73592
8.5597, 73808
8.57089, 73592
8.58245, 73592
8.59401, 73592
8.60584, 73592
8.61857, 73592
8.62996, 72944
8.64124, 72728
8.65227, 72512
8.66285, 72080
8.67325, 72080
8.68388, 72080
8.6945, 71864
8.70515, 72080
8.71571, 72080
8.72611, 72080
8.73663, 72080
8.74986, 71864
8.7627, 71864
8.77455, 71864
8.78826, 71864
8.80148, 71648
8.81473, 71648
8.8268, 72728
8.83805, 73376
8.84859, 73376
8.85909, 74672
8.86985, 74888
8.88102, 74888
8.89257, 74672
8.90307, 76832
8.91337, 78560
8.92401, 77912
8.93461, 76400
8.94585, 75536
8.95657, 75536
8.9672, 76184
8.978, 76184
8.98921, 76616
9.00034, 76616
9.0113, 77912
9.02222, 78128
9.03297, 77264
9.04345, 76616
9.0541, 76616
9.06437, 76832
9.07494, 77048
9.08531, 76616
9.09566, 76184
9.10596, 76400
9.11625, 77048
9.12662, 77264
9.13699, 77480
9.14728, 77696
9.1576, 77696
9.16797, 77480
9.17828, 77264
9.18858, 77048
9.19886, 76832
9.20916, 75752
9.21952, 75968
9.22994, 76400
9.24024, 78344
9.25058, 79208
9.26085, 78992
9.27113, 78776
9.28146, 77912
9.29186, 77264
9.30224, 77264
9.31258, 76832
9.32301, 76832
9.33346, 77048
9.34397, 77048
9.35437, 76832
9.3648, 76400
9.37523, 76400
9.38555, 76400
9.39591, 76616
9.4064, 76616
9.41692, 77480
9.42736, 77912
9.43773, 78776
9.44799, 77480
9.45829, 77912
9.46868, 76832
9.47897, 76400
9.48944, 75968
9.49993, 75320
9.51034, 75104
9.52074, 74888
9.53111, 74888
9.5415, 75104
9.55199, 76184
9.56243, 75752
9.57292, 75320
9.58321, 75104
9.59366, 74672
9.60392, 75752
9.6142, 76400
9.62455, 75320
9.63483, 75104
9.6451, 74888
9.65538, 75104
9.66567, 75536
9.67598, 74456
9.68635, 73808
9.69679, 73376
9.70735, 73160
9.71789, 74240
9.72839, 74888
9.73889, 74888
9.74936, 74672
9.75982, 74672
9.7702, 74888
9.78064, 74888
9.79138, 74240
9.80209, 74240
9.81246, 74240
9.82269, 73808
9.833, 73808
9.84338, 73592
9.85365, 73592
9.86407, 73592
9.87479, 73376
9.88524, 73592
9.89624, 74456
9.90759, 73592
9.91888, 72944
9.92967, 72944
9.94059, 72944
9.95141, 72728
9.96212, 72728
9.97295, 72728
9.98412, 72728
9.99548, 72944
10.0062, 72728
10.0182, 72728
10.0292, 72728
10.0413, 72512
10.0522, 72296
10.0627, 72512
10.0731, 72728
10.0835, 72944
10.094, 72728
10.1047, 72944
10.1156, 73376
10.1274, 73376
10.1391, 72944
10.1509, 72944
10.1631, 72944
10.1748, 72512
10.1901, 72728
10.2035, 72296
10.2191, 72080
10.2315, 71648
10.244, 71432
10.2585, 71216
10.2706, 71216
10.2824, 71216
10.2931, 71216
10.3034, 71000
10.3138, 71000
10.3242, 71000
10.3356, 71216
10.3462, 72080
10.3572, 72512
10.3679, 72944
10.3787, 73376
10.3892, 73808
10.3999, 74240
10.4105, 74672
10.4218, 75104
10.4328, 74024
10.4435, 74024
10.4545, 74456
10.4661, 75104
10.4768, 75104
10.4875, 75320
10.4986, 74672
10.5095, 74672
10.5204, 74672
10.5312, 75320
10.5421, 75536
10.5533, 75536
10.5657, 75104
10.5771, 75104
10.5903, 74024
10.6031, 73808
10.6145, 73592
10.625, 73592
10.6355, 73376
10.6459, 74024
10.6564, 73592
10.667, 73592
10.6774, 73376
10.6878, 73160
10.6982, 73160
10.7086, 72944
10.719, 72944
10.7295, 72728
10.7401, 72512
10.7507, 72512
10.7612, 72296
10.772, 72296
10.7826, 72296
10.7929, 72296
10.8033, 72296
10.8136, 72296
10.824, 72080
10.8344, 71864
10.8449, 71864
10.8554, 71648
10.8658, 71648
10.8761, 71648
10.8863, 71432
10.8966, 71432
10.9068, 71216
10.9169, 71432
10.9271, 71648
10.9373, 71864
10.9475, 72080
10.9577, 72080
10.9679, 74240
10.978, 75104
10.9882, 75536
10.9983, 75536
11.0086, 75320
11.0188, 74672
11.0291, 74456
11.0394, 74888
11.0497, 75104
11.0599, 75320
11.0701, 75320
11.0803, 75104
11.0904, 75104
11.1006, 74888
11.1108, 74456
11.121, 73592
11.1313, 73808
11.1416, 73376
11.1518, 73808
11.162, 74240
11.1724, 74888
11.1831, 75104
11.1939, 74888
11.2044, 74888
11.215, 75320
11.2254, 75320
11.2358, 75320
11.2461, 76400
11.2565, 75320
11.267, 74888
11.2773, 74888
11.2877, 74672
11.2981, 74456
11.3085, 74456
11.3189, 74240
11.3292, 74456
11.3399, 74240
11.3506, 74024
11.361, 74024
11.3715, 74024
11.3818, 74024
11.3924, 73808
11.403, 73808
11.4137, 73592
11.4243, 73592
11.4345, 73592
11.4448, 73376
11.4552, 73160
11.4655, 73808
11.4759, 75536
11.4864, 75320
11.4969, 75968
11.5073, 74888
11.5181, 74240
11.5288, 74456
11.5393, 79640
11.5496, 80504
11.5601, 80288
11.5704, 78128
11.5812, 76616
11.5926, 76184
11.6035, 76400
11.6154, 76616
11.6284, 77048
11.6415, 78344
11.6542, 78560
11.6683, 80720
11.6796, 80072
11.6908, 81152
11.7015, 82016
11.7126, 82880
11.7233, 82232
11.7345, 80504
11.7461, 80720
11.757, 80072
11.7681, 79424
11.7788, 79424
11.7899, 78776
11.8005, 79208
11.8108, 78776
11.8212, 77480
11.8317, 77264
11.8421, 77264
11.8524, 77048
11.8631, 77264
11.8739, 77264
11.8843, 76400
11.8953, 76184
11.9068, 76616
11.9181, 77264
11.9284, 78776
11.9389, 78776
11.9503, 77264
11.9613, 77264
11.972, 76616
11.9822, 75752
11.9925, 75536
12.0029, 75536
12.0131, 75536
12.0234, 75968
12.0336, 76184
12.044, 75968
12.0545, 75752
12.0648, 75752
12.0753, 75536
12.0861, 76616
12.0966, 76832
12.1072, 77048
12.1178, 77264
12.1283, 76400
12.1387, 76184
12.149, 76184
12.1594, 76184
12.1697, 75104
12.1801, 74672
12.1903, 74672
12.2007, 74672
12.211, 75320
12.2213, 75968
12.2316, 76184
12.2418, 75752
12.252, 75752
12.2622, 75536
12.2724, 77048
12.2826, 77048
12.2928, 76616
12.3031, 76616
12.3133, 76832
12.3235, 76400
12.3337, 76184
12.3439, 75968
12.3543, 74888
12.3646, 75320
12.3751, 76184
12.3862, 75752
12.3968, 75536
12.4083, 75320
12.4189, 75104
12.4294, 75104
12.4402, 75320
12.4507, 75320
12.4609, 74888
12.4711, 74672
12.4812, 74456
12.4914, 74240
12.5016, 74456
12.5118, 77480
12.522, 78560
12.5322, 80072
12.5424, 79640
12.5528, 79640
12.563, 78344
12.5733, 77912
12.5834, 77696
12.5937, 76832
12.604, 76400
12.6143, 76400
12.6246, 76616
12.6349, 76616
12.6451, 76832
12.6553, 76616
12.6657, 75320
12.6761, 75536
12.6864, 75968
12.6967, 76832
12.7071, 77048
12.7176, 77696
12.7279, 78128
12.7384, 78776
12.7487, 77912
12.7592, 77264
12.7708, 77912
12.7813, 78560
12.792, 77480
12.8034, 77480
12.8142, 77480
12.8249, 77264
12.8358, 77696
12.8471, 77480
12.8581, 77696
12.869, 77696
12.8792, 78776
12.8894, 78560
12.8996, 78344
12.9097, 78128
12.9201, 78128
12.9303, 78128
12.9404, 77912
12.9506, 77696
12.961, 77480
12.9712, 77480
12.9813, 77264
12.9915, 76184
13.0018, 75536
13.0119, 75320
13.0221, 75104
13.0323, 74672
13.0424, 74456
13.0527, 74456
13.0629, 74456
13.0731, 74240
13.0832, 74024
13.0934, 74024
13.1037, 74024
13.114, 73808
13.1244, 73808
13.1346, 73592
13.1448, 73592
13.155, 73592
13.1652, 73808
13.1757, 74024
13.1861, 73592
13.1967, 73592
13.2079, 73592
13.2183, 73592
13.2291, 73808
13.24, 74024
13.2514, 74240
13.2632, 75104
13.2754, 75536
13.2858, 74888
13.2969, 74024
13.3077, 74024
13.3196, 74024
13.3311, 76184
13.3444, 77264
13.3619, 76184
13.3743, 75536
13.385, 75536
13.396, 75536
13.4062, 75536
13.4164, 74240
13.4266, 74456
13.4368, 75320
13.4471, 77264
13.4576, 75968
13.4679, 74672
13.4785, 74240
13.4887, 74240
13.499, 74024
13.5093, 74024
13.5196, 73808
13.5299, 73808
13.5403, 73808
13.5507, 73592
13.5611, 73592
13.5714, 73592
13.5817, 73592
13.5921, 73592
13.6025, 73592
13.6131, 73808
13.6234, 73592
13.6337, 73808
13.6442, 73592
13.6544, 73592
13.6646, 73808
13.6749, 74240
13.6851, 76184
13.6956, 76832
13.706, 74672
13.7162, 74672
13.7265, 74456
13.7367, 74456
13.747, 74456
13.7573, 74024
13.7678, 74024
13.7781, 73808
13.7884, 73808
13.7987, 73808
13.8093, 73592
13.8196, 73592
13.8298, 73592
13.8401, 73376
13.8504, 73592
13.8608, 73592
13.8779, 74672
13.8896, 75968
13.9006, 76832
13.911, 78344
13.9213, 78776
13.9316, 77696
13.9421, 77480
13.9525, 78128
13.9629, 78992
13.9731, 78992
13.9834, 78776
13.9936, 78344
14.0039, 77696
14.014, 77696
14.0242, 77696
14.0345, 77696
14.0447, 77696
14.0551, 77696
14.0654, 77480
14.0759, 77048
14.0863, 76832
14.0967, 76832
14.107, 77264
14.1174, 77264
14.1277, 77480
14.138, 77480
14.1483, 77480
14.1588, 77048
14.1691, 76832
14.1794, 76184
14.1899, 76184
14.2002, 76400
14.2107, 75752
14.221, 75752
14.2315, 76400
14.2419, 77480
14.2524, 80072
14.2627, 80504
14.2731, 79208
14.2834, 78560
14.2938, 78344
14.3043, 78128
14.3146, 79208
14.3249, 78560
14.3352, 77912
14.3455, 77696
14.3558, 77912
14.3662, 77480
14.3766, 77264
14.387, 77264
14.3974, 77048
14.4079, 77048
14.4184, 76616
14.4288, 76400
14.4392, 76616
14.4497, 77048
14.4601, 77264
14.4705, 78128
14.4811, 77696
14.4914, 76400
14.5017, 75968
14.5122, 75536
14.5226, 75536
14.533, 75320
14.5436, 75320
14.5542, 75104
14.5648, 75104
14.5762, 77264
14.5877, 76616
14.5988, 75752
14.6092, 75104
14.6194, 74672
14.6298, 75104
14.6402, 76400
14.6506, 76184
14.6609, 75752
14.6712, 76616
14.6815, 78128
14.6923, 78128
14.7035, 77048
14.7143, 75968
14.7251, 76184
14.7364, 75536
14.7476, 75320
14.7586, 75320
14.7699, 76832
14.782, 77912
14.7925, 77912
14.8033, 77480
14.8143, 77048
14.8265, 76184
14.8394, 75536
14.8517, 75536
14.8625, 75752
14.8735, 75752
14.8841, 76400
14.8943, 76400
14.9046, 76616
14.9148, 76400
14.925, 76184
14.9354, 75752
14.9459, 75320
14.9562, 75104
14.9666, 75104
14.9769, 74888
14.9872, 74672
14.9974, 74456
15.0076, 74456
15.018, 74240
15.0283, 74240
15.0387, 74024
15.049, 74024
15.0594, 74024
15.0697, 74024
15.0799, 73808
15.0903, 73808
15.1007, 73808
15.1111, 73808
15.1214, 73592
15.1317, 73592
15.1419, 73592
15.1521, 73808
15.1623, 73808
15.1727, 74240
15.1832, 74024
15.1935, 74024
15.204, 73592
15.2144, 73592
15.2247, 73808
15.2351, 73808
15.2456, 73808
15.256, 73808
15.2663, 73808
15.2767, 73808
15.287, 73808
15.2973, 73808
15.3078, 73808
15.3181, 73808
15.3285, 73808
15.3388, 73808
15.3492, 73592
15.3595, 73808
15.3779, 76184
15.3891, 76832
15.4006, 76616
15.4116, 76184
15.4224, 75752
15.4331, 75752
15.4437, 75536
15.4542, 75536
15.4648, 75536
15.4751, 75968
15.4856, 75752
15.4959, 75536
15.5063, 75320
15.5165, 75536
15.5267, 75752
15.5369, 76184
15.547, 76400
15.5572, 76616
15.5674, 75968
15.5776, 75752
15.5877, 74888
15.5979, 75104
15.6081, 74888
15.6182, 74672
15.6284, 74024
15.6386, 73808
15.6488, 73808
15.6589, 73592
15.669, 73592
15.6791, 73592
15.6893, 73592
15.6994, 73592
15.7095, 73592
15.7197, 73592
15.7298, 73592
15.7399, 73808
15.7501, 73808
15.7603, 73808
15.7704, 73808
15.7806, 73808
15.7908, 73592
15.8009, 73592
15.8111, 73808
15.8212, 73808
15.8313, 73592
15.8415, 73592
15.8517, 73592
15.8618, 73808
15.872, 73808
15.8821, 74024
15.8922, 74024
15.9024, 74240
15.9125, 74024
15.9296, 75536
15.94, 76616
15.9503, 76832
15.9607, 75968
15.9715, 75536
15.9821, 75752
15.9925, 75968
16.0034, 75968
16.0142, 76184
16.0247, 77264
16.0351, 78128
16.0456, 79424
16.0563, 79424
16.0666, 78344
16.0769, 77048
16.0871, 76616
16.0974, 76832
16.1076, 77048
16.1178, 77048
16.1281, 77048
16.1384, 77480
16.1487, 77480
16.1591, 77480
16.1694, 77480
16.1797, 77480
16.1899, 78128
16.2001, 77480
16.2103, 77048
16.2204, 76616
16.2306, 76400
16.2408, 76184
16.2509, 75968
16.2611, 75968
16.2712, 75752
16.2814, 75968
16.2915, 75752
16.3017, 75536
16.3119, 75536
16.322, 75320
16.3321, 75104
16.3423, 74888
16.3524, 74888
16.3625, 74888
16.3727, 75104
16.3829, 75104
16.393, 74888
16.4032, 74888
16.4133, 75104
16.4235, 74888
16.4452, 77264
16.4555, 77912
16.4659, 78560
16.4764, 78776
16.4867, 80504
16.4969, 80504
16.5072, 80936
16.5175, 81368
16.5278, 80936
16.5384, 80072
16.5487, 80720
16.5589, 80720
16.5691, 80072
16.5794, 79208
16.59, 78992
16.6005, 78344
16.6112, 78344
16.6218, 78128
16.6321, 77912
16.6427, 77480
16.6541, 77264
16.6654, 77264
16.6765, 77048
16.6878, 77264
16.6988, 77264
16.7104, 76832
16.7212, 77048
16.7324, 76616
16.7428, 76832
16.7532, 76832
16.7636, 77264
16.7742, 77264
16.7845, 77696
16.7954, 76400
16.8064, 76400
16.8176, 76184
16.8284, 76184
16.8392, 76832
16.8498, 75968
16.8608, 76400
16.8727, 77048
16.8847, 77480
16.8967, 77480
16.9077, 76832
16.9193, 75968
16.9308, 75752
16.9417, 75968
16.9524, 75968
16.9627, 74888
16.973, 75104
16.9833, 74456
16.9936, 74672
17.0039, 74672
17.0142, 74888
17.0245, 74888
17.035, 74672
17.046, 74240
17.0569, 73808
17.0677, 73376
17.0785, 73160
17.0892, 73376
17.1008, 73160
17.1125, 73376
17.1239, 74456
17.1346, 73808
17.1449, 75104
17.1551, 74672
17.1653, 74024
17.1756, 73808
17.1858, 73592
17.196, 74024
17.2063, 73808
17.2165, 73808
17.2267, 73808
17.2368, 73808
17.247, 74456
17.2573, 75536
17.2676, 75320
17.2778, 74456
17.2879, 74240
17.2982, 74024
17.3084, 73376
17.3186, 73376
17.3288, 73160
17.3392, 73160
17.3495, 73592
17.3597, 73376
17.37, 72944
17.3803, 72944
17.3906, 72944
17.401, 73376
17.4113, 73160
17.4216, 72944
17.4319, 72944
17.4422, 74024
17.4525, 72944
17.4627, 72944
17.4729, 72728
17.4831, 72728
17.4933, 72728
17.5037, 73592
17.5148, 74240
17.5252, 74672
17.5366, 74672
17.5473, 75104
17.5582, 75104
17.5692, 75320
17.5801, 75320
17.591, 75320
17.6019, 75320
17.6124, 75536
17.6228, 75104
17.633, 75320
17.6433, 75320
17.6536, 75320
17.6638, 75320
17.6741, 74456
17.6843, 74456
17.6945, 74456
17.7047, 74456
17.715, 74456
17.7252, 74672
17.7354, 74672
17.7456, 74672
17.7559, 74672
17.7662, 74672
17.7763, 74888
17.7865, 76184
17.7968, 76616
17.807, 75968
17.8173, 77048
17.8275, 77264
17.8377, 77048
17.848, 77480
17.8583, 76832
17.8685, 76400
17.8788, 75968
17.8891, 75752
17.8997, 76400
17.9101, 76616
17.9208, 76832
17.9313, 77912
17.9417, 78344
17.9522, 77912
17.9626, 77048
17.9729, 77696
17.9831, 78128
17.9933, 77696
18.0036, 77696
18.0138, 77912
18.024, 78128
18.0342, 78128
18.0443, 77696
18.0545, 77480
18.0647, 77264
18.0749, 77048
18.0851, 77048
18.0953, 77048
18.1055, 77048
18.1157, 76832
18.1259, 76832
18.1362, 76616
18.1464, 76616
18.1565, 76400
18.1667, 76184
18.1769, 75752
18.1871, 75536
18.1972, 75536
18.2074, 75968
18.2177, 75536
18.2278, 75320
18.238, 75536
18.2483, 75968
18.2586, 77264
18.2691, 77912
18.2805, 78776
18.2911, 78992
18.3027, 77912
18.3148, 76832
18.3262, 76616
18.3368, 76832
18.3471, 77480
18.3572, 77480
18.3674, 77480
18.3776, 77480
18.3877, 77264
18.398, 77048
18.4082, 76616
18.4184, 76400
18.4286, 76400
18.4389, 76400
18.4499, 75104
18.4607, 74024
18.4717, 74024
18.4826, 73808
18.4937, 73592
18.5046, 73592
18.5159, 73376
18.5265, 73376
18.5374, 73160
18.5484, 72944
18.5591, 72944
18.5702, 72728
18.5812, 72944
18.5916, 72944
18.6023, 72944
18.6128, 72728
18.6233, 73592
18.6342, 74456
18.646, 72944
18.658, 72944
18.6693, 72944
18.6804, 72728
18.6915, 72728
18.7029, 72512
18.7141, 72512
18.725, 72512
18.736, 72512
18.7465, 72728
18.7573, 72944
18.7683, 72944
18.7788, 72944
18.7896, 73376
18.7999, 75536
18.8103, 77048
18.8208, 77480
18.8314, 76616
18.8419, 76184
18.8525, 77264
18.8632, 78776
18.874, 78992
18.8852, 77480
18.8972, 76400
18.9086, 75968
18.9195, 76184
18.9303, 76832
18.9415, 77264
18.9531, 77048
18.9641, 76400
18.975, 76616
18.9864, 76400
18.997, 76400
19.0073, 76400
19.0178, 76616
19.0282, 76616
19.0386, 76400
19.0489, 77048
19.0593, 77912
19.0696, 77480
19.0799, 77480
19.0903, 77480
19.1008, 77480
19.1114, 77264
19.1218, 77264
19.1323, 77048
19.1427, 76184
19.1531, 76832
19.1634, 76616
19.1737, 76832
19.1841, 76616
19.1946, 77480
19.2049, 77048
19.2151, 76832
19.2254, 77696
19.2356, 76184
19.2459, 76832
19.2561, 78128
19.2663, 78560
19.2765, 78560
19.2867, 77696
19.297, 77696
19.3072, 77912
19.3175, 78776
19.3277, 79208
19.338, 79424
19.3482, 78776
19.3585, 78344
19.3688, 78344
19.379, 78128
19.3893, 78560
19.3996, 78560
19.4098, 79424
19.4202, 79856
19.4304, 79640
19.4406, 79424
19.4508, 79424
19.461, 79208
19.4712, 78776
19.4814, 78560
19.492, 78128
19.5024, 78344
19.5126, 78344
19.5228, 77912
19.533, 77264
19.5433, 77048
19.5536, 76616
19.5639, 76184
19.5744, 76832
19.5863, 77480
19.5965, 76616
19.6067, 76184
19.617, 75752
19.6276, 76400
19.6379, 75968
19.6482, 75536
19.6586, 75536
19.669, 75536
19.6793, 75968
19.6895, 75536
19.6997, 75104
19.7099, 75320
19.7203, 75968
19.7313, 76184
19.7419, 76184
19.7525, 76184
19.7631, 76184
19.7744, 76184
19.7852, 76184
19.7959, 76184
19.8061, 75968
19.8163, 74888
19.8266, 74672
19.837, 74456
19.8473, 74240
19.8578, 74240
19.8681, 74456
19.8784, 74456
19.8887, 74672
19.8991, 74672
19.9095, 74456
19.9201, 74456
19.9305, 74456
19.9408, 74672
19.9511, 74672
19.9612, 74672
19.9714, 74672
19.9816, 74672
19.9918, 74672
20.002, 74672
20.0124, 74888
20.0228, 74888
20.0332, 74888
20.0435, 74888
20.0539, 74888
20.0643, 74672
20.0746, 74672
20.0849, 74672
20.0952, 74672
20.1054, 74672
20.1157, 74672
20.126, 74456
20.1363, 74672
20.1464, 74672
20.1566, 74672
20.1667, 74888
20.1769, 75104
20.1871, 75104
20.212, 76616
20.2234, 76400
20.2338, 76184
20.2443, 75536
20.2562, 75536
20.2702, 75320
20.2828, 75320
20.2941, 75536
20.3048, 75536
20.3155, 75536
20.3275, 75320
20.3427, 75104
20.3531, 74888
20.3651, 75320
20.376, 75752
20.3866, 76184
20.3977, 75968
20.4084, 76616
20.4194, 76616
20.4314, 76616
20.4422, 76400
20.4535, 76184
20.465, 76184
20.4795, 75968
20.4898, 74888
20.5002, 74456
20.5104, 74456
20.5207, 74672
20.531, 74672
20.5413, 74888
20.5515, 74888
20.5616, 74672
20.5718, 75536
20.582, 76616
20.5922, 77048
20.6023, 77048
20.6124, 77264
20.6226, 77264
20.6327, 77264
20.6428, 77048
20.653, 77048
20.6632, 77048
20.6733, 77264
20.6834, 77048
20.6935, 77048
20.7038, 77048
20.714, 77048
20.7241, 77048
20.7343, 77048
20.7444, 77048
20.7545, 77048
20.7647, 77264
20.7748, 77264
20.785, 77264
20.7951, 77264
20.8052, 77264
20.8154, 77264
20.8255, 77264
20.8357, 77264
20.8567, 76400
20.8676, 76616
20.8782, 76832
20.8887, 76616
20.8993, 76616
20.9097, 75968
20.921, 76184
20.9322, 76184
20.9431, 76616
20.9539, 76616
20.9646, 76832
20.9753, 76832
20.9861, 75968
20.9963, 75536
21.0066, 75104
21.0168, 74888
21.027, 74456
21.0372, 75104
21.0474, 75320
21.0576, 75320
21.0678, 75536
21.0779, 75320
21.0881, 75536
21.0983, 75536
21.1085, 75752
21.1188, 75752
21.1289, 75536
21.1392, 76832
21.1496, 77696
21.1599, 79856
21.1702, 79424
21.1804, 78992
21.1907, 78776
21.201, 77480
21.2114, 76184
21.2217, 75536
21.232, 75752
21.2424, 76184
21.2528, 76400
21.2631, 76616
21.2735, 76832
21.2838, 77048
21.2941, 77048
21.3044, 77480
21.3147, 77912
21.3249, 77696
21.335, 76832
21.3453, 77048
21.3556, 78128
21.366, 78776
21.3765, 79424
21.3867, 80504
21.397, 79424
21.4072, 81800
21.4175, 83744
21.4277, 84392
21.438, 86336
21.4483, 86984
21.4585, 87200
21.4687, 86768
21.4788, 86768
21.4891, 86768
21.4996, 86768
21.51, 87200
21.5205, 86768
21.531, 85472
21.5415, 85040
21.5519, 85040
21.5623, 84824
21.5726, 83096
21.5828, 82232
21.5931, 80936
21.6035, 80936
21.6139, 81368
21.6243, 80936
21.6351, 81368
21.646, 80504
21.6563, 79640
21.6666, 79208
21.677, 78344
21.6872, 78128
21.6974, 78560
21.7076, 79424
21.7178, 80072
21.7282, 80288
21.7384, 79856
21.7487, 79640
21.759, 80072
21.7693, 80504
21.7797, 80504
21.7901, 79424
21.8004, 78344
21.8113, 79640
21.8218, 78992
21.8324, 78560
21.8428, 78128
21.8532, 77696
21.8643, 77264
21.875, 76184
21.8857, 75752
21.8961, 75536
21.9064, 76184
21.9169, 76832
21.9272, 75968
21.9375, 75536
21.9478, 75968
21.958, 75320
21.9683, 76184
21.9786, 75536
21.9889, 75320
22, 75320
22.0103, 75968
22.021, 75752
22.0312, 75536
22.0414, 75320
22.0517, 75104
22.0619, 75104
22.0724, 74888
22.0828, 74888
22.0932, 74888
22.1035, 74672
22.1137, 74672
22.1243, 74672
22.1347, 75104
22.1451, 75320
22.1554, 74888
22.1656, 74888
22.1758, 74888
22.186, 74456
22.1962, 74456
22.2064, 74456
22.2166, 74672
22.2273, 75752
22.2395, 77696
22.2498, 78128
22.2614, 78560
22.2738, 77696
22.2863, 77264
22.2983, 76400
22.3103, 75968
22.3218, 75752
22.3332, 75536
22.3437, 76184
22.3543, 76616
22.365, 76832
22.3753, 76832
22.3856, 75536
22.3962, 75320
22.4065, 77480
22.4169, 78344
22.4271, 78992
22.4374, 77912
22.4477, 77264
22.4581, 77048
22.4684, 77048
22.4787, 77480
22.489, 77480
22.4992, 77912
22.5095, 78344
22.5198, 78776
22.5301, 79208
22.5412, 79208
22.5518, 79424
22.5629, 79424
22.5736, 79424
22.5843, 79424
22.5949, 78992
22.6057, 78128
22.6165, 77480
22.6271, 77480
22.6373, 77264
22.6474, 76832
22.6576, 76616
22.6678, 76616
22.6779, 76400
22.6882, 76616
22.6983, 77264
22.7085, 77480
22.7187, 77480
22.7289, 77480
22.7391, 77264
22.7493, 77264
22.7594, 77048
22.7696, 77048
22.7798, 76832
22.79, 76832
22.8002, 76616
22.8104, 76616
22.8206, 76400
22.8307, 76400
22.8409, 76400
22.851, 76184
22.8611, 76184
22.8713, 76184
22.8815, 76400
22.8936, 76616
22.9057, 76832
22.916, 76832
22.9263, 76832
22.9371, 77048
22.9477, 76400
22.9583, 75536
22.9689, 75104
22.9797, 75536
22.9907, 78344
23.0015, 78992
23.0121, 79640
23.023, 80072
23.0341, 80720
23.0443, 82016
23.0546, 81584
23.0649, 81152
23.0751, 80936
23.0854, 80720
23.0957, 80720
23.106, 80936
23.1162, 79856
23.1264, 78560
23.1366, 77480
23.1468, 77048
23.157, 77048
23.1672, 76616
23.1773, 76400
23.1875, 76184
23.1976, 75968
23.2077, 76184
23.218, 76184
23.2282, 75968
23.2384, 75536
23.2485, 75320
23.2587, 75320
23.2688, 75104
23.279, 75104
23.2891, 75104
23.2993, 74888
23.3094, 74888
23.3196, 75104
23.3297, 75104
23.3399, 74888
23.35, 74672
23.3603, 74672
23.3704, 74456
23.3805, 74456
23.3908, 74456
23.4009, 74672
23.411, 75104
23.4213, 74888
23.4376, 75104
23.448, 76832
23.4584, 77696
23.4689, 78560
23.4798, 77696
23.4902, 76616
23.5005, 75320
23.5216, 77912
23.5319, 81152
23.5422, 82232
23.5525, 81152
23.5628, 80936
23.5731, 80288
23.5836, 79640
23.594, 79208
23.6055, 78344
23.6166, 78128
23.6277, 77912
23.6388, 77480
23.6499, 77480
23.6614, 77480
23.6728, 77696
23.6835, 78560
23.6945, 79208
23.7051, 78992
23.7155, 76832
23.7258, 76616
23.7361, 77048
23.7464, 78344
23.7567, 79208
23.7672, 78128
23.7783, 77048
23.7903, 76616
23.8017, 76400
23.8128, 76832
23.824, 77048
23.8353, 76400
23.8471, 75968
23.8583, 75968
23.8693, 77048
23.8806, 77264
23.8921, 77480
23.9027, 76184
23.9137, 75968
23.9248, 76400
23.9368, 76616
23.9486, 76832
23.9603, 77264
23.971, 76400
23.9813, 75752
23.9918, 76616
24.0024, 78344
24.014, 77264
24.0243, 77048
24.0354, 77264
24.0457, 77048
24.0563, 76616
24.0666, 76184
24.0778, 76184
24.0882, 76184
24.0985, 76184
24.1088, 76400
24.1191, 76616
24.1293, 77048
24.1396, 77480
24.1499, 77912
24.1602, 78560
24.1705, 77696
24.1808, 77264
24.191, 77264
24.2014, 77264
24.2116, 77480
24.2219, 77480
24.2322, 77696
24.2425, 79640
24.2528, 79208
24.2631, 77696
24.2733, 77264
24.2834, 77048
24.2936, 76832
24.3038, 76184
24.314, 74888
24.3242, 75320
24.3343, 75536
24.3445, 75536
24.3549, 75752
24.3651, 75752
24.3753, 75752
24.3856, 75536
24.3958, 75320
24.406, 75536
24.4162, 75968
24.4264, 75752
24.4366, 75536
24.4468, 75536
24.4571, 78128
24.4673, 79208
24.4776, 79208
24.4879, 79208
24.4982, 79640
24.5084, 80072
24.5187, 80504
24.529, 80072
24.5392, 78560
24.5498, 79208
24.5609, 80288
24.5725, 80720
24.5835, 81152
24.5942, 81368
24.6059, 81584
24.6165, 81584
24.6271, 81800
24.6388, 81368
24.6491, 79856
24.6592, 78992
24.6694, 78560
24.6795, 78128
24.6897, 77912
24.6999, 77480
24.71, 77480
24.7202, 77264
24.7304, 77264
24.7406, 77048
24.7507, 76832
24.761, 76400
24.7713, 75968
24.7814, 75752
24.7916, 75536
24.8018, 75320
24.8119, 75320
24.8222, 75320
24.8325, 75104
24.8427, 74672
24.8528, 74672
24.863, 74672
24.8732, 74456
24.8835, 74672
24.8938, 74672
24.9041, 74456
24.9143, 74240
24.9247, 74240
24.9349, 74240
24.945, 74024
24.9553, 74024
24.9656, 74024
24.9758, 73808
24.9861, 73808
24.9965, 73592
25.0069, 73808
25.0172, 73808
25.0274, 73592
25.0377, 73592
25.0479, 74024
25.0582, 74456
25.0686, 76184
25.079, 77048
25.0894, 77912
25.1, 77912
25.1104, 77264
25.1209, 76616
25.1312, 76400
25.1415, 75752
25.1519, 75536
25.1623, 75320
25.1732, 75320
25.1847, 75752
25.1962, 75968
25.2075, 75968
25.2199, 75752
25.2305, 75104
25.2417, 75536
25.2528, 76616
25.2649, 77048
25.2773, 77048
25.2894, 77048
25.3003, 76832
25.3109, 76616
25.3217, 76400
25.3321, 75536
25.3425, 75320
25.3527, 75320
25.3632, 75104
25.3735, 76400
25.3837, 77696
25.3939, 78128
25.4042, 78560
25.4147, 78128
25.4252, 77696
25.4355, 77480
25.4458, 77264
25.4561, 77264
25.4664, 77264
25.4767, 77696
25.4871, 77912
25.4974, 77912
25.5081, 78128
25.5185, 78128
25.5289, 78128
25.5394, 78128
25.5501, 78128
25.5604, 78128
25.5706, 78128
25.5809, 78128
25.5912, 78128
25.6014, 78128
25.6116, 78344
25.6219, 78344
25.6321, 77912
25.6425, 77696
25.6528, 77696
25.663, 77264
25.6733, 77264
25.6835, 77048
25.6936, 77048
25.7038, 77264
25.7139, 77264
25.7241, 77264
25.7376, 78344
25.7481, 78992
25.759, 79208
25.7697, 78992
25.78, 78128
25.7911, 78128
25.8018, 77480
25.8125, 77048
25.8231, 76616
25.8338, 76400
25.8444, 76400
25.855, 76184
25.8652, 75536
25.8754, 75320
25.8855, 75320
25.8956, 75968
25.9058, 77264
25.9159, 77696
25.926, 78128
25.9362, 78128
25.9463, 78128
25.9564, 78128
25.9666, 78128
25.9767, 78128
25.9869, 78128
25.9971, 78128
26.0072, 78128
26.0175, 78344
26.0276, 77912
26.0378, 77048
26.0479, 76832
26.0581, 77048
26.0682, 77480
26.0784, 77912
26.0886, 78128
26.0988, 78560
26.109, 78776
26.1192, 78560
26.1295, 77480
26.1397, 76616
26.1499, 76400
26.1602, 75536
26.1704, 75320
26.1806, 75536
26.1936, 77264
26.204, 78344
26.2143, 79208
26.2245, 80720
26.2348, 80288
26.2452, 80720
26.2554, 81368
26.2657, 83744
26.276, 85040
26.2862, 85904
26.2966, 86768
26.3069, 86552
26.3171, 87200
26.3274, 85904
26.3377, 85904
26.348, 85472
26.3583, 85472
26.3685, 85472
26.3788, 85688
26.3891, 85904
26.3994, 85904
26.4098, 85904
26.4201, 85256
26.4304, 85040
26.4407, 84608
26.451, 83096
26.4613, 82664
26.4716, 82232
26.4818, 83528
26.4922, 83528
26.5025, 83528
26.5128, 84176
26.5231, 83528
26.5334, 82232
26.5437, 81368
26.5539, 80504
26.5643, 79856
26.5745, 78992
26.5848, 79640
26.5951, 80072
26.6054, 79640
26.6157, 79424
26.6259, 79424
26.6361, 79856
26.6466, 79640
26.6574, 79208
26.6683, 78992
26.6788, 78776
26.6893, 77912
26.6997, 77480
26.71, 77264
26.7204, 78560
26.7307, 77912
26.7409, 77264
26.7513, 77048
26.7616, 76832
26.7717, 76616
26.7819, 77696
26.7921, 77696
26.8023, 79208
26.8127, 79640
26.823, 79208
26.8335, 78560
26.844, 78128
26.8544, 77480
26.8648, 77048
26.8754, 77264
26.8856, 77264
26.8961, 77264
26.9063, 77048
26.9168, 76832
26.9273, 77696
26.9387, 78560
26.9492, 77480
26.9598, 76400
26.9702, 76184
26.9808, 75968
26.9912, 75968
27.0017, 75752
27.0119, 75752
27.0222, 75968
27.0327, 76184
27.043, 76400
27.0534, 79640
27.064, 80288
27.0744, 78992
27.0849, 78128
27.0967, 77048
27.1074, 77696
27.1182, 78128
27.129, 78560
27.1404, 78344
27.1508, 77480
27.1613, 77264
27.1718, 77048
27.1823, 76832
27.1927, 76616
27.2078, 77912
27.219, 78992
27.2297, 79856
27.2411, 77912
27.2515, 77048
27.2618, 76832
27.2726, 76832
27.2833, 76832
27.2942, 76832
27.3044, 76400
27.3147, 76184
27.3255, 75752
27.3358, 75752
27.3466, 75968
27.357, 76400
27.3674, 76832
27.3782, 76616
27.3888, 76616
27.3994, 76400
27.41, 76400
27.4206, 76400
27.4312, 76400
27.4418, 76400
27.452, 76400
27.4622, 75536
27.4724, 75320
27.4826, 75104
27.4928, 75536
27.503, 77048
27.5131, 77912
27.5234, 77912
27.5335, 78128
27.5437, 78128
27.5539, 78128
27.5641, 77264
27.5742, 77264
27.5844, 77480
27.5946, 77912
27.6048, 78128
27.6149, 78344
27.6251, 77480
27.6353, 77264
27.6455, 77264
27.6556, 77696
27.6658, 78128
27.676, 78128
27.6862, 77696
27.6965, 77264
27.7067, 77264
27.7171, 77264
27.7275, 78776
27.7378, 79208
27.7483, 77912
27.7601, 77048
27.7713, 76616
27.7817, 75968
27.7939, 75752
27.8049, 75968
27.816, 76184
27.8266, 76616
27.8374, 76832
27.8481, 76616
27.8587, 76184
27.8691, 75536
27.8792, 75104
27.8894, 74888
27.8997, 74672
27.9098, 74672
27.92, 76184
27.9303, 76400
27.9404, 75968
27.9506, 75968
27.9608, 75968
27.9711, 76184
27.9812, 76184
27.9914, 76616
28.0017, 76616
28.012, 76832
28.0222, 76616
28.0324, 76400
28.0426, 76400
28.0528, 76400
28.063, 76400
28.0733, 76616
28.0835, 76616
28.0937, 76832
28.1039, 76616
28.1142, 76832
28.1244, 77048
28.1346, 77264
28.1448, 77480
28.155, 77264
28.1652, 77264
28.1754, 77264
28.1855, 77264
28.1957, 77048
28.2058, 77048
28.216, 76832
28.2262, 76832
28.2496, 78344
28.2599, 78992
28.2706, 79640
28.281, 79856
28.2912, 81368
28.3015, 80072
28.3119, 78992
28.3224, 79424
28.3329, 81800
28.3431, 81368
28.3534, 80504
28.3638, 80072
28.3741, 80072
28.3844, 79424
28.3947, 79424
28.4049, 79208
28.4152, 78560
28.4256, 78344
28.4361, 77264
28.4469, 77696
28.4579, 77912
28.4696, 77912
28.4801, 77912
28.4911, 77912
28.5017, 77696
28.5126, 77480
28.5234, 77264
28.5339, 77264
28.5448, 77480
28.5559, 77264
28.5673, 76832
28.5778, 76832
28.5885, 76832
28.5998, 76832
28.6111, 76832
28.6223, 76616
28.6329, 76616
28.6433, 76832
28.6539, 76832
28.6642, 77264
28.6744, 77048
28.6847, 77048
28.6953, 76616
28.7061, 76832
28.7171, 76616
28.7291, 77048
28.7402, 77264
28.7526, 76616
28.765, 76616
28.7764, 75968
28.7876, 76616
28.7988, 77264
28.8104, 76616
28.8225, 76400
28.8341, 76400
28.8447, 76616
28.8554, 75536
28.8658, 74888
28.8763, 74456
28.8865, 74240
28.8968, 74240
28.9072, 75536
28.9179, 76184
28.9285, 75104
28.9392, 74240
28.9503, 74240
28.9608, 74024
28.9718, 73808
28.9827, 73808
28.9939, 73808
29.0048, 73808
29.0155, 73808
29.026, 74024
29.0362, 74240
29.0465, 74456
29.0569, 74672
29.0673, 75320
29.0776, 75536
29.088, 75752
29.0983, 75536
29.1085, 75104
29.1188, 75104
29.129, 75320
29.1393, 75968
29.1496, 76184
29.1598, 75968
29.17, 75752
29.1802, 75536
29.1904, 75536
29.2006, 75536
29.2107, 75536
29.2209, 75968
29.2312, 75968
29.2418, 77480
29.2521, 78128
29.2624, 77912
29.2726, 77264
29.2829, 76832
29.2932, 77048
29.3034, 78776
29.3137, 78776
29.3239, 78128
29.3342, 77264
29.3446, 77048
29.3549, 77048
29.3653, 76400
29.3755, 75968
29.3857, 75752
29.396, 76832
29.4062, 77480
29.4164, 77480
29.4266, 77048
29.4369, 77048
29.4472, 77480
29.4575, 76832
29.4679, 76184
29.4782, 75968
29.4912, 76400
29.5016, 78992
29.512, 79640
29.5227, 79640
29.5333, 79856
29.5439, 80288
29.5544, 80720
29.5651, 80936
29.5757, 81152
29.5861, 81368
29.5963, 81368
29.6064, 80936
29.6166, 80504
29.6268, 80288
29.6369, 80072
29.6471, 79856
29.6572, 79640
29.6673, 79424
29.6775, 79424
29.6878, 79424
29.6979, 79208
29.7081, 78992
29.7183, 78992
29.7285, 78992
29.7388, 78992
29.749, 78128
29.7592, 77696
29.7694, 77480
29.7798, 77264
29.7899, 77696
29.8001, 78344
29.8102, 78128
29.8204, 77480
29.8306, 77264
29.8408, 77264
29.8511, 76616
29.8615, 76616
29.8719, 76616
29.8821, 76400
29.8923, 76400
29.9026, 76184
29.9127, 76184
29.923, 75968
29.9332, 75968
29.9434, 75968
29.9536, 75968
29.9642, 76400
29.9751, 78128
29.9854, 78560
29.9958, 78776
30.0061, 78992
30.0174, 77912
30.0277, 77480
30.038, 77264
30.0484, 77048
30.0587, 77048
30.0693, 76832
30.0804, 76616
30.091, 76832
30.1013, 76832
30.112, 77048
30.1225, 77264
30.1331, 77696
30.1437, 77912
30.1548, 78128
30.1656, 78128
30.1763, 77480
30.1865, 76832
30.1969, 76616
30.2071, 76400
30.2174, 76616
30.2276, 76832
30.2379, 76832
30.2481, 77048
30.2583, 77048
30.2686, 76832
30.2788, 76832
30.289, 76832
30.2993, 76832
30.3095, 76832
30.3196, 76832
30.3298, 76832
30.34, 78128
30.3504, 79208
30.3609, 77696
30.3712, 76832
30.3816, 75536
30.3919, 75320
30.4025, 75320
30.4127, 75752
30.423, 75752
30.4333, 75752
30.4439, 75752
30.4543, 75752
30.4647, 75752
30.4752, 75536
30.4856, 75536
30.4965, 75536
30.5073, 75320
30.518, 75320
30.5284, 75320
30.5389, 75320
30.5495, 75320
30.5597, 75320
30.5699, 75320
30.5895, 76184
30.5998, 77480
30.6102, 78128
30.6215, 78344
30.632, 78128
30.6422, 77264
30.6524, 76832
30.6626, 76400
30.6727, 76616
30.6829, 76832
30.693, 76832
30.7034, 76400
30.7144, 75320
30.7246, 74888
30.7348, 74888
30.7449, 74672
30.7551, 74456
30.7652, 75104
30.7753, 75320
30.7855, 75320
30.7956, 75320
30.8058, 75536
30.8159, 75536
30.826, 75320
30.8362, 75320
30.8463, 75320
30.8565, 75320
30.8666, 75536
30.8768, 75536
30.8869, 75752
30.8971, 75968
30.9072, 75752
30.9174, 75536
30.9275, 75536
30.9376, 75320
30.9478, 75320
30.9579, 75320
30.968, 75536
30.9781, 75536
30.9883, 75752
30.9984, 75320
31.0086, 75320
31.0187, 75320
31.0288, 75320
31.039, 75320
31.0491, 75320
31.0594, 75536
31.0697, 75752
31.08, 78560
31.0903, 78776
31.1006, 78776
31.111, 79208
31.1213, 77480
31.1319, 77696
31.1422, 78776
31.1524, 79640
31.1627, 79424
31.1733, 79424
31.1838, 78128
31.1941, 77696
31.2044, 77696
31.2147, 77480
31.225, 77264
31.2353, 77696
31.2456, 78128
31.2559, 78344
31.2661, 79208
31.2764, 78992
31.2868, 78560
31.2971, 78344
31.3074, 78128
31.3176, 77912
31.3279, 77696
31.3384, 77696
31.3486, 77912
31.3589, 77696
31.3691, 77696
31.3793, 83528
31.3896, 85256
31.3998, 86336
31.4101, 85040
31.4203, 85256
31.4306, 85904
31.4409, 84392
31.4511, 84608
31.4613, 84176
31.4717, 83096
31.482, 84392
31.4926, 85472
31.503, 84824
31.5132, 83312
31.5234, 83096
31.5336, 82880
31.5438, 82448
31.5541, 82448
31.5645, 82448
31.5749, 82232
31.5851, 81368
31.5954, 81368
31.6057, 80288
31.6159, 80720
31.6261, 78776
31.6363, 79424
31.6465, 79856
31.6568, 78560
31.667, 78128
31.6773, 77912
31.6877, 78560
31.698, 77912
31.7083, 77264
31.7187, 77048
31.7288, 76400
31.7391, 76616
31.7493, 78128
31.7596, 78560
31.7708, 79424
31.7811, 77264
31.7912, 76616
31.8014, 76400
31.8116, 76184
31.8217, 76184
31.8319, 76832
31.842, 76400
31.8523, 76400
31.8625, 76184
31.8728, 76184
31.8832, 77912
31.8939, 78776
31.9046, 77480
31.9149, 76616
31.9257, 76184
31.9362, 75968
31.9467, 76184
31.957, 76184
31.9674, 76184
31.9778, 75968
31.9884, 76184
32.0014, 78128
32.0138, 77912
32.0248, 77696
32.0353, 77264
32.0459, 77264
32.0568, 77264
32.0695, 77048
32.0799, 77048
32.0909, 77048
32.1015, 77048
32.1121, 76832
32.1227, 76400
32.133, 76832
32.1434, 76832
32.1543, 75968
32.1652, 76184
32.176, 76184
32.2056, 77912
32.2163, 78992
32.2287, 78128
32.241, 77048
32.2513, 76616
32.2625, 76616
32.2732, 76616
32.2843, 76400
32.295, 76184
32.3062, 75968
32.3202, 75752
32.3336, 75752
32.3439, 75320
32.3542, 75752
32.3657, 76400
32.3767, 76832
32.3872, 75968
32.3983, 75752
32.409, 75752
32.4196, 75752
32.4303, 75968
32.4409, 75968
32.4518, 75968
32.4625, 75968
32.4729, 75752
32.4831, 75536
32.4934, 75536
32.5036, 75320
32.5139, 76184
32.524, 77264
32.5342, 77696
32.5444, 77912
32.5545, 77912
32.5647, 78128
32.5749, 78128
32.5851, 77912
32.5952, 77264
32.6055, 77048
32.6157, 77264
32.6259, 77696
32.6361, 77912
32.6462, 77912
32.6564, 77480
32.6666, 77048
32.6768, 77048
32.6871, 77696
32.6972, 77912
32.7074, 78128
32.7176, 78128
32.7278, 77264
32.7379, 77264
32.7482, 77048
32.7586, 77264
32.7689, 77480
32.7791, 77480
32.7896, 77264
32.8006, 77264
32.8112, 77264
32.8217, 76400
32.8329, 76400
32.8437, 76184
32.8549, 75968
32.8663, 75968
32.8779, 75968
32.8884, 75968
32.8993, 76400
32.91, 76616
32.9203, 76400
32.9306, 75968
32.941, 74888
32.9513, 74888
32.9614, 74888
32.9715, 74888
32.9817, 74888
32.9918, 74888
33.002, 74888
33.0122, 74888
33.0225, 75536
33.0327, 75104
33.0428, 74888
33.053, 76184
33.0632, 77048
33.0734, 77264
33.0837, 78344
33.0939, 79424
33.1041, 79424
33.1144, 78128
33.1247, 77264
33.135, 77048
33.1453, 76832
33.1559, 77048
33.1662, 77048
33.1765, 77480
33.1868, 78560
33.1972, 79640
33.2075, 79640
33.2178, 80504
33.228, 79424
33.2382, 78776
33.2484, 77912
33.2585, 77912
33.2687, 77912
33.2788, 77696
33.289, 77696
33.2992, 78344
33.3095, 79640
33.3197, 80288
33.3301, 80936
33.3404, 82016
33.3507, 81152
33.361, 83096
33.3713, 86336
33.3816, 87632
33.3918, 88496
33.402, 86984
33.4125, 86552
33.4231, 86336
33.4336, 85904
33.4442, 85256
33.4545, 85472
33.465, 85256
33.4754, 85472
33.4858, 85472
33.4962, 85256
33.5066, 85040
33.517, 85040
33.5273, 84608
33.5376, 83096
33.5479, 82016
33.5581, 82016
33.5683, 80936
33.5786, 81152
33.5889, 81152
33.5992, 82016
33.6094, 83528
33.6197, 83312
33.6301, 83096
33.6405, 81584
33.6508, 80504
33.6615, 79208
33.6723, 78776
33.6831, 78128
33.6942, 78128
33.7048, 77912
33.7152, 77696
33.7256, 77480
33.736, 77048
33.7466, 76832
33.7571, 76616
33.7676, 76400
33.7782, 76184
33.7887, 76184
33.7989, 76400
33.8093, 76400
33.8197, 77264
33.8301, 77048
33.8404, 77264
33.8509, 77264
33.8615, 77048
33.8723, 77048
33.883, 77048
33.8937, 76832
33.9043, 77480
33.9156, 77480
33.926, 76400
33.9363, 75968
33.9466, 75752
33.9569, 75320
33.9675, 75320
33.9779, 75320
33.9881, 75104
33.9992, 75104
34.0097, 75752
34.0201, 76832
34.0304, 76184
34.0407, 75752
34.0511, 75536
34.0614, 75752
34.0718, 77048
34.0823, 78776
34.0927, 77264
34.1032, 76616
34.1136, 76184
34.1245, 75968
34.1352, 78128
34.1458, 77912
34.1562, 77048
34.1668, 76400
34.1772, 75752
34.1878, 75968
34.1985, 77048
34.2089, 77048
34.2192, 77048
34.2294, 76400
34.2397, 76400
34.2501, 76616
34.2606, 78344
34.2711, 80072
34.2831, 80072
34.2937, 79208
34.3043, 78776
34.3149, 78128
34.3254, 77480
34.3361, 77264
34.3466, 77048
34.3569, 76184
34.3672, 75968
34.3775, 75752
34.3877, 75752
34.3979, 75536
34.4081, 75536
34.4182, 75752
34.4284, 75752
34.4385, 75752
34.4487, 75752
34.4588, 75536
34.4689, 75968
34.479, 76184
34.4892, 76184
34.4993, 76184
34.5094, 75968
34.5196, 76184
34.5297, 76184
34.5399, 76400
34.55, 76616
34.5602, 76832
34.5703, 76832
34.5804, 76832
34.5906, 77048
34.6007, 77048
34.6108, 77264
34.6209, 77480
34.6311, 77480
34.6412, 77480
34.6514, 77264
34.6616, 77264
34.6717, 77048
34.6819, 79208
34.692, 79640
34.7024, 79640
34.7125, 78560
34.7227, 78128
34.7331, 77696
34.7434, 78128
34.7537, 78128
34.7641, 78344
34.7744, 78128
34.7848, 77480
34.7951, 77480
34.8053, 77480
34.8157, 77480
34.8263, 77480
34.8369, 77696
34.8477, 77480
34.8586, 77264
34.8696, 77048
34.8804, 76832
34.8911, 77048
34.9016, 77048
34.9118, 76832
34.9221, 76616
34.9325, 76400
34.9428, 76616
34.9531, 76616
34.9635, 76616
34.9739, 77264
34.9843, 77480
34.9946, 77696
35.0049, 77912
35.0154, 78128
35.0257, 77912
35.036, 78560
35.0462, 78560
35.0563, 77912
35.0665, 77696
35.0766, 77696
35.0867, 77480
35.0969, 77264
35.1071, 77264
35.1172, 76832
35.1274, 77048
35.1375, 77048
35.1477, 77048
35.158, 76832
35.1682, 76832
35.1784, 76832
35.1885, 76832
35.1986, 76832
35.2088, 76616
35.2189, 76184
35.2291, 76616
35.2393, 76832
35.2495, 76616
35.2597, 76616
35.2699, 77480
35.2803, 78776
35.2912, 78560
35.3021, 77912
35.313, 78344
35.324, 77480
35.3344, 76616
35.3452, 76400
35.3559, 76832
35.3668, 77048
35.3776, 77048
35.3885, 77048
35.3995, 77048
35.4109, 77048
35.4212, 76184
35.4314, 75752
35.4416, 75320
35.4518, 76832
35.462, 77480
35.4722, 77912
35.4824, 78128
35.4927, 78776
35.5033, 78776
35.5137, 78776
35.5239, 78776
35.5342, 78776
35.5444, 78776
35.5548, 78776
35.565, 78776
35.5753, 78776
35.5856, 78776
35.5959, 78776
35.6062, 78776
35.6165, 78776
35.6268, 78776
35.6371, 78992
35.6474, 79208
35.6576, 79208
35.668, 79208
35.6782, 78344
35.6887, 77264
35.6991, 77264
35.71, 77048
35.7203, 76832
35.7305, 76400
35.7408, 75752
35.751, 75536
35.7612, 75320
35.7715, 75320
35.7817, 75320
35.792, 75320
35.8022, 75320
35.8124, 75536
35.8259, 76184
35.8366, 77912
35.847, 77480
35.8573, 79424
35.8677, 77048
35.8781, 77696
35.8884, 79208
35.8987, 79208
35.9095, 78560
35.9206, 78344
35.9345, 77912
35.9462, 77696
35.957, 77480
35.9677, 77264
35.9786, 77480
35.9897, 77480
36.0005, 77696
36.0115, 77696
36.0224, 77696
36.0336, 77264
36.0439, 76832
36.0542, 76616
36.0646, 76832
36.0749, 77048
36.0852, 77696
36.0956, 77912
36.106, 78560
36.1164, 78560
36.1268, 78560
36.1372, 77912
36.1476, 77696
36.1579, 77480
36.1681, 78128
36.1784, 78344
36.1887, 78128
36.199, 78128
36.2094, 77696
36.2198, 77480
36.2303, 77696
36.2407, 77264
36.2516, 77480
36.2619, 77480
36.2722, 77696
36.2825, 77264
36.2929, 77480
36.3032, 82016
36.3136, 82016
36.3242, 82016
36.3345, 82448
36.3447, 81800
36.3549, 81152
36.3651, 80936
36.3753, 80936
36.3856, 80720
36.3958, 80720
36.406, 82232
36.4162, 83096
36.4265, 82664
36.4368, 82448
36.4472, 80720
36.4575, 79856
36.4678, 80288
36.4782, 81800
36.4884, 80504
36.4986, 79424
36.509, 79640
36.5195, 80720
36.5297, 79424
36.5398, 78776
36.55, 78128
36.5601, 77912
36.5703, 77696
36.5804, 77696
36.5906, 77480
36.6007, 78128
36.611, 77480
36.6212, 77048
36.6313, 76616
36.6415, 76400
36.6517, 76184
36.6619, 75968
36.672, 75968
36.6822, 75752
36.6924, 75536
36.7026, 75536
36.7129, 75968
36.7235, 76832
36.7337, 76832
36.744, 76832
36.7542, 77048
36.7646, 77048
36.775, 76832
36.7852, 76832
36.7954, 76616
36.8056, 76616
36.8165, 76616
36.8283, 76832
36.8395, 76616
36.8542, 76184
36.8665, 75968
36.8786, 75968
36.8894, 75968
36.9001, 75968
36.911, 76184
36.9224, 76184
36.9341, 75968
36.9459, 76184
36.9573, 75968
36.9684, 75968
36.9789, 76400
36.9892, 75968
36.9996, 75752
37.01, 75536
37.0203, 78128
37.0306, 79208
37.0537, 77480
37.0652, 77264
37.0761, 77048
37.0867, 76616
37.0971, 75752
37.1075, 75968
37.1179, 76400
37.1285, 76832
37.1392, 77048
37.1496, 76400
37.1602, 76184
37.1709, 75968
37.1816, 75752
37.1921, 75968
37.2027, 75752
37.2134, 75536
37.2241, 75752
37.2355, 76400
37.247, 76616
37.2576, 76616
37.268, 75968
37.2791, 75968
37.2898, 75968
37.3006, 76184
37.3113, 76832
37.3223, 76832
37.3332, 77048
37.3443, 76832
37.3547, 76832
37.365, 76184
37.3756, 75536
37.386, 75320
37.3963, 75320
37.4066, 75320
37.4168, 75320
37.4271, 75536
37.4374, 75752
37.4478, 75752
37.458, 75968
37.4683, 75752
37.4786, 75752
37.4889, 75752
37.4992, 75968
37.5095, 75968
37.5198, 75968
37.5301, 75968
37.5403, 76832
37.5505, 76616
37.5608, 76616
37.5711, 76832
37.5814, 76832
37.5916, 76400
37.6017, 76184
37.6119, 76184
37.6221, 76184
37.6322, 76184
37.6424, 76400
37.6535, 76832
37.6639, 78344
37.6744, 79424
37.685, 78992
37.696, 78128
37.7066, 77696
37.7169, 77480
37.7282, 77048
37.7389, 76832
37.7496, 76832
37.7602, 77048
37.7709, 77264
37.7816, 77264
37.7924, 76616
37.8026, 76400
37.8127, 76184
37.8229, 77264
37.833, 77696
37.8432, 77912
37.8533, 77912
37.8635, 77912
37.8737, 77912
37.8839, 77912
37.8941, 77696
37.9043, 77696
37.9144, 77696
37.9247, 78128
37.935, 77912
37.9451, 77912
37.9553, 77912
37.9655, 77912
37.9758, 77912
37.9861, 77912
37.9963, 77696
38.0065, 77696
38.0167, 77912
38.027, 77696
38.0373, 77480
38.0476, 77264
38.0578, 77264
38.0681, 77048
38.0784, 77264
38.0886, 77480
38.0989, 77480
38.1093, 77696
38.1197, 77480
38.1301, 77264
38.1406, 77048
38.1509, 77048
38.1612, 77048
38.1716, 77048
38.182, 77480
38.1922, 77912
38.2026, 77912
38.2129, 78128
38.2233, 79640
38.2334, 80072
38.2436, 80072
38.2538, 81368
38.2672, 79856
38.2775, 83528
38.2879, 85688
38.2981, 86336
38.3085, 86336
38.3191, 86768
38.3294, 86336
38.3397, 86552
38.3502, 86120
38.3606, 86768
38.3712, 86552
38.3816, 86984
38.392, 87416
38.4024, 87200
38.4128, 87416
38.4232, 86336
38.4336, 85904
38.444, 84176
38.4545, 83960
38.4648, 83312
38.4754, 83096
38.4859, 82016
38.4969, 82880
38.5074, 83960
38.5177, 82448
38.528, 81584
38.5383, 79856
38.5487, 79208
38.5591, 78776
38.5694, 78344
38.5799, 78128
38.5902, 79208
38.6005, 79856
38.6109, 80288
38.6212, 79424
38.6316, 78776
38.6419, 78776
38.6523, 78560
38.6627, 78344
38.6731, 78128
38.6836, 77912
38.694, 77912
38.7043, 77912
38.7146, 78128
38.725, 78128
38.7353, 78128
38.7461, 77912
38.7575, 77480
38.7686, 76832
38.7789, 76832
38.7897, 76832
38.8008, 76832
38.8116, 76616
38.8222, 76616
38.8327, 76832
38.8431, 77480
38.8535, 77264
38.8645, 77264
38.8755, 77048
38.8859, 77048
38.8965, 76400
38.9068, 76184
38.9171, 77048
38.9273, 77480
38.9381, 77480
38.9484, 76184
38.9587, 76184
38.9694, 77264
38.9809, 77696
38.9914, 77048
39.0018, 76616
39.0121, 76184
39.0226, 76184
39.0338, 75968
39.0447, 77480
39.0563, 78992
39.0666, 78560
39.0768, 77912
39.0871, 77480
39.0976, 77264
39.1083, 77696
39.1187, 78128
39.129, 78128
39.1394, 77912
39.1497, 77264
39.16, 77048
39.1705, 76832
39.181, 76400
39.1914, 76184
39.2057, 77696
39.217, 78992
39.2275, 79208
39.2391, 79208
39.2498, 78560
39.2607, 78344
39.2715, 77264
39.2831, 76832
39.3062, 77048
39.3168, 77048
39.327, 77048
39.3373, 77264
39.3474, 77480
39.3576, 77048
39.3678, 77264
39.3779, 77264
39.3881, 77264
39.3982, 77264
39.4084, 78560
39.4186, 78560
39.4287, 78560
39.4389, 78776
39.449, 78776
39.4592, 78776
39.4693, 78560
39.4795, 78560
39.4896, 78344
39.4998, 77912
39.5099, 77696
39.52, 77264
39.5302, 77480
39.5403, 77696
39.5504, 77696
39.5606, 77696
39.5708, 77696
39.5809, 77696
39.591, 77696
39.6012, 78128
39.6114, 78560
39.6215, 78560
39.6318, 78128
39.6419, 77480
39.6521, 77264
39.6622, 77048
39.6723, 75968
39.6825, 75320
39.6927, 75104
39.703, 75104
39.7132, 75104
39.7233, 74888
39.7335, 74888
39.7437, 76832
39.7538, 77912
39.7641, 77912
39.7744, 78128
39.7846, 78128
39.7949, 77696
39.8052, 77048
39.8154, 76616
39.8256, 76400
39.8359, 76184
39.8464, 75968
39.8566, 75968
39.867, 75752
39.8778, 75968
39.8885, 76400
39.8987, 77048
39.9094, 78776
39.9198, 79640
39.9304, 80720
39.9408, 80936
39.9513, 81368
39.9619, 81584
39.9721, 81800
39.9823, 82016
39.9926, 82016
40.0028, 81800
40.0131, 81584
40.0234, 81584
40.0336, 81584
40.0439, 81584
40.0541, 81368
40.0643, 81152
40.0744, 80720
40.0846, 80504
40.0947, 80288
40.1049, 80288
40.115, 80072
40.1252, 80072
40.1353, 80072
40.1456, 80072
40.1557, 79856
40.1659, 79856
40.176, 79856
40.1861, 78344
40.1963, 77912
40.2065, 77696
40.2167, 77480
40.2269, 77696
40.2371, 77696
40.2472, 77696
40.2575, 77696
40.2678, 77696
40.278, 77696
40.2882, 77696
40.2985, 77696
40.3087, 77696
40.3189, 77696
40.329, 77696
40.3392, 77264
40.3496, 77264
40.3599, 77696
40.3703, 77912
40.3828, 76832
40.3938, 76832
40.4044, 76184
40.4155, 75536
40.4266, 75536
40.4391, 75536
40.4516, 76616
40.4637, 76832
40.4744, 77048
40.4904, 77264
40.5028, 76832
40.513, 75968
40.5236, 75536
40.5338, 75536
40.5441, 77696
40.5543, 78128
40.5645, 78344
40.5748, 78344
40.585, 78344
40.5952, 77696
40.6056, 77264
40.6158, 76832
40.626, 76616
40.6363, 77048
40.6467, 78344
40.6569, 78344
40.6672, 78128
40.6774, 77480
40.6878, 77048
40.6982, 76832
40.7085, 76832
40.7188, 76616
40.7293, 76400
40.7395, 76616
40.7498, 77480
40.7601, 77912
40.7703, 77912
40.7805, 77048
40.7908, 76616
40.8011, 76616
40.8113, 75752
40.8215, 75320
40.8318, 75320
40.842, 75320
40.8521, 75536
40.8623, 76184
40.8726, 76616
40.883, 76832
40.8933, 77048
40.9096, 77264
40.9201, 78344
40.9308, 78344
40.9411, 77912
40.9516, 77264
40.9622, 77264
40.9726, 76616
40.9833, 76184
40.994, 76400
41.0045, 79424
41.0152, 80504
41.0257, 80936
41.0361, 79856
41.0464, 79208
41.0566, 78776
41.067, 77912
41.0773, 77480
41.0876, 77264
41.098, 77480
41.1084, 77912
41.1188, 78344
41.1291, 78560
41.1395, 79208
41.1498, 79856
41.1602, 80072
41.1706, 80504
41.181, 80504
41.1914, 80936
41.2017, 80504
41.212, 80072
41.2224, 80288
41.2328, 79424
41.2433, 78128
41.2539, 78128
41.2644, 78344
41.275, 78128
41.2856, 77696
41.2959, 78776
41.3063, 80504
41.3167, 80720
41.327, 81584
41.3372, 83960
41.3474, 84608
41.3576, 84176
41.3678, 82880
41.3782, 82880
41.3885, 82880
41.3989, 82448
41.4092, 82232
41.4195, 82016
41.4298, 81800
41.4401, 81800
41.4503, 82016
41.4606, 81800
41.4708, 81800
41.4812, 81368
41.4915, 80072
41.5018, 79424
41.512, 78992
41.5222, 78560
41.5324, 78344
41.5425, 77912
41.5527, 77696
41.5628, 77480
41.573, 77264
41.5832, 77264
41.5934, 77048
41.6036, 77264
41.6141, 77696
41.6246, 77480
41.6348, 77048
41.645, 76400
41.6553, 76400
41.6655, 76184
41.6758, 76184
41.686, 75968
41.6963, 75752
41.7068, 76616
41.7172, 76832
41.7276, 76184
41.7382, 75968
41.7491, 75968
41.7593, 75968
41.7696, 76184
41.7799, 77696
41.7903, 77264
41.8006, 77048
41.8111, 76616
41.8214, 76400
41.8317, 77912
41.8421, 77912
41.8524, 78128
41.8628, 78128
41.8732, 77048
41.8844, 76400
41.8946, 76400
41.9052, 76616
41.9173, 79208
41.9287, 78992
41.94, 77480
41.9546, 77480
41.966, 77048
41.9776, 76400
41.9882, 76184
41.9992, 76400
42.0098, 76832
42.0212, 77264
42.0393, 76400
42.051, 76400
42.0623, 76184
42.0725, 75536
42.0829, 75320
42.0932, 75104
42.1035, 75968
42.1138, 75536
42.1241, 77264
42.1344, 78128
42.1449, 77264
42.1552, 77048
42.1655, 76400
42.1759, 76184
42.1862, 75968
42.1966, 75752
42.2072, 75968
42.2177, 76184
42.228, 76184
42.2383, 76184
42.2486, 76400
42.2589, 77048
42.2692, 77048
42.2937, 79208
42.3045, 79856
42.3148, 80288
42.3254, 78992
42.336, 77912
42.3468, 77264
42.3576, 77048
42.368, 76616
42.3783, 76832
42.3891, 78128
42.4011, 79208
42.4124, 79640
42.423, 79208
42.4365, 78776
42.4484, 78560
42.4591, 78560
42.4699, 78560
42.4805, 78128
42.4914, 77696
42.5028, 77696
42.5143, 77264
42.5262, 77264
42.5381, 77048
42.5497, 76616
42.5598, 76184
42.5701, 75968
42.5804, 76400
42.5908, 77264
42.601, 77048
42.6113, 77264
42.6216, 77264
42.6317, 77048
42.6419, 77048
42.652, 77048
42.6622, 77048
42.6723, 77048
42.6824, 77048
42.6926, 77264
42.7028, 77048
42.7129, 77264
42.7231, 77264
42.7332, 77264
42.7434, 77048
42.7536, 76832
42.7637, 76832
42.7739, 77048
42.784, 77264
42.7942, 77480
42.8043, 77480
42.8145, 77696
42.8247, 77696
42.8348, 77696
42.845, 77696
42.8551, 77696
42.8653, 77912
42.8754, 77696
42.9018, 78776
42.9122, 78992
42.9227, 79208
42.9331, 78128
42.9433, 77912
42.9535, 77048
42.9637, 77048
42.9738, 77048
42.984, 77048
42.9941, 77696
43.0042, 78344
43.0143, 78776
43.0245, 79208
43.0346, 80072
43.0447, 80288
43.0549, 82664
43.0651, 82664
43.0753, 80288
43.0856, 79640
43.0958, 79640
43.106, 79856
43.1163, 79856
43.1266, 80072
43.1368, 80072
43.1471, 79856
43.1574, 79856
43.1677, 79640
43.178, 80720
43.1881, 79856
43.1983, 79208
43.2085, 78776
43.2186, 78776
43.2288, 78560
43.239, 78344
43.2491, 78344
43.2592, 78128
43.2694, 77912
43.2797, 77912
43.2898, 77696
43.3, 77480
43.3101, 77480
43.3203, 77264
43.3304, 77264
43.3406, 77264
43.3507, 77264
43.3609, 77264
43.371, 77264
43.3812, 77264
43.3914, 77048
43.4015, 77048
43.4117, 77048
43.4219, 77048
43.4321, 77048
43.4496, 77264
43.46, 78776
43.4702, 80720
43.4805, 81800
43.4942, 81584
43.5049, 82016
43.5153, 83528
43.5258, 83312
43.5364, 83528
43.5469, 83096
43.5573, 82880
43.5678, 82664
43.5781, 82664
43.5885, 82664
43.599, 82016
43.6101, 82016
43.6236, 82664
43.6387, 82232
43.6534, 83312
43.6655, 84392
43.6796, 83744
43.6945, 82232
43.7057, 83096
43.7165, 84176
43.727, 83960
43.7379, 83960
43.7488, 82448
43.7596, 81800
43.7702, 81368
43.7815, 81584
43.7925, 81800
43.8033, 80936
43.8136, 80288
43.8239, 80288
43.8342, 80288
43.8445, 80072
43.8547, 79640
43.865, 80288
43.8753, 80720
43.886, 80504
43.897, 80720
43.9076, 81152
43.9187, 80504
43.9289, 79856
43.9392, 79424
43.9511, 78992
43.9616, 78776
43.9739, 78344
43.9853, 78560
43.9957, 78560
44.006, 78344
44.0162, 78776
44.0265, 79640
44.0369, 79208
44.0473, 78992
44.0577, 78776
44.0681, 78560
44.0786, 78560
44.0889, 78344
44.0993, 78344
44.1097, 78128
44.12, 78344
44.1304, 78344
44.1406, 78128
44.1509, 78128
44.1612, 78344
44.1715, 78560
44.1818, 78992
44.1921, 79208
44.2023, 78992
44.213, 78344
44.2233, 78344
44.2336, 78128
44.2439, 78344
44.2542, 77696
44.2643, 77048
44.2745, 77048
44.2847, 77048
44.2949, 76832
44.3051, 77048
44.3153, 77480
44.3254, 77480
44.3357, 77480
44.3461, 77480
44.3565, 77912
44.3668, 77048
44.377, 76832
44.3872, 76616
44.3974, 76616
44.4076, 76832
44.4178, 78992
44.4281, 78128
44.4383, 77264
44.4485, 76832
44.4586, 76400
44.4689, 77912
44.4792, 78344
44.4896, 78992
44.5005, 78128
44.5108, 77912
44.5211, 77912
44.5314, 77480
44.5416, 77264
44.5518, 77048
44.5621, 77480
44.5723, 77264
44.5825, 78344
44.5929, 78128
44.6033, 78560
44.6138, 81152
44.6242, 81800
44.6349, 82016
44.6459, 82448
44.6571, 81800
44.6682, 81800
44.6796, 81584
44.6902, 81584
44.7005, 81368
44.7107, 81368
44.721, 81368
44.7312, 80720
44.7414, 80072
44.7515, 79424
44.7618, 79208
44.7719, 78992
44.7821, 78992
44.7923, 78776
44.8024, 78560
44.8126, 78344
44.8227, 78344
44.8328, 78128
44.843, 77912
44.8532, 77912
44.8633, 77696
44.8735, 77696
44.8836, 77912
44.8938, 77912
44.9039, 77912
44.9141, 78344
44.9243, 78344
44.9345, 77912
44.9447, 78128
44.9549, 78128
44.9651, 77912
44.9753, 77696
44.9855, 77480
44.9957, 77264
45.0059, 77048
45.0161, 77048
45.0263, 77048
45.0364, 77480
45.0467, 77264
45.0569, 77048
45.067, 76832
45.0772, 77048
45.0874, 77264
45.0976, 77480
45.1078, 77696
45.1182, 77696
45.1287, 78128
45.1392, 78344
45.1511, 77048
45.1643, 76832
45.1761, 77048
45.189, 77264
45.2016, 77264
45.2121, 76832
45.2224, 76832
45.2328, 76832
45.2437, 76832
45.255, 76832
45.2661, 76832
45.2777, 76616
45.2891, 76832
45.3012, 77048
45.3141, 76832
45.3245, 76832
45.3358, 77048
45.3467, 77264
45.3576, 77264
45.3683, 77264
45.3792, 77048
45.3901, 77264
45.401, 77264
45.4113, 76832
45.4215, 76616
45.4319, 76616
45.4424, 76616
45.4528, 76400
45.463, 76400
45.4733, 76616
45.4835, 77048
45.494, 77264
45.5044, 77048
45.5147, 77048
45.525, 77048
45.5353, 76832
45.5456, 76832
45.5561, 76832
45.5667, 77048
45.5772, 77264
45.5876, 77480
45.5983, 77480
45.6087, 77264
45.619, 77480
45.6291, 77480
45.6394, 77264
45.6496, 77264
45.66, 78560
45.6703, 79208
45.6807, 77696
45.6912, 77264
45.7018, 76616
45.7127, 76400
45.7231, 76616
45.7335, 76832
45.744, 77048
45.7544, 76832
45.7648, 76832
45.7754, 76616
45.7857, 76616
45.7962, 76616
45.8065, 76616
45.8169, 76832
45.8272, 76832
45.8377, 76832
45.848, 76832
45.8585, 76832
45.8689, 76832
45.8896, 78128
45.9001, 79208
45.9105, 78992
45.9211, 78128
45.932, 77480
45.9425, 77480
45.9533, 77048
45.9642, 77048
45.9749, 76832
45.9857, 76832
45.9964, 76616
46.0069, 76616
46.0172, 76616
46.0274, 76184
46.0376, 75752
46.0478, 75536
46.058, 75536
46.0682, 75320
46.0783, 75536
46.0885, 77264
46.0988, 78344
46.1091, 78560
46.1193, 78776
46.1295, 78776
46.1398, 78776
46.15, 77264
46.1601, 77048
46.1703, 77048
46.1804, 78128
46.1905, 78560
46.2007, 78992
46.2108, 77912
46.2209, 77696
46.2311, 77480
46.2412, 77696
46.2514, 77912
46.2615, 77912
46.2716, 77912
46.2818, 77912
46.2919, 77912
46.302, 77912
46.3122, 77696
46.3225, 77696
46.3326, 77696
46.3427, 77696
46.3529, 77696
46.363, 77480
46.3732, 77480
46.3834, 77480
46.4056, 78560
46.4159, 78992
46.4263, 78992
46.4366, 78128
46.447, 77264
46.4574, 77048
46.4677, 76400
46.478, 76184
46.4883, 76832
46.4987, 78344
46.509, 80288
46.5194, 80720
46.5297, 79640
46.5401, 78776
46.5504, 78128
46.5608, 79640
46.5711, 80072
46.5814, 80936
46.5918, 81584
46.6021, 82448
46.6124, 82880
46.6227, 82448
46.6331, 82448
46.6435, 82664
46.6538, 83528
46.6642, 83096
46.6744, 83096
46.6848, 83744
46.6951, 84824
46.7054, 83960
46.7157, 84608
46.7261, 85256
46.7364, 85904
46.7466, 85904
46.7569, 86120
46.7672, 86768
46.7774, 86336
46.7877, 86984
46.7979, 87200
46.8081, 86768
46.8183, 87200
46.8285, 86768
46.8387, 86120
46.849, 85040
46.8592, 84824
46.8694, 84824
46.8796, 85256
46.89, 85688
46.9003, 85472
46.9105, 83744
46.9207, 82664
46.9311, 81800
46.9415, 82232
46.9518, 82448
46.962, 82448
46.9723, 82880
46.9826, 82448
46.9929, 81584
47.0032, 80720
47.0135, 80936
47.0238, 80936
47.0342, 80720
47.0448, 80720
47.0554, 79640
47.0657, 79424
47.0761, 79208
47.0864, 78992
47.0968, 77696
47.1071, 77696
47.1177, 77480
47.1283, 78128
47.1387, 78128
47.1489, 77264
47.1592, 77048
47.1696, 76832
47.1801, 77048
47.1906, 77048
47.201, 77480
47.2113, 77264
47.2216, 77264
47.2319, 77480
47.2423, 77264
47.2525, 77264
47.2627, 77480
47.2731, 78776
47.2834, 78344
47.2936, 77480
47.3039, 77264
47.3141, 77048
47.3243, 76832
47.3346, 77048
47.345, 76832
47.3561, 76616
47.3669, 77480
47.3786, 77912
47.3893, 78344
47.4004, 78128
47.4108, 77696
47.422, 77048
47.434, 77048
47.4466, 77264
47.4584, 77480
47.47, 77048
47.4812, 76616
47.4916, 76400
47.502, 76616
47.5128, 77048
47.5235, 76184
47.5339, 76184
47.5442, 76184
47.5546, 76184
47.565, 76184
47.5752, 77480
47.5939, 78560
47.6057, 78776
47.6163, 78776
47.6276, 78128
47.6381, 77264
47.6492, 76832
47.6615, 77048
47.674, 77264
47.6858, 77048
47.6979, 76616
47.7096, 76400
47.7201, 76184
47.7308, 76184
47.7417, 76184
47.7536, 75752
47.7667, 76400
47.7794, 76832
47.7917, 76400
47.803, 76400
47.8136, 75968
47.825, 76400
47.8364, 76616
47.8473, 76832
47.8583, 76400
47.8693, 76184
47.8819, 76184
47.8933, 76616
47.9039, 76400
47.9146, 76400
47.9249, 76400
47.9352, 75968
47.9454, 75968
47.9556, 75752
47.9658, 76400
47.9761, 76616
47.9863, 76184
47.9965, 75320
48.0067, 75104
48.0169, 75104
48.027, 75104
48.0371, 75104
48.0473, 75320
48.0575, 75320
48.0676, 75536
48.0778, 75320
48.088, 75320
48.0981, 75320
48.1083, 75320
48.1185, 75320
48.1286, 75536
48.1387, 75320
48.149, 75104
48.1592, 75104
48.1694, 75104
48.1796, 75104
48.1897, 75104
48.1999, 75320
48.2101, 75320
48.2256, 76616
48.236, 77264
48.2462, 77264
48.2567, 77264
48.2687, 77264
48.2794, 76832
48.2899, 76616
48.3009, 76184
48.3118, 76832
48.3227, 77048
48.3337, 77048
48.3477, 76616
48.3589, 76616
48.3696, 76400
48.3803, 76400
48.3905, 76184
48.4007, 75968
48.4109, 75752
48.4211, 75320
48.4313, 75536
48.4416, 75536
48.4521, 75536
48.4626, 76184
48.4731, 76184
48.4835, 76400
48.494, 76400
48.5045, 76832
48.5149, 76616
48.5254, 76616
48.5358, 77480
48.5464, 77480
48.5568, 78344
48.5673, 79208
48.5778, 78344
48.5884, 78128
48.5989, 77264
48.6092, 77696
48.6195, 78344
48.6297, 78776
48.6401, 79208
48.6504, 79856
48.6607, 79856
48.671, 80072
48.6813, 80072
48.6917, 80288
48.702, 80072
48.7123, 80720
48.7225, 80504
48.7327, 80288
48.7429, 79856
48.7531, 79640
48.7633, 79208
48.7735, 78992
48.7857, 78992
48.796, 80504
48.8063, 81152
48.8166, 81584
48.8269, 82016
48.8373, 83312
48.8476, 84392
48.8579, 86336
48.8683, 88064
48.8786, 88712
48.889, 90224
48.8993, 88496
48.9096, 87416
48.9204, 86768
48.9307, 85904
48.9409, 84176
48.9511, 83528
48.9615, 83096
48.9717, 82880
48.982, 82664
48.9924, 81584
49.003, 80720
49.0133, 80288
49.0237, 79856
49.0341, 79208
49.0445, 78992
49.0552, 78776
49.0656, 78560
49.076, 78128
49.0864, 78128
49.0974, 78128
49.1084, 77912
49.1229, 78560
49.1373, 80504
49.1526, 80720
49.1637, 83528
49.1797, 82880
49.1912, 83096
49.2022, 82880
49.2141, 82232
49.2264, 82016
49.2422, 81800
49.254, 82880
49.266, 80720
49.2779, 80072
49.2892, 79856
49.3001, 82016
49.3116, 81368
49.3219, 79640
49.3334, 78344
49.3439, 78128
49.3541, 77912
49.3644, 77912
49.3748, 77912
49.3851, 77480
49.3954, 77696
49.4056, 77480
49.4159, 77480
49.4263, 77480
49.4367, 77696
49.4471, 78128
49.4578, 77696
49.4684, 77480
49.4787, 77264
49.4894, 77480
49.5, 77696
49.5104, 77696
49.5209, 77912
49.5311, 78128
49.5416, 77912
49.552, 77912
49.5624, 78128
49.5727, 78128
49.5832, 78128
49.5938, 78128
49.6042, 78128
49.6146, 78344
49.6249, 78344
49.6353, 78776
49.6456, 79424
49.6562, 78776
49.6665, 79208
49.6768, 78560
49.6871, 77696
49.6974, 77048
49.7078, 76616
49.7182, 76832
49.7286, 76832
49.7389, 76616
49.7491, 76832
49.7594, 78560
49.7701, 80072
49.7814, 79856
49.792, 78560
49.8023, 77696
49.8129, 77264
49.8241, 76616
49.8346, 76616
49.8449, 77912
49.8553, 78128
49.8657, 78128
49.8759, 77912
49.893, 77048
49.904, 77048
49.9143, 76616
49.9245, 76616
49.9347, 76184
49.9449, 76616
49.9551, 78128
49.9653, 78344
49.9756, 77912
49.9858, 77480
49.9961, 77480
50.0068, 78344
50.018, 78776
50.0299, 78992
50.0408, 78344
50.0516, 78128
50.0622, 78128
50.0731, 77912
50.084, 77264
50.0946, 77264
50.1048, 77048
50.115, 77048
50.1252, 77048
50.1354, 77048
50.1456, 77048
50.1557, 77264
50.1659, 77264
50.176, 77264
50.1862, 77480
50.1963, 77264
50.2064, 77480
50.2166, 77480
50.2267, 77480
50.2369, 77480
50.247, 77264
50.2572, 77048
50.2673, 77048
50.2775, 77048
50.2879, 76832
50.298, 77912
50.3082, 78992
50.3186, 79208
50.3289, 79208
50.3392, 78344
50.3494, 77480
50.3598, 77264
50.37, 77912
50.3803, 78560
50.3906, 78992
50.4009, 79424
50.4112, 80072
50.4215, 81368
50.4319, 81584
50.4423, 81584
50.4526, 81800
50.4629, 81584
50.4733, 81368
50.4835, 81152
50.4937, 79424
50.5039, 79208
50.5141, 78776
50.5256, 78560
50.5359, 80288
50.5462, 80936
50.5566, 81368
50.5668, 81584
50.5772, 81368
50.5874, 82016
50.5977, 82232
50.6079, 82448
50.6181, 82448
50.6283, 82664
50.6386, 82880
50.6488, 82664
50.6593, 81800
50.6698, 80936
50.6801, 81368
50.6905, 81368
50.7085, 80936
50.7195, 80936
50.73, 80720
50.7406, 80504
50.7512, 80072
50.7624, 79856
50.7732, 79856
50.7835, 78344
50.7938, 77696
50.804, 77480
50.8142, 77696
50.8244, 78344
50.8346, 78560
50.8448, 78560
50.8549, 78560
50.8651, 78344
50.8754, 78344
50.8856, 78344
50.8959, 78128
50.9063, 78128
50.9166, 78128
50.9269, 77912
50.9371, 77480
50.9474, 77264
50.9577, 77264
50.968, 77048
50.9784, 77264
50.9886, 77480
50.9989, 77696
51.0092, 77264
51.0196, 77264
51.0299, 77048
51.0402, 77264
51.0504, 77480
51.0606, 77480
51.0708, 77696
51.0811, 77696
51.0914, 77696
51.1016, 77696
51.1119, 77480
51.1222, 77480
51.1326, 77480
51.1429, 77048
51.1558, 77048
51.1665, 77048
51.179, 76616
51.19, 75968
51.2026, 76184
51.2139, 76616
51.2249, 77048
51.2357, 76184
51.2482, 76184
51.2602, 75968
51.272, 76184
51.2833, 76616
51.2972, 76832
51.3093, 76616
51.3217, 76400
51.3341, 76184
51.3465, 75968
51.3609, 76184
51.3715, 76184
51.382, 76184
51.3924, 75968
51.4026, 75320
51.4128, 75104
51.423, 75536
51.4333, 77048
51.4437, 76400
51.454, 76184
51.4642, 76184
51.4745, 76184
51.4848, 76184
51.495, 76184
51.5053, 76184
51.5155, 76400
51.5257, 76400
51.5361, 76400
51.5462, 76400
51.5565, 76400
51.5667, 76400
51.5769, 76616
51.5871, 76400
51.5973, 76616
51.6075, 76616
51.6177, 76832
51.6279, 76616
51.6382, 77696
51.6485, 77480
51.6587, 77696
51.669, 77264
51.6791, 76832
51.6893, 76400
51.6994, 76616
51.7095, 76832
51.7197, 77048
51.7298, 77048
51.7399, 76832
51.75, 76832
51.7602, 77048
51.7703, 77048
51.7897, 77696
51.8001, 78992
51.8103, 79424
51.8207, 79208
51.831, 78992
51.8413, 78776
51.8516, 78344
51.8619, 78560
51.8722, 78776
51.8825, 79208
51.893, 78344
51.9033, 77912
51.9136, 77912
51.9239, 79424
51.9342, 80936
51.9445, 81584
51.9548, 82232
51.9651, 83312
51.9753, 83960
51.9856, 84824
51.9959, 85904
52.0062, 86336
52.0165, 85688
52.0267, 86336
52.037, 86984
52.0474, 85256
52.0578, 85472
52.0681, 85688
52.0786, 85688
52.0889, 85040
52.0993, 85904
52.1096, 85472
52.12, 86336
52.1303, 86552
52.1407, 86336
52.1511, 85040
52.1616, 84824
52.1718, 85040
52.182, 84824
52.1924, 84608
52.2026, 84176
52.2129, 84608
52.2232, 84176
52.2334, 83096
52.2437, 82016
52.2539, 81584
52.2641, 80936
52.2743, 80720
52.2846, 80288
52.2949, 80072
52.3051, 80504
52.3155, 80288
52.3258, 79856
52.3361, 79640
52.3464, 79640
52.3568, 78776
52.3674, 78560
52.3783, 78128
52.3893, 78344
52.3996, 77696
52.4099, 77264
52.4202, 77048
52.4305, 77480
52.441, 78128
52.4512, 78560
52.4616, 79424
52.4721, 77912
52.4824, 76832
52.4926, 76616
52.5029, 76832
52.5132, 77264
52.5244, 78128
52.5348, 78992
52.5454, 78344
52.5556, 77696
52.5659, 77264
52.5761, 76616
52.5864, 76616
52.5966, 76400
52.6069, 76832
52.6171, 76832
52.6273, 77048
52.6376, 77048
52.6479, 77264
52.6582, 77912
52.6684, 77480
52.6787, 78560
52.6889, 78344
52.6992, 77696
52.7096, 77480
52.7203, 76832
52.7307, 77048
52.741, 77264
52.7513, 77264
52.7616, 77264
52.7719, 78128
52.7823, 78128
52.793, 78344
52.8042, 77912
52.8149, 77264
52.826, 77264
52.8378, 77048
52.8487, 76832
52.8628, 76616
52.8739, 76616
52.8941, 76616
52.9128, 76616
52.9234, 76616
52.9339, 76184
52.9444, 75968
52.9548, 75968
52.9651, 76400
52.9754, 76616
52.9861, 76616
52.9964, 76616
53.0068, 76616
53.0216, 76832
53.0322, 77912
53.043, 78344
53.0539, 78344
53.0645, 77696
53.075, 77048
53.0855, 77048
53.0958, 77048
53.1061, 76832
53.1169, 76616
53.1274, 76616
53.1382, 76616
53.149, 76616
53.1596, 76616
53.17, 76400
53.1806, 76400
53.1916, 75968
53.2034, 75968
53.2146, 76400
53.226, 76832
53.2363, 77048
53.247, 77264
53.2581, 77048
53.2697, 76832
53.281, 76832
53.2923, 76616
53.3049, 76616
53.3157, 76616
53.3266, 76400
53.3369, 76184
53.3471, 76184
53.3574, 76184
53.3676, 75968
53.3777, 76400
53.3879, 76832
53.3981, 77264
53.4082, 77264
53.4184, 77480
53.4286, 77264
53.4387, 77480
53.4489, 77480
53.4591, 77480
53.4692, 77480
53.4794, 77480
53.4896, 77480
53.4998, 77264
53.51, 77264
53.5202, 77480
53.5304, 77480
53.5406, 77696
53.5508, 77696
53.5611, 77696
53.5713, 77696
53.5816, 77696
53.5919, 78992
53.6022, 78992
53.6125, 78776
53.6233, 78560
53.6339, 78344
53.6448, 77696
53.6556, 77480
53.6664, 77480
53.6775, 78776
53.6884, 79208
53.6993, 79640
53.7104, 81584
53.7206, 80720
53.7308, 80288
53.741, 80072
53.7513, 80288
53.7615, 80288
53.7718, 80288
53.7821, 80288
53.7925, 80504
53.8029, 80504
53.8132, 80504
53.8236, 80288
53.8339, 80288
53.8442, 80504
53.8545, 80504
53.8648, 80720
53.875, 80288
53.8852, 80072
53.8954, 79424
53.9055, 79208
53.9157, 78776
53.9258, 78776
53.936, 78560
53.9462, 78344
53.9563, 78560
53.9666, 78344
53.9768, 78128
53.987, 78128
53.9971, 78128
54.0073, 78128
54.0174, 77696
54.0276, 77696
54.0377, 77480
54.0478, 77696
54.0579, 77912
54.0681, 77696
54.0782, 77048
54.0884, 77264
54.0985, 77264
54.1087, 77480
54.1263, 77696
54.1367, 79208
54.1469, 80720
54.1572, 80936
54.1679, 79856
54.1792, 80936
54.1895, 79640
54.1997, 79208
54.2101, 81152
54.2207, 82664
54.2311, 83744
54.2414, 84176
54.2518, 83960
54.262, 83960
54.2723, 84176
54.2825, 85472
54.2928, 86120
54.3032, 86336
54.3136, 84824
54.3243, 84392
54.3358, 83744
54.3472, 83744
54.3597, 82664
54.3709, 82016
54.382, 82664
54.3953, 84392
54.4113, 83096
54.4233, 83528
54.4347, 84392
54.4471, 83960
54.4581, 83744
54.4705, 83744
54.4822, 82880
54.493, 82664
54.5048, 82880
54.5152, 82664
54.5258, 83096
54.5363, 83528
54.5467, 83744
54.5579, 83096
54.5702, 82664
54.5824, 81368
54.5942, 81152
54.6055, 80936
54.6161, 81152
54.6264, 80720
54.6368, 80288
54.6472, 79208
54.6576, 78344
54.668, 78128
54.6783, 78128
54.6887, 78344
54.6992, 78344
54.7098, 77696
54.7206, 77696
54.7313, 77696
54.7417, 77480
54.7524, 79208
54.7633, 80072
54.7738, 80504
54.7842, 80504
54.7948, 80720
54.8052, 80504
54.8156, 79856
54.826, 79640
54.8364, 79424
54.8468, 79208
54.8571, 79424
54.8675, 79424
54.8778, 79424
54.8882, 79856
54.8985, 80504
54.909, 80504
54.9195, 79424
54.9302, 78344
54.9409, 77696
54.9515, 77480
54.962, 77264
54.9724, 77048
54.9829, 78128
54.9932, 78344
55.0036, 78128
55.014, 77480
55.0244, 77264
55.0347, 77264
55.0451, 77264
55.0553, 77264
55.0656, 77048
55.0758, 78128
55.086, 79424
55.0963, 79856
55.1066, 79856
55.1168, 78992
55.1271, 78344
55.1375, 78128
55.1478, 77696
55.1581, 77264
55.1683, 77048
55.1785, 77048
55.1889, 77696
55.1993, 78128
55.2095, 78776
55.2197, 78992
55.2299, 78992
55.2402, 79424
55.2506, 79424
55.2608, 78776
55.271, 78560
55.2813, 78128
55.2915, 78560
55.3018, 78776
55.3122, 78992
55.3233, 78344
55.3339, 78344
55.3444, 78128
55.355, 78128
55.3657, 77912
55.3763, 77480
55.3871, 77480
55.3973, 77480
55.4076, 77480
55.4178, 77696
55.4282, 77912
55.4385, 77912
55.4488, 77696
55.4591, 77912
55.4694, 79640
55.4797, 80072
55.49, 80072
55.5002, 80072
55.5104, 80072
55.5207, 79208
55.531, 80288
55.5413, 80936
55.5516, 81368
55.5618, 81800
55.572, 82016
55.5823, 82016
55.5925, 82016
55.6027, 82016
55.613, 81800
55.6232, 81152
55.6334, 81152
55.6435, 81152
55.6537, 80936
55.6639, 80936
55.674, 80936
55.6842, 80936
55.6943, 80936
55.7045, 80936
55.7147, 80720
55.7248, 80720
55.735, 80504
55.7452, 80504
55.7554, 80720
55.7657, 80720
55.7758, 80504
55.786, 79856
55.7962, 79640
55.8064, 79424
55.8169, 79208
55.8274, 77912
55.8378, 77696
55.8482, 77480
55.8588, 77264
55.8692, 77048
55.88, 76832
55.8909, 76832
55.9013, 76616
55.9119, 76616
55.9222, 76832
55.9329, 76832
55.9437, 77048
55.9547, 76400
55.9661, 76616
55.9769, 76832
55.9875, 77048
55.9986, 77264
56.0092, 77480
56.0205, 77480
56.0317, 77480
56.042, 77264
56.0524, 77264
56.063, 77048
56.0732, 76832
56.0835, 76832
56.0938, 76832
56.1042, 76832
56.1144, 76832
56.1247, 76832
56.135, 76832
56.1452, 77048
56.1555, 77264
56.1657, 78560
56.1759, 79208
56.1863, 79640
56.1965, 79424
56.2067, 78776
56.2169, 78344
56.2272, 78344
56.2374, 78128
56.2477, 77912
56.2579, 77912
56.2681, 77912
56.2785, 78128
56.2889, 77696
56.2992, 77480
56.3096, 77480
56.3198, 77480
56.3302, 77480
56.3405, 77480
56.3507, 77696
56.361, 77696
56.3712, 77912
56.3816, 77912
56.3919, 77912
56.4021, 78128
56.4123, 77696
56.4225, 77480
56.4328, 77264
56.4536, 77696
56.4641, 78128
56.4746, 78128
56.4849, 77048
56.4955, 77264
56.5058, 77480
56.5166, 77264
56.5283, 77048
56.5414, 76832
56.5524, 76616
56.5631, 76616
56.5746, 76616
56.5864, 76616
56.5982, 76616
56.6095, 76832
56.62, 77264
56.6303, 77048
56.6406, 76832
56.651, 76832
56.6615, 76832
56.6717, 77480
56.682, 78992
56.6923, 79640
56.7025, 79856
56.7128, 80288
56.723, 80288
56.7332, 80288
56.7434, 78776
56.7537, 78344
56.764, 77912
56.7743, 77480
56.7846, 77480
56.7949, 77264
56.805, 77048
56.8152, 77048
56.8254, 77048
56.8357, 77480
56.8459, 78128
56.856, 78560
56.8662, 78560
56.8763, 78344
56.8865, 78560
56.8966, 78560
56.9068, 78128
56.917, 77480
56.9272, 77264
56.9374, 77048
56.9475, 76400
56.9577, 76400
56.9678, 76400
56.9779, 76400
56.988, 76832
56.9982, 77048
57.0084, 77048
57.0186, 77048
57.0339, 78560
57.0446, 79856
57.0554, 81368
57.0658, 80504
57.0762, 79856
57.0865, 78776
57.0966, 78128
57.1068, 78992
57.1169, 78992
57.127, 78560
57.1373, 77912
57.1476, 77480
57.158, 77696
57.1682, 79208
57.1785, 80072
57.1888, 80288
57.199, 82880
57.2093, 85472
57.2196, 85472
57.2299, 84392
57.2402, 84392
57.2505, 84824
57.2607, 84824
57.271, 84392
57.2813, 84176
57.2916, 84392
57.302, 84824
57.3123, 86768
57.3227, 86120
57.3331, 85472
57.3435, 86120
57.3537, 85688
57.3641, 86120
57.3744, 84824
57.3848, 84608
57.3951, 84392
57.4055, 83744
57.4159, 84392
57.4262, 86552
57.4365, 88496
57.4467, 87848
57.4569, 83744
57.4672, 82664
57.4775, 82016
57.4877, 81368
57.4978, 81152
57.508, 80720
57.5182, 80504
57.5286, 80504
57.5395, 80288
57.5498, 80288
57.5601, 80288
57.5704, 80072
57.5808, 81152
57.5911, 80720
57.6014, 80720
57.6116, 80504
57.6222, 80936
57.6325, 80072
57.6428, 79208
57.6534, 78776
57.6654, 79208
57.6759, 80072
57.6862, 79208
57.6965, 78344
57.7068, 78128
57.7171, 77912
57.7275, 79208
57.7378, 79424
57.7483, 79424
57.7587, 78992
57.769, 78776
57.7793, 78560
57.7898, 77912
57.8004, 77912
57.8107, 78128
57.8214, 78560
57.8318, 78128
57.8421, 77696
57.8523, 77480
57.8626, 77480
57.8728, 77480
57.883, 77480
57.8932, 77480
57.9034, 77480
57.9136, 77912
57.9248, 78128
57.935, 79640
57.9454, 79424
57.9556, 79640
57.966, 79424
57.9767, 78344
57.9874, 77480
57.9979, 77480
58.0088, 77264
58.0195, 77264
58.0302, 77696
58.0414, 78992
58.0538, 80504
58.0644, 79640
58.076, 79208
58.0898, 78560
58.1023, 78344
58.1141, 77480
58.1247, 77264
58.1352, 77048
58.1457, 77048
58.1583, 76832
58.1781, 77048
58.1915, 77048
58.2018, 76616
58.2121, 76832
58.2225, 76832
58.233, 77048
58.2435, 77264
58.2539, 77480
58.2645, 78344
58.2759, 77912
58.2882, 77480
58.2987, 76832
58.3093, 77048
58.3203, 77264
58.3319, 77264
58.3436, 76616
58.3562, 76616
58.3676, 76400
58.3783, 76616
58.3888, 76616
58.3999, 76400
58.4116, 76832
58.4223, 77264
58.4348, 77048
58.4471, 76832
58.458, 76616
58.4698, 76616
58.4805, 77264
58.492, 77264
58.5028, 77264
58.5133, 77048
58.5239, 76832
58.5342, 77048
58.5445, 76832
58.5548, 76184
58.565, 76184
58.5752, 76184
58.5854, 76184
58.5956, 76400
58.6058, 76616
58.616, 76832
58.6262, 76832
58.6365, 77048
58.6467, 77480
58.657, 77264
58.6673, 77264
58.6775, 77696
58.6878, 77696
58.6981, 77264
58.7083, 77048
58.7185, 76832
58.7287, 76832
58.7389, 77048
58.7491, 77264
58.7595, 77264
58.77, 77480
58.7805, 77696
58.7907, 77696
58.801, 77696
58.8113, 78128
58.8217, 78776
58.8322, 78344
58.8429, 77696
58.8535, 77696
58.864, 77264
58.8749, 76832
58.8858, 76616
58.8965, 76616
58.9074, 76832
58.9184, 76832
58.929, 76616
58.94, 76616
58.9507, 76400
58.961, 78344
58.9713, 79640
58.9815, 80288
58.9918, 80504
59.0021, 78776
59.0123, 78344
59.0227, 78776
59.033, 79208
59.0433, 79424
59.0536, 79640
59.0639, 79640
59.0741, 79640
59.0844, 79640
59.0946, 80936
59.1048, 79424
59.1149, 79424
59.1251, 78992
59.1353, 78776
59.1455, 78776
59.1556, 78560
59.1658, 78344
59.1759, 78560
59.1861, 78344
59.1962, 78344
59.2064, 78344
59.2165, 78344
59.2267, 78344
59.2368, 78128
59.247, 78128
59.2573, 78128
59.2675, 78128
59.2776, 78128
59.2877, 77912
59.2979, 78128
59.308, 78128
59.3182, 78128
59.3284, 78128
59.3385, 77912
59.3487, 78128
59.3589, 77912
59.3691, 78776
59.3798, 80072
59.3904, 80720
59.4009, 81152
59.4112, 82232
59.4216, 81152
59.4319, 80504
59.4422, 79856
59.4524, 82448
59.4627, 87200
59.4732, 86768
59.4835, 85904
59.4938, 85256
59.5041, 85688
59.5145, 85040
59.5248, 85040
59.535, 84392
59.5453, 83744
59.5556, 82232
59.567, 82232
59.5787, 82448
59.5894, 83096
59.6019, 82880
59.6146, 82880
59.6257, 82448
59.6371, 82880
59.649, 82664
59.6601, 83096
59.671, 82880
59.6828, 82232
59.6944, 82016
59.707, 81152
59.719, 80504
59.7314, 80288
59.7426, 79208
59.7541, 78776
59.7666, 78344
59.779, 77696
59.791, 77480
59.8027, 77264
59.8131, 77048
59.8235, 77264
59.8339, 77696
59.8442, 78560
59.8546, 79208
59.8651, 78560
59.8756, 77912
59.8864, 77912
59.8978, 77480
59.9089, 77696
59.9199, 77696
59.9303, 77696
59.9411, 77480
59.9543, 77264
59.9655, 77048
59.9757, 77048
59.9859, 77264
59.9961, 78776
60.0063, 79640
60.0166, 80072
60.0269, 79424
60.0373, 78992
60.0478, 78776
60.0583, 78560
60.0688, 78992
60.0793, 78992
60.0897, 78992
60.1001, 78992
60.1106, 79424
60.1211, 79856
60.1316, 79640
60.1427, 79856
60.1532, 79208
60.1633, 78776
60.1735, 78560
60.1837, 78344
60.194, 78344
60.2045, 78128
60.2147, 78128
60.225, 78128
60.2355, 78128
60.2457, 77696
60.2559, 77048
60.2661, 76616
60.2763, 76400
60.2866, 76616
60.2969, 78776
60.3073, 78560
60.3175, 78128
60.3279, 77480
60.3381, 77048
60.3484, 76832
60.3587, 78776
60.3689, 78992
60.3792, 78992
60.3894, 78560
60.3996, 78344
60.41, 78560
60.4203, 77480
60.4305, 77048
60.4408, 76832
60.451, 76616
60.4613, 77912
60.4717, 78128
60.4823, 78560
60.4943, 77912
60.5053, 77696
60.516, 77480
60.5266, 77264
60.5372, 76832
60.5478, 76832
60.5584, 76832
60.5686, 76832
60.5788, 76616
60.5889, 76400
60.5991, 76184
60.6092, 76184
60.6194, 76400
60.6298, 77048
60.6401, 77480
60.6503, 77048
60.6605, 76832
60.6707, 76616
60.6808, 76616
60.691, 78776
60.7013, 78992
60.7116, 78560
60.7219, 78128
60.7321, 78128
60.7423, 79424
60.7525, 79208
60.7627, 79424
60.773, 79856
60.7833, 80504
60.7936, 82448
60.8039, 82664
60.8141, 82880
60.8244, 82880
60.8347, 83096
60.8449, 81800
60.8551, 80936
60.8653, 80504
60.8755, 80072
60.8857, 79856
60.8959, 79640
60.9061, 80288
60.9164, 81368
60.9266, 82016
60.9369, 82448
60.9474, 82664
60.9576, 82880
60.9679, 83096
60.9781, 83096
60.9886, 83528
60.9989, 83312
61.0096, 82664
61.0204, 82664
61.0317, 82232
61.0432, 83096
61.055, 83528
61.0666, 83960
61.0775, 83312
61.0886, 82880
61.0994, 82664
61.1165, 82448
61.1267, 80936
61.1368, 80504
61.147, 80072
61.1571, 80072
61.1673, 79856
61.1774, 80072
61.1876, 81368
61.1977, 82016
61.208, 81368
61.2182, 80720
61.2283, 80288
61.2385, 79640
61.2488, 79424
61.2591, 79208
61.2698, 78992
61.2802, 78128
61.2905, 77912
61.3009, 77696
61.3112, 77696
61.3214, 77480
61.3318, 77696
61.3421, 78560
61.3525, 78992
61.3629, 78992
61.3732, 78560
61.3835, 78560
61.3939, 78344
61.4042, 77696
61.4145, 77264
61.4249, 77048
61.4352, 77696
61.4455, 78128
61.4559, 78344
61.4662, 77912
61.4765, 77480
61.4868, 77480
61.4971, 77696
61.5075, 78128
61.5177, 78344
61.528, 77264
61.5384, 77264
61.5488, 77048
61.5596, 76832
61.5705, 77480
61.5809, 77912
61.5917, 77696
61.6021, 77480
61.6127, 77264
61.6248, 77264
61.6359, 77264
61.6462, 76616
61.658, 76616
61.6726, 76400
61.6858, 76400
61.6981, 77048
61.7177, 77696
61.728, 77696
61.7383, 77480
61.7485, 77264
61.7588, 77048
61.7691, 77048
61.7793, 76616
61.7895, 76184
61.7999, 76616
61.8103, 77696
61.8207, 77048
61.831, 76616
61.8413, 76400
61.8516, 76400
61.8619, 76616
61.872, 77048
61.8827, 77264
61.8931, 77264
61.9033, 77048
61.9136, 77048
61.9239, 76832
61.9341, 76832
61.9444, 76832
61.9546, 76832
61.9648, 77048
61.975, 77264
61.9852, 77480
61.9957, 77912
62.006, 78776
62.0162, 78776
62.0263, 77696
62.0365, 77048
62.0467, 76832
62.0568, 76616
62.067, 76832
62.0771, 76832
62.0873, 76832
62.0974, 76832
62.1075, 77048
62.1177, 76832
62.1278, 77048
62.138, 76832
62.1482, 77048
62.1669, 78344
62.1772, 78776
62.1878, 78992
62.1982, 78128
62.2086, 77480
62.2189, 77480
62.2293, 76832
62.2396, 76400
62.2501, 76400
62.2604, 77912
62.2707, 80504
62.2811, 80720
62.2916, 79208
62.302, 78560
62.3124, 77912
62.3229, 77696
62.3334, 77696
62.3438, 77480
62.3541, 77264
62.3645, 77264
62.3748, 77264
62.3853, 77264
62.3957, 77264
62.406, 77264
62.4163, 77264
62.4266, 77264
62.4369, 77264
62.4472, 77264
62.4576, 77264
62.4679, 77264
62.4782, 77912
62.4884, 78344
62.4988, 78776
62.5091, 79856
62.5196, 79856
62.5299, 79856
62.5402, 80720
62.5505, 81584
62.5608, 81584
62.5712, 82016
62.5816, 82664
62.5919, 83096
62.6022, 83960
62.6124, 85472
62.6227, 86336
62.6329, 86984
62.6432, 86984
62.6534, 87632
62.6637, 85904
62.6739, 84176
62.6841, 83744
62.6943, 83096
62.7045, 82448
62.7148, 81800
62.725, 81800
62.7353, 81152
62.7456, 81152
62.7559, 81368
62.7663, 80936
62.7766, 80936
62.7868, 80936
62.797, 80720
62.8073, 80288
62.8176, 80072
62.8279, 79856
62.8382, 79640
62.8487, 79640
62.8593, 78776
62.8696, 78560
62.8798, 78344
62.8901, 78128
62.9004, 78344
62.9106, 78992
62.9209, 78776
62.9311, 78776
62.9413, 78560
62.9515, 78344
62.9617, 78776
62.972, 80936
62.9824, 81368
62.9927, 80072
