time, temp
0.000559899, 60200
0.0111094, 60200
0.0217876, 60200
0.0323059, 60416
0.0426841, 60416
0.0531404, 60632
0.0636822, 60632
0.0742723, 60632
0.0847047, 60848
0.0952402, 60848
0.105678, 60848
0.116006, 61064
0.126351, 61280
0.136663, 61280
0.146981, 61496
0.157308, 61496
0.167618, 61712
0.177965, 61712
0.188315, 61712
0.198664, 61928
0.208984, 61928
0.219342, 61928
0.229668, 61928
0.239984, 62144
0.250337, 62144
0.260686, 62144
0.27106, 62576
0.281403, 62792
0.291789, 63224
0.30214, 63440
0.312463, 63440
0.322794, 63440
0.333225, 63440
0.343649, 63656
0.354135, 63440
0.364582, 63440
0.375103, 63440
0.385672, 63440
0.39624, 63656
0.406834, 63872
0.417327, 64088
0.427746, 64304
0.438174, 64736
0.448565, 65816
0.458873, 65600
0.469207, 65600
0.479689, 65600
0.489986, 65600
0.500215, 65600
0.510485, 65816
0.52078, 66032
0.53106, 66248
0.54137, 67112
0.551581, 66896
0.561949, 66680
0.572192, 66896
0.582421, 67112
0.592661, 67544
0.602881, 69272
0.613144, 69056
0.623382, 69056
0.633629, 69272
0.643887, 69272
0.654167, 70568
0.664436, 70352
0.674737, 70136
0.684993, 70136
0.695376, 70136
0.705658, 71432
0.716026, 71648
0.726313, 72512
0.736916, 73160
0.747662, 73808
0.758175, 74024
0.768661, 74240
0.779156, 74240
0.789647, 74456
0.799918, 72512
0.810177, 71864
0.820475, 71432
0.83069, 71432
0.840982, 71216
0.851206, 71000
0.861383, 71216
0.871666, 71216
0.881918, 71216
0.89212, 71216
0.902321, 71216
0.912583, 71216
0.922892, 71216
0.933127, 71216
0.943323, 71432
0.953515, 71432
0.963734, 71432
0.973903, 71648
0.984079, 71648
0.99431, 71648
1.00456, 71648
1.01481, 71648
1.0251, 71432
1.03532, 71648
1.04549, 71864
1.05569, 72296
1.06589, 72512
1.07604, 72512
1.08618, 72512
1.09633, 72728
1.10648, 72944
1.11663, 72944
1.1268, 72944
1.13707, 72944
1.14749, 72944
1.15798, 74888
1.16823, 75752
1.17853, 76184
1.18877, 76832
1.19901, 77264
1.21924, 77480
1.22983, 77912
1.24029, 77048
1.25093, 77264
1.26143, 78344
1.27188, 78560
1.2823, 78992
1.29291, 79208
1.30309, 77048
1.31322, 76400
1.32338, 75752
1.3336, 75536
1.34392, 75752
1.35427, 75320
1.36455, 75320
1.37489, 75104
1.38516, 74888
1.39547, 74456
1.40583, 74456
1.41609, 74240
1.42634, 74024
1.43663, 74240
1.44698, 74240
1.45725, 74024
1.46756, 74024
1.47777, 74024
1.48798, 73808
1.49818, 73808
1.50834, 73808
1.51855, 74024
1.52869, 74024
1.53897, 74024
1.54921, 74240
1.5595, 74024
1.56979, 73808
1.58003, 73808
1.59024, 73808
1.60041, 73808
1.61065, 74024
1.62085, 73808
1.63103, 73592
1.64126, 74240
1.65156, 75968
1.66195, 76184
1.67237, 77264
1.68286, 77480
1.69352, 76832
1.70414, 77912
1.71477, 78128
1.72538, 78344
1.73601, 78344
1.74675, 78344
1.75734, 78344
1.76756, 76616
1.77772, 75536
1.788, 75320
1.79835, 74888
1.80865, 74888
1.81894, 74888
1.82921, 74672
1.8394, 74672
1.84963, 74672
1.85987, 74672
1.87008, 74672
1.88035, 74888
1.89059, 74672
1.90077, 74672
1.91097, 74888
1.9213, 74888
1.93163, 74672
1.94195, 74672
1.95216, 74672
1.96234, 74456
1.97261, 74240
1.98281, 74456
1.99298, 74456
2.0032, 74672
2.01351, 74456
2.02376, 74672
2.03403, 74672
2.04425, 74456
2.05449, 74672
2.06471, 74672
2.0749, 74672
2.08518, 74888
2.09542, 74888
2.10569, 74888
2.1159, 74888
2.12614, 74888
2.13636, 75104
2.14668, 75968
2.16229, 77264
2.17255, 78128
2.18282, 76616
2.19316, 76832
2.20344, 79856
2.21366, 78992
2.22398, 80504
2.23428, 81584
2.2446, 81800
2.2549, 81800
2.26513, 82448
2.27548, 83312
2.28579, 83528
2.2961, 83312
2.30634, 84392
2.31659, 84392
2.32684, 85256
2.33716, 85472
2.34749, 85256
2.35776, 85904
2.36801, 85256
2.37843, 85472
2.38871, 87632
2.39904, 88064
2.40927, 86768
2.41951, 86120
2.42975, 84824
2.43999, 83960
2.45024, 84176
2.46048, 84608
2.47075, 85904
2.48112, 85904
2.49138, 86552
2.50165, 86984
2.51202, 86552
2.52231, 86552
2.53262, 86552
2.54287, 86984
2.55308, 87200
2.56329, 88064
2.57349, 87632
2.58369, 89576
2.5939, 89792
2.60412, 89144
2.6144, 90224
2.62466, 90440
2.6349, 89360
2.64515, 90008
2.65539, 88712
2.6656, 89144
2.67582, 89144
2.6861, 85904
2.69637, 85472
2.7066, 85256
2.71682, 85904
2.72707, 86336
2.7373, 86552
2.74756, 86336
2.75783, 86552
2.76802, 86768
2.77825, 86552
2.78855, 85904
2.79878, 86984
2.80892, 87632
2.8191, 86984
2.82927, 86552
2.83945, 85688
2.8497, 84176
2.85992, 83960
2.87012, 84392
2.8804, 84608
2.89067, 83960
2.90094, 84176
2.91112, 84176
2.92133, 84392
2.93156, 84392
2.94177, 84176
2.95204, 84608
2.96228, 84824
2.97244, 83960
2.98262, 84176
2.99284, 83744
3.00307, 83960
3.0133, 84176
3.02356, 84392
3.03389, 84824
3.0441, 84824
3.05434, 83960
3.06456, 83312
3.07475, 83960
3.08497, 84824
3.09528, 84608
3.1056, 82880
3.11583, 82880
3.12615, 83096
3.13659, 82880
3.1469, 82232
3.15751, 81368
3.16806, 81368
3.17872, 81152
3.18925, 81368
3.19973, 81368
3.21024, 81584
3.22046, 82448
3.23076, 83312
3.24098, 83744
3.2512, 83312
3.26139, 83528
3.27153, 84608
3.28172, 83960
3.29195, 83312
3.30223, 83744
3.31252, 83528
3.32283, 83312
3.3331, 83744
3.34339, 83744
3.35364, 83528
3.36387, 83096
3.37409, 83528
3.38427, 84392
3.39456, 83096
3.40481, 83096
3.41506, 83744
3.42533, 83744
3.43553, 83744
3.44573, 83960
3.45595, 83960
3.46618, 83960
3.47642, 83744
3.48672, 83744
3.49707, 83312
3.50734, 83528
3.51766, 83744
3.52797, 83960
3.53817, 83528
3.54838, 84176
3.5586, 83960
3.56884, 84392
3.57915, 83960
3.58942, 84176
3.59971, 84824
3.61008, 84176
3.62375, 82880
3.63409, 82664
3.64435, 83096
3.65461, 83744
3.6649, 83744
3.67513, 84176
3.68537, 84392
3.6956, 84608
3.70593, 84176
3.71661, 83528
3.7273, 81800
3.73795, 81584
3.74851, 81800
3.75911, 81584
3.7697, 81368
3.78023, 81368
3.7907, 81368
3.80119, 81152
3.8114, 79424
3.82163, 79208
3.8319, 78992
3.84222, 78992
3.85248, 78992
3.86271, 79208
3.87289, 79640
3.88311, 79640
3.8933, 79640
3.90354, 79856
3.91373, 80072
3.92389, 80072
3.93425, 80072
3.94446, 80072
3.95468, 79856
3.96489, 79856
3.97516, 79424
3.98543, 78992
3.99566, 78776
4.00594, 78992
4.01609, 78776
4.02627, 79208
4.03647, 79424
4.0467, 79208
4.05696, 79424
4.06727, 79424
4.07743, 79208
4.08761, 79208
4.09786, 79424
4.10818, 79424
4.11853, 79208
4.1288, 79208
4.13899, 78992
4.14921, 78992
4.15945, 78992
4.16979, 80720
4.18011, 81584
4.1904, 81800
4.20111, 81584
4.21183, 82232
4.22212, 81584
4.23281, 82232
4.24343, 82232
4.25399, 82232
4.26445, 82448
4.27515, 82664
4.28587, 82664
4.29615, 82448
4.30644, 82232
4.31668, 82232
4.32692, 82016
4.33715, 82016
4.34738, 82016
4.35762, 81800
4.36786, 82016
4.37814, 82016
4.3883, 82016
4.39855, 82016
4.40881, 81800
4.41912, 81800
4.42934, 82016
4.43957, 82016
4.44994, 82016
4.46017, 81800
4.47047, 81800
4.48071, 81800
4.49103, 81800
4.50134, 81584
4.51158, 81584
4.5218, 81584
4.53202, 81584
4.54224, 81800
4.55247, 81584
4.5627, 81584
4.57289, 81800
4.58322, 81800
4.59353, 81584
4.60375, 81800
4.61405, 82016
4.62425, 81800
4.63448, 81800
4.64468, 82016
4.65491, 82016
4.66517, 82016
4.67542, 82016
4.68577, 82016
4.6961, 82448
4.70634, 82880
4.71655, 83312
4.72687, 83528
4.73717, 84176
4.74755, 85472
4.75775, 85472
4.76796, 86768
4.77829, 85688
4.78853, 85688
4.79874, 85472
4.809, 85904
4.8192, 85904
4.82943, 86768
4.83978, 85904
4.85009, 86984
4.86045, 86552
4.87073, 86120
4.88097, 86984
4.89124, 86120
4.90153, 86768
4.91199, 86336
4.92235, 86552
4.93268, 85472
4.94301, 86120
4.95332, 86336
4.96368, 85040
4.97408, 85040
4.98441, 85688
4.99475, 84824
5.00512, 85688
5.0155, 85040
5.02592, 85472
5.03634, 85040
5.04674, 83960
5.05708, 83744
5.06735, 86336
5.07764, 86984
5.08792, 88064
5.09824, 87200
5.10852, 85472
5.11886, 84392
5.12912, 84608
5.1394, 85040
5.14964, 85256
5.15981, 85472
5.17004, 85256
5.18038, 85256
5.19069, 85472
5.20104, 85040
5.21126, 85688
5.22147, 85688
5.23175, 86120
5.24195, 85472
5.25214, 85904
5.26241, 85472
5.27262, 85472
5.28296, 85256
5.29323, 85040
5.30344, 85904
5.31368, 86120
5.32387, 86336
5.33409, 86552
5.34431, 87416
5.3545, 86552
5.36473, 86120
5.37497, 86336
5.38526, 85688
5.39563, 85040
5.40604, 85688
5.41633, 84176
5.42659, 83312
5.43677, 83312
5.44704, 83312
5.45733, 83744
5.46762, 85040
5.47793, 85472
5.48822, 85904
5.49848, 86984
5.50878, 87200
5.51914, 86552
5.5294, 88064
5.53966, 87200
5.54993, 85472
5.56013, 84824
5.57049, 85256
5.58078, 86336
5.59125, 87200
5.60159, 85256
5.61211, 83528
5.62512, 82016
5.63534, 82664
5.64562, 82664
5.65624, 83312
5.66679, 83528
5.67739, 83744
5.68801, 83960
5.69858, 83744
5.7093, 83096
5.71956, 81368
5.72975, 80504
5.74, 79856
5.75024, 79856
5.7605, 79856
5.77071, 79856
5.78085, 79640
5.79101, 79640
5.80123, 79640
5.81142, 79856
5.8216, 79640
5.83175, 79856
5.84196, 79856
5.85217, 79640
5.86246, 79424
5.87266, 79424
5.88285, 79640
5.8931, 79640
5.90342, 79640
5.9137, 79640
5.92394, 79640
5.93419, 79856
5.94444, 79856
5.95471, 79856
5.96497, 79640
5.97525, 79640
5.98551, 79640
5.99575, 79640
6.00596, 79640
6.0162, 79856
6.02652, 79856
6.0368, 79856
6.04706, 79640
6.05733, 79856
6.0676, 79856
6.07793, 79856
6.08819, 79856
6.09847, 79640
6.10886, 79640
6.13974, 81584
6.15002, 83096
6.16023, 82880
6.17055, 83096
6.18082, 83744
6.19106, 83960
6.20133, 83312
6.21161, 84176
6.22223, 84392
6.23269, 84176
6.24328, 84176
6.25387, 84176
6.26429, 84392
6.27481, 84392
6.28543, 83960
6.29578, 82232
6.306, 80936
6.31617, 80504
6.3264, 80288
6.33661, 80288
6.34682, 80072
6.35703, 79856
6.36723, 79856
6.37746, 79640
6.38774, 79640
6.39801, 79208
6.40826, 79208
6.41854, 79208
6.42882, 78992
6.43917, 78776
6.44939, 78776
6.45966, 78776
6.46989, 78776
6.48008, 78776
6.49037, 78560
6.50068, 78560
6.51117, 78776
6.5215, 78560
6.53175, 78776
6.54202, 78560
6.55231, 78560
6.56258, 78344
6.57287, 78560
6.5832, 78344
6.59351, 78344
6.60401, 78344
6.61435, 78344
6.62461, 78344
6.63496, 78344
6.64522, 78560
6.65547, 78776
6.66564, 78776
6.67978, 80504
6.69013, 81152
6.70047, 81800
6.71077, 81368
6.72151, 82448
6.73196, 81800
6.74262, 81800
6.75323, 82664
6.76376, 83312
6.77429, 83312
6.78486, 83528
6.79547, 83312
6.80598, 82664
6.81624, 80720
6.82653, 81368
6.83674, 80288
6.84697, 79640
6.85715, 79424
6.86728, 78776
6.8775, 78776
6.88763, 78560
6.89782, 78344
6.90797, 78344
6.91811, 77912
6.92832, 78128
6.93875, 77912
6.94896, 77696
6.95927, 77696
6.96947, 77264
6.97965, 77048
6.98982, 77048
6.99999, 77048
7.01019, 76832
7.02039, 76400
7.03065, 76400
7.04085, 76400
7.05106, 76184
7.06125, 76184
7.07155, 76184
7.08231, 75968
7.09252, 75968
7.10271, 75752
7.11297, 75968
7.12326, 76184
7.13348, 76400
7.14363, 76400
7.15383, 76616
7.16414, 77048
7.17442, 76832
7.18469, 76400
7.19506, 76400
7.20529, 75968
7.21553, 76184
7.22589, 78128
7.23621, 78776
7.24662, 78560
7.25711, 78128
7.2685, 77264
7.28019, 77264
7.29048, 76832
7.30087, 76184
7.31221, 76400
7.32289, 77264
7.33379, 78128
7.34446, 77696
7.3547, 77912
7.36493, 77912
7.37516, 77912
7.38539, 77696
7.39588, 77048
7.407, 76832
7.41762, 77048
7.42815, 77048
7.43879, 77048
7.44956, 77048
7.46019, 77264
7.472, 77048
7.48281, 77048
7.49399, 77264
7.50488, 77048
7.51621, 77048
7.5269, 77264
7.53782, 76832
7.54841, 77264
7.55993, 77048
7.57098, 76832
7.58171, 77264
7.59232, 76832
7.60325, 76184
7.61416, 75968
7.62465, 75752
7.63492, 76184
7.64521, 76616
7.65592, 77048
7.66649, 77264
7.67709, 77696
7.68788, 77696
7.69835, 77912
7.7088, 78344
7.71968, 77912
7.73066, 77696
7.74108, 77480
7.75143, 77048
7.76195, 77480
7.77256, 77048
7.78295, 77048
7.79318, 78128
7.80341, 78776
7.81367, 80504
7.82394, 79856
7.83416, 79208
7.84441, 78560
7.8546, 78128
7.86479, 77264
7.87498, 77048
7.88517, 76832
7.89536, 77048
7.90564, 77264
7.91597, 77696
7.92628, 77912
7.93649, 78344
7.94714, 79208
7.95741, 78776
7.9677, 78344
7.97798, 78344
7.98822, 77480
7.99853, 76832
8.00885, 76400
8.01916, 76832
8.02944, 77264
8.03973, 77480
8.04992, 77048
8.0601, 76832
8.07029, 76616
8.08056, 78128
8.09187, 77696
8.10235, 78992
8.11272, 78128
8.12312, 78992
8.1336, 78992
8.14413, 78776
8.15517, 80720
8.16603, 81368
8.1771, 81368
8.18802, 81584
8.19887, 81800
8.20985, 81800
8.22087, 82016
8.23195, 82232
8.24274, 82448
8.25309, 81368
8.26351, 80288
8.27382, 79640
8.28412, 78992
8.29454, 78776
8.30512, 78560
8.31564, 78344
8.32615, 77912
8.33672, 77696
8.34732, 77480
8.35767, 77264
8.36804, 76832
8.37833, 77048
8.38872, 77048
8.39991, 77048
8.41052, 76832
8.42092, 76832
8.43117, 76832
8.44145, 76832
8.45175, 78128
8.46203, 79856
8.47233, 79424
8.48305, 79856
8.49392, 80072
8.5047, 79424
8.51537, 79424
8.52621, 79208
8.53692, 78776
8.54757, 77696
8.55828, 77696
8.56893, 77264
8.57931, 76832
8.59003, 76832
8.60049, 77048
8.61119, 77264
8.62171, 77264
8.63244, 76616
8.64323, 76400
8.65409, 76616
8.6647, 75968
8.67502, 75752
8.68532, 75752
8.69554, 76616
8.70654, 76832
8.7188, 77264
8.73059, 76400
8.74195, 76184
8.75435, 75968
8.76503, 75968
8.77562, 75968
8.7866, 75968
8.79758, 76184
8.80854, 76184
8.81926, 76184
8.83034, 76184
8.84193, 76184
8.85292, 76184
8.86399, 75968
8.87428, 75968
8.88469, 76400
8.89521, 76400
8.90573, 77696
8.91709, 76832
8.92794, 76184
8.93916, 75752
8.95112, 75536
8.96315, 75752
8.97373, 75968
8.98458, 76184
8.99631, 76832
9.00714, 78344
9.01785, 78128
9.0292, 77480
9.04046, 76832
9.05198, 76616
9.06307, 76616
9.07423, 76400
9.08517, 76184
9.09596, 76184
9.10676, 75968
9.11755, 76184
9.12837, 76400
9.13913, 76400
9.1499, 76616
9.16025, 76400
9.17145, 75968
9.18323, 75968
9.19429, 76184
9.20539, 76400
9.2167, 75752
9.22743, 75536
9.23866, 75536
9.24941, 75968
9.26161, 76184
9.27294, 78560
9.28484, 78992
9.2964, 79208
9.30667, 78992
9.317, 77912
9.32768, 77696
9.33836, 77480
9.34898, 77480
9.35965, 77480
9.37031, 77480
9.38093, 76832
9.39156, 76616
9.40225, 76400
9.41276, 77480
9.4233, 77912
9.43393, 78344
9.44432, 77480
9.45482, 77048
9.4653, 76832
9.4758, 76832
9.48627, 78128
9.49677, 78128
9.5073, 78344
9.51783, 77480
9.52844, 77048
9.53897, 76616
9.54932, 75752
9.55959, 75752
9.56976, 77048
9.57991, 77912
9.59004, 77696
9.60018, 77480
9.61035, 77264
9.62061, 77264
9.63081, 76400
9.64101, 76400
9.65129, 79208
9.66156, 80288
9.67191, 80720
9.68231, 78992
9.69264, 78560
9.70297, 78344
9.71328, 80504
9.72363, 82016
9.73395, 83744
9.74427, 84176
9.75464, 85472
9.76495, 84824
9.77529, 86984
9.78568, 86984
9.79613, 88280
9.80655, 88064
9.81691, 88064
9.82724, 87848
9.83757, 86768
9.84791, 85904
9.85826, 85904
9.86862, 85472
9.87894, 85904
9.88944, 85040
9.89969, 84176
9.90995, 82880
9.92019, 82664
9.93044, 82880
9.94074, 82664
9.95118, 83312
9.96146, 82448
9.97187, 81368
9.98225, 80288
9.99288, 79856
10.0038, 79640
10.0145, 79208
10.0249, 78992
10.0354, 78776
10.046, 78776
10.0566, 78560
10.0671, 78128
10.0774, 78128
10.0877, 77912
10.098, 77696
10.1085, 77696
10.119, 77912
10.1295, 77912
10.14, 77480
10.1509, 77048
10.1617, 77048
10.1729, 77048
10.1837, 76832
10.1943, 77048
10.2047, 77048
10.2151, 77480
10.2255, 77912
10.236, 77480
10.2471, 77264
10.2591, 76832
10.2702, 76184
10.2833, 76184
10.2965, 76400
10.3075, 77696
10.3185, 78992
10.3292, 77912
10.3406, 76400
10.3516, 76184
10.3629, 76616
10.3741, 76832
10.3845, 76616
10.3949, 76616
10.4052, 76832
10.4157, 77480
10.4267, 76832
10.4377, 76400
10.4484, 76184
10.4594, 77264
10.4704, 77264
10.4828, 76832
10.4946, 76400
10.5066, 76400
10.5172, 77264
10.5284, 76832
10.5391, 76832
10.55, 76832
10.5611, 76616
10.573, 76616
10.586, 76616
10.5972, 76400
10.608, 76400
10.6189, 76400
10.6296, 75968
10.6401, 75752
10.6512, 75536
10.6631, 75536
10.6749, 75536
10.6885, 75536
10.7007, 75752
10.7125, 75752
10.7242, 75752
10.7352, 75752
10.7465, 75968
10.7584, 75752
10.77, 75752
10.7815, 75752
10.7938, 75752
10.8055, 75752
10.817, 75752
10.8292, 75752
10.8414, 75752
10.8525, 75752
10.8632, 75968
10.8742, 75968
10.8847, 75968
10.8955, 76832
10.9061, 76832
10.9165, 77048
10.927, 76616
10.9375, 76184
10.9479, 77264
10.9583, 78344
10.9687, 78776
10.9792, 78560
10.9897, 77480
11.0002, 77048
11.0107, 76832
11.0212, 77480
11.0318, 78344
11.0423, 78344
11.0528, 77480
11.0633, 77048
11.0736, 76616
11.0838, 77048
11.094, 77480
11.1041, 77912
11.1143, 77480
11.1244, 76400
11.1346, 76184
11.1448, 76184
11.1549, 75968
11.1651, 75752
11.1753, 75752
11.1854, 75752
11.1956, 75752
11.2058, 75968
11.2161, 76400
11.2263, 76616
11.2366, 76400
11.2468, 76616
11.257, 76832
11.2671, 77048
11.2773, 76616
11.2875, 76184
11.2976, 75968
11.3077, 75752
11.3179, 75752
11.3283, 75536
11.3385, 74672
11.3488, 74456
11.359, 74456
11.3693, 74456
11.3795, 74672
11.3897, 74672
11.3999, 74888
11.4101, 74888
11.4203, 74888
11.4306, 74888
11.4411, 75104
11.4517, 75536
11.4624, 77696
11.4728, 78128
11.4831, 77264
11.4934, 77480
11.5038, 77696
11.5141, 77048
11.5243, 77048
11.5345, 77912
11.5448, 78992
11.555, 78560
11.5654, 78560
11.5757, 77912
11.586, 77912
11.5962, 77912
11.6065, 78128
11.6168, 78776
11.627, 78128
11.6371, 77480
11.6473, 77048
11.6575, 77048
11.6677, 77048
11.6779, 76832
11.6881, 76832
11.6983, 77480
11.7086, 78776
11.7188, 79640
11.7296, 78992
11.7418, 79640
11.7533, 80504
11.764, 79424
11.7756, 80288
11.7865, 80720
11.7976, 81368
11.8083, 81584
11.8191, 81584
11.8301, 81584
11.8413, 81800
11.8525, 82016
11.8627, 81800
11.8729, 81584
11.8831, 81152
11.8933, 80936
11.9035, 80720
11.9136, 80720
11.9238, 80504
11.934, 80504
11.9442, 80288
11.9544, 80288
11.9645, 80288
11.9748, 80288
11.985, 80072
11.9951, 80072
12.0053, 80072
12.0155, 80072
12.0256, 80072
12.0358, 80072
12.046, 80288
12.0563, 80504
12.0666, 80288
12.0771, 80072
12.0873, 79208
12.0975, 78560
12.1077, 78560
12.1179, 79208
12.1282, 79424
12.1384, 79640
12.1487, 78344
12.159, 77912
12.1692, 77480
12.1794, 77480
12.1897, 77480
12.1999, 77696
12.2101, 77480
12.2203, 77264
12.2306, 77048
12.241, 77048
12.2515, 77048
12.2618, 77264
12.2721, 77480
12.2824, 77480
12.2927, 78128
12.3029, 77264
12.3136, 77048
12.3244, 77048
12.335, 77264
12.3455, 77696
12.3564, 77696
12.3669, 77912
12.3774, 77912
12.3883, 77912
12.399, 78344
12.4096, 77912
12.4202, 77264
12.4306, 76832
12.4408, 76832
12.4511, 76832
12.4613, 76832
12.4751, 76616
12.4858, 76832
12.4965, 76832
12.507, 76400
12.518, 76832
12.5288, 77048
12.5397, 77264
12.5512, 77264
12.5637, 77264
12.5753, 77480
12.5862, 77480
12.5975, 77480
12.609, 77264
12.6206, 77264
12.6323, 77480
12.6435, 77480
12.6552, 77048
12.6674, 76832
12.6785, 77480
12.6911, 77048
12.7037, 76832
12.7143, 76400
12.7247, 76400
12.735, 76400
12.7453, 76832
12.7558, 77912
12.7661, 77480
12.7764, 76832
12.7866, 76616
12.797, 77048
12.8073, 77480
12.8176, 77048
12.8279, 76832
12.8382, 77048
12.8484, 79640
12.8586, 79208
12.8688, 78992
12.879, 78560
12.8891, 78344
12.8993, 78560
12.9095, 78128
12.9198, 78128
12.9301, 78776
12.9405, 78560
12.9509, 78992
12.9612, 78776
12.9717, 78992
12.9819, 80072
12.9922, 80504
13.0027, 81368
13.0129, 80720
13.0232, 80288
13.0335, 80072
13.0438, 79856
13.0541, 80288
13.0643, 80072
13.0745, 79424
13.0847, 78992
13.0949, 78776
13.1051, 78344
13.1156, 80504
13.1259, 80936
13.1361, 79640
13.1463, 79208
13.1565, 78992
13.1669, 78776
13.1771, 78344
13.1874, 78344
13.1976, 78128
13.2082, 79640
13.2186, 78344
13.2289, 77696
13.2392, 77264
13.2495, 76832
13.2598, 78560
13.2703, 78992
13.2808, 78560
13.2911, 77696
13.3015, 77264
13.3117, 76616
13.322, 75968
13.3322, 75752
13.3427, 75536
13.3529, 75752
13.3631, 75752
13.3734, 76184
13.384, 77264
13.3944, 78128
13.406, 77912
13.4179, 77264
13.4293, 76616
13.4406, 76400
13.4519, 76184
13.4641, 76184
13.4819, 76184
13.4957, 75968
13.5066, 75968
13.5177, 75968
13.5282, 75968
13.541, 76184
13.5513, 76184
13.5617, 75968
13.5721, 75968
13.5826, 75320
13.5928, 75104
13.6031, 76184
13.6133, 77696
13.6235, 78344
13.6337, 78128
13.644, 77480
13.6543, 77264
13.665, 77048
13.6754, 76832
13.6858, 76616
13.6962, 76832
13.7066, 77696
13.717, 78128
13.7273, 77912
13.7377, 77048
13.748, 76616
13.7584, 76400
13.7688, 76400
13.7793, 76832
13.7895, 76832
13.7998, 76832
13.8101, 76832
13.8207, 76616
13.8311, 76616
13.8414, 76616
13.8518, 76616
13.8621, 76616
13.8725, 76616
13.8827, 76616
13.8929, 76832
13.9031, 76832
13.9134, 77048
13.9239, 77264
13.9478, 76616
13.9586, 76616
13.9698, 76400
13.981, 76184
13.9914, 76184
14.0021, 76184
14.0125, 75968
14.0234, 76184
14.0344, 75968
14.0451, 75968
14.0555, 75968
14.0659, 75968
14.0764, 75752
14.0873, 75536
14.0991, 75968
14.1107, 76832
14.1226, 77048
14.1336, 76616
14.1466, 76400
14.1572, 76616
14.1687, 76616
14.1816, 76832
14.1925, 76832
14.2032, 77048
14.2138, 76832
14.224, 76400
14.2342, 76400
14.2445, 76400
14.2547, 76400
14.265, 76400
14.2751, 76184
14.2853, 76184
14.2955, 75968
14.3056, 76184
14.3158, 76832
14.3259, 76832
14.3361, 76832
14.3462, 76616
14.3563, 76616
14.3665, 76616
14.3766, 76832
14.3867, 76832
14.3968, 77048
14.4069, 77048
14.4171, 77048
14.4272, 77048
14.4373, 77048
14.4475, 77048
14.4576, 77048
14.4677, 77048
14.4779, 77048
14.488, 77048
14.4982, 77048
14.5083, 77048
14.5184, 77264
14.5398, 77696
14.5502, 78128
14.5605, 78128
14.5709, 77480
14.5817, 77048
14.5924, 77048
14.6028, 76400
14.6141, 76184
14.6248, 75968
14.6359, 76832
14.6467, 77048
14.6573, 76616
14.6684, 76616
14.679, 76400
14.6897, 76400
14.7002, 75968
14.7105, 75968
14.7209, 76400
14.7313, 75968
14.7417, 75968
14.752, 78344
14.7623, 78776
14.7727, 78776
14.783, 78560
14.7934, 77480
14.8038, 76184
14.8141, 76184
14.8246, 77480
14.8351, 78560
14.8455, 79856
14.8559, 80288
14.8663, 80504
14.8766, 80936
14.8871, 79640
14.8975, 78560
14.9078, 78344
14.9182, 78128
14.9285, 78128
14.9389, 77912
14.9493, 77912
14.9596, 77696
14.97, 77696
14.9803, 77696
14.991, 77696
15.0016, 77696
15.0122, 77480
15.0225, 77480
15.0327, 77480
15.0428, 77696
15.053, 77696
15.0632, 77480
15.0734, 77696
15.0836, 77480
15.0937, 77264
15.1039, 77048
15.1141, 76832
15.1242, 77048
15.1349, 78344
15.1455, 78560
15.156, 77696
15.1663, 77696
15.1774, 77264
15.1884, 77048
15.1988, 77696
15.2091, 78344
15.2194, 77912
15.2297, 77048
15.2404, 76832
15.2515, 76832
15.263, 76616
15.274, 76400
15.2856, 76616
15.2967, 77048
15.308, 77696
15.3185, 77480
15.3291, 77696
15.3396, 77696
15.3502, 78128
15.3606, 78344
15.3709, 78560
15.3812, 77912
15.3915, 77480
15.4018, 77264
15.4122, 77048
15.4225, 76832
15.4328, 76832
15.4445, 77264
15.4583, 76616
15.4727, 77048
15.4881, 78344
15.4997, 78344
15.5117, 80936
15.5227, 81584
15.54, 80720
15.5513, 80288
15.5628, 81368
15.5749, 81152
15.5858, 81584
15.5974, 81800
15.6084, 80504
15.6192, 80288
15.6299, 79424
15.6412, 79424
15.6533, 79640
15.665, 78992
15.6763, 78560
15.6877, 78128
15.6994, 78128
15.7102, 77480
15.7208, 77048
15.7315, 77480
15.7419, 78344
15.7522, 78128
15.7628, 78128
15.7737, 78560
15.7859, 77696
15.7966, 77048
15.8079, 76616
15.8181, 75968
15.8296, 75752
15.8402, 75968
15.8508, 75968
15.8616, 76184
15.8718, 76184
15.882, 76184
15.8922, 75968
15.9024, 76400
15.9127, 77912
15.923, 78344
15.9333, 78128
15.9436, 77912
15.9539, 77912
15.9643, 77264
15.9746, 77264
15.9849, 77048
15.9952, 77048
16.0055, 77048
16.0158, 77264
16.0262, 77264
16.0365, 78128
16.0469, 79208
16.0571, 78776
16.0674, 78776
16.0777, 78128
16.0879, 77696
16.0981, 77264
16.1083, 77696
16.1185, 78776
16.1288, 78344
16.1397, 78128
16.15, 79856
16.1603, 81584
16.1706, 81800
16.1809, 81584
16.1912, 81800
16.2014, 82016
16.2117, 82448
16.2219, 82880
16.2322, 82016
16.2425, 80936
16.2529, 81584
16.2644, 82016
16.2746, 80936
16.2849, 80072
16.2951, 80072
16.3054, 79640
16.3157, 79856
16.3264, 81368
16.3367, 80288
16.3469, 78992
16.3572, 78776
16.3681, 78560
16.3784, 78992
16.3897, 81152
16.4016, 81152
16.4198, 82016
16.4311, 82016
16.4429, 80504
16.4546, 80072
16.4656, 79856
16.4766, 80072
16.4874, 80072
16.4976, 78992
16.5079, 78344
16.518, 77480
16.5282, 77264
16.5384, 77048
16.5487, 76832
16.5589, 76616
16.569, 76400
16.5792, 76184
16.5895, 76184
16.5997, 75968
16.6098, 76184
16.6201, 75968
16.6303, 75968
16.6405, 75968
16.6507, 75968
16.661, 75968
16.6715, 75968
16.6821, 75968
16.6926, 75968
16.7028, 75752
16.713, 76184
16.7232, 76400
16.7334, 76400
16.7436, 76400
16.7539, 76184
16.7643, 76184
16.7744, 76184
16.7846, 76400
16.7951, 76400
16.8054, 76400
16.8156, 76184
16.8258, 76616
16.836, 76832
16.8463, 76616
16.8565, 76400
16.8667, 76184
16.8771, 78992
16.8874, 77912
16.8976, 77048
16.9079, 76400
16.9182, 76184
16.9285, 76616
16.9405, 77696
16.9514, 78344
16.9624, 77912
16.9738, 77480
16.9848, 77048
16.9951, 77048
17.0055, 77048
17.0165, 76832
17.0287, 76400
17.0445, 76184
17.0573, 76184
17.0685, 76400
17.0803, 75968
17.0917, 76616
17.105, 76616
17.1158, 76832
17.1262, 76400
17.137, 76400
17.1478, 76184
17.1587, 76832
17.1697, 77048
17.1806, 77264
17.1915, 76832
17.2028, 76616
17.2141, 76184
17.2251, 75968
17.236, 76184
17.2473, 76184
17.2591, 76616
17.2698, 77264
17.2809, 77480
17.2924, 77480
17.3043, 77048
17.3163, 77048
17.3284, 76832
17.3396, 76832
17.3538, 76616
17.3644, 76616
17.3748, 77264
17.3853, 77048
17.3958, 76832
17.4062, 76616
17.4166, 76616
17.427, 76400
17.4374, 76400
17.4479, 76616
17.4583, 76832
17.4687, 77048
17.4793, 77048
17.4898, 76832
17.5002, 76616
17.5106, 76616
17.521, 76832
17.5312, 76832
17.5414, 76832
17.5515, 77048
17.5617, 77048
17.5718, 77048
17.582, 78344
17.5922, 79424
17.6023, 79640
17.6125, 78776
17.6227, 78128
17.633, 77480
17.6432, 77480
17.6534, 77048
17.6636, 77048
17.6737, 76832
17.684, 76616
17.6947, 76616
17.7054, 76616
17.7158, 76184
17.7263, 75968
17.7368, 75752
17.7475, 75752
17.7585, 75968
17.7689, 75968
17.7794, 75968
17.7899, 75968
17.8002, 75968
17.8104, 75968
17.8206, 75968
17.8309, 76184
17.8412, 75968
17.8513, 75968
17.8615, 75968
17.8717, 75968
17.8819, 75968
17.8922, 77480
17.9025, 77048
17.9127, 77480
17.9229, 77480
17.9332, 77048
17.9434, 77264
17.9536, 77264
17.9638, 77048
17.9741, 77048
17.9843, 77048
17.9946, 76400
18.0049, 76184
18.0152, 76184
18.0255, 75968
18.0358, 76400
18.0462, 75752
18.0567, 75752
18.067, 77696
18.0772, 78560
18.0918, 79208
18.1022, 79856
18.1126, 80936
18.1228, 79424
18.1331, 79208
18.1434, 82016
18.1538, 83096
18.1641, 84824
18.1744, 85904
18.1848, 86984
18.1952, 85688
18.2056, 84824
18.216, 84608
18.2264, 84608
18.2372, 84608
18.2476, 84824
18.2581, 84824
18.2684, 85040
18.2786, 84824
18.289, 84176
18.2994, 83312
18.3099, 82448
18.3203, 82016
18.3309, 82016
18.3413, 82016
18.3518, 81800
18.3624, 80504
18.3728, 80504
18.3831, 80504
18.3935, 80720
18.404, 80720
18.4143, 80720
18.4246, 80936
18.4361, 80504
18.4473, 79424
18.4588, 78776
18.4724, 78128
18.4846, 77912
18.4975, 77912
18.5098, 77912
18.5233, 78344
18.5373, 78560
18.5493, 78992
18.5609, 78560
18.5735, 78128
18.5838, 77696
18.5941, 77480
18.6045, 77048
18.6149, 76832
18.6252, 77048
18.6362, 77264
18.647, 77480
18.6575, 77696
18.6681, 78560
18.679, 78128
18.6899, 78560
18.7007, 79424
18.7115, 79208
18.7237, 78992
18.7349, 80072
18.7464, 78776
18.7575, 78560
18.7687, 78344
18.7792, 78992
18.7895, 78560
18.7998, 78344
18.8107, 79208
18.822, 78128
18.8332, 77912
18.8446, 77696
18.8563, 77264
18.8673, 78344
18.8779, 79208
18.8886, 78992
18.8998, 78560
18.9141, 78344
18.9263, 77912
18.9368, 77480
18.9469, 77264
18.9571, 77048
18.9673, 76616
18.9776, 76400
18.9879, 76400
18.9981, 76184
19.0083, 76184
19.0184, 75968
19.0287, 76832
19.0389, 77480
19.049, 77696
19.0593, 78128
19.0696, 78344
19.0801, 78344
19.0905, 77912
19.101, 77048
19.1114, 76832
19.1219, 76616
19.1322, 77264
19.1426, 77696
19.153, 77912
19.1635, 77696
19.174, 77480
19.1844, 77480
19.1949, 77480
19.2053, 77480
19.2158, 77912
19.2263, 77912
19.2367, 77480
19.2472, 77264
19.258, 77480
19.2687, 77264
19.2796, 77048
19.2901, 76400
19.3009, 76400
19.3115, 76400
19.3224, 76400
19.3327, 76400
19.343, 76184
19.3534, 75752
19.3638, 75968
19.3744, 76832
19.3848, 77480
19.3953, 77048
19.4057, 76832
19.4161, 76616
19.4265, 76616
19.4368, 76616
19.4472, 76616
19.4575, 75968
19.4678, 75536
19.4783, 75536
19.4887, 75104
19.4992, 75104
19.5097, 75536
19.52, 75968
19.5304, 76184
19.5408, 76616
19.5512, 76400
19.5616, 76832
19.572, 77480
19.5823, 76832
19.5926, 76616
19.603, 76616
19.6134, 76616
19.6238, 76616
19.6344, 76616
19.6449, 76616
19.6553, 76616
19.6658, 76616
19.6761, 78344
19.6865, 78992
19.6968, 78992
19.7071, 78344
19.7174, 78128
19.7278, 77264
19.7381, 76832
19.7484, 76616
19.7588, 76184
19.7693, 78344
19.7798, 78344
19.7907, 79424
19.8014, 80936
19.812, 81584
19.8229, 82448
19.8338, 82880
19.8448, 83312
19.8557, 83528
19.8666, 82880
19.8774, 82664
19.8881, 81584
19.8985, 80504
19.909, 80504
19.9195, 80288
19.93, 80288
19.9405, 81368
19.951, 81152
19.9615, 80720
19.9721, 80288
19.9826, 79856
19.9932, 79640
20.0037, 79640
20.0144, 79640
20.025, 79208
20.0355, 79424
20.0462, 78992
20.0569, 78560
20.0675, 78344
20.0781, 78128
20.0889, 77912
20.0994, 77912
20.1099, 77912
20.1203, 78344
20.1307, 78128
20.1413, 78344
20.1519, 78128
20.1626, 77696
20.1732, 77696
20.1838, 77696
20.1945, 77480
20.2051, 77480
20.216, 77480
20.2268, 77264
20.2375, 76832
20.2486, 76616
20.2596, 76832
20.2707, 77048
20.2816, 76400
20.2922, 76184
20.3026, 76616
20.3131, 77696
20.3235, 78560
20.3338, 78776
20.344, 78128
20.3545, 80288
20.365, 80720
20.3754, 81584
20.3856, 81584
20.3959, 80936
20.4063, 80720
20.4166, 80720
20.4269, 80072
20.4372, 80288
20.4475, 80288
20.458, 80288
20.4684, 80504
20.4787, 80936
20.489, 79856
20.4992, 79424
20.5095, 79208
20.5198, 78776
20.5301, 78776
20.5403, 78776
20.5506, 77912
20.5609, 77480
20.5714, 76832
20.582, 77264
20.5925, 77696
20.6029, 77696
20.6135, 77480
20.6246, 77480
20.6356, 77480
20.6466, 77480
20.6579, 77264
20.6693, 77480
20.6806, 77696
20.6917, 77480
20.7031, 78128
20.7156, 78560
20.7263, 79856
20.7375, 79424
20.7488, 78560
20.7595, 78128
20.7699, 77912
20.7803, 78128
20.7908, 77264
20.8016, 77480
20.813, 77048
20.8239, 77264
20.8349, 77264
20.8462, 77048
20.8571, 76616
20.8678, 76832
20.8787, 77048
20.8896, 76616
20.9002, 76400
20.9111, 75968
20.9224, 75752
20.9335, 75752
20.9455, 75752
20.9559, 76184
20.9664, 76616
20.9767, 76832
20.9872, 77264
20.9975, 77048
21.0078, 76832
21.0182, 76616
21.0285, 76832
21.039, 76832
21.0493, 76400
21.0596, 76400
21.0699, 76184
21.0802, 76184
21.0904, 76400
21.1007, 77048
21.111, 78776
21.1215, 79856
21.1317, 79856
21.142, 78992
21.1523, 78128
21.1626, 77912
21.1729, 78128
21.1832, 78128
21.1935, 77912
21.2038, 77048
21.2149, 77048
21.2252, 76832
21.2356, 76400
21.2461, 76616
21.2577, 76832
21.2679, 76616
21.2781, 76184
21.2882, 75752
21.2984, 76184
21.3086, 76616
21.3187, 77048
21.3289, 77048
21.339, 76832
21.3518, 76616
21.3621, 77696
21.3725, 78128
21.3828, 77480
21.393, 77048
21.4033, 76616
21.4136, 76400
21.4239, 76184
21.4342, 77264
21.4444, 77048
21.4546, 76832
21.4649, 76616
21.4756, 77048
21.4873, 77048
21.4977, 77048
21.5079, 77264
21.5182, 77264
21.5284, 77480
21.5387, 78344
21.549, 77696
21.5592, 77264
21.5694, 76832
21.5796, 77048
21.5903, 77264
21.6005, 77264
21.6109, 77480
21.6216, 77696
21.6322, 77912
21.6426, 77912
21.653, 78128
21.6635, 78128
21.6737, 77696
21.6839, 77696
21.6943, 78344
21.7046, 78992
21.7148, 79856
21.7251, 80072
21.7354, 80288
21.7457, 80288
21.7559, 80504
21.7661, 80288
21.7763, 79856
21.7864, 79640
21.7966, 79640
21.8068, 79208
21.817, 78992
21.8271, 78992
21.8373, 78992
21.8475, 78992
21.8577, 78776
21.8678, 78776
21.878, 78560
21.8882, 78344
21.8984, 78344
21.9085, 78560
21.9188, 78560
21.929, 78344
21.9391, 78344
21.9494, 77912
21.9596, 77912
21.9698, 77696
21.98, 77480
21.9901, 77480
22.0003, 77264
22.0104, 77264
22.0206, 77264
22.0309, 77264
22.041, 77264
22.0512, 77480
22.0616, 79208
22.0758, 77912
22.0863, 77696
22.097, 77912
22.1081, 77264
22.1192, 77048
22.1297, 76400
22.1403, 76400
22.151, 76616
22.1617, 76400
22.1724, 76400
22.1826, 76184
22.193, 76184
22.2037, 76184
22.2145, 76184
22.2249, 76184
22.2353, 75968
22.2465, 76616
22.258, 76832
22.2691, 76832
22.2798, 75968
22.291, 75752
22.3016, 75536
22.3139, 76832
22.3249, 77048
22.3358, 77264
22.3467, 76400
22.3577, 76400
22.3685, 76184
22.3789, 75752
22.3892, 75320
22.3995, 75536
22.4099, 76400
22.4202, 76616
22.4305, 76616
22.4409, 76400
22.4512, 76184
22.4614, 76184
22.4718, 76400
22.482, 76616
22.4926, 76616
22.5031, 76832
22.5133, 76616
22.5235, 76832
22.5337, 76616
22.5439, 76616
22.5543, 76400
22.5645, 76184
22.5746, 76184
22.5849, 76616
22.5951, 76616
22.6053, 76400
22.6155, 76184
22.6258, 77696
22.6361, 76616
22.6466, 76400
22.6568, 76184
22.667, 76184
22.6772, 76400
22.6874, 76616
22.6977, 76616
22.7081, 76616
22.7183, 76832
22.7285, 76832
22.7387, 76400
22.749, 76184
22.7592, 76400
22.7694, 76400
22.78, 76832
22.7903, 78344
22.8034, 77912
22.8145, 77480
22.8251, 77480
22.8355, 76832
22.8487, 76184
22.8597, 76400
22.8706, 76400
22.8816, 76400
22.8924, 76400
22.9037, 76400
22.9145, 76184
22.9249, 75752
22.9351, 75320
22.9454, 75320
22.9556, 75320
22.9657, 75536
22.9759, 75536
22.986, 75968
22.9962, 76184
23.0063, 76400
23.0165, 76616
23.0266, 76832
23.0367, 76832
23.0468, 77048
23.057, 77048
23.0671, 77048
23.0773, 77264
23.0874, 77048
23.0976, 77048
23.1077, 77048
23.1179, 77048
23.128, 77264
23.1382, 77264
23.1483, 77048
23.1585, 77048
23.1697, 77480
23.18, 78128
23.1903, 77480
23.2005, 77264
23.2106, 77048
23.2208, 77048
23.2309, 77048
23.241, 77048
23.2512, 77048
23.2614, 77048
23.2717, 77264
23.282, 77048
23.2922, 77048
23.3025, 77912
23.3129, 78128
23.3231, 78344
23.3333, 79208
23.3435, 79424
23.3538, 79424
23.364, 79424
23.3742, 78560
23.3845, 78992
23.3949, 78992
23.4053, 80936
23.4155, 82232
23.4258, 83096
23.4361, 83528
23.4464, 85040
23.4567, 86768
23.467, 85688
23.4772, 86120
23.4876, 84824
23.4981, 86120
23.5083, 86552
23.5185, 86984
23.5288, 87632
23.539, 86984
23.5492, 85688
23.5595, 86120
23.5697, 86984
23.5799, 87416
23.5902, 86984
23.6004, 84824
23.6109, 84608
23.6211, 83096
23.6313, 83096
23.6415, 83960
23.6518, 83744
23.6622, 82664
23.6725, 82016
23.6827, 81584
23.6929, 81152
23.7031, 80504
23.7134, 80288
23.7238, 80072
23.7349, 79856
23.7455, 79424
23.7559, 79856
23.7662, 79856
23.7766, 79208
23.7871, 78776
23.7973, 78560
23.8076, 78128
23.818, 77696
23.8286, 77264
23.8389, 77048
23.8493, 77480
23.8596, 77480
23.87, 77048
23.8803, 76832
23.8906, 76616
23.9009, 76832
23.9113, 77696
23.9215, 77480
23.9319, 77480
23.9424, 76832
23.9527, 76400
23.963, 76400
23.9734, 76184
23.9838, 75968
23.9941, 75968
24.0043, 75968
24.0148, 76400
24.0269, 77912
24.0372, 77912
24.0475, 77696
24.0577, 77480
24.0679, 77480
24.0781, 77264
24.0883, 77048
24.0985, 76832
24.1087, 76832
24.1189, 76832
24.1292, 77048
24.1395, 76832
24.1499, 77048
24.1602, 77048
24.1704, 76616
24.1809, 76184
24.1913, 76184
24.2016, 75968
24.212, 76184
24.2223, 77264
24.2326, 77696
24.2428, 77264
24.2531, 77048
24.2636, 77264
24.274, 77264
24.2854, 77048
24.3002, 77264
24.3117, 76832
24.3271, 76616
24.3378, 76616
24.3485, 76616
24.3604, 76616
24.3724, 76616
24.3839, 76400
24.3956, 76400
24.4071, 76184
24.4174, 75968
24.4276, 75752
24.438, 77264
24.4484, 77912
24.4588, 78128
24.4691, 77696
24.4838, 77048
24.4944, 76832
24.5055, 76832
24.5164, 76832
24.5273, 76832
24.5387, 76832
24.5491, 76832
24.5593, 77048
24.5696, 76832
24.58, 76832
24.5908, 76832
24.6016, 76616
24.6122, 76400
24.6228, 76184
24.6333, 76616
24.644, 77048
24.6549, 77048
24.6652, 76832
24.676, 77264
24.6868, 77264
24.6978, 76832
24.7088, 76832
24.7197, 76832
24.7306, 76832
24.7415, 76832
24.7517, 76616
24.762, 76832
24.7722, 76832
24.7824, 76832
24.7925, 77048
24.8027, 77048
24.8129, 76832
24.8231, 77048
24.8333, 77048
24.8436, 77048
24.8538, 77264
24.8639, 77264
24.8741, 77048
24.8843, 77048
24.8945, 77048
24.9047, 77048
24.9149, 77048
24.9252, 77048
24.9354, 77048
24.9456, 77048
24.9557, 76832
24.9659, 76616
24.9761, 76616
24.9863, 76832
24.9965, 77048
25.0067, 76832
25.0169, 77048
25.0271, 77048
25.0373, 77048
25.0476, 78344
25.0637, 78128
25.0741, 79208
25.0844, 79424
25.0948, 78344
25.1054, 78344
25.1159, 78128
25.1267, 78128
25.1374, 79640
25.148, 80072
25.1587, 80288
25.1693, 80504
25.1799, 80720
25.1905, 80720
25.2007, 80720
25.2111, 80720
25.2214, 80072
25.2317, 79640
25.2419, 80288
25.2522, 80504
25.2624, 80504
25.2727, 80288
25.2829, 78560
25.2931, 78128
25.3033, 77696
25.3135, 77696
25.3237, 77480
25.3339, 77264
25.344, 77264
25.3542, 77264
25.3643, 77264
25.3746, 77480
25.3848, 77048
25.3949, 76832
25.405, 76832
25.4152, 76832
25.4254, 76832
25.4355, 77264
25.4456, 77264
25.4557, 77480
25.4659, 77480
25.476, 77480
25.4862, 77480
25.4964, 77480
25.5066, 77480
25.5167, 77480
25.5269, 77696
25.5371, 77696
25.5473, 77696
25.5575, 77696
25.5677, 77480
25.5778, 77264
25.588, 76832
25.5982, 76616
25.6086, 77048
25.619, 78128
25.6294, 78560
25.6397, 77696
25.6501, 77696
25.6605, 77696
25.6708, 77264
25.6812, 76616
25.692, 76184
25.7029, 76616
25.7134, 78128
25.7241, 78560
25.7347, 79424
25.7464, 79856
25.7576, 80072
25.7682, 80504
25.779, 80720
25.7903, 79856
25.8008, 79856
25.8115, 79208
25.823, 78992
25.8339, 78560
25.8443, 77912
25.8546, 77048
25.865, 77264
25.8754, 77048
25.8858, 76832
25.8962, 76832
25.9066, 76616
25.9175, 76616
25.9295, 76616
25.943, 77048
25.9538, 77048
25.9647, 77264
25.9754, 77696
25.9865, 77912
25.9971, 77480
26.0084, 76832
26.0195, 76832
26.0303, 77264
26.0407, 77696
26.051, 77912
26.0614, 77696
26.0716, 77480
26.082, 77480
26.0924, 77264
26.1035, 76832
26.1164, 76616
26.1275, 78344
26.1384, 79208
26.1495, 78560
26.1621, 79640
26.1747, 79640
26.1867, 79856
26.1984, 81152
26.2099, 81584
26.2207, 82016
26.2315, 81800
26.2432, 82016
26.2561, 80504
26.2677, 79856
26.2787, 78992
26.2894, 78776
26.3005, 78776
26.3133, 78992
26.3261, 78992
26.3388, 78992
26.3496, 78776
26.3598, 78128
26.3701, 77696
26.3804, 77912
26.3908, 77480
26.401, 77264
26.4113, 77048
26.4216, 77048
26.4319, 77480
26.4421, 77696
26.4524, 77912
26.4626, 78128
26.473, 78344
26.4833, 78560
26.4936, 78344
26.5038, 78776
26.5141, 78344
26.5244, 77912
26.5348, 77480
26.5452, 77048
26.5558, 77480
26.5661, 77696
26.5764, 78128
26.5866, 79640
26.5968, 82016
26.6071, 83096
26.6173, 83096
26.6276, 83312
26.638, 83312
26.6483, 83312
26.6585, 83312
26.6687, 83096
26.679, 83096
26.6892, 83096
26.6998, 83096
26.71, 83096
26.7202, 81584
26.7306, 80720
26.7409, 80072
26.7512, 80072
26.7615, 80936
26.7717, 80720
26.7819, 80288
26.7922, 80072
26.8024, 80720
26.8127, 81800
26.823, 80720
26.8333, 80288
26.8435, 79424
26.854, 79640
26.8648, 80504
26.875, 80288
26.8853, 80072
26.8956, 78992
26.9076, 78992
26.9181, 79640
26.9285, 80504
26.9399, 80072
26.9512, 79856
26.962, 79856
26.9727, 78992
26.9839, 78560
26.9974, 78344
27.0082, 78128
27.0184, 77696
27.0287, 77264
27.0389, 77048
27.049, 76616
27.0593, 76400
27.0696, 76616
27.0798, 77264
27.09, 77264
27.1001, 77480
27.1103, 77480
27.1205, 77480
27.1308, 77264
27.1412, 77048
27.1514, 76400
27.1616, 76832
27.1719, 77048
27.1821, 77264
27.1925, 77264
27.203, 77048
27.2132, 77048
27.2234, 76832
27.2337, 76400
27.244, 76184
27.2543, 76184
27.2645, 76184
27.2748, 76184
27.2851, 76184
27.2953, 76400
27.3056, 76616
27.3158, 76400
27.3261, 76400
27.3362, 76400
27.3465, 76400
27.3568, 76400
27.367, 76400
27.3774, 76184
27.3876, 76184
27.398, 76400
27.4082, 76400
27.4184, 76616
27.4286, 76832
27.4388, 76832
27.4598, 78560
27.4704, 79856
27.4811, 80720
27.492, 79424
27.5024, 78560
27.5128, 78344
27.5239, 77912
27.5346, 77264
27.5448, 77048
27.5551, 76832
27.5654, 76832
27.5756, 76616
27.5861, 76616
27.5966, 76616
27.607, 76832
27.6174, 76616
27.6281, 77264
27.6387, 77480
27.6493, 77480
27.6598, 77696
27.6703, 78128
27.6811, 78128
27.6917, 77912
27.702, 77696
27.7125, 77264
27.7232, 77696
27.7334, 77912
27.7436, 77912
27.7539, 77480
27.7641, 77264
27.7743, 77264
27.7846, 77480
27.7949, 77480
27.8052, 77264
27.8155, 77048
27.8257, 77048
27.8359, 77264
27.8461, 77264
27.8563, 77480
27.8665, 77912
27.8768, 77696
27.887, 77480
27.8973, 77480
27.9075, 77264
27.9176, 77048
27.9278, 76832
27.938, 76616
27.9481, 76616
27.9582, 77048
27.9685, 77048
27.9786, 77048
27.9888, 77048
27.9989, 77048
28.0091, 77048
28.0192, 77912
28.0294, 78344
28.0395, 78128
28.0497, 77912
28.0597, 77696
28.0797, 77696
28.0901, 78776
28.1009, 78992
28.1115, 78776
28.1219, 78128
28.1331, 77480
28.1437, 77480
28.1544, 77264
28.1652, 77048
28.1758, 76832
28.1864, 76832
28.1969, 76616
28.2076, 76616
28.2177, 75968
28.2279, 75752
28.2381, 75752
28.2482, 76184
28.2584, 76184
28.2686, 76616
28.2789, 76832
28.2891, 76832
28.2993, 76616
28.3094, 76400
28.3196, 76400
28.3297, 76400
28.3398, 76616
28.35, 76616
28.3601, 76832
28.3704, 78344
28.3807, 78776
28.3909, 80504
28.4012, 80720
28.4114, 79424
28.4216, 78560
28.4318, 78560
28.4421, 80936
28.4523, 82016
28.4626, 81152
28.4729, 81152
28.4832, 81584
28.4936, 80504
28.5039, 79856
28.5141, 79856
28.5244, 80720
28.5346, 79856
28.5448, 79640
28.5551, 79640
28.5653, 79640
28.5756, 78992
28.5857, 78992
28.5959, 79208
28.6062, 80504
28.6166, 80504
28.627, 82016
28.6373, 82232
28.6478, 80936
28.6582, 81368
28.6685, 84176
28.679, 87632
28.6897, 86984
28.7002, 85688
28.7109, 85256
28.7215, 84392
28.7318, 84176
28.7422, 84176
28.7526, 84176
28.7629, 82880
28.7732, 82448
28.7838, 82232
28.7941, 82232
28.8044, 82016
28.8148, 81800
28.8257, 81368
28.8363, 81584
28.8468, 81368
28.8573, 81152
28.8677, 81368
28.8782, 81584
28.8885, 82232
28.8989, 81800
28.9092, 81800
28.9202, 82232
28.9308, 81584
28.9417, 82664
28.9523, 82016
28.9631, 83096
28.9737, 83312
28.9849, 82232
28.9965, 82016
29.0071, 81368
29.0177, 81368
29.0296, 81152
29.0411, 80720
29.0524, 80072
29.0645, 80072
29.0753, 80072
29.0858, 80936
29.0962, 80936
29.1065, 81152
29.1169, 81368
29.1274, 82448
29.1394, 82880
29.1512, 81152
29.162, 81584
29.1736, 81152
29.1843, 80936
29.1951, 80720
29.2065, 80936
29.2178, 79856
29.2287, 79208
29.2404, 78344
29.2517, 78344
29.2629, 78776
29.2732, 78560
29.2836, 77912
29.2941, 77696
29.3055, 77480
29.3177, 77264
29.3302, 76832
29.3444, 76616
29.3573, 76616
29.3731, 77912
29.3849, 77912
29.3963, 77048
29.4093, 77048
29.4218, 76616
29.4337, 76616
29.4453, 76184
29.4561, 76184
29.467, 75968
29.4785, 75752
29.4895, 75752
29.5001, 75752
29.5103, 76184
29.5206, 76832
29.5311, 76184
29.5415, 75968
29.552, 76184
29.5623, 76832
29.5725, 77264
29.5828, 77264
29.593, 76832
29.6033, 76616
29.6134, 76400
29.6236, 76400
29.634, 80288
29.6452, 80504
29.6557, 80288
29.6662, 78992
29.6767, 78128
29.6872, 77696
29.6978, 77480
29.7084, 77264
29.7189, 76832
29.7293, 77048
29.7395, 77048
29.7501, 77048
29.7603, 77264
29.7707, 78560
29.7809, 78776
29.7912, 78560
29.8017, 77480
29.8119, 77264
29.822, 76832
29.8322, 76832
29.8424, 76832
29.8525, 76832
29.8627, 76832
29.8734, 76616
29.8842, 76832
29.8951, 76616
29.9057, 76832
29.9161, 76400
29.9268, 76616
29.9375, 76832
29.9482, 76832
29.9591, 76616
29.9702, 76832
29.9808, 76832
29.9915, 76832
30.0026, 76832
30.0153, 76832
30.0261, 76616
30.0364, 76400
30.0466, 76832
30.0568, 77696
30.067, 78344
30.0772, 78992
30.0876, 80936
30.098, 82232
30.1083, 81152
30.1186, 81152
30.1289, 79640
30.1392, 79424
30.1494, 79424
30.1597, 79424
30.17, 79424
30.1802, 79856
30.1904, 79640
30.2006, 79208
30.2108, 78776
30.221, 78776
30.2312, 78344
30.2414, 78344
30.2516, 78128
30.2618, 78128
30.2721, 77912
30.2823, 77480
30.2925, 77480
30.3027, 77480
30.3129, 77696
30.3231, 77480
30.3359, 77912
30.3464, 79424
30.3568, 80288
30.3673, 80504
30.3781, 81368
30.3895, 81800
30.4, 82232
30.4112, 80288
30.422, 80072
30.433, 80072
30.4437, 80072
30.455, 79856
30.4663, 79640
30.4771, 79640
30.4886, 79424
30.5, 79208
30.5102, 78992
30.5204, 78776
30.5306, 78992
30.5408, 78992
30.5511, 78776
30.5615, 78560
30.5716, 78560
30.5818, 78560
30.5922, 78128
30.6024, 77696
30.6126, 77480
30.6228, 77480
30.6332, 78128
30.6437, 77264
30.6542, 76616
30.6645, 76400
30.675, 77480
30.6854, 77480
30.6958, 77480
30.7061, 76832
30.7165, 76616
30.7269, 76184
30.7371, 75968
30.7475, 75968
30.7582, 75968
30.7686, 75968
30.7792, 75968
30.7896, 75968
30.7999, 76184
30.8103, 76184
30.8206, 76184
30.831, 75968
30.8413, 75968
30.8516, 75968
30.862, 76832
30.8725, 77264
30.883, 76616
30.8933, 77048
30.904, 77048
30.9145, 76832
30.9249, 76616
30.9352, 76400
30.9456, 76184
30.9559, 76184
30.9662, 76184
30.9799, 76184
30.9913, 77264
31.0021, 77480
31.0124, 77912
31.0231, 78128
31.0336, 77480
31.044, 77912
31.0545, 77480
31.065, 76832
31.0753, 76616
31.0856, 76400
31.0958, 78776
31.1063, 81368
31.1167, 82232
31.1274, 80936
31.1384, 79856
31.1489, 79640
31.1598, 79424
31.1707, 78344
31.1819, 78128
31.1933, 77912
31.2045, 77696
31.2154, 77696
31.2272, 77696
31.2382, 77480
31.2485, 77480
31.2588, 77264
31.2691, 77264
31.2796, 77264
31.29, 77480
31.3003, 77480
31.3107, 77480
31.3211, 77480
31.3315, 77480
31.3419, 77480
31.3521, 77480
31.3624, 77480
31.3727, 77480
31.383, 77480
31.3933, 77480
31.4036, 77480
31.4139, 77480
31.4242, 77264
31.4344, 77264
31.4448, 77264
31.455, 77264
31.4653, 77048
31.4757, 77048
31.4861, 76616
31.4965, 77048
31.5069, 77048
31.5173, 77264
31.5277, 82016
31.5381, 81584
31.5485, 81800
31.5588, 82232
31.5691, 83096
31.5794, 84392
31.5896, 84392
31.5998, 84392
31.6101, 84176
31.6204, 82880
31.6309, 82016
31.6412, 81584
31.6515, 81152
31.6619, 81152
31.6722, 80936
31.6826, 80720
31.6928, 80936
31.703, 80504
31.7133, 80072
31.7235, 79856
31.7338, 80072
31.7441, 79856
31.7543, 79424
31.7646, 79424
31.7749, 79208
31.7852, 79640
31.7955, 80504
31.806, 80504
31.8168, 80720
31.8271, 79640
31.8373, 79208
31.8476, 79640
31.8579, 79424
31.868, 79208
31.8782, 78128
31.8885, 77912
31.8988, 77696
31.9099, 77480
31.9209, 77480
31.9313, 77480
31.9416, 77048
31.9519, 76616
31.9622, 76616
31.9725, 76616
31.9829, 77048
31.9932, 78128
32.0044, 77480
32.015, 76832
32.0254, 76832
32.0359, 76616
32.0465, 77480
32.0569, 77048
32.0672, 76832
32.0777, 76616
32.088, 76616
32.0983, 76616
32.1093, 77696
32.1199, 77264
32.1304, 76832
32.1409, 76616
32.1515, 76832
32.1619, 77696
32.1722, 78344
32.1836, 78560
32.1944, 78128
32.2054, 77696
32.2164, 77696
32.2269, 77264
32.2378, 76400
32.2484, 76184
32.2586, 75752
32.2689, 75968
32.2795, 75968
32.2898, 75752
32.3009, 75968
32.3114, 76184
32.3218, 76400
32.3322, 76400
32.3428, 76616
32.3534, 76616
32.3639, 76832
32.3742, 76832
32.3846, 76832
32.3953, 76832
32.4057, 76832
32.416, 77048
32.4266, 77048
32.4369, 77048
32.4475, 76832
32.4581, 76832
32.4684, 76616
32.4789, 76616
32.4893, 76616
32.4996, 76616
32.5099, 76616
32.5201, 76616
32.5303, 77048
32.5407, 77048
32.5511, 77048
32.5615, 76832
32.5718, 76616
32.5826, 76832
32.5933, 77696
32.604, 78128
32.6148, 77696
32.6254, 77048
32.6357, 76832
32.6467, 76616
32.6571, 77048
32.6674, 77048
32.6777, 77048
32.688, 77048
32.6983, 77264
32.7087, 77264
32.7191, 77264
32.7296, 77264
32.7398, 77264
32.7511, 77480
32.7615, 77480
32.7718, 77912
32.7846, 77264
32.7951, 77264
32.8056, 77264
32.8162, 76616
32.8269, 76400
32.8374, 76400
32.848, 77264
32.8588, 78992
32.8696, 79208
32.8806, 79640
32.8911, 80072
32.9016, 80504
32.9124, 80936
32.923, 81152
32.9337, 81152
32.9439, 80288
32.954, 78992
32.9642, 78776
32.9743, 78560
32.9845, 78344
32.9946, 78128
33.0048, 77912
33.0149, 77696
33.0251, 77480
33.0353, 77048
33.0454, 77048
33.0556, 77048
33.0657, 76832
33.0758, 76832
33.086, 77048
33.0961, 77264
33.1062, 77264
33.1164, 77264
33.1265, 77048
33.1367, 77264
33.1468, 77048
33.157, 77264
33.1671, 77480
33.1773, 77264
33.1875, 77264
33.1976, 77048
33.208, 77048
33.2184, 77264
33.2285, 77264
33.2387, 77480
33.2488, 77480
33.259, 77696
33.2692, 77480
33.2794, 77264
33.2896, 77264
33.2998, 77048
33.3102, 78128
33.3207, 78560
33.3311, 79208
33.3419, 78992
33.3524, 78560
33.3633, 77912
33.3741, 77480
33.385, 77048
33.3959, 76832
33.407, 77912
33.4178, 78560
33.4287, 78776
33.4395, 79424
33.4497, 78992
33.46, 78992
33.4702, 79424
33.4804, 79640
33.4907, 80288
33.501, 80720
33.5112, 80936
33.5215, 80720
33.5318, 80720
33.5422, 81152
33.5524, 81368
33.5626, 82232
33.5728, 81152
33.583, 80504
33.5931, 79856
33.6033, 79856
33.6135, 79640
33.6236, 79424
33.6338, 79208
33.644, 78992
33.6542, 79208
33.6644, 79208
33.6745, 78992
33.6847, 78992
33.6948, 78992
33.705, 78776
33.7152, 78776
33.7254, 78776
33.7356, 78776
33.7458, 78776
33.756, 78560
33.7662, 78344
33.7764, 77912
33.7867, 77912
33.797, 77480
33.8071, 77480
33.8175, 77696
33.8278, 77480
33.8385, 77480
33.8491, 77480
33.8595, 77264
33.8711, 77048
33.8816, 77048
33.8925, 76616
33.903, 76400
33.9134, 76616
33.9237, 76616
33.9341, 77912
33.9444, 78128
33.9555, 77696
33.9664, 77480
33.9771, 77264
33.9879, 77048
33.9988, 77048
34.0099, 76832
34.0217, 77048
34.0325, 77264
34.0437, 77696
34.0544, 77696
34.0655, 77480
34.076, 77480
34.0863, 77480
34.0967, 77264
34.1071, 77480
34.1175, 77696
34.1279, 77480
34.1383, 77264
34.1496, 76832
34.1602, 77048
34.1727, 77048
34.1843, 77048
34.1962, 76832
34.2074, 76832
34.2192, 76832
34.2306, 76832
34.2418, 76832
34.2527, 76832
34.2647, 76832
34.2764, 76832
34.2874, 76616
34.2989, 76616
34.3111, 76616
34.3228, 76616
34.3337, 76616
34.345, 76616
34.3567, 76616
34.3679, 76616
34.3791, 76616
34.3896, 76832
34.4007, 76832
34.4115, 77048
34.424, 76832
34.4366, 76832
34.448, 76184
34.4591, 76184
34.4713, 76400
34.4839, 77264
34.4959, 77696
34.5071, 77480
34.518, 77480
34.5292, 77696
34.54, 76832
34.5506, 76616
34.5613, 76400
34.5721, 76832
34.5844, 77480
34.5973, 77696
34.6096, 77048
34.6205, 76832
34.631, 76400
34.6414, 76616
34.652, 77048
34.6625, 76832
34.6729, 77264
34.6833, 77264
34.6938, 77264
34.7041, 78128
34.7143, 78344
34.7245, 78560
34.7349, 78344
34.7452, 77912
34.7555, 77264
34.7657, 77048
34.7759, 76832
34.7861, 76832
34.7962, 77480
34.8065, 77912
34.8168, 77912
34.827, 77912
34.8371, 78128
34.8472, 77912
34.8574, 77480
34.8676, 77048
34.8782, 77048
34.8886, 77264
34.8989, 80288
34.9092, 80936
34.9194, 81584
34.9296, 82016
34.9401, 82016
34.9503, 82232
34.9605, 82232
34.9709, 82232
34.9811, 82232
34.9921, 82232
35.0024, 82232
35.0127, 81584
35.0229, 80936
35.0331, 80504
35.0433, 80288
35.0534, 80072
35.0635, 79856
35.0737, 79640
35.0838, 79424
35.094, 79424
35.1041, 79424
35.1142, 79424
35.1244, 79208
35.1353, 79208
35.1464, 80504
35.1566, 79640
35.1668, 78776
35.1771, 78560
35.1873, 78128
35.1975, 78344
35.2077, 77912
35.2179, 77912
35.2281, 77480
35.2385, 77480
35.2497, 78344
35.2603, 78128
35.2723, 77912
35.2835, 77696
35.2945, 77264
35.3051, 76832
35.3158, 76616
35.3265, 76616
35.3372, 76616
35.348, 76832
35.3584, 76400
35.3689, 76184
35.3796, 76184
35.3899, 76400
35.4002, 76832
35.4105, 77696
35.4211, 77048
35.4316, 76616
35.4423, 76400
35.4598, 77480
35.4706, 78776
35.4824, 78344
35.4986, 77696
35.51, 77264
35.5214, 76616
35.5324, 76400
35.5432, 76400
35.5565, 76400
35.5673, 76400
35.5781, 76616
35.5893, 76184
35.6041, 76184
35.615, 75968
35.6264, 76400
35.6371, 76832
35.6475, 76616
35.6583, 76832
35.6694, 76832
35.6812, 76832
35.6934, 76832
35.7045, 77048
35.7154, 77048
35.7262, 76832
35.7364, 76616
35.7467, 76616
35.7572, 76400
35.7676, 76184
35.7781, 76400
35.7887, 76616
35.7991, 76832
35.8096, 76832
35.8199, 76616
35.8302, 76400
35.8406, 76400
35.851, 76400
35.8614, 76400
35.8719, 76616
35.8823, 76616
35.8927, 76616
35.903, 76616
35.9136, 76616
35.9242, 76616
35.9346, 76616
35.9449, 76616
35.9551, 76616
35.9653, 77048
35.9755, 77264
35.986, 77480
35.9964, 77480
36.0068, 77480
36.0172, 76832
36.0277, 76616
36.0383, 76832
36.0487, 77696
36.0592, 78344
36.0697, 77912
36.0801, 77264
36.0906, 77048
36.1011, 76832
36.1115, 77264
36.122, 77264
36.1326, 77264
36.1431, 77264
36.1534, 77048
36.1637, 77048
36.1741, 77048
36.1844, 77264
36.1946, 77264
36.2049, 77480
36.2153, 77264
36.2257, 77264
36.2368, 77264
36.2478, 77048
36.2582, 76832
36.269, 76832
36.2799, 76832
36.2906, 77264
36.3015, 77264
36.3122, 77480
36.323, 77696
36.3338, 77912
36.344, 77696
36.3543, 77480
36.3644, 77480
36.3746, 77480
36.3848, 77480
36.3949, 77696
36.405, 77480
36.4151, 77480
36.4253, 77480
36.4354, 77264
36.4456, 77264
36.4557, 77264
36.4658, 77048
36.476, 77264
36.4861, 77696
36.4962, 77696
36.5064, 77696
36.5165, 77480
36.5266, 77480
36.5367, 77480
36.5468, 77264
36.557, 77048
36.5671, 77048
36.5773, 77048
36.5875, 77048
36.5976, 77048
36.6079, 76832
36.6182, 76832
36.6284, 76832
36.6385, 76832
36.6487, 77048
36.6588, 77048
36.669, 77048
36.6791, 77048
36.6892, 77048
36.6994, 77048
36.7096, 76832
36.7199, 77048
36.7358, 77696
36.7463, 78128
36.7574, 78128
36.7678, 77264
36.7782, 77480
36.7886, 77264
36.799, 76616
36.8093, 76400
36.8196, 76400
36.8299, 77480
36.8402, 78128
36.8506, 78560
36.8609, 80936
36.8712, 82880
36.8814, 84392
36.8917, 85256
36.9019, 84824
36.9121, 85904
36.9224, 85256
36.9327, 84608
36.9431, 85040
36.9534, 85472
36.9636, 85256
36.974, 84608
36.9843, 84392
36.9946, 84608
37.0049, 84608
37.0152, 84608
37.0255, 85040
37.0358, 86336
37.0461, 86984
37.0565, 86768
37.0668, 85904
37.0772, 85256
37.0877, 85040
37.098, 84824
37.1083, 85040
37.1185, 84176
37.1288, 84608
37.139, 84176
37.1493, 84608
37.1595, 83744
37.1697, 82448
37.18, 82016
37.1902, 81800
37.2005, 81584
37.2107, 81584
37.2209, 81368
37.2314, 81368
37.2419, 81152
37.2523, 81368
37.2627, 81152
37.273, 80936
37.2833, 80936
37.2936, 81152
37.3039, 80936
37.3142, 81584
37.3245, 82016
37.3348, 82016
37.3449, 80936
37.3551, 80720
37.3653, 80288
37.3755, 80072
37.3858, 80072
37.396, 80936
37.4067, 82016
37.4171, 80936
37.4274, 80720
37.4377, 80504
37.4479, 80288
37.459, 80288
37.4695, 82232
37.48, 83096
37.4903, 83312
37.5007, 82880
37.5111, 80504
37.5216, 80288
37.5319, 79424
37.5423, 78776
37.5526, 77912
37.563, 77912
37.5734, 78560
37.5836, 78128
37.5939, 77912
37.6042, 77912
37.6146, 78344
37.6252, 78344
37.6361, 77912
37.6474, 77480
37.6591, 77264
37.6698, 77264
37.6802, 77048
37.6905, 76616
37.7013, 76832
37.712, 77048
37.723, 77048
37.7364, 77048
37.7484, 77048
37.7588, 76616
37.7692, 76400
37.7796, 76184
37.7903, 76184
37.8008, 76184
37.811, 76400
37.8212, 76616
37.8314, 76616
37.8416, 76616
37.8522, 77048
37.8627, 77048
37.8731, 77048
37.8835, 77048
37.8939, 76832
37.9043, 76832
37.9146, 76832
37.9249, 76832
37.9354, 77048
37.9457, 77264
37.956, 77264
37.9663, 77048
37.9766, 77048
37.9868, 76832
37.997, 76616
38.0072, 77048
38.0174, 77264
38.0277, 77696
38.0379, 78344
38.0481, 78344
38.0584, 77264
38.0685, 76832
38.0787, 76400
38.0889, 76400
38.0991, 77264
38.1092, 77480
38.1194, 77480
38.1295, 77264
38.1396, 77048
38.1498, 77048
38.1723, 78560
38.1839, 78344
38.1999, 77912
38.2106, 77480
38.2212, 77048
38.232, 76832
38.2427, 76616
38.2532, 76616
38.2637, 76616
38.2741, 76400
38.2848, 76400
38.2955, 77048
38.306, 76400
38.3174, 76832
38.328, 76832
38.3388, 76832
38.3494, 76832
38.36, 76832
38.3708, 76832
38.382, 76616
38.3927, 76616
38.4033, 76616
38.4135, 76184
38.4237, 75752
38.434, 75752
38.4443, 75968
38.4545, 76400
38.4647, 76832
38.4749, 77048
38.4851, 77048
38.4953, 77048
38.5054, 77048
38.5155, 77048
38.5257, 77048
38.5358, 77048
38.5461, 77264
38.5564, 77480
38.5667, 77480
38.5769, 76832
38.587, 76616
38.5972, 76400
38.6075, 76400
38.6177, 76400
38.6278, 76616
38.638, 76616
38.6483, 76832
38.6585, 76832
38.6687, 76832
38.6789, 76832
38.6891, 76832
38.6992, 76832
38.7094, 76832
38.7195, 76832
38.7297, 76832
38.7398, 77048
38.7502, 76832
38.776, 77912
38.7864, 78560
38.7967, 78776
38.807, 77696
38.8176, 77912
38.828, 77480
38.8387, 77048
38.8492, 76616
38.8597, 76832
38.8703, 76832
38.8813, 77048
38.8921, 78992
38.9029, 80288
38.9132, 80936
38.9235, 81584
38.934, 82232
38.9444, 82880
38.9548, 82664
38.9652, 82880
38.9756, 82880
38.986, 82880
38.9965, 83096
39.0069, 83096
39.0174, 82880
39.0279, 82880
39.0383, 83096
39.0488, 82880
39.0594, 82880
39.0701, 82664
39.0806, 82448
39.0912, 82232
39.1018, 82232
39.1123, 82232
39.1229, 82016
39.1335, 82016
39.1441, 82016
39.1547, 82016
39.1657, 81800
39.1764, 81800
39.187, 81800
39.1977, 81800
39.2084, 81800
39.2191, 81368
39.2299, 80288
39.2408, 79856
39.2515, 79208
39.2624, 78992
39.2732, 78776
39.2839, 78776
39.2944, 77912
39.3048, 77480
39.3152, 77696
39.3255, 77264
39.3358, 76832
39.3463, 76832
39.3566, 77048
39.3668, 76832
39.3771, 77048
39.3874, 78560
39.3985, 78128
39.4098, 78344
39.4223, 77480
39.4343, 77480
39.445, 77480
39.4553, 77048
39.4658, 77264
39.4763, 77264
39.4866, 77264
39.4969, 77264
39.5072, 77048
39.5176, 77264
39.5278, 77480
39.5381, 77480
39.5484, 77480
39.5589, 77696
39.5691, 77696
39.5793, 77264
39.5897, 77048
39.6, 77048
39.6104, 77480
39.621, 77696
39.6315, 77912
39.6425, 77696
39.6532, 77264
39.6643, 77048
39.6758, 77048
39.6867, 76832
39.6976, 76832
39.7092, 76832
39.7197, 76616
39.7309, 76616
39.742, 77048
39.7524, 77480
39.7627, 78128
39.7731, 77696
39.7834, 77480
39.794, 77264
39.8049, 77048
39.8154, 76832
39.8274, 76832
39.8386, 76616
39.8492, 77048
39.8603, 76832
39.8711, 77264
39.8816, 76616
39.8921, 76616
39.9028, 76400
39.9154, 77048
39.9269, 77696
39.9372, 77264
39.9477, 77912
39.9587, 77696
39.9692, 77264
39.9795, 76832
39.99, 76616
40.0002, 76832
40.0105, 76832
40.0207, 76616
40.0309, 76400
40.0411, 76184
40.0512, 76184
40.0614, 77264
40.0716, 78344
40.0818, 78560
40.0919, 78128
40.1021, 77480
40.1123, 77480
40.1227, 77696
40.133, 77912
40.1433, 78128
40.1537, 77912
40.164, 76832
40.1743, 76832
40.1846, 76832
40.1949, 76616
40.2054, 77048
40.2157, 76832
40.226, 76616
40.2363, 76400
40.2466, 76832
40.2571, 77696
40.2674, 77048
40.2776, 77048
40.2879, 77048
40.2981, 76832
40.3084, 77264
40.3187, 77264
40.3289, 76832
40.3391, 76616
40.3493, 76400
40.3595, 76400
40.3697, 76616
40.3798, 76616
40.39, 76400
40.4012, 76400
40.4115, 78128
40.4218, 77912
40.432, 77480
40.4421, 77264
40.4523, 77264
40.4625, 77480
40.4728, 77264
40.4831, 77048
40.4933, 77048
40.5036, 76832
40.5138, 77912
40.5241, 80288
40.5344, 81152
40.5448, 81584
40.555, 82448
40.5653, 82880
40.5758, 83096
40.586, 83096
40.5963, 83096
40.6066, 83312
40.6169, 83312
40.6274, 83528
40.6378, 83744
40.6482, 83960
40.6587, 84392
40.6706, 84824
40.6813, 85040
40.6921, 85256
40.7039, 85256
40.7148, 84608
40.7255, 84392
40.7357, 83960
40.7459, 83744
40.7562, 83528
40.7665, 83096
40.7768, 82880
40.7872, 82016
40.798, 81584
40.8084, 81584
40.8187, 81800
40.8293, 81584
40.8416, 81584
40.8525, 81584
40.8632, 81584
40.874, 81368
40.8846, 81368
40.8952, 80504
40.9061, 80720
40.9168, 80936
40.9272, 80504
40.9383, 79640
40.949, 79208
40.9598, 78776
40.9702, 78560
40.9825, 78128
40.9938, 77912
41.005, 77696
41.016, 77696
41.0262, 77480
41.0364, 77264
41.0466, 77048
41.0568, 77048
41.0671, 77264
41.0774, 78776
41.088, 78776
41.0984, 78560
41.1087, 78344
41.1191, 78128
41.1295, 77912
41.1406, 77912
41.1509, 77912
41.1613, 77912
41.1716, 77912
41.1821, 77912
41.1924, 77912
41.2026, 77912
41.2129, 77912
41.2231, 77912
41.2333, 77912
41.2435, 77912
41.2539, 77912
41.2643, 77480
41.2746, 77264
41.2851, 77048
41.2956, 76832
41.306, 77048
41.3165, 77264
41.327, 77264
41.3374, 77048
41.3477, 76616
41.358, 76400
41.3755, 78128
41.3881, 78560
41.3993, 78776
41.4104, 77264
41.423, 77480
41.4344, 77480
41.4451, 77048
41.456, 76832
41.4667, 77048
41.4775, 77048
41.4887, 76832
41.4993, 76616
41.5102, 76400
41.5209, 76184
41.5316, 76184
41.544, 76400
41.5558, 76400
41.5676, 76832
41.5793, 77048
41.5915, 77048
41.6028, 77048
41.6139, 77264
41.6254, 77264
41.6378, 77048
41.6496, 77048
41.6605, 76832
41.6715, 77048
41.6822, 75968
41.6929, 75752
41.7033, 75968
41.7141, 75968
41.7245, 75968
41.7348, 76400
41.7453, 77048
41.7556, 77048
41.7659, 77048
41.7763, 76832
41.7867, 76832
41.797, 76616
41.8076, 76616
41.8181, 76400
41.8285, 76616
41.8389, 76616
41.8493, 76832
41.8598, 76832
41.8703, 76616
41.8806, 76616
41.8911, 76616
41.9015, 76616
41.9117, 76616
41.9219, 76832
41.932, 76832
41.9421, 76832
41.9523, 76832
41.9757, 77912
41.9861, 78560
41.9965, 78776
42.007, 77480
42.0174, 77696
42.0277, 77696
42.038, 76832
42.0483, 76400
42.0586, 76832
42.0689, 79640
42.0792, 81584
42.0896, 82448
42.1, 81152
42.1104, 80072
42.1211, 79640
42.1314, 78992
42.1419, 78344
42.1523, 77912
42.1626, 77696
42.173, 77696
42.1833, 77696
42.1936, 79208
42.2039, 80936
42.2142, 81584
42.2245, 83312
42.2348, 84176
42.2451, 85472
42.2554, 85472
42.2657, 86336
42.2759, 85904
42.2862, 85904
42.2966, 86768
42.3069, 86768
42.3172, 86120
42.3276, 85688
42.3381, 85688
42.3485, 85688
42.3589, 85040
42.3694, 84392
42.3797, 84824
42.39, 85256
42.4004, 86120
42.4106, 85256
42.4209, 85040
42.4311, 85472
42.4413, 84392
42.4516, 82232
42.4619, 81800
42.4721, 81584
42.4824, 81152
42.4926, 81152
42.5028, 80936
42.5131, 80720
42.5233, 80720
42.5335, 80504
42.5438, 80504
42.5541, 80072
42.5646, 80072
42.5749, 80072
42.5852, 79640
42.5956, 80072
42.606, 79640
42.6163, 80072
42.6265, 79856
42.6367, 79208
42.6469, 78344
42.6571, 78128
42.6673, 78560
42.6776, 77912
42.6879, 77912
42.6983, 78344
42.7089, 78992
42.7194, 79640
42.7298, 78992
42.7402, 78776
42.751, 78128
42.7615, 78128
42.7725, 78992
42.783, 78560
42.7938, 77696
42.8044, 77696
42.816, 77696
42.8273, 78560
42.8387, 78344
42.8494, 78344
42.8599, 78128
42.8709, 78560
42.8815, 78992
42.8919, 78992
42.9022, 78344
42.9125, 77696
42.9229, 77480
42.9332, 77480
42.9438, 77912
42.9545, 77696
42.9654, 77696
42.976, 77264
42.9867, 77048
42.9974, 76832
43.0083, 77048
43.019, 77264
43.0306, 77264
43.0563, 76832
43.068, 77048
43.0791, 78560
43.0893, 79424
43.0995, 79856
43.1098, 79856
43.1201, 80072
43.1305, 80072
43.1408, 80072
43.1513, 80072
43.1615, 80072
43.1719, 79208
43.1821, 78560
43.1924, 78560
43.2026, 77696
43.213, 77264
43.2232, 77048
43.2334, 76832
43.2436, 77048
43.254, 77696
43.2644, 78128
43.2748, 77912
43.285, 77696
43.2954, 77696
43.3056, 77912
43.3158, 77912
43.3261, 77912
43.3364, 77696
43.3466, 76832
43.3569, 76832
43.3671, 76832
43.3774, 77048
43.3877, 77480
43.3981, 77480
43.4083, 77480
43.4187, 77480
43.4288, 77480
43.439, 77480
43.4492, 76832
43.4593, 76832
43.4696, 76832
43.4798, 77048
43.49, 77480
43.5003, 77696
43.5106, 77480
43.521, 77264
43.5318, 77048
43.5423, 77048
43.5528, 76400
43.5633, 76400
43.5737, 76400
43.5842, 76616
43.5946, 76400
43.6051, 76400
43.616, 76832
43.6269, 77264
43.6385, 76832
43.6493, 76616
43.6601, 76616
43.6708, 76832
43.6815, 76832
43.6922, 77048
43.7029, 77048
43.7134, 76616
43.7236, 76400
43.7338, 76184
43.7439, 75968
43.754, 76184
43.7642, 75968
43.7744, 76400
43.7845, 76616
43.7947, 76832
43.8048, 77048
43.815, 77480
43.8252, 77264
43.8353, 77048
43.8455, 77048
43.8559, 77048
43.8661, 77048
43.8763, 77048
43.8865, 77264
43.8967, 77048
43.9069, 77048
43.917, 77048
43.9272, 77048
43.9374, 77048
43.9477, 77048
43.9581, 77048
43.9683, 77480
43.9786, 78128
43.989, 77912
43.9993, 77264
44.0096, 77048
44.0198, 76832
44.0301, 76616
44.0403, 76832
44.0506, 76616
44.0609, 76616
44.0712, 76832
44.0815, 77264
44.0919, 78992
44.107, 80936
44.1174, 81368
44.1279, 82016
44.1384, 82880
44.1494, 82016
44.16, 81800
44.1707, 81800
44.1813, 81800
44.1918, 83096
44.2026, 83528
44.2129, 83528
44.2231, 83528
44.2334, 83528
44.2435, 83096
44.2537, 82880
44.2639, 82664
44.2741, 82448
44.2843, 82448
44.2944, 82232
44.3046, 82016
44.3147, 82232
44.3249, 82232
44.3351, 82016
44.3452, 82016
44.3554, 82016
44.3656, 82016
44.3757, 82016
44.3859, 81800
44.396, 81800
44.4062, 81584
44.4164, 80504
44.4266, 80072
44.4367, 79640
44.4469, 79424
44.4571, 79208
44.4673, 79208
44.4775, 78992
44.4879, 78992
44.4981, 78776
44.5083, 78128
44.5185, 77912
44.5287, 77696
44.5391, 77480
44.5494, 76832
44.5598, 76400
44.5701, 76616
44.5804, 76616
44.5906, 76832
44.601, 76832
44.6117, 76832
44.6226, 76832
44.6331, 76616
44.6438, 76400
44.6545, 76400
44.6657, 76400
44.678, 76400
44.689, 76616
44.7001, 76400
44.711, 76616
44.7214, 77696
44.7319, 78344
44.7423, 77696
44.7528, 77264
44.7631, 77048
44.7737, 77048
44.7841, 76832
44.7945, 76832
44.8057, 76616
44.8169, 76616
44.8285, 76616
44.841, 76400
44.8519, 76400
44.8627, 76616
44.8748, 76616
44.8855, 76616
44.8966, 76616
44.9084, 76616
44.9194, 76616
44.9309, 76400
44.9415, 76400
44.9519, 76616
44.9622, 76400
44.9726, 76616
44.9834, 77048
44.9943, 77696
45.0055, 77696
45.0182, 76616
45.0317, 76184
45.0446, 76616
45.056, 77048
45.0668, 77048
45.0773, 77048
45.0879, 77264
45.0983, 77264
45.1086, 77048
45.1236, 77264
45.1357, 77264
45.1471, 77264
45.1587, 77696
45.1697, 77912
45.1811, 76832
45.193, 76616
45.2042, 76616
45.2146, 77264
45.2249, 77696
45.2353, 77048
45.2457, 77048
45.256, 77048
45.2664, 77264
45.2769, 77048
45.2873, 76832
45.2976, 77048
45.3081, 77048
45.3185, 77696
45.329, 77480
45.3393, 77264
45.3496, 77264
45.3599, 77264
45.3703, 77048
45.3806, 77048
45.391, 77048
45.4013, 77048
45.4116, 77696
45.422, 77264
45.4324, 77264
45.4428, 77048
45.4531, 76832
45.4635, 78776
45.474, 79856
45.4849, 81584
45.4953, 82448
45.5056, 83312
45.516, 83312
45.5268, 83312
45.5372, 83744
45.5476, 82664
45.5581, 82448
45.5684, 82448
45.5786, 81368
45.5888, 81152
45.599, 80504
45.6094, 82016
45.6196, 80936
45.6298, 80504
45.6401, 80288
45.6503, 80072
45.6605, 82880
45.6708, 82880
45.681, 82880
45.6914, 83096
45.7017, 81584
45.7118, 80288
45.722, 80288
45.7322, 80072
45.7425, 79856
45.7529, 80504
45.7633, 80288
45.7748, 79640
45.788, 79208
45.799, 79208
45.8096, 78776
45.8205, 78344
45.8334, 78128
45.8444, 78128
45.8547, 77912
45.8649, 77264
45.8751, 77048
45.8855, 76832
45.8958, 76832
45.9061, 76616
45.9163, 76616
45.9266, 76832
45.9369, 77048
45.9479, 77264
45.9583, 78344
45.9686, 78344
45.9789, 78560
45.9893, 78560
45.9997, 78560
46.0103, 78344
46.0205, 78560
46.0307, 78560
46.041, 78560
46.0513, 78344
46.0617, 78344
46.0722, 78344
46.0826, 78344
46.0997, 78344
46.1101, 78344
46.1206, 78344
46.131, 77696
46.1416, 77480
46.1519, 77264
46.1625, 77480
46.173, 77912
46.1835, 78128
46.1939, 78344
46.2046, 77912
46.2172, 78776
46.2281, 79424
46.2391, 78776
46.2495, 77480
46.2604, 77696
46.2712, 77480
46.2824, 77480
46.2933, 77480
46.3042, 77696
46.3151, 78128
46.3271, 78560
46.3382, 78128
46.3485, 77912
46.3588, 77480
46.3693, 77264
46.3796, 77264
46.3901, 77264
46.4005, 77264
46.4108, 77480
46.421, 77480
46.4315, 77696
46.4417, 77696
46.4522, 77480
46.4632, 77048
46.4737, 77048
46.4843, 77048
46.4947, 77048
46.505, 77048
46.5154, 77048
46.5256, 77048
46.5359, 77048
46.5462, 77264
46.5564, 77696
46.5667, 77912
46.5769, 77912
46.5871, 77912
46.5973, 78128
46.6076, 80720
46.6181, 79424
46.6283, 78776
46.6386, 78560
46.6488, 77480
46.6593, 77264
46.6696, 77048
46.68, 76832
46.6902, 76832
46.7005, 76832
46.7108, 77048
46.7211, 77048
46.7352, 77912
46.7513, 78560
46.7633, 78560
46.7754, 77912
46.7866, 76832
46.7971, 76832
46.8075, 76832
46.8185, 77264
46.8294, 77480
46.8401, 77480
46.8509, 77480
46.8617, 77480
46.8726, 77264
46.8834, 77048
46.8938, 76832
46.9042, 76832
46.9145, 76616
46.9248, 76616
46.9353, 76832
46.9457, 76832
46.9562, 77048
46.9666, 77696
46.9771, 78128
46.9876, 78344
46.9982, 78776
47.0088, 79208
47.0193, 79208
47.03, 79424
47.0404, 79424
47.0508, 79640
47.0613, 79424
47.0718, 78560
47.0824, 78128
47.093, 77696
47.1036, 77480
47.1143, 77480
47.1249, 77264
47.1355, 77696
47.1462, 77912
47.1568, 77912
47.1674, 77480
47.1781, 77048
47.1888, 77264
47.1992, 77912
47.2098, 78128
47.2203, 78128
47.2309, 77696
47.2414, 77480
47.2519, 77264
47.2624, 77480
47.273, 77480
47.2836, 77480
47.2941, 77696
47.3047, 77696
47.3156, 77696
47.3266, 77264
47.3376, 77048
47.3478, 76832
47.3581, 79424
47.3684, 78776
47.3786, 80936
47.3889, 84176
47.3991, 85688
47.4092, 86984
47.4194, 86120
47.4298, 85904
47.4401, 86120
47.4505, 85688
47.4609, 86552
47.4713, 85472
47.4817, 85256
47.492, 85688
47.5023, 87200
47.5128, 86552
47.5232, 86552
47.5335, 86552
47.5439, 86552
47.5542, 86552
47.5646, 85688
47.5751, 85472
47.5855, 85472
47.5959, 84824
47.6064, 84176
47.6167, 85904
47.6271, 86552
47.6377, 86120
47.6483, 85904
47.6586, 86120
47.6689, 86120
47.6794, 85256
47.6898, 84824
47.7, 84176
47.7103, 83312
47.7205, 82448
47.7309, 81584
47.7414, 81584
47.752, 81368
47.7626, 81368
47.7733, 81152
47.7838, 80936
47.7943, 81584
47.8053, 81368
47.8158, 80936
47.8263, 80720
47.8369, 80936
47.8474, 80936
47.8578, 80936
47.8683, 80936
47.8788, 80720
47.8891, 80720
47.8994, 80720
47.9105, 81368
47.9216, 81584
47.9322, 82232
47.9425, 82664
47.953, 81584
47.9635, 81152
47.9746, 81152
47.9865, 80936
47.9991, 80504
48.0097, 80288
48.0207, 79856
48.0314, 80072
48.0429, 79640
48.0554, 79424
48.0663, 78992
48.0767, 78776
48.0875, 78776
48.099, 78560
48.1096, 79424
48.1205, 78560
48.1314, 78128
48.1424, 77480
48.153, 78128
48.1634, 78776
48.1738, 78344
48.1843, 78560
48.1948, 77696
48.2053, 77912
48.2158, 78128
48.2261, 78128
48.2369, 77696
48.2495, 77264
48.2621, 77264
48.273, 77696
48.2843, 77696
48.2953, 77696
48.3062, 78344
48.3171, 78128
48.3297, 79640
48.3411, 79640
48.354, 79640
48.3663, 79640
48.3773, 79640
48.3881, 79424
48.3988, 78776
48.4102, 78344
48.4214, 77912
48.4324, 77264
48.4428, 77264
48.4531, 77480
48.4635, 77912
48.4745, 78128
48.486, 77912
48.4976, 77912
48.5089, 77480
48.5204, 77480
48.5317, 77696
48.5445, 77912
48.5569, 77912
48.5689, 78992
48.5835, 78992
48.5942, 78560
48.6045, 78344
48.615, 78344
48.6256, 78128
48.6359, 77912
48.6462, 77912
48.6566, 77696
48.6668, 77696
48.6769, 77696
48.6871, 77696
48.6973, 77696
48.7075, 77912
48.7178, 77696
48.7281, 77696
48.7384, 77696
48.7486, 77048
48.7588, 77048
48.7689, 76832
48.7791, 76832
48.7893, 76832
48.7994, 76832
48.8095, 76832
48.8197, 76832
48.8298, 76832
48.84, 76616
48.8501, 76616
48.8638, 76616
48.874, 77696
48.8842, 78344
48.8944, 78992
48.9048, 78344
48.915, 77912
48.9252, 77696
48.9353, 77264
48.9454, 76616
48.9556, 76400
48.9658, 76400
48.9759, 76400
48.986, 76616
48.9962, 76832
49.0068, 77048
49.0176, 77048
49.029, 77048
49.0397, 76832
49.0504, 76832
49.0613, 76832
49.0747, 76832
49.0853, 76832
49.0962, 76616
49.1069, 76184
49.1171, 76184
49.1273, 75968
49.1375, 75968
49.1478, 75968
49.1579, 76184
49.1681, 76400
49.1783, 76616
49.1885, 76616
49.1986, 76616
49.2088, 76616
49.219, 76616
49.2293, 76832
49.2396, 76832
49.25, 76616
49.2602, 76832
49.2703, 76832
49.2806, 76616
49.2908, 76616
49.301, 76832
49.3112, 76832
49.3213, 76832
49.3316, 77048
49.3419, 76832
49.3521, 76832
49.3623, 76832
49.3726, 76616
49.3827, 76832
49.3929, 76616
49.4031, 76400
49.4133, 76616
49.4234, 77912
49.4337, 78344
49.444, 78776
49.4542, 79424
49.4645, 78776
49.4747, 78560
49.4849, 77696
49.4954, 77048
49.5058, 76832
49.5164, 76616
49.5271, 76400
49.5375, 76184
49.5479, 76400
49.5585, 76832
49.5692, 76832
49.5798, 76616
49.5905, 76400
49.6011, 76184
49.6118, 76184
49.6224, 75968
49.6328, 75752
49.643, 75968
49.6534, 77480
49.6638, 77912
49.6741, 78128
49.6844, 78560
49.6946, 78776
49.7048, 79856
49.7149, 79208
49.7251, 78992
49.7353, 78560
49.7455, 78560
49.7557, 78560
49.7659, 78560
49.7761, 78560
49.7863, 78560
49.7965, 78776
49.8067, 78560
49.8168, 78776
49.827, 78776
49.8372, 78560
49.8473, 78776
49.8575, 79208
49.8677, 79208
49.8779, 79208
49.8881, 79208
49.8984, 79424
49.9085, 79208
49.9187, 78776
49.9289, 78560
49.9392, 78560
49.9494, 78128
49.9596, 77696
49.9699, 77480
49.9802, 77480
49.9905, 77264
50.0008, 77696
50.0111, 78560
50.0214, 78776
50.0318, 78776
50.0421, 78992
50.0525, 79424
50.0631, 78992
50.0741, 80072
50.0847, 80936
50.0964, 81368
50.1085, 81584
50.1193, 82448
50.1313, 81584
50.1433, 80936
50.1555, 80936
50.1673, 80720
50.1792, 80936
50.1909, 80504
50.2015, 79856
50.212, 78992
50.2224, 78776
50.2328, 78776
50.2433, 78560
50.2536, 78344
50.2647, 78344
50.2751, 78128
50.2854, 77912
50.2958, 77696
50.306, 78128
50.3162, 78344
50.3264, 78344
50.3367, 77696
50.3469, 77480
50.3572, 77264
50.3674, 77048
50.3776, 77264
50.3878, 77264
50.398, 77480
50.4085, 77264
50.4192, 77264
50.4306, 77264
50.4422, 77264
50.4536, 77264
50.4651, 77048
50.476, 77048
50.487, 76832
50.4979, 76832
50.5086, 76400
50.5196, 76400
50.5311, 76832
50.542, 77696
50.5526, 77912
50.563, 77480
50.5733, 77264
50.5836, 76832
50.5941, 77048
50.6045, 76616
50.615, 76832
50.6253, 77048
50.6357, 76616
50.6461, 76616
50.6564, 76616
50.6666, 76616
50.6768, 76400
50.687, 76832
50.6972, 77048
50.7073, 77048
50.7175, 77048
50.7276, 77048
50.7377, 77264
50.7479, 77048
50.7581, 76832
50.7684, 76832
50.7786, 76832
50.7889, 76832
50.7992, 77048
50.8095, 77048
50.8198, 77048
50.8301, 77480
50.8404, 77480
50.8507, 77264
50.861, 77048
50.8713, 77480
50.8817, 77696
50.892, 77480
50.9035, 77264
50.9138, 77480
50.9243, 77912
50.9347, 77264
50.945, 76832
50.9554, 76400
50.9657, 76184
50.9762, 76616
50.9865, 76832
50.9967, 76832
51.007, 77480
51.0172, 77912
51.0275, 78560
51.0377, 78776
51.048, 78128
51.0582, 77912
51.0684, 77912
51.0786, 78128
51.0895, 78776
51.0998, 81368
51.11, 81584
51.1203, 82016
51.1305, 82664
51.1408, 82880
51.151, 83096
51.1612, 83312
51.1715, 83312
51.1817, 83096
51.1919, 83096
51.2021, 82880
51.2125, 82664
51.2234, 83096
51.2337, 81800
51.2439, 81584
51.254, 81368
51.2642, 81368
51.2745, 81152
51.2846, 80936
51.2948, 80936
51.306, 80720
51.3164, 80720
51.3268, 82880
51.3382, 82448
51.3534, 82448
51.3644, 82664
51.3752, 82016
51.3862, 81368
51.3967, 81368
51.4072, 81368
51.4175, 80936
51.4277, 80504
51.438, 80720
51.4484, 80504
51.4587, 80288
51.4691, 80720
51.4795, 80936
51.4898, 80720
51.5005, 80072
51.5108, 79856
51.5213, 78992
51.5319, 78560
51.5429, 78344
51.5534, 78128
51.5638, 78128
51.5745, 77912
51.5855, 77912
51.596, 77912
51.6068, 77696
51.6179, 77696
51.6289, 77696
51.6394, 77480
51.6502, 77048
51.6608, 77048
51.6714, 77048
51.6818, 76832
51.6926, 76616
51.703, 76616
51.7132, 76616
51.7235, 77480
51.7337, 78128
51.7441, 78128
51.7545, 77480
51.765, 77264
51.7752, 77048
51.7856, 77264
51.796, 77696
51.8065, 77912
51.8167, 77696
51.827, 77912
51.8372, 77912
51.8475, 77480
51.8577, 77264
51.868, 77264
51.8784, 77480
51.8891, 77912
51.8994, 77912
51.9097, 77480
51.9201, 77264
51.9305, 77048
51.9408, 77480
51.9511, 77912
51.9615, 78128
51.972, 78128
51.9824, 77264
51.9927, 77048
52.003, 77048
52.0278, 76832
52.0387, 76616
52.0492, 76616
52.0597, 76400
52.0703, 76616
52.0808, 76832
52.0912, 77048
52.1022, 76616
52.1131, 76400
52.1241, 76184
52.1359, 76184
52.1465, 76184
52.1572, 76184
52.168, 76184
52.1788, 76184
52.1892, 76184
52.1996, 75968
52.2101, 75968
52.2205, 75752
52.2308, 75968
52.2411, 76184
52.2515, 76400
52.2618, 76400
52.2721, 76400
52.2828, 76616
52.2932, 76616
52.3033, 76616
52.3135, 76616
52.3238, 76616
52.334, 76832
52.3441, 76832
52.3546, 76832
52.3649, 77264
52.3752, 77264
52.3854, 77264
52.3956, 77264
52.4058, 77264
52.416, 77264
52.4262, 76616
52.4364, 76400
52.4466, 76400
52.4568, 76184
52.467, 76400
52.4772, 76400
52.4873, 76616
52.4974, 76616
52.5076, 76832
52.5177, 76832
52.5279, 76832
52.538, 76832
52.5481, 76616
52.5583, 76616
52.5684, 76616
52.5788, 76616
52.589, 76616
52.6077, 77696
52.618, 77696
52.6283, 77480
52.6387, 77480
52.6492, 77264
52.6596, 77048
52.67, 76832
52.6803, 76616
52.6906, 76400
52.7009, 76616
52.7113, 76616
52.7217, 77264
52.7321, 77912
52.7424, 78344
52.7528, 77912
52.7633, 77912
52.7736, 77696
52.7905, 77696
52.8008, 77696
52.8111, 77912
52.8214, 77696
52.8318, 77696
52.8423, 77696
52.8528, 77696
52.8632, 77696
52.8737, 77696
52.8842, 77696
52.8946, 77480
52.905, 78128
52.9153, 81368
52.9257, 83096
52.9362, 84392
52.9469, 84176
52.9573, 83744
52.9677, 83960
52.9781, 85040
52.9885, 85040
52.9989, 85472
53.0092, 85256
53.0195, 85256
53.0299, 85256
53.0402, 85256
53.0505, 85688
53.0608, 85256
53.0711, 86768
53.0814, 86552
53.0918, 85904
53.1023, 84824
53.1126, 83096
53.1229, 82448
53.1331, 82232
53.1434, 82016
53.1536, 82232
53.1638, 82232
53.1741, 82232
53.1843, 81800
53.1946, 81368
53.2048, 81368
53.215, 81152
53.2253, 81368
53.2357, 81584
53.2481, 81368
53.2588, 81152
53.269, 80720
53.2792, 80288
53.2893, 79856
53.2996, 79640
53.3098, 79208
53.3201, 79208
53.3359, 78776
53.3468, 79424
53.3571, 79640
53.3676, 79208
53.378, 78776
53.3882, 78560
53.3984, 78560
53.4087, 79424
53.419, 79424
53.4297, 78992
53.4402, 78560
53.4509, 77912
53.4614, 77912
53.4721, 77912
53.4827, 77480
53.4932, 77264
53.5037, 77048
53.5146, 76832
53.5253, 77480
53.5357, 78560
53.5462, 78560
53.5568, 77912
53.5673, 77696
53.5776, 77480
53.588, 77480
53.5985, 77480
53.6091, 77480
53.6201, 77480
53.6311, 76832
53.6419, 76832
53.6527, 76616
53.6636, 76400
53.6746, 76400
53.6851, 76400
53.6964, 75968
53.7085, 75752
53.7198, 75752
53.7305, 75752
53.741, 75752
53.7514, 75752
53.7618, 75968
53.7722, 75968
53.7826, 75968
53.7928, 75968
53.803, 75968
53.8133, 76184
53.8235, 76184
53.8337, 76184
53.8439, 76184
53.8541, 75968
53.8643, 75968
53.8745, 75968
53.8847, 76616
53.8952, 77480
53.9058, 77480
53.9167, 77264
53.9271, 77264
53.9374, 77264
53.9478, 77480
53.9581, 77480
53.9683, 77480
53.9785, 77696
53.9888, 78128
53.9991, 78128
54.0095, 78344
54.0198, 78128
54.0301, 78344
54.0405, 78344
54.0508, 78344
54.061, 78344
54.0712, 78128
54.0814, 77480
54.0916, 76832
54.1018, 76832
54.1119, 77264
54.1222, 77480
54.1325, 77696
54.1428, 77264
54.1532, 77048
54.1637, 76832
54.1741, 76832
54.1846, 76184
54.1954, 76184
54.2063, 75968
54.217, 76184
54.2276, 76616
54.2384, 76400
54.2491, 76184
54.2599, 75968
54.2703, 75968
54.2812, 76400
54.2919, 76616
54.3023, 76400
54.3134, 76400
54.324, 76400
54.3346, 76400
54.3452, 76400
54.3561, 76616
54.3669, 76616
54.3778, 76400
54.3887, 76184
54.3989, 75752
54.4091, 75536
54.4192, 75320
54.4293, 75536
54.4395, 76400
54.4497, 78560
54.4598, 79208
54.47, 78344
54.4802, 77480
54.4903, 77264
54.5004, 77264
54.5106, 77480
54.5208, 77480
54.5333, 77480
54.5435, 77048
54.5538, 77048
54.564, 77264
54.5741, 77264
54.5844, 77480
54.5946, 77264
54.6047, 77480
54.615, 77480
54.6251, 77480
54.6353, 77480
54.6456, 77480
54.656, 77480
54.6661, 77696
54.6763, 77480
54.6865, 77696
54.6967, 77696
54.7069, 77696
54.7171, 77696
54.7275, 77912
54.7379, 77912
54.7482, 78128
54.7585, 78128
54.7688, 78128
54.7791, 77912
54.7895, 78128
54.808, 78344
54.8187, 79208
54.829, 79640
54.8396, 80936
54.8502, 83096
54.861, 83528
54.8718, 84176
54.8826, 84608
54.8928, 82880
54.9031, 82016
54.9133, 81584
54.9236, 81368
54.9339, 82880
54.9441, 84392
54.9544, 83960
54.9647, 82880
54.9749, 81584
54.9852, 80936
54.9954, 80288
55.0056, 80072
55.0158, 79640
55.026, 79640
55.0362, 79640
55.0464, 79424
55.0565, 79424
55.0667, 79424
55.0768, 79424
55.087, 79208
55.0972, 78776
55.1073, 79208
55.1176, 79208
55.1278, 78776
55.138, 78344
55.1481, 78128
55.1585, 78128
55.1687, 77912
55.179, 77912
55.1892, 77696
55.1995, 77264
55.2097, 77048
55.2199, 76832
55.2301, 76832
55.2403, 76832
55.2505, 77048
55.2611, 77912
55.2714, 78776
55.2818, 78992
55.2925, 78776
55.3035, 78128
55.3143, 78560
55.3251, 78560
55.3363, 78776
55.3476, 78776
55.3586, 78776
55.3695, 78560
55.3805, 78344
55.392, 77912
55.4033, 77696
55.4142, 77264
55.4247, 77264
55.435, 77264
55.4454, 77264
55.4558, 76832
55.4662, 77048
55.4766, 77048
55.4869, 77048
55.4983, 77480
55.5096, 77480
55.5204, 77696
55.5325, 77048
55.543, 77048
55.5534, 77048
55.5642, 77048
55.5748, 77048
55.5856, 77048
55.5968, 76832
55.608, 76832
55.6189, 76832
55.6302, 76832
55.6408, 76616
55.6514, 76616
55.6618, 76832
55.6721, 76832
55.6825, 76832
55.693, 76832
55.7037, 76832
55.7146, 76832
55.7252, 76832
55.7359, 76832
55.7468, 76616
55.7644, 76616
55.7765, 76616
55.7896, 76184
55.8006, 76184
55.8119, 76184
55.8232, 77264
55.8336, 77696
55.844, 77696
55.8543, 77048
55.8647, 76832
55.8751, 77048
55.8856, 77480
55.8959, 77480
55.9061, 77480
55.9165, 77480
55.9269, 77696
55.9372, 77264
55.9474, 77264
55.9576, 77264
55.9678, 77480
55.978, 77480
55.9882, 77264
55.9984, 77264
56.0086, 78128
56.0189, 79424
56.0293, 78776
56.0395, 78128
56.0499, 77912
56.0604, 77912
56.0708, 77696
56.0811, 77480
56.0914, 77264
56.1018, 77264
56.1121, 77264
56.1226, 77264
56.133, 78128
56.1433, 78344
56.1537, 78560
56.1639, 78992
56.1741, 80072
56.1843, 82016
56.1946, 83096
56.205, 81584
56.2153, 80288
56.2257, 80072
56.2361, 80504
56.2465, 81368
56.2568, 81584
56.2672, 81800
56.2776, 81800
56.2882, 82016
56.2987, 82016
56.3089, 80504
56.3191, 80072
56.3293, 79424
56.3395, 79208
56.3497, 79208
56.3598, 78776
56.37, 78560
56.3801, 78344
56.3903, 78344
56.4005, 78344
56.4107, 78128
56.4211, 78344
56.4316, 79856
56.4419, 80072
56.4521, 80072
56.4624, 79424
56.4726, 78560
56.4828, 78344
56.4929, 77912
56.5032, 77912
56.5135, 77480
56.5237, 77696
56.5345, 77696
56.545, 77696
56.5554, 77696
56.5655, 77480
56.5757, 77048
56.5859, 76832
56.5961, 76832
56.6069, 76832
56.6175, 77264
56.6281, 76832
56.6385, 76616
56.6489, 76400
56.6593, 76400
56.6697, 77696
56.6801, 78560
56.6908, 78776
56.7014, 77912
56.7119, 77696
56.7228, 77264
56.7354, 76832
56.748, 76616
56.7587, 76184
56.7696, 76184
56.7803, 76184
56.7928, 75968
56.8054, 76616
56.8184, 76616
56.8297, 76184
56.8447, 75968
56.8555, 76184
56.8663, 76184
56.8783, 76184
56.8919, 76184
56.9045, 76616
56.9171, 76616
56.9276, 76400
56.9396, 75968
56.9506, 76184
56.9617, 76616
56.9731, 76616
56.9841, 76400
56.9949, 76184
57.0057, 76184
57.0162, 75968
57.0267, 75968
57.0371, 75752
57.0473, 75968
57.0577, 76616
57.068, 76832
57.0783, 77048
57.0886, 76616
57.0989, 76400
57.1092, 76184
57.1195, 76184
57.1297, 76400
57.14, 76184
57.1502, 76184
57.1606, 76400
57.1711, 76400
57.1815, 76400
57.1918, 76400
57.2021, 76400
57.2123, 76616
57.2226, 76616
57.2329, 76832
57.2433, 76832
57.2536, 76832
57.2639, 76616
57.2742, 76616
57.2845, 76400
57.2952, 76400
57.3059, 76400
57.3163, 76400
57.3266, 76616
57.3369, 76616
57.3472, 76616
57.3574, 76832
57.3678, 76832
57.3781, 76616
57.3883, 76616
57.3985, 76616
57.4087, 76616
57.419, 77264
57.4387, 77696
57.4491, 78128
57.4596, 77912
57.4704, 77480
57.4811, 77480
57.4921, 77048
57.5024, 76616
57.5131, 76616
57.5239, 76400
57.5345, 76400
57.5454, 76184
57.5563, 76616
57.5673, 76616
57.5781, 76616
57.5883, 76400
57.5985, 75752
57.6087, 75968
57.6188, 77048
57.629, 77912
57.6391, 78128
57.6492, 77480
57.6594, 77264
57.6696, 77264
57.6797, 77480
57.6899, 77696
57.7, 77696
57.7102, 77480
57.7204, 77480
57.7305, 77480
57.7407, 77480
57.7508, 77480
57.761, 77480
57.7711, 77480
57.7813, 77696
57.7914, 77480
57.8016, 77480
57.8118, 77696
57.8219, 77696
57.8321, 77696
57.8423, 77696
57.8524, 77696
57.8626, 77696
57.8728, 77912
57.8829, 77912
57.8931, 77912
57.9033, 77912
57.9135, 77912
57.9239, 77912
57.9341, 77912
57.9444, 77696
57.9546, 77696
57.965, 77480
57.9755, 77264
57.986, 77048
57.9964, 76832
58.0071, 79640
58.0176, 80936
58.0278, 81152
58.038, 82448
58.0482, 80936
58.0586, 85256
58.0688, 84608
58.0791, 86336
58.0894, 86984
58.0996, 86336
58.1099, 86336
58.1202, 85688
58.1342, 85256
58.1444, 86984
58.1547, 87200
58.1652, 85472
58.1756, 85688
58.186, 85904
58.1963, 86120
58.2067, 85688
58.2171, 86336
58.2274, 86120
58.2378, 85688
58.2482, 85472
58.2587, 86120
58.2692, 85688
58.2796, 84392
58.2905, 84176
58.3011, 83960
58.3114, 84176
58.3217, 82880
58.3321, 84176
58.3425, 83960
58.3529, 84176
58.3632, 83960
58.3735, 82880
58.3838, 81584
58.3941, 81152
58.4046, 80936
58.4149, 80504
58.4252, 79640
58.4356, 79424
58.4459, 79208
58.4562, 78992
58.4665, 78776
58.4768, 78560
58.4872, 78992
58.4983, 79208
58.5087, 78776
58.5191, 78560
58.5294, 78560
58.5398, 78344
58.5502, 78128
58.5607, 77912
58.5711, 77696
58.5815, 77480
58.5918, 77264
58.6023, 77264
58.6149, 77480
58.6275, 77912
58.639, 78344
58.6496, 78560
58.6608, 78776
58.6721, 78776
58.6829, 78776
58.6937, 78992
58.7041, 78992
58.7148, 79424
58.7253, 80504
58.7362, 80504
58.748, 80720
58.7583, 79424
58.7685, 78992
58.7787, 78776
58.789, 78776
58.7995, 78560
58.8098, 78776
58.8201, 78992
58.8303, 79208
58.8407, 79856
58.851, 79856
58.8614, 78992
58.8717, 78776
58.882, 78776
58.8923, 78344
58.9026, 78128
58.913, 77912
58.9233, 77696
58.9337, 77480
58.9445, 77264
58.9549, 76832
58.9658, 76616
58.9769, 78128
58.9905, 80504
59.0015, 79424
59.0122, 79208
59.0234, 78992
59.0349, 78992
59.0454, 79208
59.0559, 79856
59.0673, 80072
59.0777, 80288
59.0881, 80072
59.0985, 80072
59.109, 79208
59.1205, 79424
59.1322, 80072
59.1427, 79856
59.1531, 80504
59.1644, 80288
59.1754, 79424
59.1882, 79424
59.1994, 78992
59.2103, 78776
59.2214, 78776
59.2321, 78776
59.2423, 78344
59.2525, 78344
59.2627, 78992
59.2731, 78560
59.2833, 78344
59.2937, 78128
59.304, 77912
59.3143, 77912
59.3246, 78128
59.3348, 78128
59.3452, 78344
59.3554, 78776
59.3658, 79856
59.376, 80288
59.3862, 80288
59.3964, 80072
59.4066, 79208
59.4169, 78776
59.4273, 78560
59.4376, 77912
59.4479, 77696
59.4582, 77480
59.4684, 77264
59.4786, 77048
59.4888, 77048
59.499, 77048
59.5091, 77264
59.5193, 77264
59.5295, 77696
59.5396, 77912
59.5498, 77912
59.56, 77480
59.5702, 77264
59.5803, 77264
59.5905, 77696
59.6006, 77912
59.6107, 77912
59.6209, 77696
59.6358, 77480
59.646, 77480
59.6563, 77480
59.6668, 77480
59.677, 77480
59.6873, 77264
59.6974, 76832
59.7076, 76832
59.7177, 76616
59.7279, 76616
59.738, 76616
59.7482, 76616
59.7584, 77048
59.7687, 77264
59.779, 77048
59.7892, 77048
59.7995, 76616
59.8097, 76616
59.8199, 76832
59.8303, 77048
59.8406, 77048
59.8512, 77048
59.8617, 77264
59.8724, 77264
59.8828, 76832
59.8931, 76616
59.9034, 76400
59.9135, 76832
59.9238, 77264
59.934, 77264
59.9443, 77048
59.9545, 76832
59.9647, 76832
59.975, 76616
59.9853, 76616
59.9958, 76616
60.0061, 77480
60.0164, 78560
60.0268, 78992
60.037, 79640
60.0473, 80072
60.0576, 80288
60.0678, 80288
60.078, 80288
60.0883, 80504
60.0984, 80504
60.1086, 79640
60.1188, 79208
60.129, 78992
60.1391, 78992
60.1493, 79208
60.1594, 78992
60.1696, 78776
60.1797, 78992
60.1899, 79208
60.2001, 78992
60.2102, 78776
60.2204, 78776
60.2305, 78776
60.2407, 78776
60.2509, 78776
60.2634, 78776
60.2737, 80504
60.284, 81584
60.2944, 81368
60.3052, 82664
60.3156, 83096
60.3269, 82880
60.3378, 82016
60.3486, 81800
60.3599, 81368
60.3707, 80936
60.3813, 80936
60.3929, 80720
60.4036, 80720
60.4139, 79640
60.4241, 78992
60.4343, 78776
60.4445, 78560
60.4546, 79424
60.4649, 80936
60.4751, 81152
60.4853, 81152
60.4954, 81368
60.5057, 81368
60.5159, 80936
60.5261, 80504
60.5363, 80288
60.5464, 80072
60.5566, 80072
60.567, 80288
60.5775, 79856
60.5877, 79640
60.5981, 79424
60.6084, 79208
60.6186, 79424
60.6288, 79424
60.6391, 79424
60.6494, 79424
60.6596, 79424
60.6699, 79208
60.6801, 79208
60.6904, 79208
60.7009, 79424
60.7113, 79424
60.7216, 79640
60.7318, 79640
60.742, 79856
60.7522, 79640
60.7625, 79424
60.7729, 79640
60.7868, 79424
60.7972, 79424
60.8082, 78560
60.8189, 78560
60.8298, 78992
60.8403, 78128
60.8511, 78344
60.8624, 78560
60.873, 79424
60.8834, 79856
60.8945, 79640
60.9066, 79640
60.9172, 78776
60.9275, 78560
60.9379, 78560
60.9482, 78560
60.9591, 78560
60.9702, 78560
60.9811, 78344
60.9925, 78344
61.0034, 78344
61.0143, 78344
61.0249, 78344
61.036, 78344
61.0466, 78344
61.0578, 78344
61.0683, 78344
61.0787, 78344
61.089, 78344
61.0995, 78344
61.1098, 78128
61.1201, 78344
61.1304, 78344
61.1406, 78344
61.1509, 78344
61.1613, 78344
61.1716, 78344
61.182, 78344
61.1923, 78344
61.2026, 78344
61.213, 78344
61.2233, 78560
61.2336, 78344
61.244, 78344
61.2544, 78344
61.2648, 78128
61.2751, 77480
61.2855, 77480
61.2958, 77264
61.3061, 77696
61.3163, 77696
61.3266, 77480
61.337, 77480
61.3473, 77264
61.3577, 77264
61.3679, 77048
61.3782, 81368
61.3885, 82664
61.3991, 82016
61.4095, 81368
61.4197, 82016
61.4301, 81800
61.4404, 82016
61.4507, 82016
61.4609, 82016
61.4713, 82664
61.4815, 82664
61.4917, 82016
61.502, 82016
61.5122, 82016
61.5225, 80504
61.5329, 81152
61.5432, 80072
61.5535, 79856
61.5638, 79424
61.574, 80936
61.5843, 81368
61.5945, 80936
61.6048, 80720
61.615, 80720
61.6253, 80504
61.6357, 80936
61.6459, 80504
61.6561, 80504
61.6665, 80288
61.6767, 80072
61.6868, 79856
61.697, 79856
61.7072, 79856
61.7174, 79856
61.7276, 79640
61.7378, 79856
61.7481, 79640
61.7583, 78776
61.7685, 78344
61.7787, 77696
61.7888, 77696
61.799, 77912
61.8092, 77696
61.8194, 77696
61.8296, 77480
61.8398, 77480
61.8501, 77264
61.8603, 77048
61.8706, 76832
61.881, 77480
61.8912, 77480
61.9015, 77264
61.9119, 77264
61.9222, 77264
61.9326, 77048
61.9429, 76832
61.9532, 76832
61.9636, 77264
61.9755, 77264
61.9869, 77696
61.9994, 77912
62.0111, 78560
62.0245, 78344
62.0362, 77696
62.048, 77696
62.0587, 77480
62.0704, 77264
62.0815, 77480
62.0934, 77048
62.1067, 76832
62.1211, 76616
62.1316, 76400
62.1419, 76400
62.1522, 76400
62.1624, 76616
62.1727, 77696
62.183, 77696
62.1936, 77480
62.208, 77048
62.2187, 76832
62.2294, 77048
62.24, 77264
62.2507, 77048
62.2614, 77048
62.2718, 77048
62.2831, 76832
62.3009, 76832
62.314, 76616
62.3248, 76832
62.3354, 76832
62.3463, 76616
62.3576, 76616
62.3687, 76616
62.3795, 76832
62.391, 76616
62.4016, 76616
62.4125, 76616
62.4237, 76616
62.4344, 76616
62.445, 76616
62.4557, 76616
62.4663, 76616
62.4767, 76400
62.4872, 76616
62.4975, 76400
62.5084, 76616
62.5188, 76832
62.5291, 77048
62.5394, 77264
62.5497, 77264
62.56, 77264
62.5703, 77264
62.5806, 77048
62.591, 76832
62.6012, 76616
62.6119, 76832
62.6222, 76616
62.6324, 76400
62.6425, 76400
62.6528, 76832
62.663, 77264
62.6733, 77048
62.6836, 76832
62.6938, 76616
62.704, 76616
62.7142, 76400
62.7244, 76400
62.7346, 76616
62.7447, 76832
62.7549, 77048
62.765, 77048
62.7752, 77264
62.7854, 77264
62.7955, 77912
62.8059, 78344
62.8161, 78776
62.8266, 78992
62.8375, 78344
62.8482, 78344
62.8587, 77912
62.8702, 77480
62.8813, 77048
62.8921, 76832
62.9028, 76832
62.9133, 76400
62.9242, 76400
62.9348, 76400
62.946, 76400
62.9566, 76184
62.9669, 76184
62.9772, 76400
62.9874, 76400
62.9976, 76400
63.0077, 76832
63.0179, 77048
63.028, 77048
63.0382, 77048
63.0484, 77048
63.0586, 77048
63.0689, 77048
63.0792, 76832
63.0894, 76832
63.0996, 76616
63.1098, 76616
63.12, 76616
63.1302, 77912
63.1403, 78344
63.1505, 78344
63.1607, 77696
63.1709, 77264
63.1813, 77048
63.1915, 76616
63.2018, 76400
63.212, 76184
63.2221, 77048
63.2323, 77480
63.2425, 77696
63.2527, 77264
63.2629, 77048
63.2731, 77048
63.2834, 76832
63.2936, 77048
63.3038, 77048
63.3142, 77048
63.3245, 76400
63.3349, 76400
63.3452, 76400
63.3557, 76832
63.366, 77264
63.3764, 77264
63.3867, 76832
63.3972, 76832
63.4076, 77048
63.4179, 79208
63.4353, 81800
63.4456, 83528
63.456, 85904
63.4664, 85256
63.4766, 84824
63.4869, 83528
63.4972, 83744
63.5076, 83744
63.5179, 85040
63.5281, 86552
63.539, 86768
63.5493, 85904
63.5596, 86552
63.5699, 86768
63.5804, 85904
63.5907, 85904
63.6011, 86552
63.6113, 87200
63.6216, 87200
63.6319, 87200
63.6424, 85904
63.6532, 85256
63.6636, 85040
63.6742, 83312
63.6848, 83312
63.6951, 83096
63.7054, 83312
63.7158, 82880
63.7261, 83960
63.7363, 87416
63.7466, 88064
63.7569, 86120
63.7671, 84176
63.7773, 83528
63.7875, 83096
63.7977, 82880
63.8081, 82448
63.8184, 81800
63.8287, 81368
63.8389, 80936
63.8493, 80504
63.8596, 80720
63.8699, 80288
63.8801, 80504
63.8904, 80504
63.9006, 80072
63.9108, 79856
63.9211, 79640
63.9314, 79640
63.9418, 79424
63.9523, 78992
63.9627, 78992
63.9746, 79424
63.9852, 79208
63.9958, 79208
64.0063, 78128
64.0179, 77696
64.0285, 77480
64.0392, 77264
64.0499, 77264
64.0625, 77480
64.073, 77480
64.0834, 77264
64.0945, 77048
64.1054, 76832
64.1158, 76832
64.126, 77696
64.1363, 77696
64.1465, 77696
64.1568, 77264
64.1671, 77480
64.1775, 77480
64.1883, 77264
64.1991, 77264
64.2098, 77048
64.2202, 77480
64.2308, 78560
64.2435, 80288
64.2575, 80288
64.2688, 80504
64.2795, 81800
64.2922, 82232
64.3032, 82880
64.317, 82664
64.3285, 81800
64.3389, 81152
64.3494, 80936
64.3599, 80936
64.3707, 80720
64.3831, 80504
64.3936, 80072
64.4041, 79640
64.4144, 79424
64.4247, 78560
64.4351, 78128
64.4455, 77696
64.4558, 77480
64.466, 77696
64.4762, 77696
64.4866, 77696
64.497, 77912
64.5073, 77912
64.5176, 77912
64.5279, 77696
64.5384, 77696
64.5486, 77480
64.5589, 77480
64.5692, 77264
64.5796, 77480
64.5899, 77264
64.6002, 77264
64.6106, 77264
64.6208, 77264
64.6312, 77264
64.6414, 77264
64.6516, 77264
64.6618, 77048
64.672, 77048
64.6823, 77264
64.6925, 77264
64.7027, 77480
64.713, 77696
64.7232, 77048
64.7401, 77264
64.7506, 77480
64.7611, 77696
64.7716, 77696
64.7824, 77264
64.7932, 77048
64.8038, 76832
64.8143, 76832
64.8248, 76832
64.8352, 76832
64.8456, 76616
64.8559, 76400
64.8666, 76616
64.8771, 76616
64.888, 76616
64.8985, 76400
64.91, 76184
64.9207, 76400
64.9312, 76400
64.9418, 76184
64.9524, 76184
64.9633, 76400
64.9739, 76184
64.9843, 76184
64.9945, 75968
65.0048, 76184
65.0151, 76400
65.0253, 76400
65.0354, 76616
65.0456, 76616
65.0557, 76616
65.0659, 76616
65.0761, 76832
65.0862, 76832
65.0964, 76832
65.1067, 77048
65.1169, 77048
65.1271, 77048
65.1373, 76832
65.1475, 76832
65.1576, 76616
65.1678, 76616
65.178, 76400
65.1881, 76400
65.1983, 76400
65.2087, 76616
65.219, 76832
65.2292, 76832
65.2394, 77048
65.2495, 76832
65.2597, 76832
65.2699, 77048
65.2801, 76832
65.2904, 76832
65.3006, 76832
65.3108, 77048
65.3212, 77264
65.3314, 77048
65.3416, 77048
65.3518, 77048
65.362, 76832
65.3722, 76616
65.3824, 76616
65.3945, 76616
65.4049, 77480
65.4155, 78344
65.4263, 78560
65.4369, 78560
65.4472, 78344
65.4581, 77912
65.4688, 77696
65.4794, 77480
65.4903, 78560
65.501, 79640
65.5115, 80504
