time, temp
0.00146459, 58904
0.0148491, 59120
0.0253361, 59120
0.0360565, 59120
0.0464879, 59552
0.0571629, 59552
0.0677661, 59552
0.0782115, 59768
0.0886226, 59768
0.0990377, 59984
0.109258, 59984
0.119446, 59984
0.129624, 60416
0.139864, 60632
0.150118, 60848
0.160354, 60848
0.170534, 61064
0.180737, 61064
0.190947, 61280
0.203295, 61280
0.213521, 61280
0.223718, 61280
0.233886, 61280
0.244047, 61280
0.254208, 61280
0.264358, 61280
0.274516, 61496
0.284686, 61496
0.29485, 61496
0.305017, 61280
0.315191, 61496
0.325425, 61280
0.335799, 61280
0.346606, 61712
0.356894, 61712
0.36714, 61928
0.377383, 62144
0.387561, 62360
0.397787, 62360
0.408235, 62792
0.418634, 63008
0.428965, 63440
0.439243, 66680
0.449412, 67544
0.459699, 68192
0.469971, 68840
0.480233, 69272
0.490533, 70352
0.500818, 70784
0.511094, 71216
0.521377, 71648
0.53162, 71864
0.541864, 72296
0.552162, 72728
0.562414, 72944
0.572695, 73160
0.582951, 73376
0.593222, 73592
0.603485, 74024
0.613739, 74024
0.623984, 74240
0.634232, 74240
0.644524, 75104
0.6548, 75752
0.665062, 76184
0.675263, 76832
0.685456, 77264
0.695632, 77264
0.705815, 77048
0.715984, 77912
0.726126, 77912
0.736265, 77048
0.746411, 76184
0.756587, 75968
0.766775, 75536
0.777, 75536
0.787229, 75320
0.797461, 74240
0.807758, 74240
0.817995, 74456
0.828237, 74240
0.838541, 73592
0.848855, 74672
0.859083, 74456
0.869361, 74672
0.879643, 74456
0.889876, 74672
0.900087, 73592
0.910337, 73592
0.920659, 73808
0.930879, 73376
0.941169, 73808
0.951407, 74888
0.961695, 75104
0.97194, 74456
0.98217, 74888
0.992442, 75104
1.00279, 75104
1.01308, 75536
1.0233, 76400
1.03351, 76400
1.04371, 76184
1.05391, 76832
1.06409, 77264
1.07428, 77480
1.08448, 77264
1.09468, 78128
1.10488, 78560
1.11508, 78776
1.12526, 78560
1.13545, 78344
1.14565, 78560
1.15589, 76616
1.16614, 76184
1.1764, 76184
1.18661, 75536
1.19685, 75320
1.20713, 75320
1.2174, 75536
1.22765, 75320
1.23793, 75536
1.24824, 75536
1.25844, 75320
1.26867, 75968
1.27882, 76400
1.28903, 76616
1.29927, 76400
1.30946, 77696
1.31965, 78776
1.32989, 78992
1.34015, 78560
1.3505, 78776
1.36103, 78560
1.37132, 78344
1.38154, 78560
1.39171, 79424
1.40185, 79640
1.41202, 78560
1.42227, 78992
1.4325, 78344
1.44276, 77912
1.45294, 78560
1.46311, 78992
1.47321, 79640
1.48338, 78992
1.49349, 79424
1.50358, 79640
1.51372, 79208
1.52382, 79424
1.53394, 78992
1.54406, 79424
1.55439, 77264
1.56483, 75104
1.57519, 75104
1.58548, 76184
1.59579, 77048
1.60618, 77912
1.61645, 78128
1.62663, 78776
1.63681, 78776
1.64703, 78776
1.65718, 78992
1.66728, 79856
1.67738, 79208
1.68756, 79424
1.69772, 78992
1.70793, 78128
1.7181, 77264
1.72835, 76832
1.73855, 76400
1.74881, 76616
1.75909, 77048
1.76937, 76832
1.77966, 75752
1.78993, 76400
1.80029, 76400
1.81055, 76616
1.82072, 77696
1.83096, 78560
1.84106, 78560
1.85119, 78776
1.86135, 77912
1.87157, 76184
1.8818, 75752
1.89203, 76400
1.90233, 76616
1.91257, 75104
1.92281, 75104
1.93305, 75968
1.94326, 75104
1.95351, 75320
1.96377, 75536
1.97407, 75752
1.98432, 75320
1.99466, 74888
2.00492, 75320
2.01516, 76184
2.02542, 74888
2.03568, 74888
2.04593, 74888
2.05618, 74672
2.0664, 74888
2.0766, 75536
2.08679, 76400
2.09694, 76832
2.10715, 75752
2.11741, 74888
2.12767, 74672
2.138, 76400
2.14825, 76184
2.1586, 75968
2.16886, 74456
2.1792, 75320
2.18945, 75536
2.19975, 74888
2.21006, 75104
2.2204, 75536
2.23064, 75752
2.24091, 75104
2.25118, 74672
2.26139, 75536
2.27158, 76616
2.28177, 74888
2.29202, 75104
2.30235, 74672
2.31267, 74456
2.32294, 74888
2.33322, 74888
2.34346, 74888
2.35375, 74672
2.36411, 74888
2.3744, 74888
2.38473, 74024
2.39509, 74024
2.40538, 73808
2.41558, 74456
2.42578, 75104
2.436, 74888
2.44649, 75320
2.45692, 74888
2.46722, 74672
2.47754, 75104
2.48778, 75320
2.498, 76184
2.50821, 76616
2.51839, 76832
2.52857, 77048
2.53878, 76400
2.54897, 76184
2.55913, 76832
2.5693, 76832
2.57944, 77048
2.5896, 77264
2.59976, 77048
2.60991, 76832
2.62007, 77048
2.63026, 77048
2.64041, 77480
2.65081, 77264
2.66099, 76616
2.6712, 76832
2.68139, 76616
2.69156, 76832
2.70176, 76832
2.71194, 77264
2.72239, 77480
2.73264, 77696
2.74284, 76400
2.75305, 76832
2.76326, 76400
2.77345, 76616
2.78367, 76832
2.7939, 75320
2.80416, 75320
2.8147, 75320
2.82499, 75968
2.83543, 75536
2.84566, 73808
2.85588, 73376
2.86605, 71864
2.87618, 71000
2.88629, 70568
2.89638, 70136
2.90648, 70136
2.91657, 69920
2.92665, 69704
2.93674, 69704
2.94682, 69488
2.95693, 69488
2.96702, 69272
2.97711, 69056
2.98722, 69056
2.99734, 68840
3.00743, 68624
3.01751, 68408
3.0276, 67976
3.03769, 67760
3.04778, 67760
3.05787, 67544
3.06801, 67760
3.07855, 67976
3.08894, 68192
3.09931, 68408
3.10963, 68840
3.12001, 68840
3.13048, 69272
3.14103, 68840
3.15144, 68408
3.1619, 67976
3.1723, 67760
3.18321, 67544
3.1937, 67544
3.20412, 67328
3.21453, 67328
3.2249, 67328
3.23518, 67112
3.24541, 67112
3.25563, 66896
3.26583, 67328
3.27609, 67544
3.28635, 67544
3.29675, 67544
3.30717, 67328
3.3176, 67112
3.32811, 67328
3.33847, 67112
3.34894, 67112
3.35928, 67112
3.36969, 66896
3.38015, 66896
3.39062, 66896
3.40106, 66680
3.41153, 66680
3.42202, 66680
3.43244, 66248
3.44268, 66032
3.45289, 66032
3.4637, 66032
3.47435, 65816
3.48449, 65816
3.49469, 65816
3.50489, 65816
3.51505, 65816
3.52527, 65816
3.53543, 65816
3.54559, 65600
3.55572, 65816
3.56583, 65600
3.57592, 65600
3.58602, 65600
3.59612, 65816
3.60623, 65816
3.61634, 65816
3.62648, 66032
3.63667, 66464
3.64684, 66464
3.65696, 66248
3.66713, 66248
3.67747, 66464
3.68788, 66464
3.69819, 66248
3.70852, 66464
3.71895, 66464
3.72945, 66680
3.73986, 67112
3.75025, 67112
3.76064, 66680
3.77103, 66680
3.78151, 66464
3.7919, 66464
3.80223, 66248
3.81254, 66248
3.82272, 66248
3.83285, 66248
3.84298, 66248
3.8532, 66248
3.86345, 66248
3.87378, 66248
3.88416, 66032
3.89456, 66248
3.90514, 66248
3.91554, 66248
3.92593, 66248
3.93629, 66248
3.94664, 66248
3.95699, 66248
3.9673, 66464
3.97762, 66464
3.98795, 66464
3.99829, 66680
4.00864, 66680
4.01883, 66464
4.02899, 66464
4.03913, 66464
4.04926, 66680
4.05937, 66680
4.07005, 66680
4.08016, 66896
4.09026, 66680
4.10046, 66680
4.11072, 66896
4.12086, 66680
4.13099, 66896
4.14109, 66680
4.1512, 66680
4.1613, 66680
4.1714, 66464
4.1815, 66248
4.1916, 66248
4.20169, 66248
4.21177, 66032
4.22187, 66032
4.23196, 66032
4.24206, 66032
4.25216, 66032
4.26226, 66032
4.27236, 65816
4.28245, 65816
4.29255, 65816
4.30263, 65816
4.31272, 65816
4.32281, 65816
4.33301, 66032
4.34332, 66464
4.35365, 66680
4.36392, 66032
4.37432, 65816
4.38477, 65816
4.39515, 65600
4.40557, 65600
4.41605, 65384
4.42648, 65384
4.43693, 65384
4.44739, 65384
4.45788, 65384
4.46831, 65168
4.47871, 64952
4.4891, 64952
4.49949, 64952
4.50988, 65168
4.52027, 65168
4.53092, 65168
4.5414, 65168
4.55188, 65168
4.5623, 65168
4.57267, 65384
4.5831, 65168
4.59348, 65168
4.60378, 65384
4.61411, 65384
4.62439, 65384
4.63465, 65168
4.64495, 64952
4.65523, 64952
4.66539, 64952
4.67553, 64952
4.68568, 64952
4.69579, 64952
4.70591, 64952
4.71603, 65168
4.72614, 65168
4.73624, 65384
4.74639, 65816
4.75651, 66032
4.76668, 66248
4.77686, 66464
4.78713, 66680
4.7974, 67112
4.80767, 67760
4.81791, 67976
4.82813, 68192
4.83855, 68408
4.84908, 68192
4.85948, 68408
4.86999, 68408
4.88038, 68408
4.89079, 68408
4.90127, 68408
4.91148, 67976
4.92164, 67760
4.93179, 67760
4.942, 67760
4.95222, 67544
4.96242, 67328
4.97275, 67544
4.98298, 67328
4.99325, 67328
5.0035, 67328
5.01376, 67328
5.02404, 67328
5.0343, 67328
5.04453, 67328
5.05478, 67112
5.06504, 67112
5.07531, 67112
5.0856, 67112
5.09579, 66896
5.10597, 66680
5.11617, 66680
5.12632, 66680
5.13648, 66680
5.14665, 66464
5.15678, 66464
5.16698, 66464
5.17713, 66464
5.18727, 66464
5.19742, 66464
5.20752, 66464
5.21764, 66464
5.22776, 66464
5.23788, 66680
5.24801, 66464
5.25812, 66464
5.26822, 66464
5.27833, 66464
5.28845, 66464
5.29857, 66464
5.30867, 66464
5.31878, 66680
5.32889, 66680
5.33901, 66680
5.34912, 66680
5.35922, 66896
5.36932, 66680
5.37943, 66896
5.3896, 66896
5.39982, 66896
5.41003, 66896
5.42035, 66896
5.4307, 66896
5.44108, 66680
5.45145, 66680
5.46186, 66680
5.47231, 66896
5.48269, 67112
5.49306, 67112
5.50342, 66896
5.51378, 66896
5.5241, 66896
5.53441, 67112
5.54484, 67112
5.5552, 66896
5.56551, 66896
5.58184, 66464
5.59213, 66032
5.60229, 65600
5.61242, 65600
5.62254, 65384
5.63268, 65384
5.6428, 65384
5.65294, 65168
5.66305, 65168
5.67313, 65168
5.68328, 65168
5.69341, 65168
5.70375, 64952
5.71389, 65168
5.72406, 65168
5.73419, 65168
5.7443, 65168
5.75442, 65168
5.76453, 64952
5.77465, 65168
5.78472, 64952
5.79484, 64952
5.80517, 64952
5.8155, 65168
5.82584, 65168
5.83617, 65384
5.8465, 65384
5.8569, 65384
5.8681, 65384
5.87977, 65384
5.89078, 65168
5.90155, 65168
5.91236, 65168
5.92317, 65384
5.93394, 65168
5.94462, 65168
5.95534, 65168
5.96616, 65168
5.97745, 65168
5.98951, 65168
6.00033, 65168
6.01113, 65168
6.02196, 65168
6.03271, 65168
6.04335, 65168
6.05505, 65168
6.06589, 65168
6.07778, 65168
6.08864, 65168
6.09946, 65168
6.11018, 65168
6.12103, 65168
6.13149, 64952
6.14175, 64952
6.15196, 64952
6.1623, 65168
6.17258, 65600
6.1829, 65600
6.19314, 65816
6.20329, 65600
6.21352, 65600
6.22385, 65816
6.23411, 65816
6.24434, 65816
6.25452, 65816
6.26492, 65816
6.27562, 65816
6.28585, 65816
6.29599, 65816
6.30622, 65816
6.3164, 65816
6.32659, 65600
6.33684, 65600
6.34702, 65600
6.3572, 65816
6.3674, 65816
6.37758, 65600
6.38776, 65816
6.39797, 65816
6.40815, 65600
6.41834, 65816
6.42871, 65600
6.43893, 67544
6.44936, 68624
6.4597, 67760
6.47, 66680
6.48042, 65816
6.4909, 65600
6.50146, 65600
6.51189, 65384
6.5223, 65384
6.53279, 65168
6.54318, 64952
6.55354, 65168
6.56395, 65168
6.57446, 64952
6.58501, 64952
6.59542, 64952
6.60583, 64952
6.61625, 64736
6.62691, 64736
6.63735, 64736
6.64776, 64736
6.65796, 64736
6.66816, 64736
6.67886, 64736
6.68925, 64952
6.69958, 64952
6.70998, 64952
6.72023, 64952
6.73044, 64952
6.74068, 64952
6.75105, 64952
6.76128, 64952
6.77144, 65384
6.78154, 65384
6.79163, 65384
6.80174, 65384
6.81184, 65600
6.82194, 65816
6.83204, 65816
6.84213, 65816
6.85222, 65600
6.86231, 65600
6.87239, 65600
6.88248, 65384
6.89256, 65384
6.90266, 65600
6.91278, 65600
6.92291, 65816
6.93304, 66032
6.94327, 66032
6.9534, 65816
6.9635, 65600
6.97367, 65600
6.98405, 65816
6.99452, 65816
7.00512, 66032
7.01553, 66032
7.0259, 66248
7.0363, 66248
7.0467, 66248
7.05709, 66248
7.06748, 66248
7.07793, 66032
7.08817, 65816
7.0984, 65816
7.10858, 65816
7.11873, 65816
7.12894, 65816
7.13917, 65816
7.14934, 65600
7.15954, 65600
7.16969, 65600
7.18, 65600
7.19017, 65816
7.20049, 66032
7.21077, 66248
7.22098, 66248
7.23117, 66464
7.24138, 66464
7.25159, 66248
7.26178, 66248
7.27201, 66248
7.28217, 66248
7.29232, 66464
7.30262, 66680
7.31309, 66896
7.32337, 66896
7.33368, 67112
7.34391, 66896
7.35411, 67112
7.3643, 66896
7.37447, 66896
7.38467, 66896
7.39485, 66896
7.40502, 66896
7.41517, 66896
7.42549, 66896
7.43577, 67112
7.44609, 66896
7.45636, 66896
7.4667, 66896
7.47694, 66896
7.4871, 66896
7.49724, 67112
7.50738, 66896
7.51751, 66896
7.52766, 66896
7.53788, 66896
7.54817, 67112
7.55849, 67112
7.56883, 67112
7.57907, 67112
7.58928, 67112
7.5995, 67112
7.60972, 67112
7.61996, 66896
7.63016, 66896
7.64033, 66680
7.65048, 66680
7.66062, 66680
7.67075, 66680
7.68088, 66680
7.69101, 66896
7.70119, 67112
7.7115, 67112
7.72187, 67112
7.73216, 67112
7.74248, 67328
7.75277, 67328
7.76306, 67112
7.77326, 67112
7.78356, 66896
7.79391, 66896
7.80439, 66896
7.8149, 66896
7.82544, 66896
7.83604, 66896
7.84675, 66680
7.85746, 66680
7.86798, 66680
7.87852, 66680
7.88955, 66680
7.90027, 66680
7.91092, 66680
7.92173, 66680
7.9324, 66680
7.94296, 66680
7.95366, 66680
7.96413, 66680
7.97435, 66680
7.9845, 66896
7.9948, 66896
8.00498, 66896
8.01512, 66896
8.02527, 66896
8.03545, 66896
8.04565, 67112
8.05607, 67112
8.06676, 67112
8.07741, 66896
8.08779, 66896
8.09804, 67112
8.10856, 67112
8.11902, 67112
8.12937, 68192
8.13973, 68624
8.15005, 68840
8.16041, 68840
8.17071, 67544
8.18094, 67544
8.19109, 67544
8.2012, 67760
8.21131, 67976
8.22148, 67544
8.23173, 67328
8.24196, 67328
8.25228, 67328
8.26275, 67328
8.27335, 67112
8.2842, 66896
8.29448, 66896
8.30494, 67112
8.3154, 67328
8.32584, 67328
8.33631, 67328
8.34676, 67328
8.35731, 67328
8.36777, 67328
8.37827, 67328
8.38872, 67328
8.39926, 67328
8.40965, 67328
8.42014, 67328
8.43051, 67544
8.4408, 66896
8.45096, 66464
8.46121, 66248
8.47144, 66248
8.48162, 66032
8.49187, 66032
8.50212, 66248
8.51241, 66248
8.52294, 66032
8.53334, 66248
8.54371, 66248
8.55415, 66248
8.56479, 66248
8.57521, 66464
8.58561, 66464
8.59597, 66464
8.60637, 66464
8.61696, 66680
8.62733, 66680
8.63791, 66464
8.64816, 66248
8.65839, 66032
8.66857, 66032
8.67873, 66032
8.689, 65816
8.69928, 65816
8.7095, 66032
8.7198, 66032
8.73, 66248
8.74029, 66680
8.75052, 66680
8.76079, 66680
8.7711, 66680
8.78122, 66680
8.79138, 66680
8.80155, 67112
8.81167, 67112
8.82179, 66896
8.83192, 66680
8.84223, 66680
8.85311, 66680
8.86357, 66896
8.87403, 66896
8.88462, 66680
8.89504, 66680
8.90551, 66464
8.9159, 66464
8.92623, 66680
8.93651, 66680
8.94673, 66680
8.95698, 66680
8.96717, 66896
8.97734, 66896
8.98749, 66896
8.99764, 66896
9.00777, 66896
9.01792, 67112
9.02805, 67112
9.03819, 67112
9.04836, 67112
9.0585, 67112
9.06867, 67112
9.07879, 67112
9.08899, 67328
9.09919, 67328
9.10937, 67112
9.1195, 67328
9.12963, 67112
9.13977, 67112
9.14991, 67112
9.16014, 67328
9.1704, 67328
9.18071, 67328
9.19103, 67112
9.20134, 67112
9.21157, 66896
9.22184, 66896
9.23212, 66896
9.24236, 66680
9.25256, 66680
9.26271, 66464
9.27283, 66464
9.28295, 66464
9.29308, 66464
9.30323, 66248
9.31359, 66464
9.32397, 66464
9.33437, 66680
9.34486, 66464
9.35528, 66464
9.36579, 66680
9.37644, 66464
9.3872, 66464
9.3978, 66464
9.40838, 66464
9.41904, 66464
9.42965, 66464
9.44029, 66464
9.45095, 66464
9.46158, 66464
9.47222, 66464
9.48267, 66464
9.49313, 66680
9.50373, 66680
9.51403, 66680
9.52425, 66464
9.53442, 66464
9.54468, 66680
9.55493, 66680
9.56517, 66896
9.57537, 66896
9.58554, 66680
9.5957, 66680
9.60588, 66680
9.61605, 66896
9.62646, 66896
9.63683, 67328
9.64703, 67760
9.65722, 67760
9.66739, 67976
9.67758, 68192
9.68784, 68408
9.69805, 68192
9.70821, 68192
9.71839, 68192
9.72863, 68192
9.73898, 68408
9.74922, 69272
9.75941, 68624
9.76959, 68408
9.77977, 68192
9.79006, 67976
9.80026, 67760
9.81047, 67760
9.8207, 67544
9.83089, 67544
9.84124, 67760
9.85155, 67760
9.86188, 67544
9.87209, 67544
9.88231, 67328
9.89262, 67328
9.90275, 67112
9.91289, 67112
9.92303, 67112
9.93317, 67328
9.94331, 67112
9.95342, 66896
9.96354, 66896
9.97366, 66896
9.9838, 66896
9.99395, 66896
10.0041, 66896
10.0143, 67976
10.0245, 67544
10.0346, 67328
10.0448, 67112
10.0549, 67112
10.065, 66896
10.0752, 66680
10.0854, 66680
10.0958, 66680
10.106, 66680
10.1163, 66680
10.1266, 66680
10.1369, 66680
10.1472, 66680
10.1575, 66896
10.1678, 66896
10.1782, 66896
10.1885, 66680
10.1989, 66896
10.2091, 67112
10.2195, 67112
10.2299, 67112
10.2403, 67328
10.2508, 67328
10.2612, 67328
10.2717, 67112
10.2822, 67112
10.2931, 67112
10.3042, 67112
10.3148, 67112
10.3254, 67112
10.336, 67112
10.3464, 67112
10.3567, 67112
10.3672, 66896
10.3774, 66896
10.3906, 67544
10.401, 67544
10.4114, 67544
10.4219, 67544
10.4322, 67544
10.4424, 67760
10.4525, 67976
10.4626, 67976
10.4729, 69272
10.4832, 70352
10.4934, 69920
10.5035, 68624
10.5137, 68408
10.5239, 68408
10.5341, 68408
10.5442, 68192
10.5544, 68624
10.5648, 69704
10.575, 69704
10.5852, 68408
10.5953, 68408
10.6055, 68408
10.6157, 68192
10.6261, 68192
10.6362, 68192
10.6463, 67976
10.6565, 68192
10.6667, 67976
10.6769, 67976
10.6871, 67544
10.6972, 67544
10.7075, 67544
10.7178, 67544
10.7282, 67544
10.7385, 67328
10.7489, 67328
10.7593, 67544
10.7695, 67976
10.7798, 67976
10.79, 68192
10.8004, 67976
10.8109, 67976
10.8214, 67976
10.8317, 67544
10.8419, 67328
10.852, 67544
10.8622, 68192
10.8724, 68408
10.8826, 68408
10.8928, 67544
10.903, 67328
10.9132, 67328
10.9233, 67112
10.9336, 67112
10.9439, 67328
10.9543, 67328
10.9648, 67328
10.9752, 67328
10.9857, 67544
10.9963, 67544
11.0068, 67544
11.0171, 67544
11.0276, 67544
11.0379, 67544
11.0482, 67328
11.0585, 67328
11.0687, 67544
11.079, 67328
11.0892, 67328
11.0995, 67112
11.1098, 67112
11.12, 67112
11.1301, 67328
11.1403, 67328
11.1505, 67544
11.1608, 67544
11.1711, 67760
11.1815, 67760
11.1917, 67976
11.202, 68624
11.2122, 69272
11.2224, 69056
11.2326, 68408
11.2428, 68192
11.2529, 68192
11.263, 67976
11.2789, 67976
11.2891, 67976
11.2992, 67976
11.3094, 68192
11.3197, 67760
11.3301, 67760
11.3404, 67544
11.3508, 67544
11.3612, 67328
11.3715, 67328
11.3818, 67328
11.3923, 67328
11.4029, 67328
11.4135, 67328
11.424, 67328
11.4348, 67328
11.4454, 67112
11.456, 67112
11.4666, 67112
11.4774, 67328
11.4879, 67112
11.499, 67112
11.51, 67112
11.5205, 67112
11.5311, 67112
11.5415, 66896
11.5519, 66896
11.5622, 66896
11.5725, 66680
11.5827, 66680
11.5929, 67112
11.603, 67112
11.6131, 67112
11.6233, 67112
11.6335, 67112
11.6437, 67328
11.6539, 67760
11.6642, 67976
11.6745, 68192
11.6847, 68192
11.6949, 68192
11.7051, 68192
11.7155, 68192
11.7256, 68192
11.7358, 68192
11.746, 68192
11.7563, 68408
11.7665, 68408
11.7767, 68192
11.7869, 68192
11.797, 68192
11.8072, 68192
11.8174, 68408
11.8275, 68624
11.8377, 68624
11.8479, 69056
11.8582, 69272
11.8684, 69272
11.8786, 69488
11.8888, 69272
11.8992, 69272
11.9095, 69272
11.9197, 69488
11.9299, 69488
11.9402, 69488
11.9506, 69272
11.9609, 69056
11.9712, 69056
11.9815, 69056
11.9918, 68840
12.0021, 68624
12.0125, 68624
12.0227, 68624
12.0329, 68408
12.043, 68408
12.0532, 68408
12.0633, 68192
12.0734, 68192
12.0836, 68408
12.0938, 68408
12.1039, 68408
12.1141, 68192
12.1243, 68192
12.1344, 67976
12.1445, 68192
12.1547, 68192
12.1649, 67976
12.1751, 67976
12.1853, 67976
12.1955, 67976
12.2057, 68192
12.216, 68840
12.2263, 68624
12.2366, 68408
12.2467, 68192
12.2569, 68192
12.2672, 68408
12.2775, 68408
12.2879, 68624
12.2982, 68624
12.3085, 68840
12.3189, 68840
12.3292, 69056
12.3396, 69056
12.3499, 69056
12.3602, 69056
12.3705, 69056
12.3807, 69056
12.3909, 68840
12.401, 68840
12.4112, 68840
12.4213, 68840
12.4314, 68624
12.4416, 68624
12.4517, 68624
12.4619, 68624
12.472, 68408
12.4822, 68624
12.4924, 69272
12.5026, 69272
12.5129, 69272
12.5232, 68624
12.5335, 68408
12.5439, 68192
12.5543, 68192
12.5646, 67976
12.575, 67976
12.5854, 67976
12.5958, 67760
12.6064, 67760
12.6169, 67760
12.6271, 67544
12.6373, 67544
12.6475, 67328
12.6577, 67328
12.6679, 67328
12.6781, 67112
12.6882, 67328
12.6983, 67544
12.7084, 67328
12.7185, 67112
12.7287, 66896
12.7388, 67112
12.7489, 67112
12.759, 67328
12.7692, 68624
12.7794, 67976
12.7897, 67760
12.7999, 67544
12.8101, 67544
12.8205, 67544
12.8309, 67544
12.8412, 67760
12.8515, 67976
12.8619, 67760
12.8723, 67544
12.8827, 67760
12.8931, 67760
12.9035, 67760
12.9141, 67760
12.9245, 67760
12.935, 67760
12.9454, 67976
12.9556, 67760
12.9658, 67544
12.976, 67544
12.9863, 67544
12.9965, 67544
13.0068, 67544
13.0172, 67760
13.0276, 67760
13.0381, 67760
13.0485, 67544
13.0588, 67760
13.0692, 67544
13.0795, 67544
13.0899, 67544
13.1003, 67544
13.1107, 67328
13.1211, 67112
13.1315, 67112
13.1417, 67112
13.1519, 67112
13.1621, 66896
13.1722, 67112
13.1824, 67112
13.1924, 67112
13.2026, 67112
13.2127, 67328
13.2231, 68408
13.2333, 67976
13.2435, 67328
13.2536, 67112
13.2637, 66896
13.2739, 66896
13.2841, 66896
13.2945, 66896
13.3049, 66896
13.3156, 66896
13.3258, 67328
13.3361, 67760
13.3467, 67976
13.3572, 67760
13.3677, 67976
13.3782, 68192
13.3886, 68192
13.3989, 68408
13.4093, 68408
13.4196, 68624
13.43, 68624
13.4404, 68624
13.4507, 68840
13.4609, 68192
13.471, 67976
13.4812, 67760
13.4913, 67760
13.5015, 67760
13.5117, 67760
13.5219, 67760
13.532, 67760
13.5421, 67760
13.5523, 67976
13.5625, 67976
13.5728, 67976
13.583, 67976
13.5935, 67760
13.6038, 67976
13.6142, 67976
13.6245, 67976
13.6349, 67976
13.6453, 67760
13.6556, 67760
13.666, 67760
13.6764, 67760
13.6868, 67760
13.6972, 67760
13.7081, 67328
13.7185, 67328
13.7289, 67328
13.7392, 67328
13.7495, 67328
13.7597, 67328
13.7699, 67544
13.78, 67112
13.7901, 67112
13.8002, 67112
13.8104, 67112
13.8205, 67112
13.8306, 67112
13.8407, 67112
13.8509, 67328
13.8611, 67328
13.8714, 67328
13.8817, 67328
13.892, 67328
13.9024, 67112
13.9128, 67112
13.9232, 66896
13.9336, 66896
13.9441, 66896
13.9547, 66896
13.965, 66896
13.9754, 67328
13.9858, 67544
13.9961, 67760
14.0065, 67328
14.017, 67328
14.0273, 67328
14.0376, 67112
14.0479, 67112
14.0581, 67112
14.0684, 66896
14.0786, 66680
14.0887, 66680
14.0989, 66896
14.109, 67112
14.1191, 67112
14.1292, 67328
14.1394, 67544
14.1495, 67544
14.1596, 67760
14.1698, 67760
14.18, 67760
14.1901, 67976
14.2003, 67976
14.2104, 67760
14.2205, 67544
14.2308, 67328
14.2409, 67328
14.2511, 67328
14.2612, 67328
14.2713, 67328
14.2815, 67544
14.2918, 67760
14.3021, 67760
14.3124, 67544
14.3227, 67760
14.333, 67760
14.3433, 67544
14.354, 67544
14.3646, 67544
14.3752, 67328
14.3859, 67328
14.3966, 67328
14.4073, 67328
14.4182, 67328
14.4294, 67328
14.4402, 67112
14.4508, 67112
14.4616, 67112
14.4724, 66896
14.4831, 66896
14.4935, 67112
14.5039, 67112
14.5142, 67112
14.5245, 67112
14.5348, 67112
14.5451, 66896
14.5553, 66896
14.5656, 66896
14.5758, 66896
14.586, 66896
14.5962, 67112
14.6064, 67112
14.6166, 67328
14.6268, 67544
14.637, 67544
14.6473, 69704
14.6577, 70136
14.668, 70136
14.6784, 70136
14.6888, 70352
14.699, 70568
14.7093, 70568
14.7196, 70784
14.7299, 70352
14.7401, 69488
14.7502, 69056
14.7603, 69056
14.7705, 68840
14.7807, 68840
14.7908, 68840
14.8009, 68624
14.811, 68408
14.8211, 69056
14.8312, 69272
14.8413, 68840
14.8514, 68840
14.8615, 68840
14.8716, 68840
14.8817, 69056
14.8919, 70136
14.9021, 69704
14.9124, 69488
14.9227, 69272
14.9331, 69272
14.9435, 68840
14.9546, 68840
14.9651, 68840
14.9755, 68624
14.9859, 68624
14.9963, 68408
15.0066, 68408
15.0171, 68408
15.0274, 68624
15.0377, 68624
15.0481, 68408
15.0584, 68408
15.0687, 67976
15.079, 67544
15.0893, 67328
15.0994, 67112
15.1096, 66896
15.1197, 66896
15.1298, 66680
15.1399, 66680
15.15, 66680
15.1601, 66464
15.1702, 66464
15.1804, 66464
15.1905, 66464
15.2006, 66464
15.2108, 66464
15.2209, 66464
15.231, 66464
15.2411, 66464
15.2512, 66680
15.2613, 66680
15.2714, 66464
15.2815, 66464
15.2916, 66464
15.302, 66680
15.3123, 67112
15.3226, 67112
15.333, 67112
15.3435, 67328
15.3541, 67328
15.3658, 67544
15.3767, 67544
15.3877, 67544
15.3989, 67544
15.41, 67544
15.4207, 67544
15.4314, 67544
15.4421, 67544
15.4535, 67544
15.4643, 67544
15.4751, 67544
15.486, 67544
15.4976, 67544
15.5086, 67544
15.5202, 67544
15.5318, 67544
15.5435, 67544
15.5556, 67544
15.5672, 67544
15.5781, 67544
15.5893, 67328
15.6, 67544
15.6104, 67328
15.6207, 67112
15.6311, 66896
15.6414, 66896
15.6517, 66896
15.6618, 66896
15.672, 66680
15.6822, 66680
15.6923, 66680
15.7025, 66680
15.7128, 66896
15.7231, 67328
15.7333, 68192
15.7436, 68624
15.7538, 68840
15.7642, 68624
15.7745, 68624
15.7849, 68624
15.7953, 68840
15.8057, 68840
15.8161, 67976
15.8265, 67976
15.8371, 67760
15.8475, 67544
15.8578, 67112
15.868, 66896
15.8782, 66680
15.8884, 66680
15.8986, 66680
15.9087, 66680
15.9188, 66464
15.9289, 66464
15.9391, 66464
15.9492, 66248
15.9593, 66464
15.9694, 66464
15.9795, 66464
15.9896, 66680
15.9998, 66896
16.01, 66896
16.0202, 66896
16.0303, 67112
16.0405, 67112
16.0506, 67112
16.0607, 67112
16.0709, 67112
16.081, 67112
16.0911, 67328
16.1012, 67328
16.1114, 67328
16.1217, 67544
16.132, 67328
16.1423, 67328
16.1528, 67328
16.1631, 67328
16.1735, 67328
16.184, 67544
16.1944, 67544
16.2049, 67544
16.2153, 67544
16.2256, 67328
16.236, 67328
16.2464, 67544
16.2569, 67328
16.2672, 67328
16.2774, 67328
16.2875, 67328
16.2977, 67328
16.3079, 67760
16.3182, 67760
16.3285, 67760
16.3388, 67544
16.3493, 67544
16.3599, 67544
16.3703, 67328
16.3807, 67328
16.3911, 67328
16.4015, 67544
16.4119, 67976
16.4223, 68840
16.4328, 68408
16.4431, 67544
16.4533, 67112
16.4635, 66896
16.4736, 66896
16.4838, 66896
16.4939, 66680
16.5041, 66680
16.5142, 66680
16.5243, 66896
16.5344, 66896
16.5445, 66896
16.5546, 66896
16.5647, 66896
16.5748, 67112
16.5849, 67112
16.595, 67112
16.6051, 67328
16.6152, 67544
16.6253, 67544
16.6354, 67760
16.6455, 67976
16.6556, 67976
16.6657, 68192
16.6759, 67976
16.686, 67976
16.6962, 67976
16.7062, 67976
16.7164, 67976
16.7266, 67976
16.7368, 67760
16.747, 67976
16.7573, 67760
16.7675, 67544
16.7778, 67544
16.7882, 67544
16.7985, 67328
16.8089, 67112
16.8192, 67112
16.8295, 67112
16.8398, 66896
16.8503, 66896
16.8608, 66896
16.8747, 66680
16.8852, 66464
16.8956, 66248
16.906, 66248
16.9164, 66248
16.9266, 66248
16.9369, 66248
16.9472, 66464
16.9577, 66464
16.968, 66464
16.9782, 66464
16.9886, 66464
16.9989, 66680
17.0091, 66680
17.0193, 67328
17.0296, 67112
17.0397, 67112
17.0498, 67112
17.0599, 67112
17.07, 67112
17.0801, 67112
17.0902, 67328
17.1003, 67112
17.1105, 67112
17.1206, 67112
17.1308, 66896
17.1409, 66896
17.151, 66896
17.1611, 66896
17.1712, 66680
17.1813, 66680
17.1913, 66680
17.2014, 66464
17.2115, 66680
17.2216, 66464
17.2317, 66464
17.242, 66896
17.2523, 67112
17.2627, 67328
17.2731, 67328
17.2835, 67544
17.2944, 67544
17.3058, 67544
17.3166, 67544
17.3272, 67328
17.3376, 67112
17.3481, 67112
17.3585, 67112
17.369, 66896
17.3795, 67112
17.3899, 67112
17.4003, 67112
17.4106, 67112
17.4208, 66896
17.4311, 66680
17.4413, 66680
17.4516, 66680
17.4618, 66896
17.4721, 66896
17.4824, 66896
17.4929, 66896
17.5033, 66896
17.5136, 66896
17.5239, 66896
17.5342, 66680
17.5444, 66464
17.5546, 66464
17.5651, 66680
17.5755, 66464
17.5859, 66464
17.5962, 66464
17.6064, 66464
17.6168, 66464
17.627, 66464
17.6372, 66464
17.6473, 66680
17.6574, 66680
17.6675, 66680
17.6776, 66680
17.6877, 66896
17.6978, 66896
17.7079, 66896
17.718, 66896
17.7281, 68408
17.7383, 68624
17.7485, 67760
17.7587, 67544
17.7691, 67544
17.7794, 67544
17.7898, 67544
17.8002, 67544
17.8109, 67544
17.8213, 67544
17.8317, 67544
17.842, 67544
17.8524, 67760
17.8627, 67760
17.873, 67544
17.8833, 67544
17.8935, 67328
17.9037, 67112
17.9138, 67112
17.924, 66680
17.9341, 66680
17.9442, 66464
17.9543, 66464
17.9644, 66464
17.9747, 66896
17.9849, 66464
17.995, 66464
18.0051, 66464
18.0152, 66464
18.0254, 66248
18.0359, 66248
18.0462, 66248
18.0563, 66464
18.0664, 66248
18.0765, 66248
18.0867, 66680
18.0969, 67112
18.1071, 68192
18.1174, 68624
18.1278, 68840
18.1381, 69272
18.1484, 69704
18.1591, 69704
18.1695, 69704
18.18, 69704
18.1904, 69704
18.201, 69704
18.2113, 69920
18.2217, 69704
18.2321, 69272
18.2423, 69056
18.2525, 68192
18.2627, 67976
18.2729, 67760
18.2831, 67544
18.2933, 67544
18.3035, 67328
18.3137, 67328
18.324, 67544
18.3342, 67544
18.3446, 67544
18.3549, 67544
18.3652, 67544
18.379, 67328
18.3894, 67760
18.3998, 67760
18.4102, 67760
18.4206, 67760
18.431, 67328
18.4414, 66896
18.4516, 66680
18.4618, 66464
18.4719, 66464
18.4821, 66248
18.4923, 66032
18.5024, 66032
18.5125, 66248
18.5227, 66032
18.5328, 66032
18.5429, 66032
18.553, 65816
18.5631, 66032
18.5733, 66032
18.5834, 66032
18.5936, 66248
18.6038, 66464
18.614, 66680
18.6242, 66680
18.6344, 66680
18.6448, 66680
18.6551, 66680
18.6655, 66680
18.6759, 67112
18.6862, 67112
18.6966, 67328
18.7069, 67544
18.7173, 67760
18.7277, 68192
18.7381, 68192
18.7485, 68192
18.7589, 68192
18.7692, 68192
18.7795, 68192
18.7897, 68192
18.8, 67976
18.8102, 67976
18.8204, 67976
18.8305, 67760
18.8406, 67760
18.8507, 67760
18.8608, 67760
18.8709, 67544
18.881, 67760
18.8911, 67760
18.9012, 67544
18.9113, 67544
18.9215, 67760
18.9316, 67760
18.9416, 67760
18.9518, 67760
18.9619, 67544
18.972, 67328
18.9821, 67544
18.9922, 67544
19.0025, 67328
19.0127, 67328
19.0228, 67544
19.0331, 69488
19.0435, 69920
19.0538, 69920
19.0641, 70136
19.0744, 70784
19.085, 70136
19.0953, 70136
19.1056, 70136
19.116, 70136
19.1264, 69488
19.1368, 69272
19.1472, 69272
19.1575, 69488
19.1677, 68840
19.1779, 68192
19.1881, 67976
19.1982, 67760
19.2084, 67760
19.2185, 67760
19.2287, 67760
19.2389, 67976
19.249, 67760
19.2592, 67760
19.2695, 67760
19.2797, 67760
19.29, 67976
19.3002, 67976
19.3105, 67976
19.3207, 68192
19.331, 67976
19.3413, 67976
19.3517, 67760
19.3622, 67760
19.3726, 67760
19.383, 67544
19.3933, 67328
19.4037, 67328
19.4141, 67328
19.4245, 67328
19.4353, 67112
19.4456, 67112
19.4561, 66896
19.4664, 66896
19.4768, 66680
19.487, 66680
19.4973, 66680
19.5074, 66680
19.5177, 66464
19.528, 66248
19.5382, 66248
19.5486, 66248
19.5595, 66248
19.5696, 66248
19.5797, 66248
19.5898, 66248
19.6, 66248
19.6101, 66032
19.6202, 66032
19.6303, 66248
19.6404, 66248
19.6505, 66464
19.6607, 66464
19.6709, 66680
19.6812, 66896
19.6915, 66896
19.702, 66896
19.7128, 66896
19.7231, 66680
19.7333, 66464
19.7434, 66464
19.7536, 66464
19.7637, 66464
19.774, 66464
19.7844, 66464
19.7951, 66680
19.8055, 66680
19.8159, 66896
19.8263, 66896
19.8368, 66896
19.8473, 66896
19.8578, 66896
19.8682, 66896
19.8787, 66896
19.889, 66896
19.8993, 66896
19.9096, 66896
19.9198, 66680
19.9299, 66680
19.9401, 66680
19.9504, 66680
19.9606, 66896
19.9708, 66896
19.9811, 66896
19.9914, 66896
20.0018, 66896
20.0123, 66896
20.0227, 66896
20.033, 67112
20.0434, 67112
20.0538, 67328
20.0643, 67328
20.075, 67112
20.0855, 67112
20.0959, 67112
20.1064, 67112
20.1168, 66896
20.127, 66896
20.1372, 66896
20.1477, 66896
20.158, 66896
20.1683, 66680
20.1785, 66680
20.1892, 66680
20.1993, 66680
20.2094, 66680
20.2195, 66680
20.2296, 66680
20.2397, 66680
20.2498, 66680
20.2599, 66680
20.27, 66680
20.2801, 66464
20.2902, 66680
20.3003, 66680
20.3104, 66680
20.3206, 66896
20.3307, 66896
20.3408, 66896
20.3509, 66896
20.3611, 66896
20.3712, 66896
20.3813, 67112
20.3915, 67112
20.4016, 67328
20.4117, 67328
20.4219, 67328
20.432, 67544
20.4422, 68408
20.4524, 67976
20.4626, 67328
20.4727, 67112
20.4831, 66896
20.4935, 66896
20.5039, 66896
20.5143, 66896
20.5247, 67112
20.5351, 67112
20.5454, 67112
20.5557, 67328
20.566, 67328
20.5763, 67328
20.5867, 67328
20.597, 67328
20.6072, 67544
20.6175, 67328
20.6278, 67328
20.638, 67328
20.6482, 67112
20.6584, 67112
20.6685, 67328
20.6786, 67328
20.6887, 67544
20.6989, 67760
20.7091, 67760
20.7193, 67760
20.7296, 67760
20.7399, 67976
20.7501, 68840
20.7603, 69056
20.7705, 68192
20.7806, 67976
20.7908, 67976
20.8011, 68408
20.8114, 68624
20.8216, 67976
20.8319, 67760
20.8421, 67760
20.8522, 67760
20.8624, 67760
20.8725, 67760
20.8826, 67976
20.8927, 67976
20.9029, 67976
20.913, 67976
20.9232, 68192
20.9334, 68192
20.9436, 68408
20.954, 68840
20.9645, 68840
20.9749, 68840
20.9853, 68840
20.9956, 68840
21.0058, 68840
21.0161, 68840
21.0263, 69056
21.0366, 69056
21.0468, 69056
21.0571, 69056
21.0674, 69056
21.0776, 68840
21.0879, 68840
21.0981, 68408
21.1082, 68408
21.1184, 68408
21.1285, 68408
21.1387, 68192
21.1489, 68408
21.1591, 68408
21.1692, 68408
21.1793, 68192
21.1895, 68192
21.1996, 67976
21.2098, 67976
21.2199, 68192
21.2302, 68624
21.2405, 68840
21.2508, 68840
21.2611, 69056
21.2714, 69272
21.2817, 69272
21.2921, 69272
21.3026, 69272
21.313, 69272
21.3233, 69272
21.3338, 69272
21.3442, 69272
21.3545, 69272
21.365, 69488
21.3752, 69056
21.3854, 68624
21.3956, 68408
21.4057, 68192
21.4159, 68192
21.426, 67976
21.4362, 67976
21.4463, 67976
21.4564, 67976
21.4666, 67976
21.4768, 68192
21.487, 68192
21.4972, 68192
21.5074, 68192
21.5177, 68192
21.5279, 68192
21.5382, 68408
21.5484, 68408
21.5587, 68624
21.569, 68624
21.5793, 68408
21.5897, 68408
21.6001, 68408
21.6105, 68192
21.621, 68192
21.6314, 68192
21.6418, 67976
21.6523, 67976
21.6628, 67976
21.6731, 67760
21.6833, 67760
21.6936, 67760
21.7037, 67544
21.7138, 67976
21.7239, 67760
21.7341, 67976
21.7442, 67976
21.7543, 67976
21.7645, 67976
21.7747, 67976
21.7848, 67760
21.7949, 67760
21.805, 67760
21.8152, 67544
21.8255, 67544
21.8358, 67760
21.8461, 67544
21.8563, 67544
21.8667, 67760
21.8773, 67760
21.8878, 67760
21.8984, 67760
21.909, 67760
21.9195, 67760
21.9301, 67760
21.9407, 67760
21.9513, 67760
21.9618, 67760
21.9725, 67544
21.9831, 67760
21.9936, 67760
22.0042, 67760
22.0149, 67544
22.0252, 67544
22.0355, 67544
22.0457, 67328
22.0558, 67328
22.066, 67112
22.0763, 67328
22.0864, 67328
22.0966, 67544
22.1068, 67760
22.117, 67760
22.1273, 67760
22.1376, 67976
22.148, 68192
22.1583, 68192
22.1687, 68408
22.1792, 68408
22.1896, 68408
22.2001, 68192
22.2103, 67976
22.2205, 67976
22.2307, 67760
22.2409, 67760
22.251, 67544
22.2612, 67760
22.2713, 67760
22.2814, 67760
22.2915, 67544
22.3016, 67760
22.3117, 67760
22.3218, 67544
22.3319, 67760
22.342, 67760
22.3521, 68624
22.3623, 69488
22.3726, 69704
22.3829, 69704
22.3932, 69056
22.4033, 68408
22.4135, 67760
22.4237, 67544
22.4338, 67760
22.444, 67544
22.4541, 67544
22.4643, 67544
22.4745, 67544
22.4847, 67760
22.495, 67976
22.5053, 68408
22.5157, 69056
22.5261, 68840
22.5365, 68840
22.5469, 68840
22.5573, 69056
22.5676, 69056
22.578, 68840
22.5884, 69056
22.5988, 69056
22.6095, 69056
22.6201, 69056
22.6305, 69272
22.6407, 69272
22.6509, 68192
22.6611, 68192
22.6713, 68192
22.6815, 67976
22.6917, 67976
22.702, 67760
22.7123, 67544
22.7226, 67544
22.7329, 67328
22.7432, 67328
22.7537, 67328
22.764, 67544
22.7744, 67544
22.7848, 67760
22.7952, 67976
22.8055, 68192
22.8159, 68408
22.8262, 68192
22.8366, 68192
22.8469, 68192
22.8573, 68192
22.8678, 68192
22.8783, 68192
22.8886, 67976
22.8988, 67760
22.9091, 67544
22.9192, 67544
22.9294, 67544
22.9395, 67976
22.9496, 67760
22.9597, 67976
22.9698, 67976
22.98, 67976
22.9902, 67976
23.0003, 67976
23.0104, 67976
23.0206, 67760
23.0307, 67760
23.0411, 67976
23.0514, 67760
23.0619, 67760
23.0722, 67544
23.0825, 68192
23.093, 68624
23.1035, 68408
23.1139, 68408
23.1243, 68408
23.1346, 68408
23.1451, 68624
23.1556, 68624
23.166, 68840
23.1764, 68840
23.1867, 68840
23.1971, 68624
23.2073, 68408
23.2175, 68408
23.2277, 68408
23.2379, 68408
23.2481, 68408
23.2583, 68624
23.2685, 68840
23.2787, 68840
23.289, 68840
23.2992, 68840
23.3095, 69056
23.3197, 69056
23.3299, 69056
23.3402, 68840
23.3504, 68624
23.3606, 68624
23.3709, 68624
23.3812, 68624
23.3914, 68624
23.4015, 68408
23.4116, 68408
23.4218, 68408
23.4319, 68408
23.442, 68192
23.4521, 68192
23.4622, 68192
23.4723, 67976
23.4825, 67976
23.4926, 67976
23.5027, 67976
23.5128, 67976
23.5229, 67976
23.533, 67976
23.5431, 67976
23.5532, 67976
23.5633, 67976
23.5734, 67760
23.5835, 67760
23.5936, 67760
23.6037, 67760
23.6138, 67760
23.6239, 67760
23.634, 67760
23.6442, 67760
23.6543, 67760
23.6644, 67760
23.6745, 67760
23.6847, 67760
23.6948, 67760
23.7049, 67760
23.715, 67760
23.7252, 67976
23.7354, 69056
23.7456, 69272
23.7558, 68624
23.766, 68192
23.7761, 67976
23.7865, 67976
23.797, 67976
23.8076, 67976
23.8179, 67976
23.8283, 67976
23.8386, 68192
23.8489, 68192
23.8592, 68192
23.8695, 68192
23.8798, 68192
23.8901, 68192
23.9004, 68192
23.9107, 68192
23.9209, 68192
23.9312, 67976
23.9414, 67976
23.9515, 67976
23.9616, 67976
23.9717, 67976
23.9819, 67976
23.992, 68408
24.0022, 69056
24.0125, 68408
24.0228, 68408
24.0332, 68192
24.0435, 68192
24.0538, 68624
24.0641, 68624
24.0744, 68192
24.0846, 67760
24.0947, 67760
24.105, 67544
24.1154, 67976
24.1257, 68408
24.1359, 67760
24.1461, 67544
24.1562, 67328
24.1664, 67328
24.1766, 67328
24.1867, 67328
24.1969, 67328
24.2071, 67112
24.2172, 67112
24.2273, 67328
24.2374, 67328
24.2477, 67544
24.258, 67544
24.2683, 67760
24.2786, 67760
24.2889, 67760
24.2993, 67544
24.3096, 67544
24.3199, 67544
24.3302, 67544
24.3404, 67544
24.3506, 67544
24.361, 67544
24.3713, 67328
24.3817, 67328
24.3918, 67328
24.402, 67328
24.4122, 67328
24.4223, 67544
24.4325, 67544
24.4427, 67544
24.4529, 67544
24.463, 67544
24.4731, 67328
24.4833, 67328
24.4934, 67112
24.5035, 67112
24.5137, 67112
24.5239, 67544
24.5343, 67976
24.5446, 68192
24.5549, 67976
24.5651, 68192
24.5754, 69056
24.5858, 70136
24.5962, 69920
24.6068, 69920
24.6173, 69920
24.6278, 69920
24.6384, 70136
24.6491, 70352
24.6595, 70352
24.67, 70352
24.6804, 70352
24.6908, 70784
24.7011, 69704
24.7112, 69488
24.7214, 69272
24.7315, 69056
24.7417, 68840
24.7519, 68624
24.7621, 68624
24.7723, 68408
24.7827, 68408
24.793, 68408
24.8032, 68624
24.8134, 68840
24.8236, 69056
24.8339, 69056
24.8442, 68840
24.8548, 68624
24.8651, 68624
24.8755, 68408
24.8859, 68408
24.8964, 68192
24.907, 68192
24.9174, 68192
24.9277, 67976
24.9379, 67760
24.9481, 67544
24.9583, 67544
24.9684, 67544
24.9786, 67760
24.9887, 67760
24.9988, 67544
25.0089, 67544
25.019, 67760
25.0291, 67760
25.0392, 67760
25.0495, 67760
25.0597, 67760
25.0699, 67760
25.0802, 67976
25.0905, 67976
25.1009, 68192
25.1112, 67976
25.1217, 67976
25.1321, 67976
25.1425, 67976
25.1529, 67976
25.1633, 67760
25.1738, 67760
25.1843, 68192
25.195, 68624
25.2056, 68408
25.216, 68624
25.2263, 68840
25.2365, 69056
25.2467, 68624
25.2569, 68408
25.267, 68408
25.2772, 68408
25.2873, 68408
25.2975, 68408
25.3076, 68408
25.3177, 68408
25.3279, 68408
25.338, 68624
25.3481, 68408
25.3582, 68192
25.3684, 68192
25.3785, 68192
25.3887, 67976
25.3988, 67976
25.4089, 67976
25.419, 67760
25.4291, 67760
25.4392, 67976
25.4494, 67976
25.4596, 67976
25.4699, 67976
25.4802, 68192
25.4905, 68192
25.5009, 68192
25.5112, 68408
25.5215, 68408
25.5319, 68408
25.5424, 68408
25.5533, 68408
25.564, 68408
25.5751, 68192
25.5859, 68192
25.5967, 68192
25.6076, 68192
25.6184, 68192
25.6295, 67976
25.6403, 68192
25.651, 68192
25.662, 67976
25.6726, 67976
25.6832, 67976
25.6937, 68192
25.7042, 68192
25.7145, 68192
25.7249, 68192
25.7351, 68408
25.7453, 68192
25.7555, 68624
25.7656, 69056
25.7757, 69056
25.7858, 69056
25.7959, 69056
25.806, 69272
25.8161, 69488
25.8262, 69488
25.8363, 69488
25.8465, 69704
25.8568, 69488
25.867, 69704
25.8772, 69704
25.8874, 69704
25.8976, 69920
25.9078, 69920
25.9182, 69704
25.9285, 70568
25.9388, 70784
25.949, 71000
25.9593, 71216
25.9696, 71216
25.9798, 71432
25.9901, 71432
26.0005, 71000
26.0109, 71648
26.022, 72944
26.033, 73160
26.0432, 73376
26.0534, 73160
26.0636, 72080
26.0739, 71216
26.0841, 71000
26.0944, 71000
26.1046, 70784
26.1148, 70784
26.125, 70784
26.1352, 70568
26.1507, 70784
26.1609, 70568
26.1712, 70136
26.1814, 69920
26.1917, 69488
26.2019, 69272
26.2121, 69272
26.2223, 69056
26.2325, 69056
26.2428, 68840
26.253, 68624
26.2632, 68624
26.2736, 68624
26.2839, 68624
26.2941, 68624
26.3043, 68408
26.3145, 68192
26.3248, 68408
26.3353, 68624
26.3458, 68840
26.3563, 70784
26.3668, 71864
26.3773, 72296
26.3876, 72512
26.3978, 73376
26.4106, 74024
26.4208, 74456
26.4311, 74888
26.4413, 75752
26.4515, 76184
26.4617, 76616
26.4719, 77048
26.4822, 77264
26.4924, 77912
26.5026, 78128
26.5128, 78344
26.523, 78560
26.5332, 78560
26.5435, 78992
26.5537, 79208
26.5639, 79424
26.5742, 78344
26.5846, 77048
26.5947, 77264
26.6048, 77264
26.6149, 77048
26.625, 76832
26.6351, 76616
26.6455, 76184
26.6557, 76616
26.666, 76400
26.6762, 75968
26.6864, 75752
26.6965, 75104
26.7066, 75104
26.7167, 75104
26.7269, 75104
26.737, 75104
26.7472, 75104
26.7573, 75104
26.7676, 75536
26.7778, 75752
26.7879, 75752
26.7981, 75536
26.8082, 75536
26.8183, 75968
26.8284, 75968
26.8386, 75752
26.8487, 75752
26.8588, 75968
26.8689, 75968
26.879, 76184
26.8892, 76616
26.8995, 76400
26.9097, 77048
26.92, 77480
26.9302, 77696
26.9404, 78128
26.9507, 78344
26.9609, 78776
26.9713, 78992
26.9815, 79208
26.9917, 79424
27.0018, 77912
27.0119, 77912
27.022, 77480
27.0321, 77264
27.0422, 77048
27.0523, 76832
27.0624, 76616
27.0725, 75968
27.0826, 75968
27.0927, 75752
27.1028, 75536
27.1129, 75536
27.123, 75536
27.1335, 76400
27.1436, 76616
27.1538, 76400
27.1639, 76616
27.174, 80936
27.1841, 82016
27.1943, 82448
27.2146, 82664
27.2249, 79208
27.2352, 77696
27.2456, 76616
27.2559, 75536
27.2664, 74456
27.2769, 73160
27.2875, 72728
27.2982, 72296
27.3088, 72296
27.3192, 71864
27.3295, 71864
27.34, 71864
27.3505, 71864
27.361, 71864
27.3715, 71648
27.382, 71648
27.3924, 71432
27.4026, 71432
27.4127, 71216
27.4228, 71216
27.4329, 71000
27.443, 70784
27.4531, 70568
27.4632, 70568
27.4733, 70352
27.4833, 70352
27.4934, 70136
27.5035, 70136
27.5136, 69920
27.5237, 69920
27.5337, 69704
27.5438, 69704
27.5539, 69704
27.5641, 69488
27.5781, 69056
27.5884, 69056
27.5986, 69272
27.6088, 69488
27.619, 69488
27.6293, 69272
27.6396, 69488
27.6499, 69488
27.6602, 69488
27.6705, 69272
27.6809, 69272
27.6912, 69272
27.7015, 69272
27.7118, 69488
27.7221, 69272
27.7324, 69272
27.7427, 69056
27.7529, 69056
27.7631, 68840
27.7732, 68840
27.7834, 68840
27.7935, 68840
27.8037, 68840
27.8138, 68840
27.8242, 68840
27.8344, 69056
27.8446, 69056
27.8547, 69056
27.8648, 69272
27.875, 69272
27.8852, 69488
27.8953, 69488
27.9054, 69488
27.9155, 69488
27.9256, 69704
27.9357, 69704
27.9458, 69488
27.956, 69488
27.9664, 69488
27.9769, 69704
27.9872, 69704
27.9977, 69704
28.0081, 69488
28.0191, 69488
28.0303, 69488
28.0415, 69272
28.0521, 69272
28.0635, 69272
28.0742, 69272
28.0856, 69272
28.0964, 69056
28.1075, 69056
28.119, 69056
28.1298, 69056
28.1406, 69056
28.1515, 69056
28.1624, 69056
28.1737, 69056
28.1844, 69056
28.1948, 69272
28.2052, 69272
28.2155, 69272
28.2257, 69056
28.2359, 68840
28.246, 68840
28.2563, 68840
28.2667, 68840
28.2769, 69920
28.2872, 70784
28.2975, 71216
28.3078, 71000
28.3182, 71000
28.3285, 71000
28.3389, 71216
28.3494, 71000
28.3598, 70784
28.3709, 70136
28.3813, 69488
28.3915, 69272
28.4017, 69056
28.4119, 68840
28.422, 68840
28.4321, 68624
28.4423, 68624
28.4524, 68408
28.4625, 68192
28.4726, 68408
28.4827, 68408
28.4928, 68192
28.5029, 68192
28.5132, 68192
28.5234, 68408
28.5336, 68408
28.5438, 68408
28.5542, 68408
28.5645, 68192
28.5749, 68192
28.5854, 68192
28.5959, 68192
28.6064, 67976
28.6169, 67976
28.6273, 67976
28.6376, 67976
28.648, 67976
28.6583, 67760
28.6687, 67976
28.679, 67760
28.6894, 67760
28.6997, 67760
28.71, 67760
28.7202, 67544
28.7305, 67976
28.7408, 67760
28.7509, 67544
28.761, 67544
28.7712, 67544
28.7813, 67544
28.7914, 67328
28.8015, 67328
28.8117, 67328
28.8218, 67328
28.8319, 67328
28.842, 67760
28.8524, 67544
28.8627, 67760
28.8731, 67760
28.8834, 67760
28.8938, 67760
28.9041, 67976
28.9145, 68192
28.9251, 68408
28.9356, 68624
28.946, 68624
28.9565, 68624
28.967, 68840
28.9775, 68840
28.9879, 68840
28.9982, 69056
29.0086, 69272
29.0189, 69056
29.029, 68840
29.0392, 68840
29.0494, 68840
29.0596, 68840
29.0698, 68840
29.08, 68840
29.0902, 68624
29.1004, 68840
29.1106, 68840
29.1208, 68840
29.131, 68840
29.1413, 69056
29.1518, 69056
29.1621, 69488
29.1724, 69488
29.1828, 69488
29.1932, 69488
29.2035, 69488
29.2139, 69272
29.2243, 69272
29.2347, 69056
29.245, 69056
29.2554, 69056
29.2658, 68408
29.2761, 68192
29.2863, 67976
29.2966, 67976
29.3067, 67760
29.3169, 67760
29.3271, 67760
29.3372, 67760
29.3473, 67544
29.3574, 67760
29.3675, 67760
29.3776, 67544
29.3877, 67544
29.3978, 67760
29.408, 68192
29.4183, 68192
29.4286, 67976
29.4389, 67976
29.4493, 67976
29.4596, 67760
29.47, 67760
29.4804, 67760
29.4908, 67760
29.5011, 67544
29.5115, 67544
29.5219, 67544
29.5323, 67760
29.5427, 67544
29.553, 67760
29.5634, 67760
29.5737, 67760
29.584, 67976
29.5942, 67976
29.6044, 68408
29.6145, 67760
29.6247, 67544
29.6348, 67544
29.6449, 67328
29.6551, 67544
29.6652, 67544
29.6753, 67976
29.6854, 68192
29.6956, 68408
29.7057, 68408
29.7159, 68408
29.7261, 68840
29.7365, 68840
29.7466, 68624
29.7568, 68624
29.7669, 68624
29.777, 68624
29.7871, 68840
29.7972, 68840
29.8073, 68624
29.8175, 68840
29.8278, 69056
29.8381, 69272
29.8483, 69272
29.8586, 69272
29.8691, 69920
29.8801, 70136
29.8921, 70136
29.9031, 70136
29.9144, 69920
29.9255, 69920
29.9364, 69920
29.947, 69704
29.9577, 69920
29.9684, 69920
29.9791, 69488
29.9898, 69272
30.0004, 69272
30.0113, 69056
30.023, 68840
30.0391, 68840
30.0508, 69056
30.0615, 69272
30.0719, 68408
30.0823, 68192
30.0926, 68192
30.1067, 68192
30.1171, 68192
30.1276, 67976
30.138, 67976
30.1484, 67976
30.1587, 68192
30.1691, 69272
30.1795, 69704
30.1899, 69488
30.2003, 69488
30.2107, 69704
30.2211, 69704
30.2315, 69272
30.2419, 68840
30.2523, 68840
30.2627, 68840
30.2735, 69056
30.2839, 68840
30.2945, 68840
30.3054, 68840
30.3163, 68840
30.3269, 68840
30.3373, 68840
30.3477, 68624
30.358, 68624
30.3682, 68624
30.3785, 68624
30.3888, 68840
30.3991, 68624
30.4093, 68624
30.4195, 68840
30.4296, 68840
30.4397, 68624
30.4498, 68624
30.46, 69056
30.4701, 69056
30.4802, 68840
30.4904, 68840
30.5005, 68624
30.5106, 68408
30.5208, 68408
30.5311, 68192
30.5413, 68192
30.5515, 68192
30.5619, 68408
30.5724, 68192
30.5832, 67976
30.5935, 67976
30.6041, 67760
30.6147, 67976
30.6252, 67976
30.6357, 67760
30.6462, 67760
30.6566, 67976
30.6672, 67760
30.6779, 67976
30.6884, 67976
30.6989, 67760
30.7094, 67760
30.7197, 67760
30.7299, 67544
30.7401, 67544
30.7503, 67328
30.7605, 67328
30.7706, 67328
30.7808, 67328
30.791, 67112
30.8012, 67328
30.8114, 67760
30.8218, 67976
30.8323, 68192
30.8429, 68408
30.8534, 67976
30.8641, 67976
30.8749, 67976
30.8854, 68192
30.8959, 68192
30.9065, 68192
30.9171, 68192
30.9277, 68192
30.9388, 68408
30.9507, 67760
30.9613, 67328
30.9719, 67112
30.9823, 66896
30.9929, 66896
31.0035, 66896
31.0137, 66896
31.0239, 66896
31.0341, 66896
31.0442, 66896
31.0544, 66680
31.0645, 66896
31.0747, 66680
31.0848, 66680
31.0949, 66680
31.1051, 66680
31.1152, 66680
31.1253, 66896
31.1355, 67112
31.1456, 67112
31.1557, 67112
31.1659, 67328
31.1761, 67112
31.1863, 67112
31.1965, 66896
31.2069, 67112
31.2174, 67112
31.2279, 67328
31.2384, 67328
31.2489, 67328
31.2592, 67544
31.2696, 67544
31.2801, 67544
31.2905, 67760
31.3009, 67760
31.3113, 67760
31.3217, 67760
31.3322, 67760
31.3426, 67976
31.353, 67976
31.3634, 67976
31.3738, 67976
31.3845, 68192
31.3952, 68192
31.4058, 68408
31.4166, 68840
31.4272, 69056
31.438, 69056
31.4483, 69272
31.4587, 69272
31.4691, 68840
31.4793, 68408
31.4897, 68408
31.5001, 68192
31.5104, 67976
31.5209, 67976
31.5314, 67976
31.5417, 67976
31.5518, 68192
31.5619, 68192
31.5723, 68624
31.5827, 68624
31.5933, 68840
31.6038, 68840
31.6144, 68840
31.6252, 68624
31.6359, 68624
31.6465, 68624
31.6572, 68408
31.6678, 68408
31.6782, 68408
31.6888, 68624
31.6993, 68624
31.7098, 68624
31.7202, 68624
31.7305, 67760
31.7409, 67544
31.7511, 67328
31.7613, 67112
31.7714, 67112
31.7816, 66896
31.7918, 66896
31.8019, 66896
31.8121, 66896
31.8222, 66896
31.8324, 67112
31.8425, 66680
31.8527, 66680
31.8667, 67112
31.877, 67112
31.8871, 67112
31.8973, 67328
31.9074, 67112
31.9175, 67112
31.9276, 66896
31.9378, 67112
31.9482, 67112
31.9585, 67328
31.969, 67544
31.9793, 67760
31.9897, 67976
32, 67976
32.0105, 68408
32.0211, 68624
32.0316, 68840
32.0421, 69056
32.0525, 69056
32.063, 69488
32.0736, 69488
32.0841, 69488
32.0948, 69488
32.1053, 69704
32.1158, 69704
32.126, 69488
32.1362, 69272
32.1464, 69272
32.1566, 69056
32.1668, 69272
32.177, 69272
32.1873, 69272
32.1975, 69272
32.2078, 69272
32.218, 69488
32.2283, 69704
32.2385, 69704
32.2488, 69704
32.2591, 69920
32.2696, 69704
32.2799, 69704
32.2901, 69488
32.3005, 69488
32.3108, 69272
32.3212, 69272
32.3315, 69272
32.3418, 69056
32.352, 69056
32.3621, 68840
32.3723, 68840
32.3825, 68840
32.3927, 68840
32.4029, 68840
32.413, 68624
32.4232, 68624
32.4333, 68624
32.4434, 68624
32.4535, 68624
32.4637, 68624
32.4738, 68624
32.4839, 68624
32.494, 68624
32.5041, 68408
32.5143, 68408
32.5244, 68192
32.5345, 68192
32.5446, 68192
32.5548, 68192
32.5649, 68192
32.575, 68192
32.5851, 67976
32.5952, 67976
32.6054, 68192
32.6155, 68192
32.6256, 68192
32.6358, 68192
32.6459, 68192
32.656, 68192
32.6663, 68408
32.6765, 68408
32.6866, 68408
32.6969, 68408
32.7072, 68192
32.7175, 67976
32.7277, 67976
32.7381, 67976
32.7485, 67976
32.759, 67976
32.7697, 67760
32.78, 67760
32.7904, 67760
32.8009, 67760
32.8115, 67328
32.8219, 67328
32.8323, 67328
32.8428, 67328
32.8532, 67328
32.8636, 67328
32.8741, 67328
32.8845, 67328
32.8949, 67328
32.9054, 67328
32.9158, 67328
32.9262, 67328
32.9366, 67328
32.947, 67328
32.9573, 67328
32.9675, 67328
32.9777, 67328
32.9879, 67328
32.9981, 67544
33.0084, 68624
33.0187, 69056
33.0291, 69272
33.0395, 69272
33.0499, 69488
33.0602, 69488
33.0705, 69488
33.0809, 69488
33.0913, 69488
33.1017, 69488
33.1124, 69272
33.1229, 68192
33.1334, 67976
33.1436, 67760
33.154, 67760
33.1642, 67760
33.1744, 67544
33.1847, 67544
33.1949, 67544
33.2052, 67544
33.2154, 67328
33.2255, 67328
33.2357, 67328
33.2458, 67544
33.2559, 67544
33.266, 67760
33.2762, 68192
33.2864, 68192
33.2966, 68192
33.3067, 67976
33.3168, 67976
33.327, 68408
33.3373, 68840
33.3477, 68624
33.358, 68624
33.3684, 68624
33.3788, 68840
33.3894, 68840
33.3998, 68840
33.4102, 68840
33.4206, 68840
33.431, 69272
33.4412, 68408
33.4515, 68192
33.4617, 68192
33.472, 67976
33.4822, 67760
33.4924, 67760
33.5026, 67760
33.5127, 67760
33.5229, 67760
33.533, 67976
33.5433, 68192
33.5535, 68192
33.5637, 68408
33.5739, 68408
33.5841, 68408
33.5944, 68408
33.6046, 68408
33.6149, 68624
33.625, 68624
33.6352, 68624
33.6453, 68624
33.6554, 68624
33.6655, 68624
33.6756, 68624
33.6858, 68840
33.6961, 69056
33.7063, 69056
33.7165, 69056
33.7267, 69056
33.737, 69920
33.7474, 69920
33.7579, 69704
33.7682, 69704
33.7785, 69920
33.7889, 69920
33.7991, 69920
33.8095, 69920
33.8198, 69920
33.8301, 69488
33.8403, 69056
33.8504, 68840
33.8606, 68840
33.8707, 68624
33.8809, 68624
33.8911, 68408
33.9013, 68408
33.9117, 68408
33.9219, 68192
33.9321, 68624
33.9424, 68624
33.9527, 68840
33.9629, 68840
33.9731, 68840
33.9833, 68624
33.9937, 68624
34.0039, 68624
34.0142, 68624
34.0244, 68408
34.0346, 68192
34.0448, 68192
34.0552, 68408
34.0655, 68624
34.0757, 68624
34.0858, 68624
34.0959, 68624
34.1061, 68624
34.1162, 68624
34.1263, 68624
34.1365, 68624
34.1466, 68624
34.1568, 68624
34.167, 68624
34.1773, 68624
34.1876, 69056
34.1981, 69488
34.2085, 69704
34.2187, 69704
34.229, 69920
34.2395, 70136
34.2499, 70136
34.2602, 70352
34.2704, 70352
34.2808, 70352
34.291, 70352
34.3013, 70136
34.3115, 69920
34.3217, 69704
34.3319, 69704
34.3422, 69488
34.3525, 69488
34.3629, 69488
34.3733, 69488
34.3837, 69272
34.3941, 69272
34.4045, 69272
34.4149, 69272
34.4253, 69272
34.4356, 69272
34.4459, 69272
34.4562, 69272
34.4665, 69272
34.4768, 69272
34.487, 69488
34.4973, 69488
34.5076, 69704
34.518, 69920
34.5283, 69704
34.5386, 69488
34.5489, 69488
34.5591, 69488
34.5694, 69488
34.5798, 69488
34.5901, 69488
34.6004, 69488
34.6107, 69488
34.6211, 69488
34.6314, 69488
34.6418, 69272
34.6521, 69272
34.6624, 69488
34.6728, 69488
34.6831, 69272
34.6934, 69272
34.7037, 69272
34.7141, 69272
34.7244, 69488
34.7347, 69488
34.7451, 69920
34.7555, 69704
34.7659, 70136
34.7767, 71216
34.7898, 71216
34.8031, 71000
34.816, 70352
34.8285, 69920
34.8406, 69704
34.8527, 69704
34.8642, 69488
34.8758, 69272
34.8874, 69056
34.8995, 69056
34.9131, 69056
34.9249, 69056
34.9368, 69056
34.9479, 69056
34.9585, 69272
34.969, 69272
34.9793, 69488
34.9896, 69488
34.9997, 68624
35.0099, 68624
35.0202, 68624
35.0305, 68624
35.0407, 69056
35.051, 69488
35.0612, 69704
35.0715, 69704
35.0818, 69488
35.0922, 69488
35.1025, 69488
35.113, 70352
35.1233, 71000
35.1336, 71216
35.144, 71432
35.1543, 71000
35.1647, 70136
35.175, 69704
35.1852, 69488
35.1954, 69272
35.2056, 69056
35.2157, 69056
35.2258, 69272
35.2359, 69056
35.246, 68840
35.2561, 68840
35.2662, 68840
35.2763, 68840
35.2864, 68840
35.2965, 68840
35.3067, 69488
35.3169, 69704
35.3273, 70136
35.3376, 71000
35.3481, 70352
35.3582, 69272
35.3683, 69056
35.3785, 69056
35.3886, 68840
35.3987, 68624
35.4088, 68408
35.419, 68192
35.4291, 67976
35.4394, 67760
35.4498, 67760
35.4602, 67760
35.4707, 67760
35.4813, 67760
35.4918, 67760
35.5024, 67760
35.513, 67760
35.5237, 67760
35.5342, 67760
35.5449, 67760
35.5555, 67760
35.566, 67976
35.5768, 67976
35.5875, 67976
35.598, 67760
35.6084, 67760
35.6187, 67760
35.629, 67760
35.6392, 67760
35.6494, 67760
35.6597, 67760
35.67, 67976
35.6802, 68408
35.6905, 68840
35.7008, 68840
35.711, 69056
35.7214, 69272
35.7317, 69704
35.7421, 69920
35.7525, 69488
35.7628, 68840
35.7732, 68840
35.7836, 68840
35.794, 68840
35.8043, 68624
35.8145, 68408
35.8248, 68408
35.835, 68192
35.8452, 68192
35.8553, 68408
35.8654, 68408
35.8755, 68192
35.8856, 67976
35.8957, 67976
35.9058, 67976
35.9159, 68192
35.926, 68192
35.9361, 68192
35.9462, 68192
35.9563, 68192
35.9665, 69272
35.9767, 70568
35.9869, 71000
35.997, 69920
36.0072, 69272
36.0174, 69056
36.0276, 68840
36.0377, 68840
36.0479, 68840
36.058, 68840
36.0682, 68840
36.0784, 68840
36.0887, 68840
36.0991, 68840
36.1094, 68408
36.1198, 68408
36.1302, 68408
36.1406, 68624
36.1509, 68408
36.1614, 68408
36.1718, 68408
36.1823, 68624
36.1929, 68408
36.2032, 68624
36.2136, 68624
36.224, 68624
36.2343, 68624
36.2446, 68624
36.2548, 68624
36.2651, 68624
36.2753, 68624
36.2857, 68624
36.296, 68624
36.3063, 68408
36.3169, 68408
36.3275, 68408
36.3379, 68624
36.3483, 68840
36.3587, 69056
36.3692, 69056
36.3795, 69056
36.39, 69056
36.4005, 68408
36.4106, 68192
36.421, 68192
36.4313, 67976
36.4415, 67976
36.4518, 67760
36.462, 67760
36.4723, 67760
36.4825, 67544
36.4926, 67544
36.5028, 67544
36.5129, 67760
36.5231, 68192
36.5332, 68192
36.5433, 68192
36.5535, 68408
36.5636, 68408
36.5739, 68624
36.584, 68408
36.5941, 68408
36.6043, 68624
36.6146, 68624
36.625, 68840
36.6354, 69056
36.6458, 69488
36.6562, 69704
36.6665, 69704
36.6769, 69704
36.6873, 69920
36.6976, 69920
36.708, 70136
36.7182, 70136
36.7286, 69920
36.7391, 69920
36.7497, 69704
36.76, 69488
36.7747, 69056
36.785, 68840
36.7953, 68840
36.8056, 68840
36.8157, 68840
36.826, 69704
36.8363, 69920
36.8466, 69920
36.8569, 70136
36.8672, 70136
36.8775, 69920
36.8877, 69920
36.8979, 70568
36.9081, 70784
36.9183, 70136
36.9286, 69704
36.9387, 69488
36.9489, 69488
36.959, 69488
36.9692, 69272
36.9793, 69704
36.9897, 69920
37, 70136
37.0103, 70136
37.0206, 70352
37.031, 69920
37.0413, 69488
37.0516, 69488
37.0619, 69488
37.0723, 69704
37.0827, 69704
37.0931, 69704
37.1035, 69704
37.1138, 69704
37.1241, 69704
37.1345, 69704
37.1449, 69704
37.1553, 69704
37.1658, 69704
37.176, 69488
37.1861, 69272
37.1964, 69272
37.2066, 69272
37.2167, 69272
37.2269, 69056
37.237, 69056
37.2471, 69056
37.2573, 69056
37.2674, 69056
37.2776, 69056
37.2878, 69056
37.298, 69056
37.3082, 69272
37.3187, 69272
37.3289, 69056
37.3391, 69056
37.3492, 69056
37.3594, 69272
37.3696, 69704
37.3799, 69920
37.3902, 70136
37.4005, 70136
37.4108, 69920
37.4211, 70136
37.4314, 70136
37.4417, 69920
37.452, 69920
37.4622, 69488
37.4724, 69272
37.4825, 69272
37.4927, 69272
37.5029, 69488
37.5132, 69704
37.5234, 69488
37.5338, 69272
37.5442, 69056
37.5544, 69056
37.5646, 69056
37.5748, 68840
37.5849, 68624
37.5952, 68624
37.6055, 68624
37.616, 68624
37.6267, 68840
37.6373, 68840
37.6479, 68840
37.6585, 68840
37.6691, 68840
37.6797, 68840
37.6901, 68840
37.7006, 68624
37.7112, 68840
37.7219, 68624
37.7324, 68624
37.743, 68624
37.7537, 68624
37.7643, 68624
37.7748, 68624
37.7851, 68408
37.7952, 68408
37.8054, 68408
37.8158, 68192
37.826, 68192
37.8363, 68192
37.8466, 68192
37.8569, 68408
37.8672, 68408
37.8776, 68624
37.8879, 68624
37.8983, 68624
37.9088, 68840
37.9192, 68840
37.9296, 68840
37.94, 68840
37.9504, 68840
37.9611, 68840
37.9717, 68624
37.982, 68624
37.9922, 68624
38.0025, 68408
38.0128, 68624
38.0229, 68840
38.033, 68840
38.0431, 68840
38.0532, 68840
38.0634, 69056
38.0736, 69272
38.0838, 69056
38.094, 69056
38.1041, 68840
38.1142, 68624
38.1245, 68840
38.135, 68840
38.1454, 68840
38.156, 68840
38.1666, 68840
38.177, 69056
38.1873, 69056
38.1976, 69056
38.208, 69272
38.2183, 69272
38.2286, 69272
38.2389, 69272
38.2491, 69056
38.2594, 69056
38.2696, 68840
38.2798, 68840
38.29, 68840
38.3001, 69056
38.3103, 69056
38.3204, 69056
38.3306, 69056
38.3408, 69056
38.3512, 69056
38.3616, 69488
38.3719, 69704
38.3822, 69704
38.3924, 69704
38.4027, 69920
38.413, 69704
38.4233, 69704
38.4336, 69488
38.444, 69272
38.4545, 69272
38.465, 69056
38.4754, 68840
38.4857, 68624
38.496, 68624
38.5062, 68408
38.5165, 68408
38.5269, 68408
38.537, 68624
38.5471, 68624
38.5572, 68408
38.5673, 68408
38.5774, 68408
38.5875, 68408
38.5976, 68408
38.6077, 68408
38.6179, 68408
38.6281, 68624
38.6386, 68840
38.649, 68624
38.6593, 68624
38.6697, 68408
38.6801, 68408
38.6905, 68408
38.7009, 68408
38.7114, 68408
38.7219, 68624
38.7324, 68624
38.7428, 68840
38.7531, 68624
38.7634, 68624
38.7737, 68624
38.784, 68624
38.7944, 68624
38.8046, 69056
38.8148, 68840
38.8249, 68624
38.835, 68408
38.8452, 68192
38.8553, 68192
38.8654, 68192
38.8755, 68192
38.8856, 68408
38.8958, 68408
38.9059, 68624
38.9161, 68840
38.9262, 68840
38.9364, 68840
38.9466, 68840
38.9568, 68840
38.9669, 68840
38.977, 68840
38.9872, 69056
38.9975, 69056
39.0077, 69272
39.018, 69272
39.0283, 69272
39.0386, 69272
39.0489, 69272
39.0593, 69488
39.0697, 69704
39.0801, 69704
39.0905, 69704
39.101, 69704
39.1113, 69920
39.1218, 69920
39.1323, 69920
39.1427, 69920
39.153, 69920
39.1633, 69056
39.1735, 68840
39.1837, 68840
39.1939, 68840
39.2042, 68840
39.2145, 69056
39.2248, 68840
39.2352, 69056
39.2456, 69056
39.256, 69056
39.2664, 69056
39.2768, 69272
39.2871, 69056
39.2975, 69056
39.3078, 69056
39.3182, 69056
39.3284, 69056
39.3387, 69056
39.3491, 69056
39.3593, 69056
39.3694, 68840
39.3796, 68840
39.3898, 68840
39.4, 68840
39.4101, 68840
39.4202, 68840
39.4304, 68840
39.4406, 69056
39.4507, 69056
39.4608, 69056
39.4709, 69056
39.4811, 69920
39.4912, 69920
39.5013, 69704
39.5114, 69704
39.5215, 69704
39.5316, 69704
39.5418, 69704
39.5519, 69920
39.5621, 69920
39.5723, 69920
39.5824, 69704
39.5925, 69488
39.6027, 69272
39.613, 69920
39.6234, 70784
39.6338, 70568
39.6441, 70136
39.6544, 70136
39.6648, 70136
39.6751, 70136
39.6854, 70136
39.6958, 70136
39.706, 70352
39.7163, 69920
39.7265, 69488
39.7369, 69272
39.7471, 69272
39.7573, 69056
39.7675, 69056
39.7776, 69056
39.7878, 69272
39.7979, 69272
39.8081, 69272
39.8184, 69272
39.8288, 69272
39.8392, 69272
39.8496, 69056
39.86, 69056
39.8703, 69056
39.8805, 68840
39.8907, 68840
39.9011, 68840
39.9113, 68624
39.9214, 68408
39.9316, 68408
39.9417, 68192
39.9518, 68408
39.962, 68192
39.9722, 68408
39.9825, 68408
39.9927, 68408
40.003, 68192
40.0132, 68192
40.0235, 68192
40.0337, 68192
40.0439, 68192
40.0541, 67976
40.0643, 68192
40.0744, 67976
40.0846, 68192
40.0947, 67976
40.1048, 68192
40.1151, 67976
40.1253, 67976
40.1355, 68192
40.1456, 68192
40.1558, 68408
40.1659, 68192
40.176, 68192
40.1862, 68192
40.1965, 68624
40.2067, 68840
40.2169, 68840
40.2272, 68840
40.2374, 68624
40.2477, 68408
40.258, 68408
40.2684, 68192
40.2786, 68192
40.2888, 67976
40.299, 67976
40.3092, 67976
40.3197, 67976
40.3301, 68192
40.3403, 68192
40.3505, 67976
40.3607, 67976
40.3709, 67976
40.381, 67976
40.3912, 67976
40.4013, 68192
40.4115, 68192
40.4216, 68192
40.4317, 68192
40.4419, 68408
40.452, 68408
40.4622, 68624
40.4724, 68624
40.4825, 68840
40.4927, 68840
40.5029, 68840
40.513, 68840
40.5232, 68840
40.5335, 69056
40.5439, 68840
40.5543, 68840
40.5648, 68840
40.5751, 68840
40.5854, 68840
40.5958, 68624
40.6063, 68408
40.6166, 68408
40.6269, 68192
40.6372, 68192
40.6474, 68192
40.6577, 68192
40.6681, 67976
40.6785, 67976
40.6889, 67976
40.6994, 67760
40.7098, 67760
40.7201, 67976
40.7304, 67760
40.7405, 67760
40.7507, 67760
40.7609, 67760
40.771, 67760
40.7812, 67760
40.7914, 67544
40.8015, 67760
40.8117, 67976
40.8219, 68192
40.8321, 68192
40.8424, 67976
40.8529, 69272
40.8633, 69488
40.8737, 69704
40.8841, 69704
40.8945, 69920
40.905, 70136
40.9154, 70136
40.9257, 70136
40.936, 69920
40.9465, 70568
40.9568, 70568
40.9671, 70784
40.9774, 70136
40.9876, 69704
40.9978, 69056
41.0079, 68624
41.018, 68624
41.0281, 68408
41.0382, 68408
41.0483, 68192
41.0584, 68408
41.0685, 68624
41.0786, 68840
41.0888, 69056
41.099, 69488
41.1092, 69488
41.1195, 69704
41.1298, 69704
41.1401, 69920
41.1507, 69920
41.1609, 69920
41.1711, 69920
41.1814, 69704
41.1918, 69704
41.2023, 69488
41.2133, 69056
41.2243, 69056
41.235, 69056
41.2455, 68840
41.2561, 68840
41.2669, 68840
41.2772, 68624
41.2874, 68624
41.2976, 68408
41.3077, 68408
41.318, 68408
41.3282, 68408
41.3384, 68408
41.3487, 68624
41.3589, 68624
41.3692, 68840
41.3794, 68840
41.3896, 68840
41.3999, 69056
41.4102, 69056
41.4205, 69056
41.4308, 69488
41.4411, 69704
41.4514, 69488
41.4617, 69704
41.4721, 69272
41.4824, 68840
41.4926, 68624
41.5029, 68624
41.5131, 68624
41.5233, 68624
41.5334, 68624
41.5436, 68624
41.5538, 68840
41.5639, 68840
41.574, 68840
41.5841, 68840
41.5942, 69056
41.6043, 69056
41.6145, 69056
41.6246, 68840
41.6347, 68840
41.6447, 69056
41.6548, 69056
41.665, 69056
41.6751, 69056
41.6851, 69056
41.6952, 69272
41.7053, 69272
41.7155, 69272
41.7255, 69272
41.7357, 69272
41.7458, 69272
41.7559, 69272
41.7659, 69272
41.7761, 69272
41.7862, 69272
41.7963, 69272
41.8065, 69272
41.8167, 69272
41.827, 69272
41.8372, 69056
41.8473, 68840
41.8575, 69056
41.8678, 69056
41.8782, 69272
41.8886, 69272
41.899, 68840
41.9094, 68624
41.9198, 68624
41.9303, 68624
41.9407, 68624
41.9511, 68624
41.9615, 68624
41.9719, 68408
41.9823, 68408
41.9928, 68408
42.0032, 68408
42.0136, 68408
42.0241, 68624
42.0344, 68408
42.0448, 68408
42.055, 68408
42.0652, 68408
42.0754, 68624
42.0856, 69272
42.0958, 69488
42.106, 69704
42.1163, 69488
42.1267, 69488
42.1371, 69488
42.1525, 69272
42.1629, 68840
42.1733, 68840
42.1837, 68408
42.1942, 68408
42.2046, 68408
42.2149, 68408
42.2251, 68192
42.2354, 68192
42.2456, 68192
42.2557, 68192
42.2658, 68192
42.2759, 68192
42.286, 67976
42.2962, 67976
42.3063, 68192
42.3164, 68408
42.3265, 68192
42.3368, 68408
42.347, 68408
42.3572, 68408
42.3675, 68192
42.3776, 68192
42.3878, 67976
42.3981, 67976
42.4084, 68408
42.4187, 68408
42.429, 68624
42.4396, 68192
42.4499, 67976
42.4604, 67976
42.4708, 68192
42.4814, 68192
42.492, 68192
42.5025, 68192
42.5133, 68192
42.5239, 68192
42.5344, 68192
42.5451, 67976
42.5556, 67976
42.5662, 67976
42.5767, 68192
42.5871, 68192
42.5975, 68192
42.6077, 68192
42.6179, 67976
42.6282, 67976
42.6384, 68192
42.6486, 69056
42.6588, 69920
42.6691, 70352
42.6794, 70352
42.6897, 70352
42.7001, 70352
42.7105, 69920
42.7213, 69272
42.7335, 69272
42.7439, 69272
42.7542, 69272
42.7645, 69056
42.7746, 69056
42.7848, 69056
42.795, 69056
42.8051, 69056
42.8152, 69056
42.8253, 69272
42.8355, 69272
42.8456, 69272
42.8557, 69272
42.8658, 69272
42.8759, 69488
42.886, 69272
42.8961, 69272
42.9062, 69272
42.9163, 69488
42.9264, 69488
42.9366, 69704
42.9468, 69704
42.9571, 69488
42.9674, 69272
42.9778, 69272
42.9883, 69056
42.9987, 68840
43.0091, 68840
43.0195, 68624
43.03, 68624
43.0405, 68408
43.0509, 68408
43.0614, 68408
43.0718, 68192
43.0822, 68408
43.0926, 68192
43.1029, 68192
43.1132, 68408
43.1235, 68192
43.1338, 68192
43.1441, 68192
43.1543, 68192
43.1647, 67976
43.1748, 67760
43.185, 67760
43.1952, 67544
43.2053, 67544
43.2154, 67544
43.2256, 67328
43.2357, 67328
43.246, 67112
43.2562, 67328
43.2664, 67328
43.2765, 67112
43.2868, 67328
43.297, 67328
43.3071, 67112
43.3172, 67112
43.3273, 67112
43.338, 66896
43.3481, 67112
43.3585, 67112
43.3689, 67328
43.3793, 67544
43.3896, 67760
43.4, 67760
43.4103, 67976
43.4207, 67976
43.4313, 67976
43.4418, 67976
43.4524, 67976
43.463, 67976
43.4737, 67976
43.4844, 67760
43.4951, 67976
43.5058, 68192
43.5165, 68408
43.5271, 68408
43.5377, 68408
43.5484, 68408
43.5591, 69056
43.5694, 69272
43.5796, 69272
43.5898, 69056
43.6, 69056
43.6102, 69056
43.6204, 69272
43.6307, 69272
43.6409, 69272
43.6511, 69488
43.6612, 69488
43.6715, 69488
43.6818, 69704
43.692, 69704
43.7023, 69920
43.7126, 70136
43.7228, 70568
43.7331, 70568
43.7433, 70352
43.7536, 70136
43.7639, 70136
43.7741, 69920
43.7844, 69488
43.7945, 69488
43.8047, 69272
43.8149, 69272
43.825, 69272
43.8352, 69488
43.8453, 69488
43.8554, 69272
43.8655, 68840
43.8757, 68840
43.8858, 68840
43.8959, 68840
43.9061, 68840
43.9162, 68840
43.9263, 68840
43.9364, 68624
43.9466, 68624
43.9567, 68624
43.9668, 68624
43.977, 68624
43.9871, 68624
43.9972, 68624
44.0073, 68624
44.0174, 68624
44.0275, 68624
44.0376, 68624
44.0478, 68624
44.0579, 68624
44.0682, 68624
44.0784, 69488
44.0886, 69920
44.0989, 69704
44.1091, 69272
44.1192, 69056
44.1294, 69056
44.1395, 69056
44.1497, 69272
44.16, 69056
44.1701, 68840
44.1803, 68840
44.1905, 68840
44.2007, 68624
44.211, 68624
44.2214, 68840
44.2318, 68624
44.2421, 68624
44.2526, 68840
44.2631, 68624
44.2734, 68840
44.2837, 69056
44.294, 69056
44.3043, 68840
44.3145, 69056
44.3249, 69056
44.3352, 69056
44.3454, 69056
44.3556, 68840
44.3657, 68840
44.3759, 68840
44.3862, 68840
44.3964, 68840
44.4067, 68840
44.4171, 68840
44.4275, 68840
44.438, 68840
44.4484, 68840
44.4587, 68840
44.4693, 68840
44.4797, 69272
44.4901, 69272
44.5005, 69272
44.5111, 69488
44.5218, 68840
44.5321, 68192
44.5425, 67976
44.5529, 67976
44.5631, 67976
44.5733, 67760
44.5835, 67760
44.5937, 67760
44.6038, 67760
44.6139, 67544
44.6241, 67760
44.6344, 67760
44.6447, 67760
44.6549, 67760
44.665, 67544
44.6751, 67544
44.6853, 67544
44.6954, 67544
44.7055, 67544
44.7156, 67544
44.7257, 67328
44.7358, 67544
44.7459, 67544
44.756, 67544
44.7661, 67544
44.7763, 67328
44.7864, 67328
44.7965, 67112
44.8066, 67112
44.8167, 67328
44.8268, 67112
44.8369, 67112
44.8471, 67328
44.8574, 67544
44.8677, 67760
44.8779, 67544
44.8882, 67544
44.8986, 67544
44.909, 67544
44.9194, 67544
44.9298, 67544
44.9403, 67544
44.9508, 67544
44.9612, 67544
44.9717, 67544
44.9821, 67544
44.9925, 67976
45.0029, 67976
45.0134, 67976
45.0238, 67760
45.0342, 67760
45.0446, 67760
45.055, 67760
45.0653, 67760
45.0759, 67760
45.0863, 67976
45.0965, 67544
45.1066, 67544
45.1167, 67328
45.1268, 67328
45.137, 67112
45.1471, 67112
45.1572, 67112
45.1674, 67112
45.1775, 67112
45.1877, 67112
45.1979, 67112
45.208, 67112
45.2182, 67328
45.2283, 67328
45.2385, 67328
45.2486, 67544
45.2587, 67544
45.2688, 67544
45.2789, 67760
45.2891, 67760
45.2992, 67976
45.3097, 68192
45.3201, 68408
45.3304, 68408
45.3406, 68408
45.3509, 68624
45.3612, 68624
45.3715, 68408
45.3819, 68408
45.3924, 68408
45.4029, 68408
45.4134, 68408
45.4238, 68408
45.4345, 68408
45.445, 68192
45.4554, 68192
45.4658, 68192
45.4762, 68192
45.4865, 67976
45.4968, 67976
45.507, 67976
45.5174, 67976
45.5276, 67760
45.5378, 67760
45.5481, 67544
45.5583, 67976
45.5686, 68408
45.5789, 68408
45.5893, 68624
45.5997, 68408
45.6101, 68192
45.6206, 68408
45.631, 68408
45.6413, 68408
45.6517, 68408
45.662, 68840
45.6724, 69056
45.6829, 69272
45.6933, 69056
45.7037, 68408
45.7141, 68192
45.7244, 67976
45.7347, 67760
45.7451, 67760
45.7553, 67760
45.7656, 67544
45.7757, 67544
45.7859, 67544
45.7961, 67544
45.8062, 67544
45.8163, 67544
45.8265, 67976
45.8366, 68192
45.8467, 68192
45.8568, 68408
45.867, 68408
45.8773, 68624
45.8874, 68624
45.8976, 68624
45.9077, 68840
45.918, 69056
45.9283, 69272
45.9392, 69488
45.9497, 69920
45.9601, 69920
45.9706, 69920
45.981, 69704
45.9914, 69704
46.002, 69488
46.0125, 69488
46.023, 69488
46.0335, 69704
46.0438, 69704
46.054, 69704
46.0642, 69488
46.0745, 69488
46.0849, 69272
46.0952, 69272
46.1055, 69056
46.1158, 69056
46.126, 69056
46.1363, 69056
46.1467, 69056
46.157, 69056
46.1674, 69056
46.1777, 68840
46.1881, 68840
46.1984, 68840
46.2088, 68840
46.2191, 68624
46.2293, 68624
46.2397, 68624
46.25, 68624
46.2602, 68408
46.2706, 68408
46.281, 68408
46.2912, 68408
46.3014, 68408
46.3115, 68408
46.3217, 68408
46.3319, 68408
46.342, 68408
46.3521, 68408
46.3624, 68408
46.3725, 68624
46.3826, 68624
46.3928, 68624
46.4029, 68624
46.413, 68624
46.4231, 68624
46.4332, 68624
46.4433, 68624
46.4534, 68624
46.4635, 68624
46.4736, 68624
46.4837, 68624
46.4938, 68624
46.504, 68840
46.5141, 68624
46.5242, 68840
46.5343, 68840
46.5444, 68840
46.5545, 68840
46.5646, 68840
46.5748, 68624
46.5849, 68624
46.5951, 68840
46.6053, 68624
46.6155, 68408
46.6307, 68192
46.6409, 68192
46.6514, 68192
46.6617, 68192
46.6721, 68192
46.6824, 68192
46.6929, 67976
46.7036, 68192
46.7138, 67976
46.7241, 67976
46.7345, 67976
46.745, 67976
46.7554, 67976
46.7657, 67976
46.7761, 67976
46.7865, 67976
46.797, 67976
46.8075, 67976
46.818, 67976
46.8284, 67976
46.8388, 67976
46.8492, 67976
46.8596, 67976
46.87, 68624
46.8803, 68624
46.8905, 68408
46.9008, 68408
46.911, 68408
46.9213, 68624
46.9316, 68840
46.9419, 69056
46.9524, 69056
46.9629, 69056
46.9733, 69272
46.9837, 69056
46.9941, 69056
47.0045, 69056
47.0149, 68840
47.0253, 69056
47.0357, 68840
47.0459, 68624
47.0562, 68624
47.0665, 68408
47.0772, 68408
47.0876, 68192
47.0978, 68192
47.1079, 68192
47.1181, 68192
47.1283, 68192
47.1385, 68192
47.1486, 67976
47.1588, 67976
47.1689, 67976
47.179, 67760
47.1892, 67760
47.1993, 67760
47.2094, 67544
47.2195, 67544
47.2297, 67544
47.2398, 67544
47.2499, 67544
47.26, 67544
47.2701, 67328
47.2803, 67328
47.2904, 67328
47.3005, 67328
47.3106, 67328
47.3207, 67328
47.3308, 67328
47.3409, 67328
47.3511, 67328
47.3614, 67544
47.3716, 67544
47.3819, 67544
47.3923, 67328
47.4027, 67544
47.4132, 67544
47.4236, 67544
47.434, 67544
47.4444, 67544
47.4549, 67544
47.4654, 67544
47.4759, 67544
47.4863, 67544
47.4968, 67544
47.5072, 67544
47.5176, 67760
47.5279, 67760
47.5383, 67760
47.5486, 67760
47.559, 67760
47.5693, 67760
47.5795, 67544
47.5897, 67328
47.5998, 67328
47.61, 67112
47.6201, 67112
47.6302, 67112
47.6404, 66896
47.6505, 67112
47.6607, 67112
47.6709, 67328
47.6811, 67328
47.6912, 67328
47.7013, 67544
47.7116, 67544
47.7217, 67760
47.7318, 67760
47.7419, 67760
47.752, 67760
47.7622, 67760
47.7723, 67976
47.7825, 68192
47.7927, 68192
47.803, 68408
47.8132, 68408
47.8235, 68408
47.8337, 68408
47.8443, 68192
47.8549, 68624
47.8659, 68192
47.8769, 67976
47.8876, 67760
47.8981, 67760
47.9087, 67976
47.9193, 67976
47.9298, 67760
47.9403, 67760
47.9507, 67976
47.9612, 67976
47.9716, 67760
47.982, 67976
47.9922, 67976
48.0024, 67760
48.0126, 67760
48.0228, 67760
48.0331, 67760
48.0434, 67976
48.0536, 67976
48.0641, 68192
48.0744, 68408
48.0848, 68624
48.0952, 68624
48.1056, 68624
48.1187, 68624
48.1291, 68408
48.1394, 68408
48.1499, 68408
48.1603, 68192
48.1707, 68192
48.1809, 68192
48.1912, 67976
48.2014, 67976
48.2116, 67976
48.2217, 67976
48.2318, 68192
48.242, 68192
48.2521, 68408
48.2622, 68408
48.2723, 68192
48.2824, 67976
48.2925, 67976
48.3026, 68624
48.3128, 69056
48.3231, 69272
48.3334, 69704
48.3438, 69920
48.3541, 70136
48.3645, 70136
48.375, 69920
48.3854, 69920
48.3958, 69704
48.4061, 69920
48.4164, 69704
48.4267, 69488
48.4371, 69272
48.4475, 69056
48.458, 69056
48.4683, 69056
48.4787, 68840
48.489, 68624
48.4992, 68408
48.5095, 68408
48.5197, 68408
48.5299, 68192
48.5401, 68192
48.5504, 68192
48.5606, 68192
48.5709, 68192
48.5811, 68192
48.5914, 68192
48.6015, 68192
48.6117, 68192
48.6218, 68192
48.6319, 68192
48.642, 68192
48.6521, 68192
48.6623, 68192
48.6724, 68192
48.6827, 68192
48.693, 68408
48.7033, 68408
48.7137, 68624
48.724, 68624
48.7344, 68840
48.7447, 68840
48.7551, 68840
48.7657, 68840
48.7761, 68840
48.7867, 68840
48.7972, 68840
48.8077, 68840
48.8181, 68840
48.8285, 68840
48.8389, 68840
48.8493, 68840
48.8596, 68840
48.87, 68840
48.8803, 68840
48.8904, 68624
48.9006, 68624
48.9107, 68408
48.9209, 68408
48.931, 68408
48.9411, 68408
48.9513, 68408
48.9614, 68408
48.9716, 68408
48.9818, 68624
48.992, 68624
49.0022, 68624
49.0123, 68840
49.0225, 68624
49.0327, 68840
49.0429, 68840
49.053, 68840
49.0634, 69056
49.0737, 70352
49.0839, 70784
49.0942, 71000
49.1046, 70784
49.1149, 70784
49.1253, 70352
49.1356, 69704
49.146, 69704
49.1564, 69488
49.167, 69272
49.1772, 69056
49.1874, 68840
49.1976, 68840
49.2078, 68624
49.218, 68408
49.2282, 68408
49.2384, 68408
49.2486, 68408
49.2587, 68192
49.2689, 68192
49.279, 67976
49.2891, 67976
49.2992, 67760
49.3094, 67544
49.3195, 67544
49.3296, 67544
49.3397, 67544
49.3498, 67328
49.3599, 67328
49.3701, 67328
49.3802, 67328
49.3903, 67544
49.4005, 68192
49.4107, 68624
49.421, 67976
49.4312, 67760
49.4413, 67760
49.4515, 67544
49.4617, 67544
49.472, 67544
49.4824, 67544
49.4934, 67544
49.5037, 67328
49.5141, 67544
49.5245, 67544
49.5349, 67760
49.5454, 67760
49.5558, 67544
49.5662, 67544
49.5766, 67760
49.587, 67760
49.5974, 67760
49.6078, 67760
49.618, 67760
49.6283, 67760
49.6384, 67760
49.6485, 67760
49.6587, 67976
49.6689, 67976
49.6792, 67976
49.6895, 68408
49.6998, 68624
49.7107, 68624
49.7214, 68624
49.7318, 68624
49.7424, 68840
49.7529, 68192
49.7634, 67976
49.7738, 67976
49.7842, 67976
49.7949, 67976
49.8053, 67760
49.8155, 67544
49.8256, 67544
49.836, 67544
49.8462, 67544
49.8564, 67328
49.8668, 67328
49.8771, 67328
49.8873, 67328
49.8975, 67328
49.9078, 67112
49.9181, 67112
49.9283, 67112
49.9384, 67112
49.9485, 66896
49.9587, 67328
49.9688, 67112
49.9789, 67112
49.9891, 67328
49.9992, 67328
50.0094, 67544
50.0196, 67544
50.0298, 67544
50.04, 67544
50.0503, 67544
50.0607, 67760
50.071, 68192
50.0814, 68408
50.0917, 68408
50.1019, 68192
50.1124, 68192
50.1227, 68408
50.1331, 68408
50.1434, 68624
50.1537, 68624
50.1641, 68840
50.1745, 68840
50.1848, 68840
50.1952, 69056
50.2055, 69056
50.2158, 69056
50.2261, 69056
50.2363, 69056
50.2465, 68840
50.2566, 68624
50.2668, 68408
50.2769, 68408
50.2872, 68408
50.2974, 68408
50.3076, 68408
50.3179, 68408
50.3285, 68192
50.3389, 68408
50.3492, 68408
50.3595, 68408
50.3699, 68408
50.3802, 68192
50.3906, 68192
50.401, 68192
50.4114, 67976
50.4219, 67976
50.4324, 67976
50.4428, 67760
50.4531, 67544
50.4634, 67544
50.4736, 67544
50.4837, 67328
50.4939, 67544
50.5042, 67328
50.5143, 67328
50.5246, 67328
50.5348, 67328
50.545, 67328
50.5552, 67112
50.5653, 67112
50.5754, 67112
50.5856, 67112
50.5957, 67112
50.6058, 67112
50.6159, 67112
50.6262, 67112
50.6363, 66896
50.6466, 66896
50.6567, 66896
50.6669, 67112
50.677, 67112
50.6873, 67328
50.6975, 68408
50.7077, 68840
50.7179, 67976
50.728, 67976
50.7381, 67976
50.7484, 68192
50.759, 68840
50.7696, 68624
50.78, 68624
50.7904, 68624
50.8008, 69056
50.8114, 69272
50.8217, 69704
50.832, 69704
50.8423, 69920
50.8526, 70136
50.8629, 69704
50.8731, 69704
50.8833, 69704
50.8935, 69704
50.9037, 69488
50.9138, 69488
50.924, 69488
50.9341, 69704
50.9442, 69488
50.9544, 69056
50.9648, 69272
50.9751, 69272
50.9855, 69272
50.9957, 69272
51.0061, 69272
51.0163, 69488
51.0266, 70136
51.0368, 70352
51.047, 69920
51.0573, 69488
51.0674, 69272
51.0776, 69056
51.0878, 69056
51.0982, 69272
51.1085, 69488
51.1187, 69272
51.1289, 69272
51.1391, 69272
51.1493, 69272
51.1594, 69056
51.1696, 69056
51.1797, 69056
51.1898, 68840
51.2, 69056
51.2101, 68840
51.2203, 69056
51.2304, 68840
51.2405, 68840
51.2506, 68840
51.2608, 68840
51.2709, 68840
51.281, 68840
51.2911, 68840
51.3013, 68840
51.3114, 68840
51.3215, 68840
51.3317, 69056
51.3418, 68840
51.3519, 68840
51.3621, 69056
51.3722, 68840
51.3824, 68840
51.3925, 68840
51.4027, 68840
51.4129, 68840
51.4231, 68624
51.4334, 68840
51.4438, 69056
51.4541, 69056
51.4645, 69056
51.4749, 69056
51.4852, 69056
51.4956, 69056
51.5061, 69272
51.5163, 69272
51.5267, 69056
51.5371, 68840
51.5474, 68840
51.5578, 68840
51.5682, 68624
51.5786, 68624
51.5891, 68408
51.5995, 68408
51.6098, 68408
51.6199, 68408
51.6301, 68192
51.6403, 68192
51.6504, 68192
51.6606, 68408
51.6707, 68192
51.6809, 68408
51.691, 69704
51.7012, 69272
51.7114, 68624
51.7215, 68408
51.7317, 68408
51.7419, 68192
51.752, 68192
51.7622, 68408
51.7724, 68192
51.7827, 68624
51.7931, 68840
51.8035, 68408
51.8137, 68408
51.824, 68624
51.8344, 69056
51.8451, 69056
51.8557, 68840
51.8663, 68840
51.8771, 69056
51.8876, 68840
51.8983, 68840
51.909, 69056
51.9195, 68840
51.9301, 68840
51.9405, 69056
51.9512, 68840
51.9619, 68840
51.9725, 68840
51.9832, 69056
51.9935, 69920
52.0037, 68840
52.0139, 68624
52.024, 68408
52.0342, 68408
52.0444, 68408
52.0546, 68408
52.0647, 68408
52.0749, 68408
52.0851, 68408
52.0953, 68408
52.1056, 68624
52.1162, 68840
52.1267, 69056
52.137, 69272
52.1474, 69272
52.1577, 69272
52.1681, 69272
52.1784, 69272
52.1889, 69272
52.1995, 69272
52.2098, 69056
52.2201, 68840
52.2303, 68624
52.2405, 68408
52.2507, 68408
52.2609, 68408
52.271, 68408
52.2811, 68408
52.2912, 68408
52.3014, 68192
52.3115, 68192
52.3218, 68408
52.332, 69056
52.3422, 69488
52.3523, 69056
52.3625, 68624
52.3726, 68408
52.3829, 68408
52.3931, 68408
52.4035, 68408
52.4138, 68408
52.424, 68192
52.4344, 68192
52.445, 68192
52.4554, 68408
52.4658, 68408
52.4762, 68408
52.4867, 68408
52.4971, 68624
52.5076, 68624
52.518, 68840
52.5283, 68840
52.5386, 68840
52.5488, 68840
52.559, 68840
52.5692, 68624
52.5794, 68624
52.5895, 68840
52.5997, 68840
52.6098, 68840
52.62, 69056
52.6301, 69056
52.6402, 69056
52.6503, 69272
52.6605, 69272
52.6706, 69272
52.6807, 70352
52.691, 71000
52.7013, 71216
52.7116, 71000
52.722, 70784
52.7323, 71000
52.7427, 70784
52.7531, 70784
52.7635, 70784
52.7739, 70784
52.7843, 70568
52.795, 69920
52.8052, 69488
52.8155, 69272
52.8257, 69056
52.8359, 68840
52.8461, 68840
52.8562, 68840
52.8663, 68840
52.8764, 68840
52.8865, 69056
52.8966, 68840
52.9067, 68840
52.9169, 68840
52.9271, 68840
52.9372, 68840
52.9474, 69056
52.9576, 68840
52.9678, 68624
52.978, 68624
52.9883, 69056
52.9987, 69272
53.0093, 68840
53.0196, 68408
53.0299, 69272
53.0404, 69272
53.0509, 69272
53.0613, 69272
53.0718, 69488
53.0822, 69272
53.0927, 69488
53.1031, 69488
53.1136, 69488
53.124, 69488
53.1347, 69704
53.1451, 70136
53.1554, 69272
53.1656, 68840
53.1757, 68408
53.1859, 68408
53.1961, 68408
53.2063, 68408
53.2167, 68408
53.227, 68624
53.2375, 69056
53.2478, 69272
53.2582, 69704
53.2686, 70136
53.279, 70352
53.2894, 70568
53.2998, 71216
53.3102, 71432
53.3205, 71648
53.331, 71432
53.3414, 70568
53.3518, 70352
53.3622, 70136
53.3726, 69920
53.383, 69920
53.3933, 69920
53.4037, 69920
53.4141, 69920
53.4245, 69920
53.435, 69704
53.4454, 69488
53.4559, 69488
53.4663, 69272
53.4765, 69272
53.4895, 69488
53.4998, 69920
53.51, 70136
53.5203, 70136
53.5304, 70136
53.5406, 70136
53.5507, 70568
53.5609, 70136
53.571, 69704
53.5812, 69488
53.5913, 69488
53.6015, 69272
53.6116, 69056
53.6217, 69056
53.6319, 68840
53.642, 68840
53.6521, 68840
53.6623, 68624
53.6724, 68624
53.6827, 68624
53.6929, 68408
53.7033, 68624
53.7137, 68624
53.7241, 68840
53.7344, 68840
53.7448, 68840
53.7551, 68840
53.7654, 68840
53.7756, 68840
53.7857, 68840
53.7961, 69056
53.8063, 70136
53.8165, 72080
53.8268, 73592
53.837, 74456
53.8472, 75104
53.8574, 75536
53.8677, 76184
53.8779, 76616
53.8881, 76832
53.8984, 77048
53.9086, 77264
53.9188, 77696
53.9291, 77912
53.9394, 78128
53.9496, 78344
53.9598, 78776
53.9701, 78992
53.9803, 78992
53.9906, 79208
54.0008, 79208
54.0111, 79208
54.0213, 78992
54.0315, 78776
54.0417, 77696
54.0519, 75752
54.062, 74672
54.0721, 73592
54.0822, 73376
54.0923, 72944
54.1024, 72728
54.1125, 72296
54.1226, 71864
54.1327, 71648
54.1428, 71432
54.1529, 71216
54.163, 71216
54.1731, 71000
54.1832, 70784
54.1933, 70784
54.2034, 70568
54.2135, 70784
54.2236, 70784
54.2337, 71000
54.2438, 71000
54.2539, 71000
54.264, 71000
54.2741, 71000
54.2842, 71216
54.2945, 71432
54.3047, 72080
54.3151, 73376
54.3254, 74024
54.3358, 74888
54.3462, 75104
54.3565, 75536
54.3669, 75752
54.3772, 76184
54.3876, 76400
54.3979, 77480
54.4083, 78128
54.4186, 78560
54.4289, 78560
54.4392, 78128
54.4494, 75968
54.4596, 75104
54.4697, 74888
54.4799, 74672
54.49, 74456
54.5001, 74240
54.5102, 74240
54.5204, 74240
54.5305, 74024
54.5406, 74024
54.5507, 73808
54.5609, 74024
54.571, 73808
54.5814, 74456
54.5917, 75536
54.6019, 74888
54.6121, 74888
54.6223, 78560
54.6326, 81152
54.6428, 82880
54.653, 83528
54.6632, 83744
