***
Running Scheduler
Images = 100
Inferences = 1
Sleeping for 5 seconds
Main thread running
CPU Small: Started process
CPU Big: Started process
GPU: Started process
tdiff = 5.00078, run_cpu_small = 1, run_cpu_big = 0, run_gpu = 1, temp = 84176, val = 4
tdiff = 10.002, run_cpu_small = 1, run_cpu_big = 0, run_gpu = 1, temp = 76616, val = 11
tdiff = 15.0022, run_cpu_small = 1, run_cpu_big = 0, run_gpu = 1, temp = 80072, val = 18
tdiff = 20.0001, run_cpu_small = 1, run_cpu_big = 0, run_gpu = 1, temp = 77480, val = 26
tdiff = 25.0005, run_cpu_small = 1, run_cpu_big = 0, run_gpu = 1, temp = 76400, val = 34
tdiff = 30.0001, run_cpu_small = 1, run_cpu_big = 0, run_gpu = 1, temp = 78128, val = 42
tdiff = 35.001, run_cpu_small = 1, run_cpu_big = 0, run_gpu = 1, temp = 78992, val = 49
tdiff = 40.0002, run_cpu_small = 1, run_cpu_big = 0, run_gpu = 1, temp = 77048, val = 57
tdiff = 45.0011, run_cpu_small = 1, run_cpu_big = 0, run_gpu = 1, temp = 79640, val = 64
tdiff = 50.0006, run_cpu_small = 1, run_cpu_big = 0, run_gpu = 1, temp = 79640, val = 72
tdiff = 55, run_cpu_small = 1, run_cpu_big = 0, run_gpu = 1, temp = 76400, val = 79
tdiff = 60.0004, run_cpu_small = 1, run_cpu_big = 0, run_gpu = 1, temp = 76616, val = 86
tdiff = 65.001, run_cpu_small = 1, run_cpu_big = 0, run_gpu = 1, temp = 77480, val = 94
0.683921 per image
0.683921 per inference