time, temp
0.00386199, 64520
0.0258032, 64736
0.0360949, 64736
0.0465189, 64952
0.0570502, 65168
0.0676471, 65600
0.0782576, 65600
0.0887248, 65816
0.0992363, 65816
0.109904, 65816
0.120394, 65816
0.130812, 66032
0.141303, 66032
0.151796, 66032
0.162395, 66032
0.173018, 66032
0.183525, 66248
0.194047, 66032
0.204522, 66248
0.214944, 66248
0.225342, 66248
0.235714, 66464
0.24611, 66464
0.256471, 66464
0.266889, 66680
0.277373, 66680
0.287795, 67328
0.298185, 68624
0.308572, 69488
0.318884, 68408
0.3292, 67976
0.339501, 68840
0.349757, 70136
0.360018, 69272
0.370252, 69272
0.380493, 69272
0.390682, 69272
0.400831, 69272
0.410986, 69272
0.421226, 69488
0.431522, 69920
0.441813, 70784
0.452169, 70568
0.462608, 70568
0.473043, 70568
0.483476, 70352
0.493824, 70568
0.504184, 70784
0.514467, 70784
0.524818, 71000
0.535206, 71432
0.545581, 72080
0.556036, 71432
0.566625, 71432
0.57707, 71432
0.587526, 71864
0.597908, 72296
0.608286, 72296
0.618594, 72296
0.628889, 72512
0.639157, 72512
0.649475, 73376
0.659741, 72944
0.669931, 72728
0.680215, 72512
0.690511, 72728
0.70091, 73376
0.711676, 74240
0.721957, 74672
0.732305, 74456
0.743032, 75104
0.753556, 75104
0.764351, 75320
0.77527, 75320
0.786118, 75536
0.796946, 74672
0.807211, 74240
0.817417, 74024
0.827669, 73592
0.837923, 73592
0.848183, 73592
0.858456, 73592
0.868638, 73376
0.878854, 73592
0.889049, 73808
0.899255, 74240
0.909473, 74456
0.919674, 74888
0.929904, 75320
0.940204, 75320
0.950535, 75536
0.960859, 75752
0.971107, 75752
0.98128, 75968
0.991486, 75968
1.00179, 76184
1.01205, 76400
1.02223, 76400
1.03244, 76832
1.04264, 76832
1.05286, 76832
1.06307, 76832
1.07323, 77048
1.08339, 77264
1.09357, 77696
1.1037, 78128
1.11389, 78128
1.1241, 78344
1.13426, 78344
1.14442, 78776
1.15456, 78776
1.16482, 78992
1.17509, 79424
1.18541, 81152
1.19578, 81368
1.20608, 82016
1.21641, 82664
1.22674, 83312
1.23705, 82880
1.24731, 83960
1.25788, 83960
1.26863, 83960
1.27931, 83312
1.28982, 84176
1.30039, 84176
1.31101, 84176
1.32168, 83528
1.33273, 82880
1.34358, 82664
1.35378, 81368
1.36392, 80720
1.37408, 81152
1.38436, 82448
1.39462, 83096
1.4049, 82880
1.41517, 82880
1.42555, 82448
1.4359, 82448
1.44618, 82232
1.45645, 82016
1.46672, 82016
1.47704, 82232
1.48743, 82232
1.49781, 82232
1.50811, 82232
1.51841, 82232
1.52876, 82232
1.53898, 82232
1.54918, 82448
1.55943, 82448
1.56973, 82448
1.57989, 82232
1.59018, 82016
1.60056, 81800
1.61087, 81584
1.62123, 81584
1.63159, 81584
1.64178, 81584
1.65202, 81584
1.66231, 81584
1.67265, 81368
1.68288, 81368
1.6931, 81368
1.70338, 81584
1.71363, 81584
1.7239, 81584
1.73411, 81584
1.7488, 81584
1.7591, 81800
1.76936, 82016
1.7798, 82232
1.79013, 82232
1.80036, 82232
1.81101, 82232
1.8216, 82448
1.83224, 82664
1.8429, 82880
1.8535, 83096
1.8639, 83312
1.87422, 83096
1.88447, 83096
1.89468, 83096
1.90492, 83312
1.91521, 83096
1.92539, 83096
1.93563, 83312
1.94584, 83528
1.95606, 83312
1.96628, 83312
1.9766, 83096
1.98686, 83096
1.9971, 82880
2.00733, 83096
2.01758, 82880
2.02775, 83096
2.03799, 83096
2.04826, 82880
2.05852, 82664
2.06876, 82880
2.07898, 82880
2.08919, 82880
2.09948, 83096
2.10966, 83096
2.11986, 83096
2.13006, 83096
2.14029, 83096
2.15053, 83096
2.16082, 83096
2.17102, 83096
2.18132, 83096
2.19153, 83096
2.20182, 83096
2.21213, 83312
2.22229, 83312
2.23252, 83312
2.24277, 83312
2.27294, 83744
2.28321, 82880
2.29357, 84392
2.3039, 82448
2.31872, 82664
2.32894, 85688
2.33929, 86768
2.34968, 86552
2.3602, 86336
2.37044, 86120
2.38069, 86120
2.39091, 85688
2.40117, 86120
2.41139, 87416
2.42163, 88496
2.43194, 87416
2.44219, 86984
2.45267, 87632
2.46294, 86768
2.47321, 87200
2.48352, 86336
2.49382, 86768
2.50406, 87200
2.51432, 87200
2.52459, 87632
2.53493, 87848
2.54531, 88064
2.55566, 87200
2.56603, 86552
2.57633, 86552
2.58661, 88280
2.59696, 86552
2.60728, 86336
2.61754, 85904
2.62785, 85904
2.63811, 85904
2.64841, 86768
2.6587, 88064
2.66903, 87848
2.67929, 87200
2.68961, 86768
2.69996, 86768
2.71023, 86336
2.72054, 86336
2.7309, 86336
2.74119, 86336
2.7515, 86552
2.76172, 86768
2.77196, 86984
2.78218, 87200
2.79241, 87200
2.80262, 87200
2.81283, 87848
2.82303, 87848
2.83324, 87416
2.84354, 86768
2.85384, 86336
2.8642, 86768
2.87446, 85256
2.88465, 83960
2.89482, 83744
2.90499, 83744
2.91516, 83528
2.92528, 83528
2.93781, 83744
2.94823, 84824
2.95848, 85688
2.96878, 84608
2.97896, 83528
2.98919, 83312
2.99943, 83312
3.00972, 83096
3.01994, 82880
3.03024, 82664
3.04052, 82664
3.05081, 84392
3.06104, 84176
3.07129, 83096
3.08154, 82664
3.09177, 82664
3.102, 82448
3.11224, 82448
3.12242, 82232
3.13266, 82232
3.14348, 82232
3.15374, 82880
3.16398, 84824
3.17428, 84608
3.18463, 84392
3.19495, 84392
3.20523, 84392
3.21551, 84176
3.22578, 84392
3.23597, 84176
3.24615, 84176
3.25647, 84176
3.26682, 84824
3.27713, 84608
3.28743, 84392
3.29775, 84392
3.30814, 84176
3.31834, 84392
3.32866, 84176
3.33898, 84176
3.3492, 84392
3.36195, 84608
3.37246, 84392
3.38286, 85040
3.39357, 85040
3.40423, 85256
3.41493, 85688
3.42552, 85904
3.43614, 85904
3.44685, 85040
3.45743, 84176
3.46768, 83096
3.47804, 82232
3.48833, 81800
3.4986, 80936
3.50883, 80936
3.51902, 80936
3.52924, 81368
3.53946, 81800
3.54971, 81800
3.56007, 82232
3.57043, 82448
3.58071, 82664
3.59093, 82448
3.60118, 83096
3.61142, 82880
3.62165, 82880
3.6319, 82880
3.64213, 82880
3.65235, 82880
3.6626, 83312
3.67289, 83312
3.68325, 83528
3.69355, 83528
3.70383, 83528
3.71419, 83528
3.72447, 83312
3.73474, 83096
3.74504, 83096
3.75539, 83744
3.76571, 83528
3.77604, 83528
3.78632, 83312
3.79656, 83312
3.80689, 83528
3.81727, 83528
3.82753, 83096
3.83779, 83096
3.84808, 84608
3.87209, 85688
3.88238, 85904
3.89274, 85472
3.90301, 85256
3.91333, 85256
3.92363, 85040
3.93389, 84608
3.94415, 83528
3.95462, 84176
3.96503, 84824
3.97526, 84608
3.98581, 84824
3.99628, 85040
4.00675, 85256
4.01729, 85256
4.02772, 84824
4.03833, 83960
4.04847, 83528
4.0587, 83312
4.06894, 82880
4.07913, 84176
4.08944, 85256
4.09962, 85256
4.10995, 85256
4.12032, 85256
4.13069, 85040
4.14092, 85040
4.15112, 85256
4.16139, 85472
4.17173, 85688
4.18203, 85904
4.19231, 85904
4.20255, 85904
4.21289, 85904
4.22309, 86120
4.23328, 86336
4.24356, 86336
4.25402, 86120
4.2643, 86120
4.27454, 86120
4.28485, 85904
4.29511, 85688
4.30542, 85688
4.31596, 85472
4.32639, 85256
4.33666, 85256
4.34693, 85256
4.35713, 85256
4.36736, 85472
4.37754, 85472
4.38774, 85472
4.39804, 85472
4.40829, 85688
4.4298, 85688
4.44021, 85904
4.45049, 86552
4.46084, 86120
4.47137, 85688
4.48174, 85256
4.49264, 84824
4.5034, 84608
4.51381, 84176
4.52441, 84176
4.53501, 84176
4.54544, 84176
4.55577, 83960
4.56605, 84176
4.57635, 83312
4.58658, 83096
4.59684, 82880
4.60716, 82664
4.61747, 82664
4.62771, 82664
4.63794, 82448
4.64821, 82664
4.65841, 82664
4.66871, 82448
4.679, 82664
4.68929, 82664
4.69952, 82880
4.70978, 82880
4.72002, 82880
4.73019, 83096
4.74044, 83096
4.75062, 83096
4.76081, 83312
4.77101, 83096
4.78125, 83312
4.79144, 83312
4.80167, 83312
4.81192, 83312
4.82215, 83312
4.83233, 83312
4.84256, 83312
4.85278, 83312
4.86295, 83312
4.87315, 83096
4.88331, 83312
4.89351, 83312
4.9058, 83312
4.91606, 85688
4.92631, 85904
4.93655, 87632
4.94676, 87848
4.95698, 87848
4.96719, 86984
4.97742, 88280
4.98772, 88280
4.99796, 87848
5.00817, 87848
5.01915, 88712
5.02941, 88496
5.03962, 88496
5.04986, 88928
5.06014, 89144
5.07041, 88280
5.08069, 87848
5.09096, 87848
5.10125, 88280
5.11151, 87200
5.1218, 87416
5.1321, 87200
5.14245, 87848
5.15281, 88280
5.16322, 86984
5.17358, 87200
5.18404, 87632
5.19441, 87848
5.20484, 86984
5.21527, 86336
5.22565, 86336
5.23612, 86120
5.24659, 87200
5.25702, 86984
5.26752, 88280
5.27781, 87416
5.28808, 85904
5.29837, 86336
5.30863, 86120
5.31893, 87416
5.3292, 87632
5.33943, 86768
5.34966, 86768
5.36002, 86336
5.37027, 86120
5.38053, 85256
5.39075, 84392
5.40095, 84176
5.41121, 84392
5.42157, 84608
5.43189, 84824
5.44209, 85040
5.4523, 85256
5.46255, 85472
5.47277, 85472
5.48312, 85904
5.49335, 86120
5.50357, 85904
5.51383, 85472
5.52399, 84608
5.53422, 84176
5.54447, 84176
5.55465, 84392
5.5649, 84608
5.57513, 84608
5.58537, 84608
5.59558, 84824
5.60593, 86336
5.61626, 88064
5.62643, 88280
5.63657, 87632
5.64678, 86984
5.65696, 86552
5.66724, 86120
5.6775, 85904
5.68765, 85904
5.69787, 85688
5.70817, 85472
5.71847, 83960
5.72872, 83312
5.73895, 82880
5.74915, 82664
5.75943, 82664
5.76973, 85256
5.77994, 85904
5.79015, 86120
5.80038, 86552
5.81065, 86768
5.821, 87200
5.8312, 85040
5.84138, 84392
5.85166, 83960
5.8619, 83744
5.87208, 83744
5.88232, 83744
5.89251, 83528
5.90273, 83744
5.91302, 83744
5.92339, 85904
5.9337, 85040
5.94393, 84392
5.95419, 84392
5.96444, 84176
5.97466, 83960
5.98485, 84176
5.99507, 84176
6.00535, 84176
6.01571, 85904
6.02644, 86120
6.03672, 85688
6.04725, 86336
6.05788, 86768
6.06856, 85904
6.07931, 85688
6.08985, 85688
6.10033, 85256
6.111, 84824
6.12161, 84608
6.13189, 84392
6.14206, 84392
6.15223, 84176
6.16238, 85040
6.17261, 85688
6.18281, 86120
6.19307, 86336
6.20334, 86768
6.21362, 86984
6.22409, 86552
6.23439, 85904
6.24464, 85472
6.25491, 85256
6.26518, 85904
6.27545, 86120
6.28574, 86336
6.29607, 86552
6.30636, 86552
6.3167, 86768
6.32698, 86984
6.33724, 86984
6.34752, 86984
6.3578, 86336
6.36805, 86120
6.37832, 85688
6.38859, 85472
6.39892, 85472
6.40921, 85040
6.41952, 85040
6.42986, 85688
6.44015, 85904
6.45041, 86336
6.46069, 86552
6.47092, 86336
6.48118, 86336
6.49145, 86552
6.5017, 86552
6.5139, 86552
6.52445, 86552
6.53466, 86768
6.5448, 85472
6.55494, 85472
6.56509, 85472
6.57522, 85472
6.58536, 85472
6.59549, 85256
6.60563, 83960
6.61588, 84608
6.62657, 85472
6.63689, 85472
6.64772, 86552
6.65856, 85904
6.66944, 85040
6.68029, 84608
6.69116, 84176
6.70182, 83960
6.71227, 83744
6.72263, 83312
6.73302, 81800
6.74344, 81800
6.7538, 81584
6.76415, 82016
6.77455, 82232
6.78486, 82448
6.79521, 82448
6.80562, 82664
6.8161, 82664
6.82653, 82880
6.83695, 82880
6.84735, 82880
6.85766, 82880
6.86804, 82880
6.87831, 82880
6.88862, 83096
6.89901, 83312
6.90946, 83528
6.91974, 84608
6.92997, 83096
6.94023, 82880
6.95052, 82664
6.96096, 82448
6.9713, 82448
6.98169, 82232
6.99209, 82016
7.00251, 82016
7.01296, 82016
7.02339, 82016
7.03381, 81800
7.04422, 81800
7.05507, 81584
7.0658, 81368
7.07611, 81368
7.08644, 82016
7.09707, 83312
7.1074, 83744
7.11822, 82880
7.12889, 82232
7.13969, 81584
7.15033, 81368
7.16123, 80936
7.17202, 81584
7.18262, 82016
7.19341, 82016
7.20431, 81368
7.21566, 80936
7.22725, 80504
7.23763, 80288
7.24809, 79856
7.25912, 79856
7.26932, 79856
7.27949, 80720
7.28971, 80720
7.29989, 80288
7.31004, 80072
7.32025, 80072
7.33058, 80720
7.34103, 80720
7.3513, 80720
7.36149, 80720
7.3717, 81152
7.38195, 81368
7.39231, 81584
7.40267, 81584
7.41308, 81584
7.42336, 81584
7.43356, 80504
7.4439, 80072
7.45414, 79856
7.46457, 79856
7.47482, 79640
7.48516, 79640
7.49552, 79856
7.50582, 80288
7.51613, 80288
7.52637, 80504
7.53671, 80720
7.54724, 80504
7.55766, 80504
7.56824, 79640
7.57867, 79208
7.589, 79208
7.59944, 78992
7.61084, 78992
7.62147, 78992
7.63214, 78776
7.64263, 78776
7.65306, 78776
7.66347, 78560
7.67407, 78344
7.68492, 78344
7.69527, 78344
7.70551, 78560
7.71577, 78776
7.7261, 78560
7.73655, 78560
7.747, 78560
7.75836, 77912
7.76926, 77912
7.78136, 77696
7.79261, 77480
7.8034, 77480
7.81427, 77480
7.82518, 77480
7.83714, 77264
7.84875, 77264
7.86132, 77480
7.87512, 77480
7.88689, 77480
7.89869, 77696
7.91031, 77696
7.92211, 77696
7.93375, 77696
7.9455, 77696
7.95776, 77696
7.97018, 77480
7.98063, 77696
7.99112, 77696
8.00163, 77696
8.01217, 77696
8.0224, 78128
8.03268, 78128
8.04292, 78128
8.05311, 78128
8.06334, 78128
8.07357, 78344
8.08382, 78344
8.09409, 78344
8.10444, 78560
8.11475, 78344
8.12504, 78344
8.13528, 78344
8.14554, 78344
8.15582, 78344
8.1661, 78128
8.17645, 77696
8.18672, 77696
8.19718, 77912
8.20746, 78128
8.21778, 79208
8.22808, 80288
8.23839, 82664
8.24869, 83096
8.25892, 83528
8.26916, 87416
8.27944, 85904
8.28977, 84176
8.30012, 83528
8.31039, 83096
8.32069, 82880
8.33091, 82664
8.34124, 82448
8.35157, 83960
8.36195, 84824
8.37221, 83960
8.38264, 84176
8.39312, 85472
8.40345, 85256
8.41414, 83744
8.4244, 83312
8.43476, 82664
8.44503, 81800
8.45532, 81368
8.46558, 80720
8.47595, 81800
8.48632, 81368
8.49665, 80720
8.50706, 80288
8.5174, 79640
8.52763, 79640
8.53783, 79640
8.54809, 80288
8.55839, 80072
8.56897, 80288
8.57956, 81368
8.5899, 81368
8.60017, 81368
8.61042, 80720
8.62067, 80720
8.63154, 80720
8.64208, 80720
8.65261, 80072
8.66421, 80072
8.67517, 79856
8.68581, 79208
8.69672, 78776
8.70997, 78776
8.72075, 78560
8.73135, 78560
8.74161, 78560
8.7519, 78560
8.7623, 78560
8.7725, 78344
8.7827, 78344
8.79298, 78128
8.8033, 78128
8.81375, 78344
8.82412, 78344
8.83447, 78344
8.84474, 78344
8.85507, 78344
8.86529, 78344
8.8756, 78344
8.88586, 78128
8.8961, 78128
8.90626, 78344
8.91669, 78344
8.92704, 78128
8.93724, 77912
8.94745, 77912
8.95767, 77912
8.96818, 77912
8.9858, 78128
8.99622, 77912
9.00663, 78128
9.01712, 77912
9.02816, 77912
9.03889, 77912
9.05007, 77912
9.06097, 78128
9.07166, 77912
9.08204, 77912
9.09326, 78128
9.10471, 77912
9.11513, 77912
9.12601, 77912
9.13837, 77912
9.15133, 77912
9.16285, 77912
9.17439, 77696
9.18768, 77912
9.19969, 77912
9.21074, 77912
9.22123, 77912
9.23233, 78128
9.24299, 78128
9.25465, 78128
9.2654, 78344
9.2767, 78128
9.28697, 77912
9.29725, 77912
9.30765, 78128
9.3181, 77696
9.32863, 77480
9.33894, 77264
9.34929, 77264
9.35961, 77264
9.36992, 77696
9.3803, 77696
9.39059, 77696
9.40094, 78344
9.41121, 78776
9.42154, 78776
9.43199, 78128
9.44235, 77912
9.45286, 77696
9.46318, 77048
9.47352, 76832
9.48383, 76832
9.49413, 76616
9.50447, 76616
9.51474, 77048
9.52496, 76832
9.53519, 76616
9.5455, 76616
9.55588, 76616
9.56609, 77480
9.57628, 77912
9.58666, 78128
9.59687, 77696
9.60704, 77480
9.61719, 77264
9.62732, 77696
9.64579, 78128
9.6561, 78344
9.6664, 77912
9.67679, 77480
9.68744, 77480
9.69798, 77264
9.70838, 77048
9.71908, 76832
9.7307, 77048
9.74124, 77264
9.75173, 77264
9.76272, 77048
9.77322, 76832
9.78374, 76832
9.79489, 76832
9.80516, 76400
9.81543, 76400
9.82566, 76616
9.83581, 76616
9.84595, 76616
9.85609, 77048
9.86622, 77264
9.87637, 77264
9.88653, 77048
9.89669, 77048
9.90687, 77048
9.91703, 77048
9.92723, 77048
9.93744, 77048
9.94762, 77048
9.95778, 77048
9.96796, 77048
9.97824, 76832
9.98853, 76616
9.99878, 76616
10.009, 76616
10.0193, 76832
10.0294, 76832
10.0396, 76832
10.0498, 76832
10.0599, 76832
10.0701, 77048
10.0803, 76832
10.0907, 76832
10.1009, 76832
10.1111, 76616
10.1213, 76616
10.1315, 76616
10.1417, 77048
10.1519, 77912
10.162, 78128
10.1723, 77696
10.1826, 77480
10.1931, 77480
10.2034, 77696
10.2136, 79640
10.224, 81584
10.2343, 82664
10.2446, 83744
10.2548, 83960
10.2651, 84392
10.2754, 86768
10.2857, 88928
10.2961, 88064
10.3065, 86768
10.3169, 85040
10.3273, 84176
10.3377, 84608
10.3481, 84176
10.3584, 84176
10.3687, 85040
10.379, 85688
10.3892, 84608
10.3996, 85904
10.4099, 86120
10.4202, 86768
10.4305, 86984
10.4409, 86984
10.4512, 86768
10.4615, 86984
10.4717, 87200
10.482, 86984
10.4923, 86768
10.5026, 85904
10.5131, 84392
10.5235, 84392
10.5339, 84824
10.5441, 85904
10.5544, 86336
10.5646, 84824
10.5749, 84608
10.5852, 85472
10.5956, 85256
10.6058, 83528
10.616, 82448
10.6263, 82232
10.6366, 82232
10.6468, 82448
10.6571, 82448
10.6673, 81584
10.6776, 81584
10.688, 81368
10.6983, 81368
10.7085, 81152
10.7187, 81152
10.729, 81152
10.7393, 81152
10.7497, 80936
10.7602, 80504
10.7706, 80072
10.781, 79856
10.7915, 79856
10.8019, 79856
10.8122, 79856
10.8228, 80072
10.8333, 80288
10.8438, 80288
10.8548, 80936
10.8653, 80072
10.8756, 79640
10.8858, 79424
10.8963, 78992
10.9067, 78344
10.9171, 77912
10.9276, 77696
10.9379, 77480
10.9485, 77912
10.959, 77912
10.9693, 77912
10.98, 77696
10.9904, 77696
11.0007, 77480
11.011, 77264
11.0214, 77480
11.0319, 77264
11.0422, 77048
11.0525, 77696
11.0629, 78560
11.0734, 77912
11.0837, 77696
11.0944, 77048
11.1046, 77048
11.1149, 76832
11.1252, 77048
11.1356, 77696
11.1465, 77480
11.157, 77696
11.1674, 77480
11.1777, 77480
11.188, 77048
11.1983, 77048
11.2086, 76832
11.2189, 76616
11.2294, 76616
11.2407, 77048
11.2514, 78344
11.2618, 77696
11.2725, 77264
11.2828, 77480
11.293, 77264
11.3033, 77264
11.3136, 77048
11.3239, 76832
11.3346, 76832
11.345, 77048
11.3555, 77264
11.366, 77264
11.3772, 77264
11.3878, 77264
11.3987, 77048
11.4094, 77048
11.4203, 77048
11.4309, 77048
11.4421, 76832
11.4527, 76832
11.463, 76616
11.4732, 76400
11.4835, 76400
11.4937, 76400
11.5039, 76400
11.5141, 76400
11.5242, 76616
11.5344, 76400
11.5445, 76616
11.5547, 76400
11.5648, 76400
11.575, 76616
11.5852, 76616
11.5953, 76832
11.6055, 77048
11.6157, 77048
11.6258, 76832
11.636, 76832
11.6461, 76832
11.6563, 76832
11.6664, 76616
11.6766, 76832
11.6867, 77048
11.697, 77480
11.7072, 77264
11.7174, 77048
11.7277, 76832
11.7378, 76832
11.7481, 76832
11.7583, 76832
11.7684, 76832
11.7786, 77048
11.7888, 77048
11.799, 77264
11.8093, 76832
11.8197, 77480
11.8301, 77480
11.8404, 77480
11.8509, 77696
11.8614, 77264
11.8717, 77048
11.882, 76832
11.8923, 76832
11.9026, 76832
11.9131, 76832
11.9234, 76832
11.9339, 76616
11.9448, 76832
11.9554, 77048
11.9662, 77048
11.9769, 76832
11.9878, 76832
11.9985, 76616
12.0095, 76616
12.0207, 76616
12.0312, 76616
12.0415, 76616
12.0518, 76616
12.062, 76616
12.0723, 76400
12.0825, 76400
12.0928, 76616
12.1031, 76616
12.1134, 76616
12.1236, 76616
12.1339, 76616
12.1442, 76832
12.1544, 76832
12.1648, 76616
12.1752, 76616
12.1856, 76616
12.1961, 76616
12.2065, 76616
12.217, 76832
12.2274, 76832
12.2378, 76832
12.2482, 77264
12.2586, 78992
12.2689, 80936
12.2792, 82448
12.2895, 82016
12.2997, 81152
12.3099, 80720
12.3201, 80504
12.3303, 80504
12.3405, 80504
12.3507, 80504
12.3609, 80504
12.371, 80504
12.3812, 80720
12.3914, 80288
12.4098, 80720
12.4203, 82016
12.4306, 82880
12.441, 83096
12.4537, 82880
12.4648, 83096
12.4752, 82448
12.4863, 82448
12.4971, 82232
12.5092, 82232
12.5201, 82232
12.531, 82232
12.5421, 82016
12.5531, 81584
12.5632, 80720
12.5735, 80288
12.5837, 80072
12.5939, 80072
12.6041, 79640
12.6143, 79856
12.6245, 80072
12.6348, 79424
12.645, 79424
12.6557, 79424
12.6662, 80072
12.6765, 79424
12.6866, 78992
12.697, 78992
12.7074, 78992
12.7179, 78776
12.7282, 78560
12.7385, 78560
12.7488, 78560
12.759, 78560
12.7693, 78560
12.7797, 78560
12.7899, 78560
12.8001, 78560
12.8104, 78776
12.8206, 78560
12.8308, 78560
12.8411, 78344
12.8514, 78344
12.8616, 78344
12.8719, 78344
12.8822, 78344
12.8925, 77912
12.9027, 77696
12.9132, 77696
12.9235, 77480
12.9339, 77264
12.9467, 77048
12.9616, 77048
12.9751, 77048
12.9872, 77480
12.9979, 77264
13.0104, 77696
13.0231, 77264
13.0343, 77264
13.0455, 77480
13.0565, 78560
13.068, 78776
13.0821, 78776
13.096, 78560
13.1075, 78344
13.118, 78128
13.1285, 77912
13.1388, 77912
13.1492, 77912
13.1597, 77696
13.17, 77264
13.1807, 77264
13.1914, 77264
13.202, 77264
13.2126, 77264
13.2232, 77480
13.234, 77480
13.2448, 77696
13.2567, 77696
13.2675, 77696
13.278, 77696
13.2888, 77696
13.2995, 77696
13.3102, 77912
13.3207, 77912
13.3311, 77912
13.3416, 78128
13.3521, 78128
13.3625, 78128
13.3729, 78344
13.3834, 78344
13.3937, 78344
13.404, 78344
13.4144, 78560
13.4248, 78344
13.4351, 78344
13.4455, 78560
13.456, 78560
13.4663, 78776
13.4768, 78776
13.4872, 78776
13.4975, 78992
13.5078, 78992
13.5181, 78776
13.5284, 78992
13.5387, 79208
13.5491, 78992
13.5594, 78776
13.5698, 78776
13.5801, 78560
13.5905, 78344
13.6008, 78344
13.6113, 78128
13.6215, 78560
13.6319, 79208
13.6424, 79640
13.6527, 80072
13.6629, 83312
13.6731, 84176
13.6834, 83312
13.6936, 83096
13.7038, 83096
13.714, 83312
13.7243, 83312
13.7346, 83528
13.7448, 83744
13.7551, 83744
13.7654, 83960
13.7756, 84176
13.7859, 83312
13.7963, 83096
13.8065, 82880
13.8167, 82232
13.8272, 82664
13.8392, 84176
13.8495, 83096
13.8597, 82664
13.8699, 82448
13.8802, 83312
13.8906, 83528
13.9008, 81800
13.911, 81152
13.9212, 80936
13.9313, 80936
13.9415, 80720
13.9518, 80504
13.962, 80504
13.9722, 80072
13.9824, 79856
13.9927, 79640
14.0034, 80072
14.014, 79640
14.0243, 79424
14.0345, 78992
14.0447, 78776
14.0549, 78128
14.0652, 77912
14.0755, 77912
14.0857, 77696
14.096, 77480
14.1063, 78128
14.1172, 77912
14.1286, 78128
14.1396, 77696
14.1502, 77480
14.1615, 77480
14.1743, 77264
14.1856, 77264
14.1991, 77048
14.2097, 77048
14.2204, 77048
14.2311, 76832
14.2417, 76616
14.2528, 76616
14.2633, 76616
14.2742, 76616
14.2848, 76616
14.2956, 76616
14.3062, 76616
14.3166, 76616
14.33, 77480
14.3406, 77912
14.3514, 78128
14.3622, 77480
14.3726, 77264
14.3834, 77048
14.3938, 77048
14.4044, 76832
14.4151, 77048
14.4257, 76832
14.4364, 77048
14.4469, 76832
14.4593, 77048
14.4702, 77480
14.4814, 77696
14.4924, 77696
14.5029, 77696
14.5135, 77696
14.5241, 78776
14.5352, 78992
14.5461, 78560
14.5569, 79424
14.5685, 80288
14.5791, 80072
14.5896, 79424
14.6002, 79208
14.6107, 78776
14.6212, 78128
14.6321, 77696
14.6428, 77264
14.654, 77264
14.6649, 77048
14.6755, 77048
14.6859, 77264
14.6964, 77264
14.7069, 77264
14.7174, 77480
14.7283, 77696
14.7392, 77480
14.75, 77264
14.761, 77264
14.7726, 77264
14.7837, 77480
14.7946, 77696
14.8055, 78128
14.8165, 78128
14.8272, 78128
14.8381, 78128
14.8492, 77696
14.8607, 77696
14.8715, 77696
14.8819, 77696
14.8922, 77480
14.9027, 77480
14.9135, 77264
14.924, 77048
14.9345, 76832
14.9452, 76832
14.9557, 77048
14.966, 77048
14.9768, 76616
14.9875, 76832
14.9983, 77048
15.009, 77048
15.02, 77264
15.031, 77480
15.0417, 77696
15.0521, 77696
15.0624, 77264
15.0727, 77480
15.0831, 78344
15.0934, 78560
15.1038, 79208
15.1143, 78776
15.1248, 78776
15.1352, 78776
15.1458, 78776
15.1563, 78128
15.1669, 77912
15.1774, 77912
15.1881, 77912
15.1987, 78128
15.2092, 78128
15.2198, 77912
15.2302, 77912
15.2403, 77912
15.2505, 77912
15.2607, 77696
15.2708, 77696
15.281, 77696
15.2912, 77696
15.3014, 77696
15.3116, 77696
15.3217, 77696
15.3319, 77696
15.3421, 77912
15.3523, 77696
15.3624, 77696
15.3728, 77480
15.383, 77264
15.3933, 77048
15.4035, 77048
15.4138, 76832
15.424, 76616
15.4342, 76832
15.4445, 77264
15.4549, 77264
15.4652, 77264
15.4756, 77696
15.486, 77912
15.4962, 78128
15.5064, 78776
15.5167, 78344
15.5269, 78128
15.5371, 78344
15.5474, 78992
15.5576, 79640
15.568, 82664
15.5782, 84176
15.5885, 84824
15.5988, 85688
15.6091, 85256
15.6194, 85040
15.6297, 85040
15.64, 85472
15.6502, 86552
15.6604, 86984
15.6706, 86768
15.6809, 86552
15.6912, 87632
15.7014, 88928
15.7116, 89144
15.7218, 88928
15.7321, 88280
15.7424, 87848
15.7526, 86768
15.7636, 85688
15.7749, 84392
15.7852, 83744
15.7954, 83312
15.8059, 84608
15.8172, 84392
15.8275, 83528
15.8379, 84608
15.8482, 83528
15.8585, 82448
15.8688, 83096
15.879, 83528
15.8895, 83096
15.9001, 82880
15.9106, 82448
15.9213, 82232
15.9317, 82664
15.9419, 82016
15.9521, 81584
15.9624, 81152
15.9727, 80936
15.9829, 81152
15.9932, 82016
16.0035, 81368
16.0138, 80720
16.024, 80288
16.0342, 80072
16.0444, 79856
16.0547, 79856
16.065, 79856
16.0752, 79640
16.0856, 79856
16.096, 79856
16.1067, 80072
16.1171, 81152
16.128, 80936
16.1388, 81152
16.1493, 81584
16.1596, 81152
16.1699, 80936
16.1802, 80504
16.1905, 80288
16.201, 80072
16.2113, 80072
16.2216, 79856
16.2322, 80072
16.2429, 80936
16.2533, 81152
16.2636, 79856
16.2739, 78992
16.2844, 78776
16.2947, 78560
16.305, 78992
16.3152, 78992
16.3255, 79208
16.3358, 79640
16.3462, 80072
16.3565, 79424
16.3669, 78776
16.3772, 78344
16.3876, 78128
16.398, 78128
16.4083, 77912
16.4187, 77912
16.4291, 78128
16.4396, 78128
16.45, 77696
16.4603, 77480
16.4707, 77264
16.481, 77264
16.4913, 77264
16.5016, 77264
16.5119, 77048
16.5223, 77264
16.5328, 77480
16.5432, 77480
16.5535, 77480
16.5637, 77696
16.5742, 77912
16.5846, 77480
16.595, 77264
16.6054, 77264
16.6157, 77264
16.6264, 77696
16.6379, 77696
16.6486, 77696
16.6597, 77696
16.6713, 77696
16.6831, 77696
16.6942, 77696
16.706, 77696
16.7173, 77480
16.73, 77480
16.7415, 77264
16.7521, 77480
16.7625, 77480
16.7744, 77480
16.7846, 77696
16.7949, 77264
16.8052, 77480
16.8155, 77480
16.8258, 77696
16.8361, 77696
16.8464, 77696
16.8566, 77912
16.8668, 77696
16.877, 77696
16.8871, 77912
16.8973, 77696
16.9075, 77696
16.9176, 77480
16.9278, 77480
16.9379, 77480
16.9482, 77264
16.9584, 77048
16.9685, 77048
16.9787, 77048
16.9889, 76832
16.9991, 76832
17.0093, 77048
17.0195, 77048
17.0297, 77048
17.0399, 76832
17.0502, 76616
17.0603, 76832
17.0705, 77696
17.0807, 77912
17.0909, 78128
17.101, 77696
17.1112, 77480
17.1213, 77480
17.1315, 77264
17.1417, 77264
17.1518, 77264
17.1619, 77480
17.1721, 77480
17.1822, 77696
17.1924, 77480
17.21, 77264
17.2205, 77264
17.2308, 77264
17.2413, 77048
17.2592, 77048
17.2697, 77048
17.2809, 77480
17.2912, 78992
17.3017, 79640
17.3125, 80072
17.3228, 81152
17.334, 82448
17.3449, 83096
17.3557, 82880
17.3667, 82664
17.3775, 82664
17.3883, 81800
17.3985, 81368
17.4088, 81152
17.419, 82232
17.4293, 83528
17.4396, 83960
17.4499, 84392
17.4603, 84392
17.4705, 84392
17.4808, 84608
17.4911, 84392
17.5013, 84392
17.5115, 84176
17.5218, 83744
17.5319, 83744
17.5421, 83528
17.5522, 83312
17.5624, 83312
17.5725, 83096
17.5827, 83096
17.5928, 83096
17.603, 83096
17.6132, 82880
17.6233, 82880
17.6335, 82880
17.6436, 82880
17.6538, 82664
17.6639, 81152
17.6741, 80936
17.6843, 80504
17.6945, 79856
17.7047, 79640
17.7149, 79424
17.7251, 78992
17.7353, 78992
17.7455, 78992
17.7557, 79208
17.766, 79424
17.7762, 79424
17.7865, 79424
17.7967, 79424
17.807, 79640
17.8174, 79208
17.828, 78992
17.8388, 78992
17.8495, 78776
17.8601, 78344
17.871, 78128
17.8817, 78128
17.8927, 77696
17.9039, 77696
17.9146, 77480
17.9267, 77480
17.9433, 77480
17.9544, 78992
17.9652, 78992
17.9756, 78776
17.9859, 78560
17.9962, 78560
18.0064, 78344
18.0166, 78344
18.027, 78344
18.0373, 78128
18.0476, 77912
18.058, 77480
18.0682, 77480
18.0785, 77696
18.0888, 77696
18.0991, 77912
18.1094, 78128
18.1197, 78128
18.1304, 78128
18.1408, 78344
18.1512, 78344
18.1616, 78344
18.172, 78344
18.1824, 78344
18.1927, 78344
18.2031, 78560
18.2137, 78776
18.2243, 78776
18.2346, 78344
18.245, 78128
18.2558, 78128
18.2778, 77696
18.2885, 78128
18.2991, 77912
18.3096, 77912
18.3201, 77480
18.3306, 77912
18.341, 77912
18.3513, 77912
18.3617, 77912
18.3721, 78128
18.3824, 78128
18.3927, 78128
18.4045, 78344
18.4183, 78344
18.4326, 80288
18.4459, 80936
18.4569, 81152
18.4697, 81800
18.482, 82664
18.4931, 81152
18.5045, 80504
18.5159, 80288
18.5274, 80504
18.5393, 80504
18.5508, 80288
18.5626, 79424
18.5741, 79208
18.5854, 78776
18.5984, 78776
18.6108, 78560
18.6224, 78344
18.6342, 78344
18.6461, 78344
18.6586, 78128
18.6705, 78344
18.681, 78344
18.6913, 78128
18.7016, 78344
18.7119, 78344
18.7221, 78776
18.7324, 78776
18.7426, 78776
18.7528, 78776
18.763, 78776
18.7732, 78776
18.7834, 78776
18.7938, 78776
18.8042, 78776
18.8147, 78992
18.8251, 78992
18.8355, 78992
18.8458, 78776
18.8561, 78344
18.8664, 78344
18.8767, 79208
18.887, 79856
18.8973, 80288
18.9076, 81584
18.9179, 83744
18.9281, 85256
18.9385, 84824
18.9489, 85040
18.9591, 85472
18.9694, 84176
18.9798, 83528
18.9901, 83312
19.0003, 83096
19.0107, 82880
19.0211, 83312
19.0314, 83528
19.0418, 84176
19.0521, 84824
19.0625, 85040
19.0728, 83096
19.0831, 82664
19.0935, 83312
19.1038, 82880
19.1141, 82232
19.1244, 84608
19.1346, 85040
19.1449, 84824
19.1551, 84824
19.1654, 83960
19.1763, 82664
19.1867, 83312
19.197, 83096
19.2074, 83096
19.2176, 83744
19.2281, 83744
19.239, 85040
19.2499, 85040
19.2615, 83312
19.2731, 82664
19.2838, 82232
19.2948, 81584
19.3074, 81368
19.3183, 81584
19.3289, 81152
19.3397, 81152
19.3499, 80936
19.3602, 80720
19.3706, 80504
19.3809, 80504
19.3911, 81800
19.4013, 82664
19.4116, 82880
19.4219, 82016
19.4321, 81584
19.4423, 81368
19.4526, 81368
19.4628, 80936
19.4731, 80720
19.4833, 80288
19.4935, 80072
19.5038, 79856
19.5141, 80072
19.5247, 79856
19.5351, 79640
19.546, 79640
19.5572, 79208
19.5679, 78776
19.5788, 78776
19.5899, 78560
19.6018, 78560
19.6145, 78344
19.6255, 78344
19.6371, 78128
19.6487, 78128
19.6596, 78128
19.671, 78128
19.6825, 78128
19.6942, 78128
19.7054, 77912
19.716, 77696
19.7291, 77912
19.7417, 77912
19.7619, 77696
19.7728, 77912
19.7837, 77696
19.7943, 77696
19.805, 77696
19.8157, 77696
19.8259, 77480
19.8362, 77480
19.8465, 77480
19.8568, 77696
19.8672, 77696
19.8777, 77696
19.8896, 77480
19.9061, 77264
19.9194, 77264
19.9299, 77048
19.9404, 77048
19.9508, 76832
19.9614, 76832
19.9719, 76832
19.9824, 76616
19.9928, 76616
20.0037, 76616
20.0193, 76400
20.0299, 76400
20.0403, 76616
20.0509, 76832
20.0614, 76832
20.0719, 76616
20.0823, 76400
20.0926, 76400
20.1031, 76616
20.1135, 76832
20.124, 76832
20.1344, 76616
20.145, 76616
20.1558, 76184
20.1663, 76184
20.1861, 76616
20.1969, 77048
20.2078, 77264
20.22, 77480
20.2312, 77480
20.2422, 77264
20.2546, 77048
20.2651, 77048
20.2756, 76832
20.2864, 76832
20.2971, 76832
20.3078, 76616
20.3185, 76616
20.3291, 76616
20.3395, 76184
20.3498, 76184
20.3604, 76184
20.3707, 76616
20.381, 76400
20.3913, 76400
20.4015, 76616
20.4117, 76616
20.4219, 76616
20.432, 76616
20.4422, 76616
20.4523, 76616
20.4624, 77048
20.4726, 78128
20.4827, 78128
20.4929, 77696
20.503, 77480
20.5132, 77480
20.5233, 77480
20.5335, 77264
20.5437, 77264
20.5538, 77264
20.5639, 77264
20.5741, 77264
20.5843, 77048
20.5946, 76832
20.6049, 76832
20.6151, 76832
20.6254, 76832
20.6356, 76832
20.646, 76832
20.6563, 76832
20.6665, 76832
20.6767, 76832
20.6869, 76832
20.6971, 76832
20.7073, 76832
20.7176, 76832
20.7278, 76832
20.7382, 77048
20.7486, 77048
20.759, 77048
20.7707, 77264
20.7811, 77480
20.7914, 77480
20.8018, 77264
20.8122, 77480
20.8225, 77696
20.8329, 77696
20.8432, 77696
20.8535, 77912
20.8638, 78560
20.8741, 80720
20.8844, 81800
20.8947, 82232
20.9049, 83096
20.9153, 82880
20.9256, 83096
20.9361, 83960
20.9465, 83744
20.9568, 83960
20.9671, 84392
20.9774, 84608
20.9877, 84608
20.998, 84608
21.0083, 84824
21.0186, 86768
21.0289, 86336
21.0393, 86552
21.0496, 86336
21.06, 86336
21.0702, 85904
21.0806, 85472
21.0911, 85688
21.1013, 85688
21.1117, 84392
21.1222, 84608
21.1326, 83744
21.143, 84176
21.1532, 83312
21.1634, 84608
21.1737, 85904
21.1839, 85256
21.1941, 83744
21.2044, 83312
21.2145, 82880
21.2247, 82880
21.235, 82664
21.2453, 82664
21.2556, 82880
21.266, 82664
21.2763, 82448
21.2865, 82664
21.2968, 82664
21.307, 83528
21.3172, 82448
21.3278, 82880
21.3382, 83960
21.3484, 83096
21.3587, 82664
21.3689, 82448
21.3792, 82232
21.3894, 82664
21.3998, 83312
21.4102, 83312
21.4207, 82880
21.4313, 82232
21.4429, 82016
21.4539, 81800
21.4654, 82016
21.4779, 81368
21.4887, 81152
21.4993, 81152
21.5099, 80936
21.5208, 80936
21.5324, 80720
21.5437, 80504
21.555, 80288
21.5661, 80288
21.5767, 80072
21.587, 79856
21.5973, 79856
21.6077, 79424
21.6179, 79424
21.6281, 80288
21.6385, 80720
21.6488, 80504
21.6591, 80288
21.6696, 80072
21.68, 80072
21.6906, 79856
21.7012, 79424
21.7129, 79208
21.7244, 78776
21.7354, 78776
21.7462, 78992
21.7568, 79208
21.7677, 79424
21.7789, 79424
21.7963, 79424
21.8224, 80288
21.8347, 80288
21.8466, 79424
21.857, 79208
21.8674, 78992
21.8791, 78992
21.8895, 78344
21.8997, 78128
21.9099, 78128
21.9202, 77912
21.9307, 77696
21.9409, 77696
21.9511, 77912
21.9615, 77912
21.972, 77912
21.9827, 77696
21.9932, 77696
22.004, 77696
22.0158, 77696
22.0322, 77696
22.0431, 77696
22.0539, 77696
22.0649, 77696
22.0754, 77480
22.0857, 77480
22.0962, 77264
22.1067, 77480
22.117, 77264
22.1274, 77264
22.1378, 77912
22.1482, 78560
22.1585, 78776
22.1688, 78992
22.1791, 78128
22.1894, 78128
22.1997, 77912
22.2099, 77696
22.2201, 77480
22.2303, 77264
22.2409, 77264
22.2513, 77048
22.2616, 77048
22.2719, 77264
22.2823, 77264
22.2926, 77264
22.3028, 77048
22.313, 77048
22.3233, 77048
22.3336, 77048
22.3439, 76832
22.3541, 76832
22.3643, 76832
22.3746, 76832
22.3849, 76832
22.3951, 76832
22.4056, 76832
22.4161, 77048
22.4265, 77048
22.4374, 77264
22.4486, 77264
22.459, 77048
22.47, 76832
22.4807, 76832
22.4914, 76832
22.5022, 76832
22.5127, 76832
22.5233, 76832
22.5341, 76616
22.5444, 76616
22.5546, 76616
22.5648, 76616
22.575, 76616
22.5852, 76400
22.5954, 76616
22.6057, 77264
22.6159, 77264
22.6263, 77264
22.6365, 77048
22.6468, 76832
22.657, 76832
22.6672, 76832
22.6774, 77048
22.6875, 77264
22.6977, 77264
22.708, 76832
22.7182, 76832
22.7286, 76832
22.7391, 76832
22.7493, 76616
22.7596, 76616
22.7699, 77048
22.7803, 77264
22.7907, 77480
22.8009, 77048
22.8111, 76832
22.8213, 76616
22.8316, 76832
22.8419, 77264
22.8521, 76832
22.8626, 77048
22.8729, 77048
22.883, 77048
22.8933, 77048
22.9037, 77264
22.9141, 77480
22.9245, 77264
22.9419, 77480
22.9524, 77480
22.9627, 77696
22.973, 80504
22.9833, 81368
22.9935, 83312
23.0037, 86336
23.0139, 87632
23.0241, 88064
23.0348, 86768
23.0451, 86120
23.0554, 86120
23.0657, 86768
23.0762, 86336
23.0865, 85904
23.0968, 85688
23.1072, 84824
23.1176, 84392
23.1279, 84608
23.1382, 85472
23.154, 85688
23.1644, 85688
23.1751, 85472
23.1856, 86336
23.1961, 85904
23.2067, 85688
23.2173, 86120
23.228, 85040
23.2386, 84824
23.2491, 84392
23.2596, 83528
23.2701, 82880
23.2805, 82880
23.2907, 82448
23.3009, 83312
23.3111, 84608
23.3213, 84392
23.3314, 85040
23.3417, 84176
23.3521, 83744
23.3623, 83096
23.3725, 82664
23.3826, 82016
23.3928, 83096
23.4031, 84608
23.4133, 85256
23.4236, 84392
23.4338, 83096
23.4442, 83960
23.4545, 83312
23.4648, 82448
23.475, 81800
23.4855, 81368
23.4959, 80936
23.5064, 81368
23.5167, 81368
23.527, 80504
23.5374, 80720
23.5477, 80936
23.5588, 80072
23.5692, 80504
23.5797, 80072
23.5908, 79640
23.6011, 79208
23.6114, 79208
23.6219, 78776
23.6334, 78776
23.6452, 79856
23.6574, 80288
23.668, 80072
23.6782, 79640
23.6885, 79208
23.6988, 79208
23.7092, 78992
23.7197, 78992
23.7301, 78992
23.7405, 78776
23.7511, 78992
23.7615, 78992
23.7718, 78560
23.7821, 78344
23.7925, 78128
23.8029, 77912
23.8132, 77912
23.8236, 78128
23.8347, 78128
23.8464, 77912
23.8588, 77912
23.8695, 77696
23.8811, 77696
23.8931, 77696
23.9265, 77480
23.9386, 77480
23.9499, 77480
23.9607, 77480
23.9719, 77480
23.9832, 77264
23.9948, 77048
24.0062, 77048
24.0168, 76832
24.0274, 76832
24.0386, 76616
24.0495, 76832
24.0603, 76832
24.0713, 77048
24.0819, 77696
24.0923, 77696
24.1028, 77480
24.1134, 77480
24.1242, 77696
24.1349, 77696
24.1457, 77696
24.1563, 77912
24.1672, 77696
24.1782, 77696
24.1892, 77480
24.1995, 77696
24.2102, 77696
24.2216, 77480
24.2326, 77480
24.2434, 77912
24.2557, 78128
24.268, 78560
24.2796, 78776
24.291, 78344
24.3025, 78128
24.3148, 78128
24.3274, 77912
24.3386, 77912
24.35, 77696
24.3608, 77696
24.3712, 77480
24.3815, 77480
24.392, 77480
24.4025, 77480
24.4129, 77696
24.4234, 77912
24.4337, 77912
24.4441, 77912
24.4545, 78128
24.4649, 78128
24.4753, 78344
24.4857, 78344
24.4962, 78344
24.5066, 78344
24.517, 78560
24.5275, 78560
24.5379, 78560
24.5485, 78560
24.5592, 78992
24.5699, 78992
24.5803, 78992
24.5908, 79208
24.6013, 79208
24.6118, 78992
24.6226, 78992
24.6333, 78776
24.6443, 78776
24.6552, 78776
24.666, 78776
24.6769, 78560
24.6878, 78560
24.6982, 78560
24.7086, 78560
24.7191, 78344
24.7296, 78344
24.7404, 78128
24.7509, 78128
24.7614, 78128
24.772, 77696
24.7825, 77480
24.7931, 77480
24.8036, 77480
24.8141, 77264
24.8245, 77264
24.835, 77264
24.8454, 77264
24.8559, 77048
24.8663, 76832
24.8766, 79424
24.8869, 82232
24.8973, 81800
24.9077, 82016
24.9182, 82880
24.9286, 83312
24.939, 82448
24.9494, 81584
24.9596, 81800
24.9698, 81584
24.98, 81368
24.9902, 80936
25.0004, 80936
25.0108, 80936
25.0211, 80936
25.0313, 80936
25.0414, 80936
25.0516, 80936
25.0738, 82016
25.0842, 83096
25.0946, 83744
25.1056, 82016
25.1164, 81584
25.1268, 81152
25.1372, 80288
25.1475, 79856
25.158, 79856
25.1683, 79856
25.1787, 79856
25.1892, 79640
25.1997, 79424
25.2103, 79208
25.2209, 79208
25.2313, 79208
25.2417, 78992
25.2521, 79208
25.2624, 78992
25.2728, 78992
25.2833, 78992
25.2936, 78992
25.304, 78992
25.3145, 78992
25.3259, 78992
25.3365, 78560
25.3471, 78560
25.3579, 78776
25.3687, 79208
25.3796, 79640
25.3909, 79640
25.4021, 79640
25.4129, 80504
25.4238, 80504
25.4344, 80504
25.4454, 80936
25.4562, 80504
25.4668, 80720
25.4772, 80936
25.4875, 80720
25.4979, 79856
25.5083, 79640
25.5187, 79424
25.5291, 79424
25.5395, 79208
25.5499, 78992
25.5605, 78776
25.5714, 78560
25.5822, 78560
25.5927, 78992
25.6038, 79640
25.6148, 79640
25.6261, 80936
25.6367, 81368
25.6475, 80288
25.6581, 80072
25.6686, 79424
25.6791, 79424
25.6901, 78992
25.7008, 78560
25.7115, 78560
25.7221, 78344
25.7324, 78344
25.7427, 78344
25.753, 78344
25.7633, 78344
25.7751, 78344
25.7868, 78128
25.7988, 77912
25.8108, 77912
25.8225, 77696
25.834, 77696
25.8467, 77696
25.8594, 78128
25.8713, 78128
25.8837, 77912
25.8956, 77696
25.9071, 77480
25.9186, 77264
25.9308, 77264
25.9424, 77048
25.9531, 77048
25.9637, 77048
25.974, 77048
25.9843, 77696
25.9946, 78344
26.0049, 78560
26.0153, 78344
26.0256, 78560
26.0359, 78776
26.0463, 78776
26.0565, 78992
26.0668, 78992
26.0771, 79208
26.0874, 79208
26.0977, 79208
26.108, 79208
26.1183, 79424
26.1285, 79424
26.1388, 79640
26.15, 79640
26.1603, 79640
26.1707, 79424
26.1811, 79208
26.1915, 79208
26.2018, 79208
26.212, 78992
26.2222, 78776
26.2327, 78560
26.2429, 80504
26.2532, 82016
26.2634, 82664
26.2737, 83096
26.2864, 82016
26.2967, 82016
26.3072, 82232
26.3174, 81368
26.3276, 82232
26.3378, 82664
26.3481, 82664
26.3583, 82880
26.3685, 81368
26.3787, 80936
26.3889, 80504
26.3996, 81584
26.4098, 82016
26.42, 81584
26.4302, 81584
26.4403, 81368
26.4505, 81368
26.4608, 81152
26.471, 81152
26.4812, 81152
26.4915, 80936
26.5018, 80504
26.512, 80288
26.5222, 79640
26.5324, 79424
26.5426, 79424
26.5529, 78992
26.5631, 78992
26.5733, 78776
26.5837, 79208
26.5946, 79424
26.6049, 79208
26.6151, 78776
26.6254, 78344
26.6356, 78344
26.6459, 78128
26.6562, 77912
26.6665, 77696
26.6767, 77696
26.687, 77696
26.6975, 77912
26.7081, 77912
26.7186, 78128
26.7292, 78128
26.7401, 78128
26.7508, 77912
26.7613, 77912
26.7718, 78992
26.7823, 79640
26.7937, 80072
26.8049, 80936
26.8155, 80936
26.8259, 80936
26.8362, 80936
26.8467, 80072
26.857, 79856
26.8672, 79856
26.8774, 79856
26.8877, 79856
26.898, 79856
26.9083, 79856
26.9186, 80072
26.9288, 79856
26.9395, 79856
26.9498, 79856
26.9601, 79856
26.9705, 79640
26.9807, 79424
26.9909, 79424
27.0011, 79208
27.0113, 78992
27.0216, 78776
27.0319, 78560
27.0422, 78344
27.0525, 78344
27.0629, 78128
27.0731, 77912
27.0834, 77696
27.0937, 77696
27.1042, 77480
27.1148, 77480
27.1252, 77480
27.136, 77264
27.1503, 77264
27.161, 77048
27.1714, 77480
27.1817, 77480
27.192, 77480
27.2025, 77480
27.2127, 77264
27.2231, 77264
27.2343, 77048
27.2467, 77048
27.257, 77264
27.2673, 77480
27.2778, 77696
27.2883, 77912
27.2988, 77912
27.3097, 77912
27.3209, 77912
27.3316, 77912
27.3461, 77912
27.3581, 78776
27.3691, 79424
27.3824, 79856
27.3942, 79424
27.409, 79856
27.426, 82016
27.4383, 82664
27.45, 83312
27.4609, 83096
27.4713, 83096
27.4821, 82448
27.4928, 81368
27.5037, 80072
27.5151, 79856
27.5263, 79424
27.5374, 78992
27.5481, 78992
27.5586, 78776
27.5692, 78776
27.5795, 78560
27.5898, 78560
27.6002, 78560
27.6106, 78344
27.6209, 78344
27.6313, 78344
27.6415, 78344
27.6517, 78128
27.6619, 78128
27.6722, 78344
27.6824, 78128
27.6928, 78128
27.7031, 78128
27.7134, 78128
27.7236, 77912
27.7338, 77912
27.7441, 77912
27.7544, 77912
27.7647, 77912
27.7752, 77696
27.7856, 77912
27.7961, 77912
27.8065, 77912
27.8172, 77912
27.8277, 77696
27.8383, 77480
27.8489, 77480
27.8594, 77264
27.8698, 77264
27.8801, 77264
27.8902, 77264
27.9004, 77480
27.9105, 77696
27.9207, 77696
27.9309, 77480
27.941, 77480
27.9513, 77480
27.9616, 77480
27.9722, 77696
27.9829, 77696
27.9933, 77696
28.0052, 77696
28.0163, 77480
28.027, 77480
28.0379, 77480
28.0487, 77480
28.0592, 77480
28.0698, 77264
28.0802, 77264
28.0904, 77264
28.1007, 77048
28.111, 77048
28.1212, 77048
28.1318, 78128
28.1421, 79640
28.1523, 80936
28.1625, 81368
28.1728, 81800
28.183, 82448
28.1933, 82664
28.2037, 83528
28.214, 83744
28.2243, 83960
28.2345, 84176
28.2448, 84176
28.2551, 84176
28.2654, 84392
28.2756, 84176
28.2857, 83960
28.2959, 83744
28.3061, 83528
28.3162, 83528
28.3264, 83312
28.3365, 83312
28.3467, 83312
28.3568, 83096
28.367, 83096
28.3772, 83096
28.3874, 83096
28.4098, 83312
28.4201, 83960
28.4305, 82880
28.4407, 82016
28.451, 81800
28.4614, 80936
28.4719, 80936
28.4823, 80936
28.4926, 82448
28.503, 82880
28.5138, 82664
28.5251, 82880
28.5355, 82664
28.546, 82448
28.5564, 81368
28.5669, 81152
28.5773, 80720
28.5876, 80504
28.5981, 80288
28.6085, 80072
28.6189, 79856
28.6294, 80072
28.6398, 80072
28.6507, 80072
28.6619, 79856
28.6734, 79424
28.6857, 80072
28.6969, 79856
28.7103, 79856
28.7237, 80720
28.7346, 80720
28.7456, 80936
28.7574, 80504
28.7682, 80720
28.7792, 80936
28.7906, 80720
28.8028, 80936
28.8143, 80288
28.826, 79640
28.8376, 79208
28.8492, 79424
28.8612, 78992
28.8726, 78992
28.8838, 78992
28.8943, 78992
28.9048, 79208
28.9151, 78776
28.9254, 78776
28.9359, 78992
28.9468, 78992
28.9574, 79208
28.968, 79424
28.9788, 78992
28.9893, 78992
28.9999, 78992
29.0104, 78992
29.0209, 78992
29.0316, 79424
29.0423, 79424
29.0532, 79208
29.0637, 79424
29.0741, 79640
29.0844, 79856
29.0948, 79640
29.1051, 79424
29.1158, 79208
29.1314, 78992
29.1435, 78560
29.1565, 78344
29.1711, 78344
29.1844, 78560
29.1995, 78560
29.2156, 78344
29.2265, 78128
29.2368, 78128
29.2475, 77696
29.2579, 77696
29.2682, 77480
29.2785, 77264
29.2888, 77264
29.2991, 77048
29.3093, 77048
29.3196, 77048
29.3299, 76832
29.3402, 76832
29.3504, 77264
29.3608, 77264
29.3711, 78128
29.3814, 77912
29.3918, 77912
29.4021, 77696
29.4123, 77480
29.4226, 77696
29.4329, 77480
29.4433, 77480
29.4535, 77696
29.4638, 77696
29.474, 77264
29.4842, 77264
29.4944, 77264
29.5047, 77480
29.515, 77480
29.5253, 77480
29.5356, 77480
29.5459, 77264
29.5562, 77696
29.5665, 77696
29.5768, 77480
29.5871, 77480
29.5974, 77696
29.6078, 77696
29.6181, 77480
29.6283, 78560
29.6387, 79856
29.6491, 80072
29.6597, 80288
29.6701, 79640
29.6804, 80288
29.6913, 80504
29.702, 80504
29.7129, 80720
29.7238, 80936
29.7347, 81368
29.7453, 81800
29.7556, 81584
29.7659, 82232
29.7761, 82232
29.7864, 82232
29.7966, 81800
29.8068, 80720
29.8171, 80288
29.8274, 80072
29.8376, 79856
29.848, 79856
29.8582, 79640
29.8685, 79424
29.8787, 79424
29.8889, 79424
29.8994, 79424
29.9097, 79208
29.9199, 79208
29.9301, 78992
29.9405, 78992
29.9509, 79856
29.9613, 81152
29.9717, 81584
29.9821, 80936
29.9929, 80288
30.0035, 79856
30.0143, 79424
30.0248, 78992
30.0354, 78776
30.046, 78344
30.0571, 78128
30.0684, 78128
30.0803, 78128
30.091, 77912
30.1023, 77912
30.1134, 78128
30.1256, 78128
30.137, 78128
30.1478, 78560
30.1588, 78776
30.1695, 78776
30.1801, 78992
30.1905, 78776
30.2009, 78776
30.2112, 78560
30.2214, 78560
30.2316, 78128
30.242, 78128
30.2522, 78128
30.2624, 78344
30.2725, 78560
30.2828, 79208
30.2933, 79640
30.3036, 78992
30.314, 78560
30.3244, 78560
30.3347, 78344
30.3449, 78128
30.3552, 78128
30.3655, 77912
30.3764, 77696
30.3897, 77480
30.4015, 77480
30.4121, 77264
30.4225, 77264
30.4327, 77264
30.4432, 77264
30.4537, 77264
30.4642, 77264
30.4745, 77480
30.485, 77480
30.4954, 77696
30.5059, 77912
30.5175, 78128
30.5308, 78776
30.5455, 79424
30.5588, 79856
30.5709, 80072
30.5918, 81152
30.6031, 81584
30.6153, 81800
30.6277, 82448
30.6399, 82664
30.6526, 82880
30.6658, 82664
30.6767, 82664
30.687, 81368
30.6972, 80936
30.7074, 80504
30.7177, 80504
30.7281, 80936
30.7384, 83096
30.7487, 83528
30.759, 82880
30.7692, 81800
30.7794, 81152
30.7897, 80288
30.8, 80072
30.8104, 79856
30.8208, 79856
30.8315, 80072
30.8418, 80072
30.8523, 79856
30.8626, 80504
30.8732, 80936
30.8836, 80936
30.8939, 80072
30.9044, 79640
30.9147, 79208
30.9251, 78344
30.9356, 78128
30.9459, 77912
30.9562, 77696
30.9665, 77480
30.9768, 77480
30.9872, 77264
30.9977, 77048
31.0082, 77048
31.0184, 77048
31.0312, 77048
31.0473, 76832
31.0576, 76832
31.0679, 76616
31.0781, 76832
31.0884, 76832
31.0986, 77264
31.1089, 77264
31.1192, 77264
31.1295, 76832
31.1397, 76616
31.1578, 77048
31.1683, 77048
31.1786, 77048
31.1889, 77264
31.1992, 77480
31.2096, 77264
31.2199, 77264
31.2302, 77048
31.2405, 77696
31.2508, 77912
31.261, 78128
31.2713, 78344
31.2816, 78344
31.292, 78344
31.3026, 78344
31.313, 78344
31.3233, 78344
31.3337, 78344
31.3442, 79640
31.3545, 80720
31.3648, 83096
31.375, 84176
31.3854, 83744
31.3956, 84392
31.4058, 84824
31.4161, 85040
31.4264, 85904
31.4367, 86768
31.447, 86984
31.4574, 86768
31.4677, 86120
31.4781, 86120
31.4884, 85904
31.4988, 85040
31.509, 85256
31.5194, 85904
31.5298, 86336
31.5401, 85904
31.5504, 85256
31.5607, 85472
31.5711, 84608
31.5815, 83744
31.5918, 84392
31.602, 84176
31.6124, 85040
31.6229, 84176
31.6331, 83312
31.6434, 83312
31.6536, 82664
31.6638, 82232
31.674, 82016
31.6841, 81584
31.6943, 81584
31.7045, 81368
31.7148, 81152
31.7251, 80936
31.7354, 80936
31.7463, 81152
31.7567, 82016
31.7671, 82664
31.7776, 82448
31.7879, 81368
31.7981, 80936
31.8083, 80720
31.8185, 80288
31.8287, 80072
31.8389, 80504
31.8492, 80720
31.8594, 80504
31.8696, 80720
31.8801, 81800
31.8904, 81584
31.9006, 81152
31.9108, 80936
31.9211, 80504
31.9315, 80072
31.9422, 79856
31.9525, 79856
31.9632, 80072
31.9754, 80504
31.9867, 80936
31.9973, 80288
32.0075, 79856
32.018, 79856
32.0287, 79640
32.0392, 79424
32.0494, 79208
32.0605, 79208
32.071, 79856
32.0814, 80072
32.0916, 79640
32.102, 79640
32.1124, 79424
32.1227, 79208
32.1331, 79208
32.1433, 78992
32.1537, 79208
32.1652, 79208
32.1761, 79208
32.1876, 79424
32.1996, 78992
32.2102, 78776
32.2205, 78776
32.2311, 79424
32.2415, 79424
32.2518, 79424
32.2622, 79208
32.2727, 79208
32.2831, 79424
32.294, 79208
32.3052, 78992
32.3166, 78992
32.3309, 78776
32.3421, 78560
32.3528, 78560
32.3634, 78560
32.3741, 78560
32.3848, 78560
32.3954, 78560
32.4064, 78560
32.4173, 78560
32.428, 78560
32.4383, 78560
32.4485, 78560
32.4588, 78560
32.4692, 77912
32.4801, 77912
32.4961, 77696
32.5077, 77696
32.5237, 77696
32.5355, 77480
32.5517, 77480
32.563, 77480
32.5798, 77480
32.5917, 77264
32.6073, 77264
32.6179, 77264
32.6284, 77264
32.6393, 77264
32.6525, 77048
32.6647, 77048
32.675, 76832
32.6852, 76832
32.6954, 76832
32.7057, 76616
32.716, 76832
32.7262, 77264
32.7364, 77264
32.7467, 77264
32.7569, 77048
32.7672, 77048
32.7775, 77048
32.7879, 77048
32.7982, 77048
32.8138, 77048
32.8243, 77264
32.8347, 77264
32.845, 77264
32.8554, 77480
32.8658, 77480
32.8761, 77480
32.8864, 77480
32.8971, 77480
32.9078, 77480
32.9183, 77480
32.929, 77480
32.9396, 77696
32.9501, 77696
32.9614, 77696
32.9724, 77696
32.9833, 77480
32.9941, 77480
33.0046, 77480
33.0154, 77480
33.026, 77480
33.0365, 77480
33.0468, 77480
33.0572, 77480
33.0675, 77480
33.0778, 77480
33.0882, 77264
33.0986, 77264
33.109, 77480
33.1193, 77264
33.1297, 77264
33.1401, 77264
33.1505, 77264
33.1609, 77264
33.1712, 77264
33.1816, 77264
33.1919, 77264
33.2024, 77480
33.213, 77480
33.2235, 77264
33.2342, 77480
33.2449, 77696
33.2554, 77264
33.2668, 77480
33.2777, 77480
33.2885, 77480
33.2991, 77480
33.3097, 77480
33.3204, 77480
33.3309, 77480
33.3414, 77696
33.3518, 77696
33.3622, 77696
33.3725, 77696
33.3827, 77480
33.393, 77696
33.4033, 77480
33.4135, 77480
33.4238, 77696
33.4341, 77912
33.4443, 77912
33.4546, 77696
33.4651, 77696
33.4753, 77696
33.4856, 77480
33.496, 77696
33.5063, 77480
33.5168, 77264
33.5274, 77048
33.5379, 77264
33.5482, 77264
33.5585, 77264
33.5688, 77264
33.5792, 77264
33.5895, 77264
33.5998, 77264
33.6101, 77264
33.6206, 77264
33.6309, 77264
33.6413, 77264
33.6517, 77480
33.6621, 77912
33.6725, 80936
33.6828, 81584
33.6931, 82232
33.7034, 82664
33.7137, 83096
33.7239, 81368
33.7341, 81152
33.7443, 81152
33.7547, 82880
33.765, 82448
33.7752, 84176
33.7855, 83528
33.7958, 85472
33.806, 87416
33.8163, 87632
33.8267, 85472
33.8373, 85040
33.8475, 85040
33.8579, 85040
33.8683, 84824
33.8786, 84608
33.889, 84608
33.8993, 84392
33.9097, 84392
33.9203, 84392
33.931, 84176
33.9416, 83960
33.9521, 84176
33.9625, 84176
33.973, 84176
33.9837, 83960
33.9942, 83960
34.0045, 83312
34.015, 82664
34.0254, 82016
34.0358, 81800
34.0465, 81584
34.057, 82880
34.0672, 82664
34.0775, 82664
34.0877, 83096
34.0979, 82448
34.1082, 81800
34.1185, 82232
34.1288, 82664
34.1389, 82880
34.1491, 82448
34.1594, 81584
34.1699, 81152
34.1804, 81368
34.1914, 80720
34.2021, 81584
34.2134, 81584
34.224, 80720
34.2345, 80288
34.2456, 80072
34.2564, 79856
34.2669, 79640
34.2775, 79856
34.2883, 81368
34.2988, 80936
34.3093, 80504
34.3196, 80072
34.33, 79856
34.3403, 79640
34.3506, 79856
34.3609, 80072
34.3712, 79424
34.3815, 79640
34.392, 79424
34.4029, 78776
34.415, 78776
34.4262, 78776
34.4368, 78776
34.4478, 78560
34.4588, 78344
34.4705, 78344
34.4814, 78128
34.4924, 78128
34.5034, 78128
34.5154, 78128
34.5271, 77912
34.5378, 78128
34.5495, 78128
34.5639, 78128
34.5748, 77912
34.5859, 77912
34.5978, 77912
34.6085, 77696
34.6193, 77912
34.6301, 77696
34.6404, 77480
34.6508, 77264
34.6611, 77264
34.6715, 77264
34.6823, 77048
34.6927, 77048
34.703, 78128
34.7134, 78776
34.724, 79208
34.7348, 78560
34.7454, 78560
34.7558, 78560
34.766, 78776
34.7763, 78776
34.7866, 78992
34.797, 78992
34.8076, 78992
34.818, 78992
34.8285, 78992
34.839, 79208
34.8578, 79856
34.8682, 80936
34.8785, 81368
34.8889, 80720
34.8997, 80072
34.91, 79424
34.9203, 79208
34.9306, 78776
34.941, 78560
34.9515, 78344
34.9618, 78128
34.9723, 77912
34.9832, 77912
34.9945, 78128
35.005, 78128
35.0155, 77912
35.0267, 78128
35.0372, 78128
35.0476, 78128
35.0585, 77912
35.0702, 77912
35.0808, 77912
35.0915, 77912
35.1024, 77912
35.1126, 77696
35.1229, 77696
35.1331, 77480
35.1432, 77264
35.1534, 77264
35.1636, 77048
35.1738, 77048
35.184, 77048
35.1941, 77048
35.2043, 77048
35.2145, 77048
35.2247, 76832
35.235, 76832
35.2452, 77048
35.2553, 77264
35.2655, 77264
35.2758, 77264
35.2862, 77264
35.2964, 77264
35.3067, 77048
35.3169, 77048
35.3271, 77048
35.3373, 77048
35.3475, 77048
35.3578, 77048
35.368, 77048
35.3782, 77048
35.3884, 77048
35.3986, 76832
35.4088, 77048
35.4191, 77048
35.4293, 77048
35.4395, 77048
35.4497, 77048
35.4698, 77480
35.4804, 77480
35.4908, 77912
35.5011, 78128
35.5117, 78344
35.5223, 78560
35.533, 80288
35.5438, 80720
35.5545, 81152
35.5651, 81800
35.5758, 83096
35.5864, 82880
35.5966, 82016
35.6068, 81800
35.617, 81584
35.6273, 82016
35.6375, 82232
35.6479, 82448
35.6583, 82448
35.6686, 82448
35.679, 82664
35.6893, 82448
35.6997, 82664
35.71, 82664
35.7203, 82880
35.7306, 82880
35.7408, 82664
35.751, 82232
35.7613, 82016
35.7715, 83096
35.7818, 84824
35.792, 85256
35.8023, 86336
35.8125, 87200
35.8227, 86120
35.8329, 86552
35.8431, 86336
35.8534, 86336
35.8636, 86768
35.8739, 87200
35.8843, 86768
35.8947, 85904
35.9051, 85256
35.9154, 85040
35.9257, 84608
35.9359, 84392
35.9463, 83960
35.9567, 84176
35.9674, 84176
35.978, 84392
35.9886, 84176
35.9989, 84392
36.0092, 84392
36.0197, 82880
36.0301, 82448
36.0405, 82016
36.0509, 82016
36.0613, 81800
36.0718, 81368
36.0821, 81368
36.0924, 81152
36.1028, 81368
36.1131, 81584
36.1235, 82016
36.1338, 81368
36.1442, 81800
36.1546, 81800
36.165, 82232
36.1754, 81800
36.1859, 82016
36.1966, 82232
36.2078, 81584
36.2194, 81368
36.2303, 81152
36.2418, 80504
36.2525, 80288
36.2634, 80072
36.2737, 79640
36.2841, 79208
36.2944, 78992
36.3057, 78776
36.3162, 78560
36.3273, 78560
36.3377, 78344
36.3481, 78344
36.3584, 78344
36.3687, 78344
36.3791, 78128
36.3894, 78128
36.3998, 78128
36.4101, 78128
36.4205, 78128
36.431, 78128
36.4434, 77912
36.4605, 77912
36.4737, 80504
36.489, 81152
36.5016, 81368
36.5132, 81800
36.5238, 82232
36.5342, 82448
36.5445, 82448
36.5548, 82664
36.5652, 82880
36.5755, 82880
36.5858, 83312
36.5961, 82664
36.6064, 82016
36.6166, 81368
36.627, 81368
36.6375, 81368
36.6478, 81584
36.658, 81800
36.6683, 80720
36.6785, 80936
36.6888, 80720
36.6991, 80288
36.7094, 79856
36.7197, 79640
36.7301, 79424
36.7407, 79208
36.7512, 79208
36.7626, 79208
36.7737, 78992
36.7849, 79208
36.7963, 78776
36.8081, 78560
36.8188, 78560
36.8294, 78344
36.8399, 78344
36.8504, 78128
36.861, 78128
36.8717, 78128
36.8824, 77912
36.8933, 78128
36.9038, 78128
36.9142, 77912
36.9245, 78128
36.9349, 78128
36.9453, 77912
36.9557, 77912
36.966, 77912
36.9763, 77912
36.9865, 77912
36.9968, 77912
37.007, 78128
37.0172, 78128
37.0275, 78992
37.0378, 79640
37.0482, 79424
37.0585, 79208
37.0688, 79208
37.0792, 78992
37.0896, 78992
37.1, 78992
37.1107, 78992
37.1211, 78992
37.1314, 78560
37.1417, 78776
37.1534, 78776
37.1638, 78776
37.1745, 78776
37.1849, 78560
37.1951, 78560
37.2054, 78128
37.2156, 78128
37.2258, 77912
37.2361, 77912
37.2469, 77696
37.2577, 78128
37.268, 78128
37.2783, 77912
37.2886, 77912
37.2989, 77912
37.3092, 77696
37.3196, 77696
37.3299, 77696
37.3404, 77696
37.3506, 77264
37.3609, 77480
37.3712, 77696
37.3979, 79640
37.4113, 80720
37.422, 82016
37.4329, 82880
37.4437, 83744
37.4542, 83528
37.4646, 83744
37.4808, 82880
37.4939, 83096
37.5042, 83744
37.5146, 83744
37.5249, 83312
37.5352, 82232
37.5456, 82664
37.556, 83528
37.5662, 83312
37.5764, 83312
37.5866, 83744
37.5968, 83960
37.6069, 83744
37.6171, 83744
37.6273, 83744
37.6376, 83960
37.6477, 84176
37.6579, 83960
37.6681, 83744
37.6782, 83744
37.6884, 83744
37.6985, 83744
37.7087, 83528
37.7189, 83528
37.7291, 83528
37.7395, 83096
37.7497, 82448
37.76, 82232
37.7703, 82664
37.7804, 82880
37.7907, 83096
37.8009, 83096
37.8111, 82232
37.8212, 82016
37.8314, 82016
37.8417, 81800
37.8519, 81800
37.862, 81800
37.8722, 80936
37.8899, 80720
37.9003, 80288
37.9115, 80288
37.9227, 79640
37.9336, 79640
37.9443, 79640
37.9548, 79640
37.9655, 79208
37.9764, 78992
37.9871, 78776
37.9976, 78560
38.0081, 78344
38.0186, 78344
38.0291, 78560
38.0395, 78344
38.0506, 77912
38.0617, 78128
38.0726, 78344
38.0831, 78776
38.0945, 79424
38.1059, 79856
38.1169, 80288
38.1286, 80504
38.1416, 80720
38.1535, 80720
38.1645, 80288
38.1753, 79640
38.1866, 78992
38.1975, 78992
38.2092, 79640
38.2215, 79856
38.233, 79856
38.2436, 79856
38.2539, 79856
38.2642, 80072
38.2745, 80288
38.2849, 80288
38.2953, 80288
38.3057, 80288
38.3166, 80504
38.329, 79856
38.341, 79424
38.3526, 79208
38.364, 79208
38.3751, 78992
38.386, 78992
38.3973, 79208
38.4091, 79640
38.4204, 79424
38.4314, 79208
38.4424, 78992
38.4554, 78560
38.4675, 77912
38.4828, 77912
38.4937, 77696
38.5044, 77912
38.5148, 77912
38.5251, 78128
38.5355, 78344
38.5459, 78560
38.5575, 78560
38.57, 78560
38.5816, 78776
38.5922, 78560
38.6028, 78560
38.6141, 78992
38.6251, 78992
38.6356, 78776
38.6466, 78776
38.6584, 78992
38.6754, 78992
38.689, 78776
38.6996, 78560
38.7101, 78560
38.7208, 78560
38.7318, 78560
38.7422, 78128
38.7526, 77912
38.7629, 77696
38.7731, 77480
38.7834, 77480
38.7937, 77264
38.804, 77480
38.8142, 77696
38.8244, 77480
38.8346, 77264
38.8448, 77264
38.8551, 77264
38.8652, 77480
38.8754, 77480
38.8856, 77480
38.8959, 77480
38.9062, 77264
38.9165, 77264
38.9268, 77264
38.937, 77264
38.9471, 77264
38.9573, 77264
38.9676, 77048
38.9779, 77048
38.9884, 77048
38.9989, 77480
39.0094, 77696
39.0198, 77696
39.0301, 77912
39.0404, 77912
39.0507, 77912
39.0609, 77912
39.0712, 78344
39.0814, 81152
39.0916, 85256
39.1018, 86552
39.1121, 85472
39.1225, 85040
39.1329, 84824
39.1433, 84824
39.1537, 84824
39.164, 84824
39.1743, 85472
39.1847, 84824
39.1949, 85472
39.2052, 86336
39.2156, 86552
39.2261, 86768
39.2366, 85904
39.2471, 85472
39.258, 85040
39.2683, 84392
39.2787, 83960
39.289, 84392
39.2994, 84176
39.3097, 84176
39.32, 83312
39.3304, 83312
39.3408, 83744
39.3511, 82880
39.3615, 83096
39.3721, 84176
39.3827, 84176
39.3939, 84392
39.4041, 84392
39.4144, 83528
39.4246, 82664
39.4347, 82016
39.4449, 81800
39.4551, 81584
39.4654, 81368
39.4755, 83528
39.4858, 84176
39.4978, 83528
39.5082, 83744
39.5186, 83312
39.5288, 82448
39.5392, 81584
39.5495, 81368
39.5598, 80936
39.5701, 80720
39.5807, 80936
39.5915, 80288
39.6018, 80072
39.6121, 80504
39.6224, 80720
39.6327, 80504
39.6431, 80936
39.6535, 81368
39.6642, 80072
39.6748, 79424
39.6851, 79208
39.6955, 78776
39.7058, 78560
39.7164, 78344
39.7277, 78560
39.7387, 78560
39.7492, 78344
39.7594, 78128
39.7698, 77912
39.7801, 77912
39.7903, 77912
39.8006, 77912
39.8109, 78128
39.8213, 77912
39.8316, 77912
39.8418, 77912
39.8521, 78128
39.8625, 78128
39.8728, 78128
39.8834, 77696
39.8939, 77264
39.9044, 77048
39.9149, 77048
39.9267, 77048
39.9424, 77048
39.9532, 77480
39.9649, 78128
39.9784, 79424
39.9907, 79640
40.0012, 79856
40.0131, 80072
40.0244, 80072
40.0363, 80072
40.051, 80072
40.0661, 79856
40.0784, 79640
40.0894, 79424
40.1001, 79424
40.1108, 79424
40.1214, 79424
40.1318, 79424
40.1421, 79640
40.1524, 79640
40.1628, 79640
40.1732, 79640
40.1837, 79640
40.1945, 79424
40.2055, 79640
40.2165, 79208
40.227, 79640
40.2375, 80072
40.2477, 80504
40.2581, 80936
40.2686, 80504
40.2798, 80288
40.2904, 80504
40.3013, 80288
40.3146, 80288
40.3323, 79856
40.3454, 79640
40.3564, 79424
40.3675, 79208
40.3782, 79208
40.3896, 79208
40.4037, 78992
40.4147, 78992
40.4256, 78992
40.4365, 78992
40.4472, 78992
40.4579, 78776
40.4682, 78776
40.4784, 78560
40.4886, 78560
40.4988, 78344
40.5091, 78344
40.5195, 78344
40.5298, 78344
40.5401, 78344
40.5504, 78128
40.5605, 77912
40.5707, 77912
40.5809, 77912
40.5913, 77912
40.6016, 77912
40.612, 77912
40.6224, 77912
40.6327, 77912
40.643, 77912
40.6532, 77912
40.6636, 77912
40.6739, 77912
40.6841, 77912
40.6943, 77912
40.7045, 77696
40.7148, 77696
40.725, 77696
40.7352, 77696
40.7454, 77696
40.7557, 77480
40.766, 77480
40.7766, 77480
40.787, 77480
40.7975, 77696
40.808, 77696
40.8187, 77696
40.8294, 77696
40.8403, 77480
40.8534, 77480
40.8641, 77480
40.8747, 77696
40.8898, 77480
40.9005, 77480
40.9115, 77480
40.9227, 77480
40.9335, 77480
40.9439, 77480
40.9543, 77264
40.9646, 77048
40.9749, 76832
40.9851, 76832
40.9953, 77048
41.0055, 77048
41.0157, 77048
41.0259, 76832
41.0362, 77048
41.0464, 77264
41.0568, 79424
41.0669, 82448
41.0772, 83960
41.0874, 84824
41.0976, 84824
41.108, 82880
41.1184, 82016
41.1287, 81584
41.139, 81368
41.1493, 82880
41.1596, 82880
41.1699, 82232
41.1801, 82880
41.1903, 82016
41.2005, 81800
41.2107, 81584
41.2209, 81368
41.2311, 81368
41.2412, 81368
41.2514, 81584
41.2616, 81368
41.2718, 81152
41.282, 81152
41.2922, 80936
41.3024, 80288
41.3126, 80072
41.3228, 79856
41.3331, 79856
41.3435, 79640
41.3539, 79640
41.3644, 79640
41.3749, 79640
41.3856, 79424
41.3962, 79640
41.4065, 79640
41.4168, 79640
41.4271, 79424
41.4374, 79424
41.4477, 80072
41.4582, 80072
41.4685, 80072
41.4788, 80288
41.4893, 80288
41.5003, 79856
41.5109, 79856
41.5218, 79856
41.5339, 79640
41.5454, 79424
41.5577, 79640
41.5696, 79424
41.582, 79640
41.5935, 79208
41.6055, 79424
41.6185, 79424
41.6297, 79424
41.6426, 79424
41.655, 79640
41.6665, 79424
41.6783, 79640
41.6895, 79424
41.703, 79424
41.7138, 79424
41.7243, 79640
41.7346, 79640
41.7449, 79856
41.7562, 79856
41.7676, 79856
41.7785, 80072
41.7892, 79856
41.7998, 79856
41.8107, 80072
41.8217, 80072
41.8322, 80072
41.8429, 80072
41.8534, 80072
41.8638, 79856
41.8741, 79856
41.8844, 79640
41.8946, 79856
41.9049, 79856
41.9151, 79856
41.9253, 79640
41.9356, 79640
41.9459, 79424
41.9562, 79424
41.9669, 78992
41.9779, 78776
41.9889, 78776
42.0004, 78776
42.0108, 78560
42.0214, 78560
42.0326, 78776
42.0431, 78560
42.0533, 78128
42.0636, 78344
42.074, 78344
42.0843, 78560
42.0947, 78992
42.105, 78992
42.1153, 79424
42.1257, 79424
42.136, 80504
42.1462, 81584
42.1565, 80936
42.1667, 80936
42.1769, 80504
42.187, 80288
42.1972, 80504
42.2074, 82448
42.2177, 83312
42.228, 82880
42.2382, 81584
42.2484, 80288
42.2587, 80288
42.2691, 79856
42.2794, 79424
42.2897, 79208
42.3001, 78776
42.3104, 78560
42.3208, 78560
42.3311, 78344
42.3414, 78344
42.3517, 78344
42.3621, 78128
42.3724, 77912
42.3828, 77912
42.3932, 77912
42.4036, 78128
42.4141, 78128
42.4244, 77696
42.4346, 77696
42.4449, 77480
42.4551, 77264
42.4653, 77480
42.4756, 77480
42.4859, 77480
42.4962, 77264
42.5065, 77696
42.5172, 77912
42.5278, 77912
42.5381, 77912
42.5483, 77480
42.5585, 77480
42.5688, 77480
42.5793, 77480
42.5897, 77264
42.6001, 77264
42.6104, 77264
42.6207, 77480
42.6315, 77696
42.6419, 77480
42.6525, 77264
42.6629, 77264
42.6733, 77480
42.6836, 77480
42.6941, 77696
42.7045, 77480
42.7147, 77696
42.7251, 77696
42.7356, 77912
42.7459, 77912
42.7563, 79856
42.7665, 81152
42.7768, 81800
42.7871, 82232
42.7976, 82232
42.8082, 83096
42.8185, 83744
42.8299, 84608
42.8402, 84824
42.8506, 84608
42.8609, 84608
42.8712, 83744
42.8814, 82448
42.8916, 82016
42.9018, 82016
42.912, 82232
42.9222, 82016
42.9325, 83096
42.9435, 84176
42.9557, 84824
42.9665, 84176
42.9772, 83528
42.9882, 83312
42.9992, 83096
43.01, 83096
43.0207, 82880
43.0309, 82880
43.0411, 82664
43.0512, 82232
43.0614, 81800
43.0716, 82016
43.0817, 82016
43.092, 82232
43.1022, 82016
43.1124, 82232
43.1226, 82232
43.1328, 82232
43.143, 82232
43.1533, 82016
43.1635, 81800
43.1737, 81584
43.1839, 81800
43.1941, 81584
43.2043, 81584
43.2145, 81584
43.2247, 81584
43.2349, 81368
43.2451, 81800
43.2554, 81800
43.2656, 81584
43.2757, 81584
43.2859, 81800
43.2963, 82016
43.3068, 82016
43.3173, 82232
43.3281, 82880
43.3383, 83096
43.3493, 83096
43.3598, 82232
43.37, 81800
43.3804, 81368
43.3914, 80720
43.4035, 80288
43.4145, 80288
43.425, 80072
43.4352, 79424
43.4453, 79424
43.4557, 79208
43.4659, 78992
43.4763, 78776
43.4866, 78776
43.4968, 78992
43.5072, 78776
43.5175, 78560
43.5277, 78560
43.5379, 78344
43.5484, 78128
43.5586, 78128
43.5688, 78128
43.5789, 78128
43.5891, 77912
43.5996, 77912
43.61, 77912
43.6204, 78128
43.6312, 78128
43.6459, 77912
43.658, 77912
43.6703, 77912
43.6808, 77696
43.6911, 77696
43.7015, 77696
43.7149, 77696
43.7253, 77696
43.7357, 77696
43.7461, 77696
43.7564, 77480
43.7667, 77480
43.777, 77480
43.7873, 77480
43.7976, 77480
43.8078, 77480
43.8181, 77480
43.8284, 77480
43.8389, 77696
43.8497, 77696
43.8604, 77480
43.8707, 77480
43.8812, 77480
43.8915, 77480
43.9018, 77480
43.912, 77480
43.9223, 77480
43.9325, 77480
43.9428, 77480
43.9531, 77480
43.9632, 77264
43.9735, 77048
43.9839, 77048
43.9942, 77048
44.0044, 77048
44.0209, 77264
44.0314, 77480
44.0419, 77480
44.0537, 77480
44.0645, 77696
44.0749, 77480
44.0865, 77480
44.0975, 77480
44.1084, 77480
44.1204, 77480
44.1311, 77480
44.1417, 77480
44.1523, 77480
44.1625, 77480
44.1728, 77480
44.1831, 77480
44.1933, 77480
44.2035, 77480
44.2137, 77480
44.224, 77480
44.2342, 77480
44.2444, 77264
44.2545, 77264
44.2647, 77264
44.2749, 77264
44.2851, 77264
44.2953, 77264
44.3056, 77264
44.3158, 77048
44.326, 77048
44.3362, 77264
44.3464, 77048
44.3566, 77048
44.3668, 77048
44.3772, 77048
44.3876, 77264
44.3979, 77264
44.4083, 77480
44.4186, 77264
44.429, 77048
44.4394, 77048
44.4495, 77264
44.4597, 77480
44.47, 77696
44.4802, 77696
44.4904, 77696
44.5006, 77696
44.5206, 78344
44.5311, 78560
44.5416, 78776
44.5519, 79208
44.5622, 79208
44.5724, 78992
44.5827, 79208
44.5931, 79640
44.6033, 79640
44.6138, 79856
44.6242, 79856
44.6345, 79856
44.6448, 79856
44.6552, 80072
44.6655, 80720
44.6759, 82016
44.6867, 83528
44.697, 84176
44.7072, 84824
44.7174, 85040
44.7277, 85688
44.7381, 85904
44.7485, 86336
44.759, 86336
44.7694, 86120
44.7798, 85904
44.7902, 85472
44.8006, 84824
44.8109, 84824
44.8213, 84824
44.8316, 84824
44.842, 86120
44.8523, 86336
44.8631, 86120
44.8736, 86336
44.8842, 86120
44.8948, 85256
44.9051, 84824
44.9154, 83744
44.9258, 83744
44.936, 83960
44.9462, 83312
44.9565, 83528
44.9667, 84824
44.9769, 84176
44.9872, 85040
44.9974, 83744
45.0076, 83528
45.0179, 83744
45.0281, 83960
45.0383, 84392
45.0485, 83528
45.0589, 83312
45.0693, 83096
45.0796, 84176
45.0899, 83960
45.1002, 82448
45.1105, 82232
45.1208, 82664
45.1311, 82664
45.1413, 81584
45.1515, 81368
45.1617, 81368
45.1721, 81152
45.1824, 81152
45.1928, 81800
45.2032, 82664
45.2135, 81584
45.2238, 81152
45.2342, 80936
45.2468, 80720
45.2577, 80936
45.2688, 81152
45.2794, 80288
45.2903, 80504
45.3011, 80720
45.3118, 81800
45.3223, 83744
45.3329, 83096
45.3431, 82232
45.3533, 81800
45.3636, 81152
45.374, 80936
45.3845, 80936
45.3949, 81368
45.4055, 81368
45.4167, 80720
45.4382, 80720
45.4506, 80072
45.4618, 80072
45.4726, 80072
45.4847, 79856
45.4954, 79640
45.5062, 79640
45.5169, 79424
45.5277, 79424
45.5385, 79208
45.5494, 79208
45.5606, 78992
45.5711, 78776
45.5816, 78560
45.592, 78560
45.6025, 78776
45.6131, 78992
45.6238, 79208
45.6345, 78992
45.646, 79640
45.657, 79640
45.6675, 79424
45.6781, 79640
45.6888, 79640
45.7006, 79640
45.716, 79424
45.7289, 79208
45.7412, 78992
45.7521, 78992
45.7628, 78776
45.7736, 78344
45.7852, 78344
45.7959, 78560
45.808, 78344
45.824, 78344
45.8345, 78128
45.8453, 78344
45.8562, 78344
45.8675, 78344
45.8789, 78344
45.8896, 78344
45.9001, 78344
45.9108, 78344
45.9213, 78128
45.9315, 77912
45.9421, 77696
45.9526, 77696
45.9632, 77696
45.9736, 77696
45.9842, 77480
45.9946, 77480
46.0052, 77480
46.0157, 77480
46.026, 77696
46.0363, 77480
46.0468, 77480
46.0585, 77480
46.0733, 77480
46.0844, 77480
46.0949, 77264
46.1053, 77264
46.1156, 77264
46.1262, 77264
46.1366, 77264
46.147, 77048
46.1574, 77048
46.1677, 77048
46.178, 77264
46.1886, 77480
46.1997, 77912
46.21, 78128
46.2203, 78344
46.2306, 78344
46.2409, 78560
46.2513, 78560
46.2617, 78560
46.2721, 78560
46.2823, 78560
46.2925, 78776
46.3028, 78992
46.313, 78992
46.3232, 78992
46.3337, 79208
46.3443, 79640
46.3549, 79640
46.3656, 79856
46.3765, 79856
46.3869, 79856
46.398, 79640
46.4087, 79640
46.4193, 79424
46.4303, 79424
46.441, 79208
46.4515, 79424
46.4624, 79208
46.4727, 78992
46.4831, 78992
46.4935, 78776
46.5041, 78776
46.5147, 78560
46.5251, 78344
46.5353, 78128
46.5455, 78128
46.5557, 78128
46.5665, 77912
46.577, 77912
46.5874, 77696
46.5977, 77696
46.608, 77696
46.6182, 77696
46.6284, 77696
46.6387, 77696
46.6489, 78128
46.6591, 78344
46.6694, 80072
46.6798, 81368
46.6901, 82232
46.7004, 82880
46.7106, 83312
46.721, 83960
46.7312, 84176
46.7415, 84392
46.7518, 84608
46.762, 84608
46.7722, 84392
46.7823, 84176
46.7925, 83960
46.8027, 83960
46.8128, 83744
46.823, 83744
46.8331, 83528
46.8434, 83528
46.8537, 83528
46.8639, 83528
46.8741, 82664
46.8842, 82448
46.8954, 82232
46.9056, 82232
46.916, 82448
46.9264, 82448
46.9367, 81584
46.9474, 81800
46.9578, 81368
46.9681, 80936
46.9785, 82448
46.9889, 83744
46.9993, 83960
47.0098, 82448
47.0206, 81152
47.0314, 80936
47.0418, 80720
47.0522, 80504
47.0626, 80288
47.073, 80288
47.0835, 80072
47.0938, 80072
47.1042, 79856
47.1147, 79856
47.1252, 79856
47.1357, 79856
47.1466, 79856
47.1584, 79856
47.1693, 79856
47.1801, 79856
47.1912, 79640
47.2021, 79856
47.2129, 79856
47.2236, 79856
47.2342, 80072
47.2447, 79856
47.2556, 79856
47.2662, 79640
47.2765, 79640
47.2868, 79640
47.2971, 79856
47.3074, 80072
47.3177, 80072
47.3284, 80072
47.3401, 79856
47.3518, 79640
47.3634, 79424
47.374, 79208
47.3847, 79208
47.3956, 79208
47.4066, 78992
47.4174, 78776
47.4281, 78776
47.4392, 78560
47.4507, 78128
47.4626, 78344
47.4742, 78128
47.4865, 78128
47.4982, 77912
47.5092, 77696
47.52, 77480
47.5313, 77696
47.5421, 77480
47.5526, 77264
47.5631, 77048
47.5734, 77264
47.5884, 77480
47.5987, 77264
47.6107, 77264
47.6227, 77480
47.634, 77480
47.6478, 78344
47.6626, 79424
47.6771, 80504
47.6934, 81584
47.7055, 80504
47.7175, 80720
47.728, 80504
47.7384, 80288
47.7488, 80072
47.7593, 80072
47.7699, 79856
47.7801, 79856
47.7904, 79856
47.8007, 79640
47.8111, 79640
47.8214, 79424
47.8317, 79208
47.842, 78992
47.8523, 78992
47.8626, 78776
47.873, 78776
47.8833, 78776
47.8936, 78992
47.9037, 79208
47.9139, 79640
47.9242, 80288
47.9344, 81152
47.9447, 81584
47.9549, 81368
47.9652, 81368
47.9754, 81152
47.9857, 80936
47.996, 80936
48.0062, 80504
48.0165, 80288
48.0269, 79424
48.0373, 79424
48.0478, 79208
48.0583, 78992
48.069, 78992
48.0795, 79208
48.0898, 78992
48.1002, 78992
48.1105, 78776
48.1209, 78344
48.1315, 78344
48.142, 78344
48.1524, 78344
48.1627, 78128
48.173, 78128
48.1834, 77912
48.1937, 78128
48.2042, 77912
48.2146, 77480
48.2249, 77264
48.2353, 77264
48.2457, 77264
48.2562, 77048
48.2665, 77264
48.2769, 78344
48.2871, 78344
48.2974, 78560
48.3079, 80720
48.3182, 82448
48.3288, 83096
48.3396, 83744
48.3499, 83312
48.3601, 83312
48.3703, 83312
48.3805, 83312
48.3907, 83528
48.4009, 83744
48.4112, 83744
48.4214, 83744
48.4318, 83744
48.4465, 83744
48.4571, 85256
48.4679, 85688
48.4784, 84176
48.489, 83960
48.4994, 83744
48.5098, 83528
48.5205, 83096
48.5311, 83096
48.5415, 83096
48.5526, 82448
48.5639, 82664
48.5755, 82448
48.5866, 82664
48.5976, 82664
48.6084, 82664
48.6193, 82448
48.6295, 82664
48.6397, 82232
48.6499, 81800
48.6602, 81584
48.6704, 82016
48.6806, 81800
48.6908, 81800
48.7009, 81584
48.7112, 81152
48.7213, 81152
48.7315, 80936
48.7419, 80936
48.7523, 80504
48.7625, 80288
48.7728, 80072
48.7831, 80288
48.7934, 80072
48.8035, 79856
48.8138, 79856
48.824, 79856
48.8342, 79856
48.8445, 80072
48.8548, 79856
48.8651, 79640
48.8752, 79640
48.8855, 79640
48.8959, 80720
48.9063, 81152
48.9166, 80288
48.9419, 79856
48.9527, 79856
48.9636, 79856
48.9743, 79424
48.9849, 79208
48.9959, 79208
49.0066, 79208
49.0171, 78776
49.0276, 78560
49.0391, 78560
49.0504, 78560
49.0619, 78560
49.073, 78344
49.0839, 78344
49.0948, 78344
49.1053, 78344
49.1158, 78344
49.1265, 78344
49.1374, 78128
49.1483, 77912
49.1588, 77696
49.1692, 77696
49.1794, 77696
49.1896, 77696
49.1999, 77696
49.2101, 77696
49.2203, 77480
49.2307, 77480
49.2411, 77480
49.2522, 77264
49.2737, 77264
49.2844, 77264
49.2948, 77264
49.3053, 77048
49.3156, 77264
49.326, 77264
49.3368, 77048
49.3471, 77048
49.3576, 77048
49.3681, 77048
49.3784, 77048
49.3887, 77048
49.3991, 77048
49.411, 77264
49.4276, 77264
49.4392, 77264
49.4495, 77048
49.46, 77264
49.4705, 77480
49.4809, 77696
49.4914, 77912
49.5017, 77912
49.5122, 77912
49.5225, 77912
49.5328, 77912
49.5431, 77912
49.5535, 78560
49.5639, 78776
49.5743, 78992
49.5849, 78776
49.5953, 78992
49.6057, 78992
49.6162, 78560
49.6266, 78344
49.637, 78344
49.6473, 78128
49.6577, 77912
49.6681, 77912
49.6938, 77696
49.7043, 77912
49.7148, 77912
49.7252, 78128
49.7355, 78344
49.7458, 78344
49.7561, 78344
49.7676, 78344
49.7779, 78776
49.7882, 78992
49.7985, 78992
49.8088, 79208
49.8191, 79424
49.8294, 79424
49.8398, 79640
49.8501, 79640
49.8605, 78776
49.8709, 79208
49.8815, 79208
49.892, 79208
49.9023, 79208
49.9128, 79424
49.9232, 79424
49.9335, 79424
49.9437, 79640
49.954, 79640
49.9643, 80936
49.9746, 83096
49.9848, 84392
49.9951, 85040
50.0055, 85904
50.0158, 86336
50.0262, 86120
50.0367, 85256
50.0471, 85040
50.0575, 83744
50.0679, 83960
50.0782, 83312
50.0886, 83096
50.0988, 83312
50.1092, 84392
50.1195, 84176
50.1298, 83744
50.1401, 85256
50.1506, 85472
50.1609, 84392
50.1712, 83528
50.1815, 82880
50.1917, 82664
50.2019, 83312
50.2121, 83528
50.2223, 83744
50.2325, 83312
50.2427, 82880
50.253, 83096
50.2633, 82880
50.2735, 83528
50.2839, 83096
50.2943, 82880
50.3046, 82232
50.3149, 82880
50.3252, 82232
50.3354, 81800
50.3457, 81368
50.3559, 80720
50.3662, 80504
50.3766, 80288
50.3869, 80072
50.3974, 80072
50.4077, 79856
50.4182, 79856
50.4292, 79640
50.4398, 79424
50.4502, 78992
50.461, 78992
50.4716, 78992
50.482, 79424
50.4924, 79208
50.5028, 79208
50.5134, 79208
50.5242, 79208
50.5352, 79856
50.5461, 79856
50.5564, 79424
50.5668, 79640
50.5772, 79640
50.5876, 79856
50.599, 80072
50.6099, 80504
50.6206, 83528
50.6315, 83744
50.6438, 83744
50.6557, 82664
50.6672, 82448
50.6777, 81800
50.6885, 81584
50.6995, 81368
50.7112, 81152
50.7225, 80720
50.7345, 80720
50.7464, 80504
50.7569, 80288
50.7676, 80288
50.7786, 80072
50.7903, 79640
50.8007, 79640
50.8112, 79640
50.8216, 79424
50.832, 79640
50.8423, 79640
50.8587, 79424
50.8692, 79640
50.8796, 79640
50.8903, 79640
50.901, 79856
50.913, 80072
50.9267, 80936
50.9381, 80288
50.9493, 79640
50.9606, 80720
50.9716, 81152
50.9822, 81584
50.993, 81152
51.0075, 81152
51.0193, 81368
51.0298, 80936
51.0403, 80720
51.0511, 80720
51.0621, 80504
51.0737, 80504
51.0849, 80504
51.0955, 80504
51.106, 80720
51.1163, 80504
51.1266, 80288
51.1369, 80072
51.1473, 80288
51.1575, 80720
51.1677, 80720
51.178, 80720
51.1884, 80720
51.1988, 80936
51.2092, 80720
51.2208, 80288
51.2386, 79640
51.2491, 79424
51.2595, 79208
51.2708, 78992
51.2869, 79208
51.3026, 79208
51.3154, 79208
51.3259, 79208
51.3364, 79424
51.3468, 79208
51.3572, 78992
51.3676, 78776
51.3786, 78776
51.389, 78344
51.3994, 78344
51.4097, 78344
51.42, 78128
51.4302, 78128
51.4405, 77912
51.4509, 77696
51.4615, 77480
51.472, 77480
51.4823, 77480
51.4927, 77480
51.503, 77264
51.5131, 77264
51.5233, 77696
51.5334, 77696
51.5435, 77696
51.5537, 77696
51.564, 77912
51.5743, 77912
51.5851, 77912
51.5963, 77912
51.608, 77912
51.6185, 78128
51.629, 77912
51.6396, 77912
51.6502, 77912
51.6608, 77696
51.671, 77480
51.6812, 77264
51.6914, 77264
51.7016, 77264
51.7117, 77048
51.7219, 77048
51.7321, 77264
51.7423, 77264
51.7525, 77264
51.7627, 77480
51.7729, 77480
51.7831, 77480
51.7933, 77480
51.8035, 77480
51.8137, 77480
51.824, 77480
51.8343, 77480
51.8445, 77264
51.8547, 77264
51.865, 77264
51.8752, 77264
51.8854, 77048
51.8956, 77264
51.9058, 77048
51.916, 77048
51.9262, 77264
51.9365, 77264
51.9468, 77264
51.957, 77264
51.9673, 77264
51.9775, 77264
51.9878, 77264
51.998, 77264
52.0082, 77264
52.0184, 77264
52.0287, 77264
52.039, 77696
52.0493, 77696
52.0596, 77696
52.0784, 77696
52.089, 78128
52.0993, 78128
52.1097, 78128
52.1202, 78344
52.1305, 79424
52.1408, 81368
52.151, 82664
52.1613, 83312
52.1715, 84176
52.1818, 85040
52.192, 84824
52.2023, 84392
52.2125, 84176
52.2228, 83960
52.2331, 84176
52.2433, 84608
52.2536, 85256
52.2638, 85904
52.2741, 86336
52.2845, 86336
52.2948, 85904
52.3052, 85472
52.3157, 85256
52.3262, 84824
52.3367, 84824
52.347, 84392
52.3576, 84608
52.3683, 85040
52.3786, 85256
52.3891, 85688
52.4, 85904
52.4106, 86120
52.4209, 84824
52.4312, 84824
52.4414, 84176
52.4517, 83744
52.4621, 83528
52.4731, 84176
52.4834, 85040
52.4937, 86120
52.5039, 86120
52.5141, 86120
52.5244, 85688
52.5346, 85472
52.5448, 85256
52.555, 85040
52.5652, 85040
52.5756, 85040
52.5858, 84824
52.596, 84608
52.6062, 84608
52.6166, 84392
52.6269, 84392
52.6371, 83096
52.6474, 82880
52.6577, 83096
52.668, 83528
52.6782, 83528
52.6884, 84392
52.6987, 83960
52.709, 83312
52.7192, 82448
52.7294, 82232
52.7397, 82016
52.7501, 82232
52.761, 81800
52.7723, 81584
52.7838, 81800
52.7947, 81800
52.8052, 80288
52.8156, 80072
52.826, 79856
52.8366, 79640
52.847, 79208
52.8575, 78992
52.8683, 78776
52.8796, 79424
52.8938, 79208
52.9051, 78992
52.9154, 78560
52.9257, 78560
52.9362, 78560
52.9466, 78344
52.9568, 78344
52.9671, 78344
52.9775, 78344
52.9881, 78560
52.9983, 78560
53.0086, 78344
53.019, 78128
53.0293, 77912
53.0396, 77912
53.0502, 77912
53.0608, 77912
53.0716, 77912
53.0824, 78344
53.0942, 78560
53.1061, 78344
53.1184, 78344
53.1293, 78344
53.1396, 78344
53.1499, 78344
53.1601, 78344
53.1705, 78560
53.1813, 78344
53.193, 78344
53.2042, 78344
53.2149, 78344
53.2255, 78344
53.2364, 78128
53.2474, 78128
53.2593, 77912
53.2712, 77912
53.2829, 77912
53.2937, 77912
53.3044, 77696
53.3153, 77696
53.3267, 77696
53.3375, 77696
53.348, 77696
53.3583, 77480
53.3687, 77264
53.3791, 77264
53.3895, 77264
53.3998, 77264
53.4101, 77264
53.4203, 77264
53.4305, 77264
53.4408, 77264
53.4512, 77264
53.4615, 77480
53.4718, 77480
53.482, 77480
53.4923, 77480
53.5026, 77480
53.5128, 77480
53.523, 77264
53.5333, 77264
53.5435, 77048
53.5537, 77048
53.5639, 77048
53.5741, 77048
53.5843, 77048
53.5945, 77048
53.6047, 77048
53.6149, 77048
53.6251, 77048
53.6354, 77048
53.6456, 76832
53.6558, 76832
53.666, 76832
53.6762, 76832
53.6864, 77048
53.6966, 77048
53.7068, 77048
53.718, 77264
53.7284, 77480
53.739, 77696
53.75, 77912
53.7605, 77696
53.7711, 77912
53.7816, 77912
53.7921, 77912
53.8026, 77912
53.8132, 77912
53.8239, 78128
53.8345, 78128
53.8449, 78344
53.8558, 78128
53.8665, 78128
53.8773, 78128
53.8882, 77912
53.9099, 77912
53.9207, 78128
53.931, 78128
53.9412, 78128
53.9514, 78128
53.9616, 78128
53.9719, 78128
53.9821, 78128
53.9923, 78128
54.0025, 78128
54.0127, 78128
54.0229, 78344
54.0332, 78128
54.0434, 78128
54.0536, 78128
54.0638, 78128
54.074, 78128
54.0842, 78344
54.0944, 78344
54.1046, 78344
54.1149, 78344
54.1253, 78344
54.1357, 78560
54.1461, 78344
54.1564, 78560
54.1666, 78992
54.177, 82016
54.1872, 85256
54.1975, 85040
54.2078, 84824
54.2181, 84392
54.2285, 83528
54.2389, 83528
54.2493, 83528
54.2596, 83528
54.27, 83528
54.2804, 83744
54.2907, 83960
54.3011, 84176
54.3114, 83312
54.3217, 83528
54.332, 83960
54.3425, 83960
54.3532, 84392
54.3642, 84392
54.3749, 83528
54.3858, 83528
54.3964, 83528
54.4072, 83528
54.4182, 83528
54.4289, 83528
54.4397, 83528
54.4499, 83312
54.4601, 82016
54.4702, 81800
54.4803, 81584
54.4905, 81800
54.5006, 83312
54.5108, 83744
54.5209, 83744
54.5311, 83528
54.5413, 83744
54.5515, 83744
54.5616, 83744
54.5718, 83960
54.5819, 83960
54.5921, 83960
54.6023, 83744
54.6125, 83096
54.6227, 82664
54.6329, 82664
54.643, 82664
54.6532, 82448
54.6635, 82448
54.6737, 82232
54.6839, 82448
54.6943, 82232
54.7045, 82016
54.7146, 81800
54.7248, 81584
54.735, 81584
54.7453, 81584
54.7556, 81584
54.7659, 81152
54.7762, 80504
54.7864, 80288
54.7966, 80288
54.8069, 80504
54.8172, 80504
54.8273, 80288
54.8379, 79640
54.8486, 80288
54.8596, 81152
54.8706, 80720
54.8825, 80504
54.8934, 80072
54.9043, 79424
54.9148, 79424
54.9252, 79208
54.9356, 79208
54.946, 78992
54.9563, 78992
54.9666, 79208
54.977, 79424
54.9873, 79208
54.998, 79640
55.009, 79640
55.0219, 79640
55.0326, 79640
55.0435, 79424
55.0547, 79424
55.0661, 79640
55.0769, 79640
55.0876, 79424
55.0996, 79424
55.111, 79424
55.1222, 79640
55.1333, 79640
55.1469, 79640
55.1577, 79640
55.1687, 79640
55.179, 79856
55.1895, 79640
55.2, 79640
55.2104, 79640
55.2209, 79640
55.2316, 79640
55.2425, 79640
55.2537, 79640
55.2646, 79640
55.2755, 79640
55.2866, 79640
55.2972, 79640
55.3076, 79640
55.3185, 79856
55.3293, 79640
55.3406, 79856
55.3511, 79856
55.3614, 80072
55.3718, 80072
55.3822, 80288
55.3925, 80288
55.4028, 80072
55.4131, 80072
55.4234, 80504
55.4339, 80720
55.4442, 80504
55.4544, 80288
55.4647, 80288
55.4751, 80720
55.4854, 80720
55.4957, 80720
55.506, 80936
55.5163, 80936
55.5266, 80720
55.537, 80720
55.5474, 80720
55.558, 80720
55.5685, 80720
55.579, 80720
55.5894, 80936
55.5999, 80720
55.6104, 81800
55.6207, 83312
55.6311, 83960
55.6414, 84608
55.6517, 85688
55.6619, 86336
55.6721, 83960
55.6824, 83312
55.6926, 83312
55.7029, 83312
55.7131, 83960
55.7234, 85472
55.7337, 86552
55.7441, 86336
55.7543, 85904
55.7646, 85688
55.7749, 85040
55.7851, 83960
55.7954, 83096
55.8056, 82880
55.8159, 83096
55.8261, 83096
55.8363, 83096
55.8465, 83096
55.8571, 84392
55.8674, 85040
55.8776, 82664
55.8878, 82016
55.8981, 81800
55.9087, 83096
55.919, 82448
55.9292, 82016
55.9394, 81800
55.9496, 81800
55.9598, 81584
55.97, 81584
55.9802, 82232
55.9905, 81800
56.0007, 81800
56.0109, 81800
56.0213, 82232
56.0315, 82016
56.0417, 82016
56.0522, 81584
56.0625, 81368
56.0729, 80720
56.0832, 80720
56.0934, 80504
56.1037, 80288
56.1139, 80504
56.1328, 81800
56.1432, 82232
56.1538, 82016
56.1657, 81584
56.1774, 81368
56.1891, 81368
56.2003, 81152
56.2108, 80936
56.2212, 80936
56.2319, 80720
56.2439, 79856
56.2554, 79856
56.2668, 79640
56.2772, 79640
56.2877, 79640
56.2981, 79424
56.3085, 79424
56.3188, 79424
56.3291, 79208
56.3394, 79208
56.3498, 79208
56.3658, 79640
56.3762, 79640
56.3867, 79640
56.3971, 79640
56.4077, 79208
56.4183, 79208
56.4288, 78992
56.4393, 78992
56.4497, 78992
56.4618, 79640
56.4839, 79640
56.4995, 80936
56.5103, 81800
56.5236, 81368
56.536, 81368
56.549, 81368
56.56, 82016
56.5715, 82448
56.5837, 82880
56.5952, 82232
56.6058, 81800
56.6167, 81368
56.6273, 80720
56.639, 79856
56.6502, 79640
56.661, 79208
56.6715, 78776
56.6821, 78776
56.6925, 78560
56.7029, 78560
56.7132, 78776
56.7234, 78776
56.7336, 78776
56.744, 78992
56.7544, 79208
56.7647, 79208
56.7751, 79208
56.7855, 78992
56.7962, 78992
56.8066, 78992
56.8171, 78992
56.8274, 78992
56.8377, 78992
56.8481, 78992
56.8585, 78992
56.8688, 78992
56.8791, 78992
56.8894, 78992
56.8997, 78992
56.91, 79208
56.9205, 79424
56.9311, 79640
56.9416, 79640
56.9525, 79856
56.9632, 79856
56.9737, 79856
56.9846, 80072
56.9954, 79856
57.0063, 79856
57.0169, 79856
57.0277, 79856
57.0386, 79856
57.0493, 79856
57.0596, 79856
57.0698, 79640
57.08, 79640
57.0903, 79424
57.1005, 79640
57.1107, 79424
57.1209, 79424
57.1311, 78992
57.1413, 78992
57.1514, 78776
57.1617, 78776
57.172, 78560
57.1822, 78560
57.1924, 78344
57.2026, 78344
57.2127, 78344
57.223, 78344
57.2332, 78128
57.2434, 77912
57.2536, 77912
57.2641, 78128
57.2744, 77912
57.2846, 77912
57.2948, 77912
57.305, 77696
57.3152, 77696
57.3254, 77696
57.3356, 77480
57.3458, 77264
57.356, 77264
57.3665, 77264
57.3767, 77264
57.387, 77480
57.3973, 77480
57.4077, 77480
57.4181, 77480
57.4286, 77264
57.439, 77480
57.4494, 78128
57.4597, 78560
57.47, 78776
57.4803, 79424
57.4906, 81584
57.5009, 83096
57.5114, 84176
57.5217, 83744
57.5319, 84176
57.5505, 85040
57.5607, 86768
57.571, 86552
57.5813, 86768
57.5917, 86768
57.602, 85904
57.6124, 85256
57.6228, 85040
57.633, 84176
57.6434, 83960
57.6537, 84176
57.6641, 85472
57.6744, 85472
57.6847, 86120
57.6951, 85904
57.7054, 85472
57.7158, 85040
57.7262, 84608
57.7365, 84608
57.747, 84392
57.7573, 84608
57.7676, 84392
57.7779, 84392
57.7882, 83528
57.7986, 83312
57.8089, 82880
57.8193, 82664
57.8298, 82232
57.8403, 82448
57.8505, 82448
57.8609, 82016
57.8719, 82232
57.8823, 82448
57.8926, 81584
57.903, 81152
57.9137, 80936
57.9243, 80720
57.9346, 80504
57.9449, 80288
57.9552, 81368
57.9655, 81800
57.9761, 81800
57.9864, 82232
57.9968, 82232
58.0071, 82232
58.0174, 82232
58.0278, 81800
58.0381, 81584
58.0485, 81584
58.0591, 81584
58.0698, 80936
58.0803, 80936
58.0909, 80720
58.1014, 80720
58.1119, 80936
58.1224, 80720
58.1328, 80504
58.1431, 80720
58.1534, 80288
58.1639, 80720
58.1743, 81152
58.1849, 81152
58.1955, 81368
58.206, 81152
58.2163, 80720
58.2266, 80288
58.2373, 80288
58.2477, 79856
58.258, 79856
58.2682, 79856
58.2784, 79856
58.2888, 80072
58.2991, 80288
58.3094, 80288
58.3197, 80288
58.3302, 80072
58.3407, 80072
58.3511, 79856
58.3614, 79856
58.3717, 79856
58.3821, 80072
58.3935, 82016
58.4041, 82016
58.4146, 81800
58.4249, 81368
58.4351, 81368
58.4454, 81152
58.4557, 81152
58.466, 80936
58.4763, 81152
58.4867, 80936
58.4969, 80936
58.5072, 80936
58.5175, 80936
58.5281, 80936
58.5388, 80288
58.5495, 80072
58.5602, 79856
58.5707, 79640
58.5821, 79640
58.5941, 79640
58.6045, 79424
58.6149, 79208
58.6255, 78992
58.6362, 78776
58.6469, 78776
58.6572, 78776
58.6677, 78560
58.6781, 78560
58.6884, 78560
58.6989, 78560
58.7102, 78560
58.7234, 78776
58.7345, 78776
58.745, 78776
58.7555, 78776
58.7666, 78992
58.7784, 78992
58.7891, 78992
58.8003, 79208
58.8111, 79208
58.8216, 79208
58.8323, 79208
58.8426, 78776
58.8528, 78776
58.863, 78560
58.8732, 78560
58.8834, 78560
58.8935, 78560
58.9037, 78344
58.9139, 78128
58.924, 78128
58.9342, 78128
58.9444, 77912
58.9546, 77912
58.9648, 77912
58.975, 77912
58.9852, 77912
58.9954, 77912
59.0056, 77912
59.0158, 77912
59.0259, 77912
59.0361, 77696
59.0463, 77912
59.0565, 77696
59.0667, 77912
59.0768, 77696
59.087, 77912
59.0972, 77912
59.1074, 77696
59.1176, 77912
59.1278, 77696
59.138, 77696
59.1482, 77696
59.1584, 77696
59.1686, 77696
59.1788, 77480
59.189, 77480
59.1992, 77696
59.2094, 77696
59.2196, 77696
59.2513, 78128
59.262, 78344
59.2724, 77912
59.283, 78128
59.2933, 78344
59.3037, 78344
59.314, 78344
59.3244, 78560
59.3349, 78560
59.3453, 78344
59.356, 78344
59.3666, 78560
59.3771, 78560
59.3878, 78560
59.3984, 78344
59.4092, 78560
59.4202, 78560
59.431, 78560
59.442, 78344
59.4526, 78128
59.4632, 78344
59.4735, 79640
59.4838, 80072
59.494, 80504
59.5042, 81800
59.5147, 81800
59.525, 81584
59.5353, 82016
59.5457, 82664
59.5561, 82880
59.5664, 83096
59.5766, 83312
59.5869, 83312
59.5972, 83528
59.6075, 83744
59.6177, 84176
59.6279, 83744
59.638, 83312
59.6482, 82880
59.6584, 82664
59.6686, 82448
59.6787, 82664
59.6889, 82448
59.6991, 82664
59.7093, 82664
59.7195, 82664
59.7297, 82448
59.7399, 82448
59.7501, 82664
59.7602, 82664
59.7703, 82880
59.7805, 82880
59.7907, 83096
59.8009, 83096
59.8111, 82880
59.8214, 82664
59.8317, 82448
59.8498, 82232
59.8602, 82664
59.8705, 82448
59.8808, 82232
59.8917, 82664
59.904, 82016
59.9151, 82016
59.9256, 81800
59.9365, 81368
59.947, 81152
59.9577, 81152
59.9686, 81152
59.9794, 80936
59.9897, 81152
60, 81152
60.0103, 80936
60.0206, 80720
60.0309, 80720
60.0417, 80288
60.0521, 80072
60.0625, 80072
60.0737, 79856
60.0843, 79640
60.0957, 79640
60.1113, 79424
60.1219, 79208
60.1322, 79208
60.1425, 79208
60.1529, 79208
60.1633, 79208
60.1738, 79208
60.1846, 79424
60.195, 80288
60.2053, 80288
60.2157, 80288
60.2262, 79856
60.2366, 79424
60.2475, 78992
60.258, 78776
60.2683, 78344
60.2795, 78128
60.2936, 78128
60.3039, 78128
60.3142, 78128
60.3244, 77912
60.3346, 77912
60.345, 77912
60.3555, 78128
60.3668, 78128
60.3774, 78128
60.3902, 78128
60.4014, 78128
60.4152, 78344
60.4256, 78128
60.4358, 78128
60.446, 78128
60.4563, 78128
60.4667, 78344
60.4772, 78344
60.4886, 78344
60.5007, 78344
60.5118, 78128
60.5228, 78560
60.5332, 78776
60.5437, 78776
60.5541, 78560
60.5646, 78992
60.5753, 79208
60.5865, 79208
60.5981, 79424
60.6093, 79424
60.6209, 79424
60.6323, 79208
60.646, 79208
60.6567, 79208
60.6676, 79424
60.6787, 79424
60.6899, 79208
60.7011, 79208
60.7118, 79208
60.7222, 79208
60.7328, 79424
60.7431, 79424
60.7535, 79640
60.7637, 79640
60.7741, 79640
60.7844, 79856
60.7947, 79856
60.805, 79856
60.8154, 79856
60.8259, 79856
60.8363, 79856
60.8468, 80072
60.8572, 80072
60.8676, 80072
60.878, 80288
60.8883, 80288
60.8987, 80288
60.909, 80288
60.9195, 80288
60.9299, 80288
60.9403, 80504
60.9508, 80504
60.9613, 80288
60.9717, 80504
60.9821, 80504
60.9925, 80504
61.0028, 80504
61.0132, 80288
61.0236, 80288
61.0339, 80072
61.0442, 79640
61.0544, 79856
61.0648, 79424
61.0752, 79208
61.0856, 79208
61.0963, 79208
61.1075, 79208
61.118, 79640
61.1284, 79856
61.1386, 80288
61.1489, 80936
61.1593, 83312
61.1696, 84176
61.1798, 84608
61.19, 85040
61.2002, 85256
61.2105, 86120
61.2207, 85904
61.231, 85472
61.2412, 84392
61.2514, 83960
61.2616, 85040
61.2719, 85472
61.2821, 85904
61.2924, 86120
61.3026, 85040
61.313, 83744
61.324, 84608
61.3342, 83744
61.3446, 83312
61.3557, 85256
61.3661, 84824
61.3766, 86120
61.3877, 85256
61.3979, 83744
61.4083, 83312
61.4192, 82664
61.4304, 82232
61.4413, 81368
61.4519, 81152
61.4625, 80936
61.4734, 80720
61.4847, 80936
61.4955, 80936
61.5057, 80720
61.516, 80720
61.5261, 81584
61.5364, 81584
61.5468, 81368
61.5571, 80720
61.5674, 80504
61.5778, 80288
61.5881, 79856
61.5984, 79640
61.6087, 79208
61.6191, 78776
61.6296, 78776
61.6401, 78560
61.6505, 78344
61.6608, 78344
61.6711, 78128
61.6815, 78344
61.6919, 78560
61.7021, 78560
61.7124, 78560
61.7226, 78776
61.7328, 78560
61.7431, 78776
61.7534, 78560
61.7636, 78776
61.7739, 78560
61.7844, 78560
61.7946, 78560
61.8047, 78560
61.8149, 78560
61.8254, 78344
61.836, 78344
61.8464, 78560
61.8566, 78560
61.867, 78560
61.8772, 78344
61.8875, 78128
61.8976, 78128
61.9079, 78128
61.9183, 78128
61.9285, 78128
61.9387, 78128
61.9489, 78128
61.9591, 77912
61.9693, 78128
61.9796, 78128
61.99, 78128
62.0003, 78128
62.0105, 78128
62.0208, 78128
62.0311, 78128
62.0414, 77912
62.0517, 77912
62.0624, 77912
62.0734, 77912
62.0839, 77912
62.0943, 77912
62.1063, 77912
62.1212, 77696
62.1349, 77696
62.1472, 77696
62.158, 77912
62.1695, 77696
62.1823, 77912
62.1944, 77912
62.206, 77912
62.2174, 77912
62.2286, 77912
62.2389, 77912
62.2495, 77912
62.2601, 78128
62.2708, 78128
62.2812, 78128
62.2921, 78128
62.3038, 77912
62.3157, 77912
62.3272, 77912
62.3384, 77912
62.3494, 77912
62.3606, 77696
62.3717, 77912
62.3826, 77912
62.3945, 77912
62.4062, 77912
62.4179, 77912
62.4294, 77912
62.4399, 77912
62.4506, 77912
62.4622, 77912
62.4732, 77696
62.4846, 77696
62.4956, 77696
62.5067, 77480
62.5176, 77480
62.5281, 77480
62.5384, 77480
62.5492, 77048
62.5597, 77048
62.5702, 77048
62.5812, 77048
62.5916, 77048
62.6019, 77048
62.6123, 77048
62.6227, 77048
62.6333, 77048
62.6437, 77048
62.6541, 77048
62.6646, 77048
62.6751, 77048
62.6856, 77048
62.6963, 77048
62.7067, 77048
62.717, 77048
62.7274, 77048
62.7379, 77048
62.7483, 77048
62.7588, 77048
62.7693, 76832
62.7797, 76832
62.79, 77048
62.8004, 77048
62.8109, 77048
62.8213, 77048
62.8317, 77264
62.8422, 77048
62.8525, 77048
62.8629, 77264
62.8732, 77264
62.8836, 77264
62.8939, 77264
62.9044, 77264
62.9149, 77264
62.9254, 77696
62.9363, 77696
62.947, 77912
62.9576, 78344
62.9681, 78560
62.9786, 78992
62.989, 79208
62.9992, 79208
63.0096, 78992
63.02, 79640
63.0302, 79856
63.0406, 80072
63.0509, 80288
63.0613, 80288
63.0717, 80288
63.0822, 80288
63.0925, 81584
63.1028, 82448
63.113, 83744
63.1233, 84392
63.1336, 84824
63.1439, 85040
63.1542, 85472
63.1645, 85688
63.1748, 85472
63.1852, 85688
63.1955, 85256
63.2059, 85256
63.2161, 85040
63.2264, 85256
63.2367, 85256
63.2471, 85040
63.2575, 84608
63.2679, 84392
63.2782, 84392
63.2886, 84824
63.2991, 85472
63.3095, 85472
63.32, 84176
63.3305, 83744
63.3407, 83528
63.3511, 83960
63.3614, 86768
63.3717, 87200
63.382, 87200
63.3922, 86768
63.4024, 86768
63.4126, 85256
63.4228, 84824
63.433, 84392
63.4433, 83744
63.4534, 83312
63.4637, 83312
63.4739, 83528
63.4842, 83960
63.4945, 84176
63.5047, 83528
63.515, 83528
63.5252, 83528
63.5357, 85040
63.546, 84176
63.5563, 82880
63.5666, 83528
63.5769, 84176
63.5871, 83312
63.5973, 82880
63.6075, 82448
63.6178, 82880
63.6281, 83312
63.6384, 83312
63.6487, 82448
63.659, 81800
63.6693, 82016
63.6798, 83312
63.6902, 83960
63.7009, 82880
63.7114, 81800
63.722, 81368
63.7327, 81800
63.7438, 81584
63.7543, 81584
63.7648, 81368
63.7758, 81368
63.7888, 81368
63.8007, 81152
63.8133, 80504
63.8251, 80288
63.8368, 80288
63.8478, 80072
63.8583, 80072
63.8695, 79856
63.8808, 79856
63.8914, 79424
63.9019, 79424
63.9123, 79424
63.9226, 79208
63.9329, 79208
63.9433, 79424
63.9536, 79424
63.964, 79424
63.9743, 79424
63.9846, 79424
63.995, 79640
64.0055, 79640
64.016, 79640
64.0264, 79424
64.0368, 79424
64.0476, 79424
64.0699, 79856
64.0814, 79856
64.0919, 79640
64.1031, 79208
64.1143, 78992
64.1249, 78992
64.1367, 78992
64.1474, 78992
64.1579, 78776
64.1684, 78992
64.179, 78776
64.1899, 78776
64.2005, 78776
64.2111, 78776
64.2213, 78776
64.2317, 78776
64.2423, 78776
64.2529, 78992
64.2633, 78560
64.2744, 78776
64.2854, 78776
64.2961, 78776
64.3066, 78776
64.3173, 78776
64.3283, 78560
64.3405, 78560
64.3517, 78344
64.362, 78344
64.3726, 78128
64.3829, 78128
64.3931, 78776
64.4034, 78776
64.4138, 78560
64.4242, 78344
64.4346, 78344
64.4451, 78128
64.4556, 78128
64.4662, 78128
64.4766, 77912
64.4869, 78128
64.4971, 78128
64.5074, 78128
64.5178, 78128
64.5281, 78128
64.5383, 78128
64.5487, 78128
64.559, 78128
64.5692, 78128
64.5794, 78128
64.5896, 78128
64.5998, 78128
64.61, 78128
64.6202, 78128
64.6305, 78128
64.6407, 78128
64.6509, 78128
64.6611, 78128
64.6713, 78128
64.6846, 78344
64.695, 78344
64.7055, 78560
64.7163, 78560
64.7268, 78776
64.7372, 78776
64.7479, 78560
64.7585, 78560
64.7692, 78560
64.7798, 78560
64.7903, 78560
64.8009, 78560
64.8114, 78560
64.8217, 78776
64.8319, 78776
64.8421, 78776
64.8524, 78776
64.8626, 78560
64.8729, 78560
64.8831, 78344
64.8933, 78344
64.9036, 78344
64.9138, 78128
64.9242, 77912
64.9346, 78128
64.945, 77912
64.9552, 77912
64.9655, 77912
64.9757, 77912
64.986, 77912
64.9962, 77696
65.0064, 77696
65.0169, 78560
65.0272, 78776
65.0374, 78992
65.0477, 79208
65.058, 79424
65.0682, 79856
65.0785, 80072
65.0888, 80072
65.0991, 80072
65.1093, 80072
65.1196, 80072
65.1298, 80288
65.1401, 80720
65.1503, 80288
65.1605, 80072
65.1706, 79856
65.1808, 79856
65.191, 79856
65.2019, 79856
65.2122, 80720
65.2225, 81368
65.2329, 82016
65.2432, 82232
65.2534, 81368
65.2639, 83528
65.2748, 84824
65.2853, 85256
65.2959, 85256
65.3066, 85040
65.317, 84176
65.3273, 83960
65.3378, 83960
65.3484, 83744
65.3588, 83744
65.3691, 83528
65.3794, 83528
65.3898, 83528
65.4001, 83528
65.4105, 83528
65.4209, 83744
65.4314, 83744
65.4417, 83528
65.452, 83528
65.4624, 83528
65.4727, 83528
65.483, 83528
65.4933, 83528
65.5036, 82664
65.5142, 82232
65.5251, 82232
65.5353, 82448
65.5456, 82880
65.556, 82880
65.5663, 82880
65.5767, 82448
65.587, 82448
65.5974, 82664
65.6079, 82016
65.6183, 81584
65.63, 81152
65.6406, 81152
