time, temp
0.000960944, 64952
0.0115803, 64952
0.0224882, 64952
0.0332893, 65168
0.0437263, 64952
0.0542462, 65168
0.0652307, 65168
0.0759833, 65168
0.0867449, 65168
0.0977908, 65168
0.108461, 65168
0.119229, 65168
0.129897, 65168
0.140586, 65168
0.15128, 65168
0.161886, 65168
0.172519, 65168
0.183104, 65168
0.193592, 65384
0.204076, 65384
0.214544, 65384
0.225047, 65600
0.235452, 65600
0.245835, 65600
0.256253, 65600
0.266639, 65600
0.277064, 65816
0.287438, 65816
0.297833, 66032
0.308265, 65816
0.318662, 65816
0.339449, 66032
0.349887, 66032
0.36033, 66032
0.370848, 66032
0.381373, 66032
0.39189, 66032
0.402412, 66032
0.412919, 66032
0.423449, 66032
0.433885, 66032
0.444311, 66032
0.454643, 66248
0.46494, 66464
0.475257, 66464
0.485635, 66680
0.495985, 66680
0.506324, 66896
0.516667, 67112
0.527032, 67328
0.537352, 67544
0.547715, 67544
0.558078, 68840
0.569535, 69056
0.58001, 69272
0.590393, 69488
0.600914, 69920
0.61135, 70136
0.621742, 70136
0.632156, 70136
0.642521, 70352
0.652805, 70352
0.662969, 70352
0.673097, 70352
0.683229, 70352
0.693354, 70352
0.703485, 70568
0.713609, 70568
0.723726, 70136
0.733846, 69920
0.743985, 69920
0.754103, 69704
0.764232, 69488
0.774358, 69488
0.784489, 69272
0.794626, 69272
0.804761, 69272
0.814898, 69272
0.825027, 69056
0.835154, 69272
0.845288, 69704
0.855423, 71216
0.865564, 72728
0.875714, 74024
0.885873, 74888
0.896018, 75320
0.906153, 75104
0.916298, 75536
0.926434, 76184
0.936572, 76400
0.946696, 76832
0.956833, 77480
0.966998, 78128
0.977135, 78560
0.987279, 78776
0.997416, 78992
1.00755, 79208
1.01769, 79640
1.02783, 80072
1.03797, 80288
1.04812, 80504
1.05826, 80720
1.06839, 80936
1.07854, 81152
1.08868, 81368
1.09881, 81584
1.10906, 81584
1.11919, 81800
1.12932, 82016
1.13945, 82232
1.14958, 82232
1.15972, 82448
1.16985, 82664
1.17999, 82664
1.19012, 82232
1.20024, 81152
1.21036, 81584
1.22049, 81368
1.23061, 81152
1.24076, 80504
1.25089, 80288
1.26101, 80072
1.27115, 79856
1.28128, 79640
1.29141, 79424
1.30153, 79424
1.31166, 79208
1.32178, 79208
1.33191, 79208
1.34205, 78992
1.35219, 78992
1.36231, 78992
1.37244, 78776
1.38258, 78776
1.39271, 78776
1.40284, 78776
1.4133, 78776
1.42464, 78992
1.43495, 79208
1.44522, 79208
1.45548, 79424
1.46574, 79424
1.47597, 79856
1.48622, 80072
1.49647, 80072
1.50672, 80072
1.51697, 80288
1.52729, 80504
1.53761, 80504
1.54792, 80720
1.55825, 81152
1.56854, 81584
1.57876, 82232
1.58897, 82664
1.59918, 83528
1.60938, 83744
1.61959, 83960
1.62979, 84176
1.64, 84392
1.65022, 84176
1.66041, 82880
1.67057, 81584
1.68076, 80936
1.69104, 80504
1.70125, 80072
1.7115, 79856
1.72176, 79640
1.73208, 79424
1.74227, 78992
1.75251, 78992
1.76273, 78776
1.77299, 78776
1.78318, 78776
1.7934, 78992
1.8037, 79856
1.81399, 81368
1.82417, 79856
1.83437, 79208
1.84462, 80288
1.8549, 83744
1.86524, 86336
1.87551, 86984
1.88575, 87416
1.896, 87416
1.90628, 87416
1.91655, 88280
1.9268, 87848
1.9371, 85040
1.94728, 83312
1.95743, 81368
1.96752, 80720
1.97764, 80288
1.9878, 79856
1.99795, 79424
2.00826, 80072
2.01853, 80288
2.02888, 80504
2.03911, 80936
2.04932, 81152
2.05961, 81584
2.06982, 81800
2.08007, 81800
2.0903, 82448
2.10052, 85040
2.11071, 83744
2.12087, 83744
2.13107, 83528
2.14128, 83528
2.15149, 83312
2.1617, 82880
2.1719, 82664
2.18218, 82448
2.19255, 82448
2.20298, 82016
2.21332, 81800
2.22373, 81584
2.23415, 80720
2.24462, 80288
2.25512, 80720
2.26551, 80072
2.27581, 79856
2.28606, 79856
2.2963, 79856
2.30652, 81584
2.31681, 82448
2.3271, 83096
2.33733, 83528
2.34756, 83744
2.35781, 84176
2.36807, 84392
2.37833, 84608
2.38861, 84608
2.39889, 84824
2.40915, 85040
2.41942, 85256
2.42967, 85256
2.43991, 85472
2.45014, 85472
2.46043, 85688
2.47066, 85904
2.4809, 85904
2.49118, 85472
2.50145, 84824
2.51173, 84176
2.52201, 83960
2.5324, 84608
2.54271, 85256
2.55304, 85256
2.56334, 84608
2.57365, 84176
2.58397, 83960
2.59429, 83744
2.60455, 83744
2.61481, 82232
2.62505, 82448
2.63525, 81584
2.64551, 81584
2.65578, 81584
2.66599, 81368
2.67618, 81368
2.68639, 81152
2.6966, 81368
2.7068, 81368
2.71701, 81800
2.72721, 81800
2.73738, 81800
2.74757, 81800
2.75778, 81800
2.76796, 81800
2.77814, 82016
2.78831, 82016
2.79851, 81800
2.80867, 81800
2.81889, 81584
2.82917, 81584
2.83943, 81368
2.84975, 81152
2.86007, 80720
2.87031, 80720
2.88063, 81800
2.89087, 83528
2.90108, 84608
2.91129, 85256
2.9215, 85688
2.93171, 85040
2.94188, 84824
2.95212, 84392
2.96229, 84176
2.97245, 84824
2.98279, 83960
2.99297, 82448
3.00314, 82016
3.01331, 81800
3.02352, 81368
3.03378, 81152
3.04409, 80936
3.0544, 80936
3.06477, 80720
3.07506, 81152
3.08531, 81152
3.0956, 80936
3.10587, 80936
3.11697, 80936
3.12733, 82664
3.13762, 81800
3.14784, 81368
3.15804, 82016
3.16823, 85472
3.1784, 88712
3.18856, 88928
3.19876, 89144
3.209, 89360
3.21919, 87848
3.22932, 83096
3.2395, 82016
3.24965, 80936
3.2598, 79856
3.26999, 78992
3.28016, 78128
3.29034, 77912
3.3005, 77480
3.31065, 77264
3.32082, 77048
3.33099, 76616
3.34115, 76616
3.3513, 76184
3.36149, 75968
3.37186, 75752
3.38219, 75752
3.39253, 75536
3.40288, 75536
3.41322, 75320
3.42357, 75320
3.43387, 75104
3.44418, 74888
3.45449, 74888
3.46492, 75104
3.47538, 75104
3.48598, 76184
3.49669, 76616
3.50752, 76832
3.51811, 77696
3.5286, 78776
3.55301, 79424
3.56371, 79640
3.57466, 79856
3.58563, 80072
3.59673, 80504
3.6075, 81152
3.61819, 81800
3.62908, 82664
3.63962, 83096
3.65017, 82448
3.66069, 81800
3.67174, 80504
3.68231, 79856
3.69279, 79424
3.70395, 79208
3.71453, 79640
3.72505, 80072
3.73537, 79856
3.74561, 78992
3.75581, 78560
3.76604, 77912
3.77626, 77696
3.78657, 77480
3.79677, 77480
3.80701, 77264
3.81722, 77264
3.82746, 77264
3.83767, 77264
3.84789, 77264
3.85808, 77264
3.86834, 77048
3.87855, 77264
3.8888, 77048
3.89906, 77048
3.90931, 77048
3.91956, 77048
3.92981, 77048
3.94012, 77048
3.95039, 77048
3.96079, 77048
3.97124, 77048
3.98163, 77264
3.99192, 77264
4.00209, 77048
4.01231, 77048
4.02267, 77048
4.03296, 76616
4.04328, 76832
4.05359, 76616
4.06399, 76616
4.07437, 76616
4.08505, 77264
4.09605, 77048
4.10682, 77048
4.11761, 76832
4.12791, 76832
4.1384, 76616
4.14866, 76616
4.15879, 76832
4.1689, 77048
4.17903, 77048
4.18914, 77048
4.19926, 77480
4.20943, 77480
4.21959, 78344
4.22972, 78560
4.23987, 79424
4.25008, 79424
4.26031, 79640
4.27048, 79856
4.28073, 79640
4.29136, 79856
4.30908, 80720
4.31975, 82232
4.33015, 83744
4.34041, 84392
4.35085, 84608
4.36114, 84176
4.37138, 83528
4.38161, 83312
4.39206, 82880
4.4023, 82448
4.41291, 82232
4.42324, 80504
4.4335, 80072
4.44382, 79640
4.45405, 79208
4.4644, 78992
4.47468, 78344
4.48491, 78128
4.49517, 78128
4.5054, 77912
4.51564, 77912
4.52604, 78560
4.5363, 79640
4.54658, 79856
4.55682, 79856
4.57013, 79208
4.58051, 79424
4.5908, 79424
4.60107, 79208
4.61343, 79208
4.62596, 80288
4.63771, 82664
4.64923, 83312
4.66056, 83312
4.67336, 83312
4.68537, 84176
4.69742, 83744
4.70846, 85040
4.72019, 85256
4.73073, 85040
4.74096, 84824
4.75136, 84392
4.76173, 83744
4.77208, 83312
4.78242, 81584
4.79262, 80720
4.80275, 80072
4.81289, 79424
4.82302, 78992
4.83318, 78560
4.84336, 78560
4.8535, 78560
4.86363, 78344
4.87376, 78560
4.8839, 78560
4.89404, 78344
4.90419, 78344
4.91435, 78344
4.92449, 78344
4.93468, 78344
4.94489, 78344
4.95517, 78344
4.96544, 78344
4.97561, 78560
4.98578, 78560
4.99599, 78776
5.00626, 79424
5.01674, 80504
5.02702, 81368
5.03726, 79640
5.04754, 78776
5.05777, 78128
5.06797, 77696
5.07819, 77696
5.0885, 77480
5.09908, 77480
5.10939, 77480
5.11971, 77480
5.13003, 77912
5.14038, 77912
5.15139, 78560
5.16289, 78992
5.17352, 79208
5.18395, 78992
5.19432, 78776
5.20459, 78560
5.21487, 78344
5.22518, 78128
5.23551, 78128
5.24588, 78776
5.25637, 78992
5.26683, 79208
5.2773, 78992
5.2877, 78776
5.29811, 78560
5.30852, 78560
5.31909, 78344
5.32952, 78128
5.3399, 78128
5.35028, 78128
5.36063, 78128
5.3709, 78128
5.3811, 77912
5.39125, 78128
5.40152, 77912
5.41171, 78128
5.42189, 77912
5.43223, 77696
5.44267, 77912
5.45304, 77912
5.46383, 77912
5.47545, 77480
5.48624, 77264
5.49681, 77264
5.50771, 78128
5.51794, 78992
5.52812, 78128
5.53825, 77696
5.54836, 77480
5.55847, 77048
5.56857, 77048
5.57868, 76832
5.58878, 76832
5.59889, 76616
5.60908, 76616
5.61923, 76400
5.62936, 76400
5.63971, 76400
5.64987, 76184
5.66008, 76184
5.67041, 76400
5.68067, 76184
5.69091, 75968
5.70119, 75968
5.71157, 76400
5.72194, 76616
5.73223, 76832
5.74291, 76832
5.75335, 76832
5.76376, 77264
5.7742, 77048
5.78446, 76832
5.79476, 76832
5.80506, 76832
5.8153, 77048
5.82549, 77048
5.83589, 77264
5.84622, 78128
5.85654, 80936
5.86684, 81584
5.87714, 81368
5.88748, 81152
5.89788, 81368
5.90828, 80936
5.91874, 80720
5.92918, 80504
5.93964, 80504
5.95004, 80288
5.96043, 80288
5.97084, 79856
5.98114, 79208
5.9914, 78344
6.00176, 77912
6.01208, 79208
6.02238, 80072
6.03275, 80504
6.04313, 80504
6.0534, 80288
6.06364, 80288
6.07386, 80288
6.08415, 79640
6.09478, 79424
6.10521, 78992
6.11575, 78776
6.12688, 78560
6.13742, 78776
6.16278, 80504
6.17485, 81368
6.18537, 81800
6.19578, 82016
6.20602, 82232
6.21624, 82448
6.2264, 82448
6.23657, 82016
6.24679, 83096
6.257, 84176
6.26717, 83096
6.27744, 82448
6.28763, 81800
6.29778, 81368
6.30798, 80936
6.31821, 78992
6.32846, 78344
6.33875, 78344
6.34902, 78560
6.35934, 78776
6.36966, 79424
6.38004, 79424
6.39034, 79424
6.4007, 79424
6.41144, 80288
6.42182, 81800
6.43214, 81368
6.44249, 81368
6.45295, 81152
6.46338, 80720
6.47387, 80504
6.48448, 80504
6.49515, 80504
6.50553, 80504
6.51604, 80504
6.52703, 80288
6.53774, 80072
6.54828, 80288
6.55888, 80936
6.56945, 81368
6.58003, 81368
6.59056, 80936
6.60122, 80936
6.61176, 81152
6.62226, 81152
6.63282, 81152
6.64314, 80720
6.65337, 80720
6.66354, 80504
6.67368, 80504
6.68381, 80504
6.69398, 80288
6.70416, 80288
6.71432, 80288
6.72445, 80288
6.73456, 80288
6.74473, 80288
6.75489, 80288
6.76503, 80288
6.7752, 80504
6.78537, 80504
6.79551, 80720
6.80565, 80936
6.81578, 80936
6.82593, 80936
6.83622, 80720
6.84652, 80504
6.85724, 80288
6.86753, 80072
6.87777, 79856
6.88803, 79640
6.89832, 79424
6.90874, 79208
6.91932, 78992
6.92979, 79208
6.94028, 80504
6.95068, 80504
6.96114, 79856
6.97165, 79640
6.98214, 79856
6.99254, 77912
7.00284, 77480
7.01312, 77048
7.02341, 77048
7.0338, 77048
7.04424, 77264
7.05464, 77264
7.06497, 77696
7.07533, 77912
7.08564, 78128
7.09606, 78128
7.1064, 78344
7.11677, 78344
7.12718, 78344
7.13754, 77912
7.14793, 77912
7.15847, 77912
7.16913, 77912
7.17984, 77912
7.19039, 78344
7.20087, 78560
7.21151, 78560
7.22199, 78776
7.23237, 78992
7.24274, 78992
7.25311, 78992
7.26348, 80072
7.27384, 79856
7.28428, 79856
7.2947, 79856
7.30519, 79856
7.31604, 82448
7.32662, 83312
7.33715, 83960
7.34785, 83096
7.35861, 80936
7.36928, 80504
7.37986, 80072
7.39046, 79856
7.40097, 79640
7.4115, 79424
7.42202, 79424
7.43258, 79208
7.44306, 78560
7.45344, 78344
7.4638, 78128
7.47411, 78128
7.48442, 78128
7.49461, 78344
7.50474, 78344
7.51493, 77912
7.52507, 77912
7.53523, 77912
7.54549, 77912
7.55592, 77912
7.5665, 77912
7.57699, 77912
7.58752, 78776
7.59785, 78992
7.60825, 78344
7.6187, 77912
7.62916, 77912
7.63967, 77696
7.65005, 79856
7.66033, 79424
7.67066, 80936
7.68107, 82016
7.69166, 81800
7.70209, 81368
7.71247, 80720
7.72274, 80504
7.733, 80504
7.74331, 80288
7.75357, 79424
7.7638, 79208
7.77411, 78992
7.78444, 78992
7.79479, 78560
7.80514, 78992
7.81546, 79208
7.82578, 79208
7.83617, 79640
7.84646, 79640
7.85674, 79640
7.8669, 80504
7.87703, 80720
7.8872, 79424
7.89743, 78776
7.90771, 78344
7.91792, 78128
7.92813, 77912
7.93838, 77696
7.94872, 77480
7.95972, 77264
7.97051, 77264
7.98144, 77480
7.99224, 77480
8.00276, 77480
8.01323, 77480
8.02374, 77480
8.03413, 77696
8.04455, 77480
8.05479, 77696
8.065, 77696
8.0752, 77912
8.08541, 77912
8.09561, 78344
8.1059, 79856
8.11618, 81152
8.12658, 82880
8.13696, 83312
8.14722, 83960
8.15744, 84176
8.16786, 84608
8.1792, 84392
8.18961, 83960
8.20013, 83528
8.21055, 83312
8.22088, 83096
8.23124, 83096
8.24152, 82880
8.25187, 83096
8.26217, 83096
8.27278, 83312
8.28325, 83312
8.29362, 83312
8.30384, 83312
8.3252, 82880
8.33591, 82664
8.34642, 82016
8.35692, 80936
8.36792, 80720
8.37848, 80504
8.38908, 80288
8.3998, 80072
8.41044, 79856
8.42138, 79640
8.43214, 79640
8.44268, 78992
8.4531, 79208
8.46355, 79208
8.47401, 78992
8.48441, 78992
8.49486, 78776
8.50515, 78776
8.51546, 78776
8.52575, 78992
8.53607, 78992
8.54637, 78992
8.55668, 79424
8.56712, 79856
8.57751, 79856
8.58982, 80072
8.60169, 79424
8.61237, 79208
8.62293, 78992
8.63328, 78776
8.64366, 78992
8.65419, 78776
8.66459, 78560
8.67488, 78560
8.68541, 78560
8.69584, 78560
8.70616, 78560
8.71655, 78344
8.72677, 78344
8.73695, 78560
8.74711, 78560
8.75723, 78776
8.76738, 78560
8.77751, 78560
8.78764, 78560
8.79775, 78344
8.8079, 78344
8.81811, 78992
8.82837, 80288
8.83863, 81584
8.84887, 82232
8.85913, 82880
8.86942, 83744
8.87968, 83960
8.88992, 84392
8.90012, 84824
8.91032, 84824
8.92051, 83096
8.93072, 82448
8.94116, 81152
8.95174, 80720
8.96214, 80288
8.97242, 79856
8.98269, 79640
8.99298, 79208
9.00329, 79208
9.01377, 78560
9.02428, 78128
9.03471, 78560
9.04513, 78992
9.05557, 80072
9.06609, 80936
9.07784, 81152
9.0903, 81368
9.10578, 81368
9.11862, 82448
9.13264, 83096
9.14501, 83096
9.15731, 83312
9.16872, 83096
9.18013, 83312
9.19174, 83096
9.20227, 81152
9.21271, 80936
9.22321, 80720
9.23365, 80288
9.24404, 80504
9.25432, 83960
9.26458, 84824
9.27487, 83744
9.28513, 82880
9.29538, 82232
9.30564, 81800
9.31589, 81584
9.32615, 81152
9.33642, 80288
9.34671, 79640
9.35695, 79208
9.36732, 80072
9.37761, 80720
9.38791, 81152
9.39811, 82232
9.40834, 82448
9.41861, 82664
9.42888, 82880
9.43917, 83096
9.44943, 83312
9.45968, 84176
9.47008, 83744
9.48048, 81800
9.49069, 80936
9.50094, 80072
9.51148, 79640
9.52204, 79424
9.53224, 79208
9.5426, 79208
9.55315, 78992
9.56334, 78776
9.57372, 78560
9.58402, 78560
9.59419, 78560
9.60438, 78344
9.61459, 78344
9.62476, 78344
9.63505, 78776
9.64532, 79856
9.6556, 79856
9.66587, 80072
9.67615, 80072
9.68638, 79856
9.6967, 81152
9.70699, 81584
9.71726, 81584
9.72758, 81368
9.73791, 80936
9.74819, 80720
9.75843, 80072
9.76873, 79640
9.77904, 79424
9.78931, 79208
9.79963, 78776
9.80996, 78776
9.82028, 78560
9.83058, 78128
9.84089, 77912
9.85123, 77696
9.86165, 77912
9.87215, 77912
9.88258, 78128
9.89301, 78128
9.90344, 78128
9.91382, 77912
9.92442, 77912
9.93495, 77696
9.9454, 77480
9.95592, 77696
9.96642, 77912
9.97688, 77912
9.98733, 77480
9.99766, 77264
10.008, 77048
10.0183, 77480
10.0287, 77480
10.0389, 79640
10.0491, 78992
10.0594, 78128
10.0697, 77912
10.0799, 77696
10.0902, 77696
10.1004, 77696
10.1106, 77696
10.1207, 78560
10.1309, 79208
10.1411, 78992
10.1513, 78344
10.1615, 78128
10.1717, 77912
10.182, 78344
10.1926, 79208
10.2029, 79208
10.2133, 78776
10.2236, 78560
10.2341, 78344
10.2445, 78560
10.2548, 78776
10.2653, 78776
10.2756, 78776
10.2858, 78344
10.2961, 78128
10.3063, 77912
10.3165, 78560
10.3267, 78776
10.337, 79640
10.3489, 80072
10.3592, 79856
10.3695, 80288
10.3797, 80504
10.3899, 80720
10.4002, 80720
10.4106, 81152
10.4224, 81368
10.4337, 81584
10.4449, 82448
10.4558, 83312
10.467, 83528
10.4782, 83744
10.4899, 84176
10.5012, 84176
10.5123, 84176
10.5253, 82232
10.5362, 82016
10.5464, 81584
10.5566, 81368
10.5667, 81152
10.5769, 80720
10.587, 80504
10.5972, 80504
10.6074, 80288
10.6175, 79856
10.6276, 79208
10.6378, 79424
10.6481, 80072
10.6585, 81584
10.6689, 82232
10.6792, 82880
10.6894, 81368
10.6996, 80504
10.7098, 81800
10.7201, 85472
10.7303, 88712
10.7406, 88064
10.7509, 87632
10.7611, 87200
10.7713, 85472
10.7814, 82232
10.7915, 81152
10.8016, 80288
10.8117, 79640
10.8218, 78992
10.832, 78560
10.8422, 78776
10.8525, 78992
10.8628, 79208
10.8731, 79208
10.8834, 79208
10.8936, 79208
10.904, 78992
10.9145, 78776
10.925, 78560
10.9353, 78344
10.9456, 78128
10.9559, 78128
10.9664, 78560
10.9768, 78776
10.9873, 78776
10.9976, 78992
11.008, 79208
11.0183, 79424
11.0287, 79424
11.0392, 79640
11.0495, 79640
11.0599, 79640
11.0703, 79208
11.0805, 78776
11.0908, 78560
11.101, 78344
11.1115, 78344
11.1218, 78128
11.1321, 78344
11.1424, 78344
11.1527, 78344
11.163, 79424
11.1733, 81152
11.1835, 81368
11.1938, 80504
11.2041, 79856
11.2143, 79640
11.2246, 81368
11.2348, 82664
11.245, 83528
11.2552, 84176
11.2657, 84608
11.2775, 85040
11.2892, 84392
11.2997, 83960
11.3105, 83528
11.3221, 83312
11.3332, 83312
11.344, 83096
11.3545, 83096
11.3653, 82880
11.3762, 82880
11.3865, 83096
11.3974, 83960
11.4078, 84608
11.418, 85040
11.4283, 84392
11.4385, 82448
11.4487, 81800
11.4589, 81584
11.469, 81368
11.4792, 81368
11.4893, 81152
11.4995, 81368
11.5097, 81584
11.5199, 81368
11.53, 80936
11.5402, 80288
11.5503, 80072
11.5604, 80072
11.5705, 79856
11.5807, 80072
11.5908, 80936
11.6011, 81800
11.6114, 82232
11.6217, 82448
11.6321, 82664
11.6425, 84392
11.6528, 83096
11.6631, 82880
11.6733, 83096
11.6835, 83096
11.6937, 83744
11.7039, 83744
11.714, 82880
11.7242, 82232
11.7351, 82232
11.7457, 83960
11.7559, 84608
11.766, 85040
11.7762, 85472
11.7863, 85688
11.7965, 86120
11.8066, 85472
11.8168, 85256
11.827, 84824
11.8371, 84608
11.8473, 82880
11.8575, 82016
11.8677, 81584
11.8778, 81152
11.888, 81152
11.8981, 80288
11.9083, 80072
11.9184, 79856
11.9286, 79640
11.9388, 79640
11.95, 79856
11.9612, 79640
11.9724, 79640
11.9826, 79640
11.9929, 79208
12.0033, 79208
12.0136, 79208
12.0242, 80072
12.0346, 81152
12.0452, 79856
12.0557, 79208
12.0661, 78992
12.0767, 78776
12.0873, 79208
12.0977, 79856
12.1081, 80072
12.1186, 80072
12.1291, 80072
12.1398, 79640
12.1501, 79640
12.1604, 79208
12.1708, 79424
12.1811, 79424
12.1914, 79208
12.2018, 79208
12.2122, 79208
12.2226, 79208
12.2359, 78992
12.2504, 78992
12.2623, 78776
12.2738, 78560
12.285, 78560
12.2967, 78344
12.3086, 78344
12.3201, 78344
12.3309, 78128
12.3417, 78344
12.3522, 78560
12.3628, 78560
12.3732, 78992
12.3834, 78992
12.3936, 78776
12.4038, 78560
12.4141, 78344
12.4243, 78344
12.4346, 78344
12.445, 78344
12.4552, 78128
12.4654, 78128
12.4756, 77912
12.4858, 77912
12.496, 77912
12.5062, 78128
12.5163, 78560
12.5266, 80072
12.5368, 80072
12.547, 78560
12.5572, 78344
12.5675, 77912
12.5778, 78128
12.5882, 78344
12.5985, 79640
12.6089, 79208
12.6193, 78776
12.6295, 78560
12.6401, 78560
12.651, 79208
12.6616, 79640
12.6721, 79856
12.6825, 80072
12.6932, 81152
12.7037, 81368
12.7143, 81800
12.7248, 81800
12.7355, 82232
12.7459, 82232
12.7564, 81800
12.7668, 81368
12.7772, 81152
12.7875, 80936
12.7978, 80504
12.8081, 80288
12.8184, 80288
12.8287, 79856
12.839, 79856
12.8492, 79856
12.8595, 79856
12.8697, 79856
12.88, 79640
12.8902, 79208
12.9005, 78776
12.9108, 78344
12.9215, 78560
12.9327, 81368
12.9434, 81584
12.954, 81800
12.9642, 81800
12.9747, 81800
12.9853, 81800
12.9955, 81800
13.0058, 81800
13.0163, 81800
13.0265, 81584
13.0372, 81800
13.0478, 81584
13.0582, 81584
13.0684, 81800
13.0786, 82016
13.0888, 82016
13.0989, 81800
13.109, 81584
13.1191, 81800
13.1292, 82232
13.1393, 82232
13.1495, 82232
13.1596, 82448
13.1699, 81584
13.18, 80504
13.1901, 79856
13.2003, 79424
13.2105, 80072
13.2209, 81800
13.2312, 82232
13.2416, 82448
13.2519, 82448
13.2622, 82664
13.2725, 82880
13.2828, 82880
13.2932, 83096
13.3129, 83528
13.3231, 84608
13.3334, 85040
13.3436, 85256
13.3539, 85472
13.3641, 85688
13.3744, 84608
13.3846, 83744
13.3949, 82664
13.4051, 82016
13.4153, 81800
13.4256, 81152
13.4358, 80720
13.446, 81152
13.4563, 81152
13.4665, 81368
13.4768, 81152
13.487, 81152
13.4972, 81152
13.5075, 80936
13.5178, 81152
13.528, 81800
13.5383, 82232
13.5485, 84824
13.5589, 83744
13.5698, 82232
13.5813, 80936
13.5926, 80936
13.604, 81152
13.6146, 81368
13.6278, 81368
13.6421, 83744
13.6526, 84824
13.6631, 84392
13.6737, 84824
13.6842, 83528
13.6952, 84392
13.7057, 83960
13.7162, 83744
13.7266, 84176
13.7372, 84824
13.7476, 84824
13.7579, 84392
13.7682, 83312
13.7784, 82016
13.7886, 81368
13.7989, 80936
13.8091, 80504
13.8195, 81368
13.8299, 81368
13.8403, 80720
13.8507, 79640
13.8618, 78776
13.8723, 79208
13.8826, 79208
13.8928, 79424
13.9032, 79640
13.914, 79640
13.9248, 79424
13.9359, 79208
13.9467, 78992
13.9572, 78776
13.9676, 78776
13.9786, 78776
13.9895, 78560
14.0001, 78560
14.0106, 78560
14.021, 78560
14.0317, 78560
14.0422, 78560
14.0525, 78776
14.0627, 79424
14.0731, 80936
14.0833, 79640
14.0935, 79640
14.1037, 78992
14.114, 78776
14.1242, 78344
14.1344, 77912
14.1445, 77696
14.1547, 77696
14.1649, 77696
14.1751, 77912
14.1852, 78560
14.1955, 78776
14.2057, 78992
14.2159, 78776
14.2261, 78344
14.2372, 79856
14.2477, 79424
14.2581, 79208
14.2684, 79424
14.2788, 80504
14.2969, 83312
14.3071, 84176
14.3173, 84608
14.3276, 85040
14.3378, 85256
14.348, 85688
14.3583, 85904
14.3685, 85472
14.3787, 84824
14.389, 84392
14.3992, 84608
14.4094, 85472
14.4197, 85904
14.4299, 86120
14.4401, 85472
14.4504, 83528
14.4607, 82664
14.4709, 82664
14.4811, 82448
14.4913, 82448
14.5015, 82232
14.5117, 82232
14.522, 82016
14.5322, 81800
14.5425, 82448
14.5527, 83096
14.5629, 82664
14.5732, 82232
14.5835, 82232
14.5941, 81584
14.6051, 80504
14.6157, 80288
14.6261, 79856
14.6366, 79856
14.6471, 80288
14.6576, 80288
14.668, 80504
14.6784, 80720
14.6889, 80720
14.6991, 80288
14.7094, 80072
14.7197, 79640
14.7299, 79640
14.7401, 80936
14.7503, 81152
14.7606, 80504
14.7708, 80504
14.781, 80504
14.7913, 79856
14.8015, 79208
14.8117, 78992
14.822, 78776
14.8323, 78560
14.8449, 79208
14.8553, 79640
14.8656, 79856
14.8759, 80072
14.8862, 79856
14.8966, 79424
14.9069, 79208
14.9172, 79208
14.9276, 78992
14.9379, 78992
14.9484, 78776
14.9587, 78776
14.969, 78776
14.9793, 78344
14.9896, 78344
14.9997, 78344
15.0099, 78128
15.0201, 78128
15.0303, 78128
15.0405, 78344
15.0508, 78776
15.061, 78776
15.0712, 78776
15.0814, 78560
15.0916, 78560
15.1019, 78344
15.1122, 78560
15.1225, 78776
15.1329, 80072
15.1432, 79424
15.1535, 78992
15.1639, 78560
15.1742, 79208
15.185, 82448
15.1959, 84392
15.2064, 85040
15.217, 84824
15.2278, 83960
15.2387, 84176
15.2492, 84392
15.2596, 84392
15.2701, 83744
15.2807, 83312
15.2917, 83528
15.3024, 83312
15.3132, 83096
15.3244, 83312
15.3348, 83096
15.3452, 83096
15.3554, 81152
15.3656, 80720
15.3757, 80072
15.3859, 79856
15.3962, 79424
15.4065, 79424
15.4168, 78992
15.4271, 78776
15.4374, 78560
15.4477, 78344
15.4579, 79856
15.4682, 80504
15.4784, 80720
15.4886, 81152
15.4989, 81152
15.5091, 83096
15.5193, 83960
15.5296, 84392
15.54, 84608
15.5507, 81800
15.5611, 81152
15.5715, 80936
15.5819, 80720
15.5924, 80504
15.6028, 80288
15.6131, 80072
15.6233, 79856
15.6336, 79856
15.6439, 79640
15.6541, 79640
15.6644, 80720
15.6746, 80936
15.6849, 80720
15.6951, 80288
15.7053, 80072
15.7155, 79640
15.7258, 79208
15.7361, 79856
15.7464, 80072
15.7566, 79424
15.7669, 79424
15.7771, 79424
15.7873, 81368
15.7975, 83096
15.8077, 84608
15.8179, 85040
15.8282, 85472
15.8384, 85904
15.8486, 85688
15.8588, 85040
15.8691, 84608
15.8793, 84392
15.8895, 83744
15.8996, 81800
15.9097, 80936
15.9198, 80504
15.93, 80504
15.9402, 81368
15.9508, 81584
15.9619, 79856
15.973, 79640
15.9845, 79640
15.9974, 79856
16.0091, 79856
16.0202, 80072
16.0318, 80288
16.0427, 80288
16.0533, 80504
16.0638, 80504
16.0743, 80288
16.0848, 80288
16.0954, 80288
16.1058, 80072
16.1162, 79856
16.1265, 79640
16.1368, 79424
16.147, 79208
16.1573, 79424
16.1675, 80504
16.1778, 80288
16.188, 80288
16.1983, 80288
16.2086, 80288
16.2191, 80288
16.2295, 80072
16.2404, 79856
16.2534, 80072
16.2639, 80072
16.2745, 80072
16.2852, 80072
16.2959, 80288
16.3169, 81152
16.3273, 83528
16.3378, 84176
16.3485, 84608
16.359, 85040
16.3693, 85472
16.3798, 83312
16.3902, 82448
16.4007, 82016
16.4112, 81584
16.4216, 81152
16.4321, 80936
16.4426, 80720
16.4532, 80504
16.4637, 80288
16.4741, 79856
16.4843, 79424
16.4945, 79208
16.5046, 78992
16.5148, 78776
16.525, 78560
16.5352, 78560
16.5453, 78344
16.5555, 78344
16.5656, 78344
16.5758, 78344
16.586, 78992
16.5964, 79424
16.6067, 79640
16.6201, 78992
16.6304, 80288
16.6414, 79424
16.6522, 79208
16.6639, 79208
16.6748, 78992
16.6865, 78992
16.6981, 79640
16.7086, 80504
16.7194, 81152
16.7298, 82232
16.7404, 83528
16.7508, 83528
16.7614, 82880
16.7718, 82232
16.7821, 82448
16.7925, 83096
16.803, 82880
16.8134, 81800
16.8237, 81368
16.8341, 80936
16.8445, 80720
16.8548, 80072
16.8652, 80072
16.8756, 79856
16.8859, 79640
16.8963, 79640
16.9067, 79856
16.917, 80504
16.9272, 80720
16.9375, 80936
16.9477, 81152
16.9609, 81800
16.9712, 84392
16.9816, 82880
16.9919, 82448
17.0021, 82016
17.0123, 81584
17.0225, 81584
17.0328, 81368
17.043, 81152
17.0532, 80936
17.0634, 80504
17.0736, 80504
17.0838, 80504
17.094, 80720
17.1041, 80288
17.1142, 80504
17.1243, 80504
17.1345, 80288
17.1447, 80288
17.1552, 80072
17.1655, 80072
17.1759, 80504
17.1861, 81800
17.1964, 81584
17.2066, 82880
17.2169, 83744
17.2273, 84176
17.2375, 84608
17.2476, 85040
17.2578, 85688
17.2679, 85904
17.278, 86336
17.2881, 86120
17.2983, 85472
17.3084, 84824
17.319, 84824
17.3292, 85472
17.3395, 85904
17.3497, 86336
17.3599, 85040
17.3702, 84392
17.3804, 82880
17.3906, 82016
17.401, 81800
17.4114, 83528
17.4219, 84608
17.4323, 84824
17.4425, 83960
17.4527, 82016
17.4628, 80720
17.4729, 80288
17.4831, 79856
17.4994, 79640
17.5097, 80504
17.52, 82232
17.5303, 83096
17.5406, 83744
17.5508, 83960
17.561, 85040
17.5712, 84824
17.5815, 83744
17.5917, 82664
17.6018, 81800
17.6119, 81368
17.622, 81152
17.6321, 81152
17.6422, 81152
17.6524, 81584
17.6626, 81152
17.6727, 81152
17.6829, 81152
17.6932, 81800
17.7035, 82448
17.714, 82664
17.7246, 83096
17.7353, 83096
17.7458, 83528
17.7564, 83744
17.7671, 83528
17.7775, 84176
17.788, 84824
17.7994, 84176
17.8108, 83528
17.8215, 82880
17.8332, 82880
17.8443, 82880
17.8552, 83096
17.8669, 83096
17.8788, 82880
17.8921, 82880
17.9038, 82880
17.9146, 82232
17.9257, 81800
17.9363, 82232
17.9468, 82664
17.9575, 82664
17.9679, 82448
17.9783, 82448
17.9887, 82448
17.9994, 82448
18.0097, 81800
18.02, 80936
18.0302, 80504
18.0405, 80288
18.0507, 80072
18.061, 80072
18.0712, 79856
18.0815, 79856
18.0917, 79856
18.1022, 80504
18.1128, 82016
18.1234, 82448
18.1337, 82664
18.144, 82232
18.1543, 81584
18.1646, 81152
18.1753, 80504
18.1858, 79856
18.1963, 79424
18.2069, 79208
18.2173, 78992
18.2276, 78992
18.2381, 78776
18.2485, 83312
18.2589, 84392
18.2731, 84176
18.2845, 84176
18.2953, 84176
18.3061, 84392
18.3166, 84608
18.3277, 84608
18.3393, 83744
18.3514, 82448
18.3635, 82664
18.3739, 83312
18.3842, 83312
18.3943, 82232
18.4045, 81368
18.4146, 80936
18.4248, 80720
18.4349, 80072
18.445, 80072
18.4551, 79640
18.4652, 79424
18.4754, 79856
18.4856, 80936
18.4958, 81800
18.5061, 83096
18.5163, 82448
18.5265, 82232
18.5367, 82232
18.547, 82232
18.5572, 83312
18.5674, 84608
18.5776, 83960
18.5877, 83528
18.5978, 83096
18.6081, 83096
18.6183, 82880
18.6287, 82880
18.6391, 83312
18.6494, 82880
18.6597, 82664
18.67, 82232
18.6804, 80936
18.6906, 80504
18.7009, 79856
18.7111, 79640
18.7216, 80072
18.732, 80504
18.7425, 81368
18.7528, 80720
18.7633, 80072
18.7736, 80072
18.784, 79856
18.7943, 79640
18.8209, 80504
18.8316, 79856
18.8421, 79640
18.8525, 79424
18.8629, 78776
18.8732, 78776
18.8836, 78560
18.894, 78344
18.9044, 78128
18.9147, 78128
18.925, 78128
18.9353, 77912
18.9456, 78128
18.9559, 78344
18.9662, 78560
18.9766, 78992
18.9868, 79208
18.9971, 79856
19.0074, 80936
19.018, 81368
19.0284, 82016
19.0389, 81584
19.0493, 80288
19.0597, 80072
19.07, 79640
19.0804, 79424
19.0908, 79856
19.101, 79424
19.1113, 79208
19.1216, 79208
19.132, 78992
19.1423, 78992
19.1526, 78776
19.1628, 78776
19.173, 78776
19.1832, 78776
19.1933, 78560
19.2035, 78776
19.2136, 78776
19.2238, 78560
19.234, 78776
19.2442, 79424
19.2544, 78560
19.2645, 78128
19.2747, 78128
19.285, 78128
19.2952, 78560
19.3056, 78560
19.316, 78560
19.3264, 78344
19.337, 78344
19.3474, 78344
19.3578, 78560
19.3683, 78344
19.3787, 78560
19.3891, 78344
19.3997, 78776
19.4101, 78992
19.4206, 78992
19.431, 78992
19.4415, 78992
19.4519, 78992
19.4623, 78992
19.4727, 78776
19.4831, 78776
19.4934, 78776
19.5037, 78128
19.514, 77696
19.5243, 77696
19.5346, 77696
19.5449, 79640
19.5553, 79640
19.5658, 79856
19.5762, 80072
19.5866, 79856
19.5971, 79640
19.6076, 79424
19.6182, 79424
19.6291, 78560
19.6403, 78344
19.6517, 78128
19.6624, 78128
19.6733, 78344
19.6838, 79208
19.6941, 81152
19.7044, 80504
19.7148, 81368
19.7251, 83960
19.7355, 85688
19.746, 86552
19.7565, 86336
19.7669, 85688
19.7772, 85688
19.7875, 85472
19.7977, 84176
19.8079, 82016
19.8181, 79856
19.8286, 79424
19.8392, 78992
19.8496, 78776
19.86, 78128
19.8704, 77912
19.8808, 77696
19.8912, 77480
19.9015, 77264
19.9119, 77048
19.9222, 76616
19.9325, 76616
19.9427, 76400
19.953, 76400
19.9633, 76184
19.9735, 76184
19.9838, 75968
19.9941, 75968
20.0045, 75968
20.0149, 76184
20.0252, 75968
20.0354, 75752
20.0456, 75752
20.0559, 75536
20.0661, 75320
20.0763, 75104
20.0865, 75104
20.0967, 75104
20.1069, 74888
20.1171, 74888
20.1274, 74672
20.1376, 74888
20.1477, 75752
20.1579, 76184
20.1684, 77912
20.1787, 78344
20.189, 78992
20.1993, 79208
20.2095, 79208
20.2198, 79424
20.2302, 79208
20.2405, 79208
20.2509, 79424
20.2613, 79640
20.2715, 79640
20.2819, 79856
20.2922, 79856
20.3024, 80072
20.3127, 80288
20.3231, 80288
20.3335, 80288
20.3439, 80288
20.3544, 80504
20.3649, 81368
20.3752, 81800
20.3857, 82016
20.3961, 82232
20.4066, 82664
20.417, 82232
20.4274, 81800
20.4377, 81800
20.4481, 81584
20.4586, 80720
20.469, 80504
20.4794, 81368
20.4898, 82016
20.5002, 82016
20.5105, 82232
20.5209, 82232
20.5317, 81152
20.5424, 80720
20.553, 81152
20.5635, 81368
20.5739, 81584
20.5844, 81584
20.5948, 81368
20.6054, 81368
20.6158, 81584
20.6262, 81584
20.6367, 81800
20.6472, 81584
20.6575, 82016
20.6678, 80720
20.6781, 80288
20.6884, 79208
20.6987, 79424
20.7093, 79208
20.7197, 78992
20.73, 78560
20.7403, 78344
20.7506, 78560
20.761, 78344
20.7714, 78344
20.7817, 78776
20.792, 79208
20.8024, 79208
20.8128, 78560
20.8232, 78344
20.8337, 78344
20.8446, 78344
20.8559, 78344
20.8663, 78344
20.8767, 78344
20.8873, 78344
20.8977, 78128
20.9082, 78128
20.9189, 78344
20.9305, 78344
20.9415, 78344
20.9524, 78344
20.9639, 78344
20.9746, 78344
20.985, 78560
20.9958, 81584
21.0061, 82448
21.0166, 82880
21.027, 83528
21.0372, 83744
21.0474, 83312
21.0576, 83312
21.0678, 83312
21.078, 83096
21.0882, 83096
21.0983, 83096
21.1084, 83528
21.1186, 82880
21.1287, 81368
21.1389, 80936
21.149, 80504
21.1592, 80288
21.1693, 80072
21.1796, 80072
21.1897, 79856
21.2, 79208
21.2103, 78992
21.2206, 80072
21.2309, 80288
21.2413, 80504
21.2517, 83096
21.2621, 85904
21.2724, 88064
21.2828, 89360
21.2932, 87632
21.3038, 86984
21.3142, 86336
21.3247, 86552
21.335, 86984
21.3452, 84824
21.3555, 83096
21.3656, 82016
21.3757, 80936
21.3859, 80072
21.396, 79208
21.4062, 79424
21.4164, 79424
21.4267, 79424
21.4369, 79208
21.4471, 78776
21.4574, 78560
21.4678, 78776
21.4781, 78776
21.4885, 78560
21.4989, 78344
21.5092, 78776
21.5197, 79424
21.5301, 78992
21.5406, 78992
21.551, 78776
21.5617, 78776
21.5723, 78776
21.5829, 78776
21.5935, 79424
21.6042, 79424
21.6147, 79640
21.6253, 79424
21.6359, 79640
21.6467, 79640
21.6572, 79640
21.6677, 79640
21.6782, 80720
21.6887, 79640
21.6991, 79208
21.7094, 78992
21.7198, 78776
21.7303, 79208
21.7406, 80072
21.7509, 80504
21.7611, 80936
21.7714, 81800
21.7816, 81368
21.7918, 81152
21.8021, 81152
21.8123, 80936
21.8225, 79856
21.8329, 79856
21.8432, 79640
21.8535, 79424
21.8637, 79208
21.8739, 78992
21.8842, 78776
21.8945, 78560
21.9047, 78344
21.9149, 78344
21.9253, 78128
21.9357, 77912
21.9461, 78992
21.9566, 80072
21.9676, 80720
21.9786, 81368
21.9896, 82016
22.0008, 82232
22.0115, 82664
22.0221, 82664
22.0327, 82664
22.0433, 82880
22.0539, 82880
22.0643, 82880
22.0748, 81800
22.0858, 80288
22.0962, 79640
22.1064, 79424
22.1166, 79424
22.1271, 79208
22.1375, 79208
22.1477, 79424
22.158, 79208
22.1684, 79424
22.1788, 79856
22.1891, 79856
22.1994, 80720
22.2096, 80936
22.2199, 81152
22.2302, 80936
22.2405, 80936
22.2508, 80936
22.2612, 80936
22.2716, 80936
22.282, 80720
22.2924, 80936
22.3028, 80720
22.3131, 81152
22.3234, 82448
22.3338, 81800
22.3441, 81152
22.3545, 80936
22.3649, 80720
22.3755, 80936
22.3861, 81152
22.3966, 81584
22.4072, 82016
22.4176, 82232
22.4281, 81368
22.4387, 80936
22.449, 80504
22.4594, 80288
22.4698, 79856
22.4802, 79640
22.4906, 79424
22.5013, 79208
22.5117, 78776
22.5221, 79424
22.5325, 80072
22.5429, 80288
22.5533, 80072
22.5636, 79640
22.574, 79208
22.5844, 78992
22.5948, 78992
22.6051, 78992
22.6155, 78992
22.6259, 78776
22.6363, 78776
22.6468, 78560
22.6577, 78776
22.6681, 78992
22.6786, 78992
22.6891, 78992
22.6994, 78776
22.71, 78776
22.7204, 80288
22.7308, 81800
22.7412, 82880
22.7516, 83528
22.762, 83528
22.7723, 84176
22.7839, 85472
22.7943, 85688
22.8049, 86984
22.8154, 85688
22.8258, 85256
22.8367, 84608
22.8472, 83960
22.8577, 83744
22.8682, 83528
22.8786, 82664
22.889, 80936
22.8994, 80504
22.9097, 80072
22.9201, 79856
22.9307, 79424
22.941, 79640
22.9512, 79640
22.9613, 79424
22.9715, 79424
22.9816, 79424
22.9918, 79424
23.0021, 79424
23.0123, 79208
23.0225, 79208
23.0326, 79208
23.0428, 79208
23.0529, 79208
23.0631, 79208
23.0733, 79208
23.0834, 79208
23.0936, 78992
23.1039, 78992
23.1142, 78992
23.1245, 79208
23.1347, 78992
23.1449, 79208
23.1551, 79208
23.1653, 79208
23.1756, 79424
23.1859, 79424
23.1963, 78128
23.2066, 78128
23.2168, 77912
23.227, 77912
23.2372, 77480
23.2477, 77912
23.2581, 77912
23.2684, 78344
23.2788, 78776
23.2894, 78992
23.3, 78560
23.3105, 78344
23.3209, 78344
23.3315, 78344
23.3423, 78560
23.3531, 78776
23.3636, 78776
23.3741, 78776
23.3845, 78560
23.3947, 78560
23.4051, 78776
23.4249, 78560
23.4353, 78560
23.4456, 78560
23.4559, 78344
23.4663, 78128
23.4768, 77912
23.4874, 77480
23.4977, 77696
23.508, 77912
23.5183, 77912
23.5287, 78128
23.5391, 78128
23.5496, 78344
23.5599, 78128
23.5702, 78128
23.5805, 77912
23.5908, 77696
23.6012, 77696
23.6116, 77696
23.6221, 77480
23.6325, 77912
23.6429, 78128
23.6534, 78128
23.6645, 77912
23.6749, 77264
23.6853, 77264
23.6956, 77264
23.7059, 77480
23.7161, 77696
23.7263, 81368
23.7365, 81584
23.7466, 82016
23.7567, 82016
23.7669, 82232
23.777, 82664
23.7871, 82448
23.7972, 82448
23.8075, 82448
23.8176, 82232
23.8278, 82232
23.8379, 81800
23.848, 81800
23.8581, 81800
23.8682, 81584
23.8784, 81584
23.8887, 81584
23.8988, 81584
23.9091, 81584
23.9193, 81800
23.9295, 81800
23.9396, 81584
23.9497, 81368
23.9598, 81368
23.9699, 81368
23.98, 81368
23.9901, 81368
24.0004, 81152
24.0106, 81368
24.021, 81800
24.0313, 82016
24.0416, 82448
24.0519, 82016
24.062, 81800
24.0721, 81584
24.0889, 82232
24.0991, 82664
24.1094, 83744
24.125, 84176
24.1355, 84824
24.1459, 84392
24.1565, 84176
24.1671, 83960
24.1775, 83960
24.1878, 83528
24.1982, 83528
24.2085, 82448
24.2189, 81152
24.2292, 80288
24.2395, 80288
24.2497, 80072
24.2598, 79856
24.27, 79640
24.2803, 79640
24.2906, 80072
24.3009, 81800
24.3112, 81584
24.3215, 82232
24.3319, 81800
24.3422, 82448
24.3524, 81584
24.3664, 81368
24.3767, 83528
24.387, 85040
24.3973, 86120
24.4078, 86120
24.4181, 86120
24.4283, 85256
24.4385, 83096
24.4487, 81800
24.4588, 80936
24.4689, 79856
24.479, 79424
24.4893, 78992
24.4996, 78992
24.5098, 78776
24.52, 78992
24.5302, 79208
24.5405, 79424
24.5507, 79856
24.5609, 80288
24.5726, 81584
24.5828, 84392
24.5933, 83960
24.604, 83528
24.615, 83528
24.6257, 83312
24.6367, 83312
24.6477, 83096
24.6585, 83096
24.6696, 83096
24.68, 83096
24.6904, 83096
24.7009, 83312
24.7113, 82664
24.7217, 82016
24.732, 81800
24.7423, 80936
24.7525, 80936
24.7628, 81368
24.7732, 81800
24.7837, 80720
24.7941, 80504
24.8045, 80504
24.8149, 80288
24.8252, 80720
24.8356, 81152
24.8463, 80936
24.8569, 80720
24.8674, 80720
24.8778, 80288
24.8883, 79856
24.8986, 79640
24.909, 79208
24.9193, 78992
24.9295, 78560
24.9399, 78992
24.9507, 79208
24.9612, 79424
24.9716, 82016
24.9821, 83096
24.9925, 83960
25.0031, 84176
25.0139, 84608
25.0244, 84392
25.0348, 83960
25.0451, 83744
25.0553, 83528
25.0656, 83312
25.0758, 83312
25.086, 83528
25.0963, 83096
25.1067, 82880
25.1169, 82664
25.1272, 82664
25.1374, 82448
25.1476, 82448
25.1577, 82016
25.1679, 82016
25.179, 81800
25.194, 81368
25.2043, 81368
25.2147, 81368
25.225, 80720
25.2352, 80288
25.2455, 79640
25.2559, 78992
25.2662, 78776
25.2765, 78560
25.2869, 78344
25.2972, 78776
25.3076, 78992
25.3181, 79640
25.3285, 79856
25.3389, 80720
25.3493, 80936
25.3597, 81152
25.3702, 81368
25.3806, 81800
25.3911, 82232
25.4014, 82232
25.4118, 81800
25.4222, 81800
25.4327, 80936
25.4431, 80720
25.4535, 80720
25.4638, 80720
25.4742, 80720
25.4845, 80936
25.495, 81152
25.5056, 81152
25.5161, 82232
25.5268, 84608
25.5372, 84824
25.548, 83096
25.5588, 82448
25.5691, 81584
25.5794, 81152
25.5896, 80936
25.5999, 80720
25.6101, 80504
25.6203, 79640
25.6305, 79208
25.6407, 80720
25.651, 80936
25.662, 80072
25.6726, 79640
25.683, 79424
25.6937, 79424
25.7045, 79424
25.7158, 79208
25.7267, 79208
25.7379, 79208
25.7493, 79208
25.7606, 79208
25.7725, 79208
25.7842, 79640
25.7962, 79856
25.8077, 79856
25.8191, 79856
25.8298, 79856
25.8416, 79856
25.8528, 79856
25.8651, 80072
25.8762, 79856
25.888, 79640
25.8986, 80288
25.9092, 80072
25.9196, 80072
25.9301, 80288
25.9404, 80072
25.9506, 80072
25.9609, 80936
25.9715, 82232
25.9817, 82448
25.9923, 82016
26.0027, 82232
26.0131, 82232
26.0234, 85472
26.0337, 85472
26.0442, 86120
26.0563, 87416
26.0693, 86336
26.0835, 85472
26.0961, 85472
26.107, 85256
26.1176, 84824
26.1282, 83960
26.1387, 83744
26.1493, 83312
26.1597, 83312
26.1701, 83096
26.1805, 83096
26.1908, 83096
26.2011, 83960
26.2113, 83312
26.2215, 81800
26.2316, 81152
26.2417, 80504
26.2518, 79856
26.262, 80288
26.2722, 81368
26.2825, 80936
26.2928, 80720
26.3031, 80288
26.3135, 79424
26.3237, 79208
26.334, 78992
26.3442, 78560
26.3545, 78344
26.365, 78344
26.3756, 78992
26.3897, 81368
26.4001, 83312
26.4107, 83528
26.4212, 83096
26.4316, 82880
26.4423, 82880
26.4527, 82880
26.4635, 83096
26.474, 82016
26.4843, 81584
26.4946, 81368
26.5049, 81152
26.5152, 80936
26.5254, 80720
26.5357, 80936
26.5459, 80720
26.5563, 80288
26.5667, 80288
26.577, 80504
26.5873, 80504
26.5975, 80288
26.6077, 80288
26.6179, 80288
26.6281, 79856
26.6384, 79856
26.6487, 80288
26.6591, 80936
26.6694, 80504
26.6797, 80288
26.6901, 80072
26.7004, 79856
26.7107, 79208
26.7211, 78992
26.7314, 78560
26.7417, 78560
26.7521, 78560
26.7624, 78560
26.7727, 78344
26.783, 78344
26.7933, 78344
26.8036, 78128
26.8138, 78128
26.8241, 78128
26.8344, 78128
26.8447, 78128
26.8551, 77912
26.8654, 77912
26.8757, 77480
26.886, 77048
26.8963, 77048
26.9065, 77264
26.917, 77480
26.9273, 77480
26.9377, 77480
26.9481, 77480
26.9582, 77480
26.9684, 77480
26.9785, 77912
26.9886, 77480
26.9987, 77480
27.0088, 77264
27.019, 77048
27.0291, 76832
27.0392, 77048
27.0494, 77048
27.0595, 77048
27.0697, 77264
27.0799, 79856
27.0901, 78560
27.1003, 77696
27.1105, 77480
27.1206, 77264
27.131, 78128
27.1414, 78992
27.1519, 79424
27.1623, 79856
27.1729, 80072
27.1835, 80288
27.1938, 80288
27.2042, 80504
27.2146, 80504
27.2253, 82232
27.2361, 82016
27.2469, 82016
27.2574, 82016
27.2678, 80720
27.2781, 80288
27.2886, 79856
27.299, 79640
27.3094, 79208
27.3197, 78992
27.3302, 80720
27.3405, 81800
27.3507, 80504
27.361, 79856
27.3712, 79856
27.3815, 79856
27.3918, 80072
27.4021, 80288
27.4125, 80288
27.4227, 80072
27.4332, 79856
27.4433, 79856
27.4536, 79856
27.464, 79208
27.4743, 79424
27.4849, 79208
27.4953, 79424
27.5057, 78992
27.5161, 78776
27.5264, 78560
27.5369, 78776
27.5473, 79208
27.5577, 78992
27.5682, 78992
27.5786, 78992
27.589, 78992
27.5994, 78992
27.6099, 79208
27.6203, 80072
27.6308, 80288
27.6413, 80288
27.6518, 80288
27.6622, 80288
27.6726, 80072
27.683, 79424
27.6934, 78992
27.7038, 79208
27.7142, 79208
27.7246, 79208
27.7351, 79424
27.7455, 80072
27.7559, 79856
27.7664, 79640
27.7769, 79208
27.7876, 78776
27.798, 78560
27.8084, 78344
27.8188, 78128
27.8293, 78128
27.8397, 78128
27.85, 78344
27.8603, 78776
27.8707, 79424
27.8813, 78776
27.8918, 78344
27.9021, 78344
27.9128, 78344
27.9236, 78776
27.9343, 78344
27.9453, 78128
27.956, 78560
27.9666, 78992
27.9772, 79208
27.9879, 78992
27.9985, 79424
28.0092, 79640
28.0198, 79856
28.0304, 80072
28.0411, 80936
28.0516, 81152
28.0621, 80720
28.0725, 80720
28.0828, 80072
28.0931, 80072
28.1035, 79856
28.1139, 80720
28.1242, 80936
28.1344, 81152
28.1447, 81368
28.1549, 80288
28.1652, 80072
28.1754, 79640
28.1856, 79208
28.1959, 78776
28.2062, 78344
28.2165, 78344
28.2267, 78128
28.237, 77912
28.2473, 77912
28.2576, 78344
28.2679, 78344
28.2785, 78344
28.2889, 78128
28.2993, 78128
28.3096, 78128
28.3199, 78128
28.3302, 78128
28.3405, 78128
28.3508, 77696
28.3612, 77264
28.3715, 77264
28.3818, 77048
28.3921, 77048
28.4023, 77048
28.4126, 77696
28.4228, 78128
28.4331, 77912
28.4433, 78560
28.4534, 81152
28.4637, 81584
28.4739, 81800
28.484, 81584
28.4941, 81800
28.5044, 81368
28.5147, 81584
28.5251, 81584
28.5352, 81584
28.5454, 81584
28.5556, 81584
28.5658, 81584
28.5759, 81368
28.5861, 81368
28.5962, 81368
28.6063, 81368
28.6165, 81368
28.627, 81584
28.6372, 81584
28.6474, 81368
28.6576, 81368
28.6677, 81368
28.6779, 81368
28.6884, 81368
28.6986, 81368
28.7087, 81368
28.7189, 81152
28.7294, 81584
28.7399, 82016
28.7505, 82232
28.7609, 82880
28.7713, 83312
28.7816, 83744
28.7918, 84176
28.8019, 84608
28.8121, 85256
28.8222, 85040
28.8324, 84608
28.8427, 83960
28.8609, 83312
28.8713, 83528
28.8817, 82448
28.8921, 81800
28.9025, 81368
28.9129, 81152
28.9233, 80720
28.9336, 80720
28.944, 80720
28.9543, 80720
28.9646, 80504
28.975, 80072
28.9853, 80504
28.9957, 82232
29.0058, 82232
29.016, 81152
29.0262, 84824
29.0363, 87416
29.0465, 89360
29.0566, 89576
29.0668, 88712
29.077, 87416
29.0872, 85040
29.0973, 83744
29.1076, 83312
29.1178, 82016
29.1279, 80288
29.1381, 79640
29.1482, 79208
29.1584, 78992
29.1686, 79424
29.1789, 79856
29.1891, 79856
29.1994, 79640
29.2097, 79424
29.22, 79640
29.2302, 79424
29.2405, 79208
29.2508, 79424
29.2612, 80288
29.2716, 80504
29.282, 79424
29.2971, 78992
29.3076, 78560
29.318, 78344
29.3282, 78344
29.3384, 78128
29.3487, 77912
29.3589, 77696
29.3692, 77480
29.3794, 77480
29.3896, 77264
29.3998, 77048
29.4101, 77048
29.4203, 76832
29.4306, 77480
29.4408, 77048
29.4511, 77048
29.4615, 77912
29.4719, 78560
29.4822, 78560
29.4926, 79640
29.5029, 80288
29.5132, 80720
29.5235, 81152
29.5337, 81584
29.544, 82232
29.5548, 84392
29.5663, 84824
29.5779, 84824
29.5894, 83960
29.6005, 83960
29.611, 83960
29.6213, 83960
29.6325, 84176
29.6434, 83744
29.6548, 83528
29.6659, 83312
29.6764, 83312
29.6869, 83312
29.6973, 83312
29.7079, 83312
29.7185, 83312
29.7293, 83096
29.7397, 82880
29.75, 82664
29.7607, 82448
29.7711, 82232
29.7814, 81584
29.7917, 81368
29.8021, 80936
29.8124, 80720
29.8226, 80720
29.8329, 80504
29.8431, 79856
29.8534, 79640
29.8636, 79424
29.8739, 79208
29.8842, 78992
29.8944, 78992
29.9049, 79424
29.9153, 79856
29.9263, 80072
29.9369, 80072
29.9472, 80072
29.9576, 80072
29.968, 79856
29.9783, 79640
29.9886, 79424
29.9989, 79640
30.0091, 80720
30.0194, 80720
30.0297, 80720
30.04, 80288
30.0504, 80288
30.0607, 80072
30.071, 79640
30.0813, 79424
30.0916, 79424
30.1018, 79424
30.1122, 79424
30.1225, 79208
30.1329, 78776
30.1434, 79640
30.1538, 79856
30.1643, 80072
30.1747, 80072
30.1852, 80504
30.196, 82232
30.2065, 83528
30.2171, 84176
30.2278, 84392
30.2384, 84176
30.2493, 83960
30.2602, 83744
30.271, 83312
30.2816, 83096
30.2922, 83312
30.3029, 83744
30.3135, 83960
30.3241, 82880
30.3346, 82016
30.3453, 81800
30.3562, 82448
30.3669, 82448
30.3775, 82448
30.3883, 82448
30.3991, 81368
30.4098, 81152
30.4205, 81152
30.4315, 81152
30.4424, 80936
30.4535, 80936
30.464, 80936
30.4743, 80720
30.4846, 81368
30.4948, 82880
30.5051, 84176
30.5154, 83096
30.5257, 83096
30.5362, 83960
30.5466, 83960
30.557, 83096
30.5674, 82664
30.5778, 81584
30.5882, 81152
30.5988, 80936
30.6094, 80720
30.6208, 83096
30.6325, 83312
30.6434, 83744
30.654, 83744
30.6644, 83960
30.675, 84176
30.6855, 83744
30.6961, 83312
30.7066, 83096
30.717, 82880
30.7274, 82880
30.7379, 82880
30.7483, 82664
30.7586, 83528
30.7689, 82880
30.7791, 81800
30.7892, 80936
30.7994, 80720
30.8095, 80072
30.8196, 79640
30.8297, 79208
30.8399, 80288
30.85, 82016
30.8602, 80504
30.8705, 80288
30.8807, 80288
30.8911, 80720
30.9013, 80936
30.9116, 81152
30.9217, 83960
30.9319, 83744
30.9422, 83312
30.9525, 83096
30.9629, 82880
30.9732, 82664
30.9837, 82664
30.9942, 82880
31.0052, 82448
31.0156, 81368
31.0259, 80936
31.0363, 80504
31.0466, 80288
31.057, 81368
31.0673, 81584
31.0776, 81368
31.0882, 80504
31.0988, 79856
31.1093, 79424
31.1198, 78560
31.1306, 78128
31.141, 77696
31.1514, 78128
31.1619, 78344
31.1723, 78344
31.1827, 78776
31.1931, 79640
31.2037, 79856
31.2141, 79424
31.2245, 79208
31.235, 78992
31.2454, 78560
31.2559, 78344
31.2664, 78128
31.2768, 78128
31.2872, 78344
31.2976, 78560
31.308, 78992
31.3183, 79640
31.3289, 80288
31.3392, 80720
31.3495, 80936
31.36, 81152
31.3741, 81584
31.3889, 82016
31.3994, 82016
31.4097, 81584
31.4202, 81584
31.4309, 82880
31.4427, 82880
31.4542, 83528
31.466, 83960
31.4778, 83960
31.4897, 82448
31.5007, 82232
31.5134, 83096
31.5254, 83312
31.5364, 83096
31.5474, 83096
31.558, 83096
31.5682, 83096
31.5785, 83312
31.5886, 83528
31.5988, 83960
31.6089, 83960
31.619, 83960
31.6291, 83744
31.6392, 83528
31.6493, 83528
31.6595, 83312
31.6696, 83096
31.6797, 83096
31.6898, 82880
31.7, 82880
31.7101, 82880
31.7202, 83096
31.7303, 83312
31.7405, 83312
31.7506, 83312
31.7607, 83096
31.7708, 83096
31.781, 83096
31.7911, 82880
31.8013, 82880
31.8114, 82664
31.8219, 82664
31.8321, 83096
31.8424, 83312
31.8527, 83744
31.863, 84392
31.874, 84608
31.8843, 85472
31.8946, 85688
31.9049, 85256
31.9151, 84824
31.9254, 84608
31.9356, 84392
31.9458, 84824
31.956, 84824
31.9662, 82664
31.9765, 81800
31.9867, 81368
31.997, 81584
32.0072, 81368
32.0176, 81584
32.0278, 81368
32.0379, 81152
32.048, 81152
32.0582, 81152
32.0683, 81152
32.0826, 81584
32.093, 83744
32.1032, 82664
32.1134, 82232
32.1236, 85688
32.1339, 87632
32.1441, 90440
32.1543, 91736
32.1646, 91520
32.175, 88280
32.1853, 86336
32.1957, 84392
32.2058, 83096
32.2159, 82016
32.2262, 80720
32.2369, 80504
32.2474, 80288
32.2578, 79640
32.268, 78992
32.2783, 78560
32.2886, 78560
32.2988, 78560
32.3092, 79856
32.3195, 80504
32.3299, 80504
32.3402, 80720
32.3507, 80936
32.361, 80936
32.3714, 80936
32.3818, 80936
32.3922, 80936
32.4027, 80936
32.4132, 80072
32.4236, 80288
32.434, 79640
32.4445, 79208
32.4547, 78776
32.465, 78344
32.4752, 78344
32.4854, 78128
32.4957, 77912
32.5063, 78128
32.5169, 77912
32.5275, 78128
32.5381, 77912
32.5486, 78344
32.5592, 78344
32.5697, 78344
32.58, 78128
32.5904, 77912
32.6006, 77912
32.6108, 78128
32.6369, 78560
32.6473, 78776
32.6576, 79640
32.668, 81152
32.6783, 82232
32.689, 82448
32.7009, 82664
32.7122, 82664
32.723, 82880
32.7343, 82880
32.7457, 83096
32.7565, 83312
32.7677, 83312
32.7797, 83312
32.7903, 83096
32.8022, 82880
32.8147, 82448
32.8262, 82448
32.8374, 82448
32.8489, 82232
32.8598, 82232
32.8719, 82448
32.8825, 82448
32.8929, 82664
32.9032, 82664
32.9136, 82664
32.924, 82880
32.9345, 83096
32.9449, 83096
32.9553, 83096
32.9659, 83096
32.9768, 83096
32.9874, 83096
32.9979, 82880
33.0082, 82664
33.0185, 81800
33.0288, 80936
33.039, 80936
33.0492, 81584
33.0595, 81584
33.0698, 80288
33.0802, 80072
33.0905, 80072
33.1008, 79856
33.1111, 79640
33.1215, 81800
33.1318, 82448
33.1423, 82664
33.1534, 82664
33.1637, 82664
33.1741, 82664
33.1845, 82448
33.1951, 82448
33.2053, 82448
33.2157, 82232
33.2263, 82448
33.2365, 82448
33.2466, 82880
33.2568, 82664
33.2669, 81800
33.277, 81584
33.2872, 81368
33.2973, 80936
33.3074, 80720
33.3175, 81152
33.3276, 81584
33.3377, 81800
33.348, 81800
33.3581, 81800
33.3684, 82232
33.3786, 82448
33.3889, 82880
33.3992, 83528
33.4094, 83960
33.4197, 84608
33.4299, 85040
33.4401, 85256
33.4504, 84824
33.4608, 84608
33.4711, 84176
33.4813, 83744
33.4914, 82664
33.5016, 81368
33.5117, 80936
33.5219, 81152
33.532, 80936
33.5421, 80720
33.5523, 80504
33.5626, 80504
33.5729, 80504
33.5833, 80504
33.5936, 80504
33.6037, 80072
33.6139, 79856
33.624, 79640
33.6342, 79640
33.6446, 79856
33.6551, 80072
33.6655, 80288
33.6757, 79424
33.6859, 79640
33.6962, 80936
33.7065, 81800
33.7168, 81800
33.7271, 82016
33.7374, 82016
33.7477, 83312
33.7581, 83528
33.7685, 83744
33.7787, 82016
33.7888, 80936
33.799, 80288
33.8091, 79640
33.8193, 79424
33.8295, 78992
33.8397, 78776
33.85, 78776
33.8602, 78560
33.8704, 78344
33.8805, 78560
33.8907, 78776
33.9009, 78992
33.9111, 79640
33.9215, 79640
33.9317, 80936
33.942, 80288
33.9523, 80072
33.9627, 79856
33.9731, 79640
33.9834, 78560
33.9937, 78344
34.0039, 78344
34.0142, 78560
34.0245, 78560
34.0349, 80720
34.0453, 82232
34.0572, 81152
34.0691, 80504
34.0797, 80504
34.0909, 81152
34.1017, 80936
34.1128, 81152
34.1237, 80936
34.1344, 81152
34.1455, 81584
34.1564, 81584
34.1677, 81368
34.1788, 81152
34.1896, 81152
34.2007, 81152
34.2124, 81152
34.2235, 81152
34.2342, 81152
34.2453, 81152
34.2618, 82880
34.2736, 82880
34.2847, 82664
34.2953, 82880
34.3057, 82664
34.3161, 81800
34.3263, 81800
34.3449, 83096
34.3552, 83960
34.3655, 84176
34.3758, 82664
34.3862, 82232
34.3965, 81800
34.4068, 81152
34.4171, 80936
34.4273, 80504
34.4376, 80504
34.4479, 80288
34.4583, 80288
34.4686, 80288
34.4789, 80288
34.4891, 80288
34.4996, 80288
34.5098, 80072
34.5202, 79856
34.5305, 79640
34.5408, 79208
34.5511, 79208
34.5615, 79208
34.5717, 78776
34.582, 78560
34.5923, 78344
34.6028, 80072
34.6131, 81584
34.6233, 82448
34.6337, 82448
34.6438, 82664
34.6541, 82880
34.6644, 82880
34.6747, 83096
34.6851, 83096
34.6953, 83096
34.7055, 83096
34.7158, 83096
34.726, 83528
34.7361, 83744
34.7463, 83528
34.7564, 83312
34.7665, 83096
34.7766, 83312
34.7867, 83312
34.7968, 83312
34.8069, 83312
34.8171, 83312
34.8272, 83528
34.8374, 83096
34.8475, 82880
34.8576, 82664
34.8678, 82448
34.8779, 82232
34.8881, 82016
34.8985, 82016
34.9088, 82016
34.9191, 82232
34.9294, 82664
34.9397, 83744
34.9499, 83960
34.9601, 84392
34.9703, 84824
34.9806, 85256
34.9908, 84392
35.0012, 83960
35.0116, 83744
35.0218, 83744
35.032, 84176
35.0421, 81584
35.0522, 80936
35.0624, 80720
35.0725, 80288
35.0826, 80288
35.0927, 79856
35.1028, 79424
35.113, 79640
35.1232, 82016
35.1334, 82448
35.1437, 82880
35.1539, 83744
35.1642, 84176
35.1745, 85688
35.1848, 85256
35.1951, 83744
35.2053, 84824
35.2156, 87848
35.2258, 90008
35.2361, 90872
35.2464, 88712
35.2567, 87848
35.267, 87200
35.2773, 85904
35.2874, 83960
35.2976, 82232
35.3078, 81584
35.318, 81368
35.3281, 80936
35.3382, 80504
35.3484, 79856
35.3585, 79856
35.3687, 80504
35.3792, 81152
35.3895, 81368
35.3999, 81368
35.4102, 81368
35.4205, 81584
35.4309, 81584
35.4412, 81584
35.4515, 81800
35.4618, 82016
35.4722, 81800
35.4825, 82016
35.4928, 82016
35.5032, 82016
35.5135, 82232
35.524, 82232
35.5348, 81800
35.5453, 81152
35.556, 80936
35.5668, 80936
35.5778, 80720
35.5886, 80504
35.5993, 80504
35.6105, 80720
35.6224, 81152
35.6334, 81152
35.6444, 81152
35.6555, 81368
35.6659, 81584
35.6763, 82448
35.6866, 82880
35.697, 82448
35.7073, 81368
35.7175, 81152
35.728, 80504
35.7383, 80288
35.7487, 80720
35.7591, 80288
35.7694, 79856
35.7798, 79856
35.7902, 79424
35.8006, 78776
35.811, 78560
35.8213, 78560
35.8317, 78344
35.842, 78344
35.8523, 78128
35.8627, 78128
35.8729, 78128
35.8832, 78344
35.8935, 78128
35.9038, 78128
35.9141, 78128
35.9244, 78128
35.9347, 78128
35.9452, 78128
35.956, 78128
35.9673, 78344
35.9782, 77912
35.989, 77912
35.9993, 77696
36.0096, 77696
36.02, 78128
36.0301, 78344
36.0403, 79208
36.0504, 79424
36.0606, 78992
36.0707, 78776
36.0809, 78560
36.0911, 78128
36.1013, 77912
36.1115, 77912
36.1218, 78344
36.132, 78344
36.1423, 77480
36.1526, 77264
36.1631, 77264
36.1737, 77912
36.184, 78344
36.1944, 79208
36.2047, 79424
36.2151, 80072
36.2255, 80288
36.2359, 80720
36.2462, 80936
36.2564, 80936
36.2665, 80936
36.2767, 80072
36.2869, 79856
36.2971, 80288
36.3074, 81152
36.3176, 81584
36.3279, 83096
36.3382, 82880
36.3485, 82664
36.3588, 82664
36.369, 82232
36.3793, 81584
36.3896, 80936
36.4001, 81368
36.4107, 82016
36.4211, 82232
36.4313, 81584
36.4424, 81152
36.4533, 81152
36.4635, 82664
36.4738, 83096
36.4841, 83312
36.4943, 83528
36.5046, 83528
36.515, 83528
36.5255, 83528
36.5358, 83528
36.546, 83528
36.5562, 83744
36.5665, 83744
36.5767, 83960
36.5869, 83960
36.5971, 84176
36.6073, 84176
36.6176, 84392
36.6279, 83960
36.6382, 83096
36.652, 82880
36.6623, 88280
36.6728, 90224
36.683, 91088
36.6933, 90872
36.7035, 87848
36.7138, 85040
36.7239, 83744
36.7341, 82880
36.7442, 82232
36.7544, 82232
36.7648, 80072
36.775, 79640
36.7851, 79208
36.7955, 79424
36.8058, 79856
36.816, 79856
36.8263, 79208
36.8366, 78992
36.8468, 78992
36.857, 78992
36.8673, 78560
36.8776, 78560
36.8879, 78560
36.8981, 78560
36.9084, 78560
36.9186, 78344
36.9289, 78560
36.9392, 78992
36.9496, 78776
36.9599, 78560
36.9703, 78560
36.9806, 78128
36.9911, 77912
37.0014, 77696
37.0121, 77264
37.0225, 77264
37.033, 77264
37.0434, 77048
37.0537, 77048
37.0641, 78128
37.0745, 78992
37.0849, 78128
37.0953, 78992
37.1056, 79424
37.1161, 79640
37.1265, 79856
37.1371, 79856
37.1473, 80072
37.1575, 81152
37.1678, 81800
37.1782, 82448
37.1886, 82664
37.1991, 82880
37.2095, 82664
37.2199, 82016
37.2302, 81584
37.2405, 81368
37.2507, 81152
37.2609, 80720
37.2712, 80504
37.2814, 80720
37.2916, 81152
37.3019, 81368
37.3121, 81800
37.3226, 82016
37.3337, 82016
37.3444, 82016
37.3548, 81800
37.3654, 82016
37.3758, 82232
37.3862, 82664
37.3968, 82880
37.4078, 82016
37.4186, 81152
37.4294, 80936
37.4406, 82016
37.4516, 82016
37.4623, 82232
37.4726, 81152
37.4828, 79208
37.4931, 78776
37.5034, 78776
37.5136, 78776
37.5239, 79208
37.5342, 79208
37.5444, 79208
37.5548, 79208
37.5652, 79208
37.5755, 79424
37.5857, 79640
37.5959, 79856
37.6061, 80288
37.6166, 80504
37.6272, 79856
37.6386, 79856
37.6496, 79640
37.6604, 79640
37.6711, 79640
37.6818, 79640
37.6925, 79640
37.703, 79424
37.7135, 79640
37.7236, 79640
37.7338, 79856
37.744, 80072
37.7542, 80072
37.7645, 80072
37.7748, 80504
37.7851, 81152
37.7955, 82664
37.8058, 84392
37.8161, 84392
37.8264, 83528
37.8367, 83312
37.8471, 83096
37.8574, 83528
37.8678, 83528
37.8781, 83744
37.8884, 83960
37.8987, 83744
37.909, 82016
37.9192, 83096
37.9294, 84176
37.9397, 84608
37.9499, 84608
37.9601, 84392
37.9704, 84392
37.9805, 84392
37.9907, 84392
38.0009, 84392
38.011, 84392
38.0212, 84176
38.0315, 84392
38.0418, 84824
38.0522, 85256
38.0625, 86336
38.0728, 84176
38.0831, 82880
38.098, 82448
38.1083, 85256
38.1186, 88928
38.1289, 90872
38.1392, 90440
38.1494, 88064
38.1597, 86552
38.1699, 85040
38.1801, 84176
38.1904, 82232
38.2006, 81584
38.2107, 80936
38.221, 80504
38.2311, 80072
38.2412, 79208
38.2515, 78776
38.2617, 79856
38.272, 81368
38.2822, 81152
38.2925, 81584
38.3027, 82016
38.313, 82016
38.3232, 82232
38.3335, 82232
38.3437, 82880
38.3542, 83744
38.3644, 83096
38.3747, 82880
38.385, 82664
38.3953, 82232
38.4056, 81800
38.4158, 81368
38.426, 81152
38.4362, 81152
38.4464, 80720
38.4567, 80720
38.4669, 80504
38.4772, 80504
38.4875, 80504
38.4978, 81368
38.5082, 81368
38.5186, 81584
38.5289, 81800
38.5392, 81800
38.5495, 82232
38.5598, 82016
38.57, 82016
38.5803, 82016
38.5909, 82664
38.6031, 83744
38.6146, 84176
38.6256, 84176
38.6365, 83744
38.647, 83744
38.6581, 83528
38.669, 83528
38.6804, 83528
38.6914, 83528
38.7019, 83528
38.7132, 83528
38.724, 83744
38.7352, 83960
38.7464, 83744
38.7574, 83744
38.7694, 83096
38.7812, 82880
38.792, 82880
38.8026, 82664
38.8134, 82448
38.824, 82448
38.8345, 82448
38.8448, 82448
38.8552, 82448
38.8655, 82448
38.8759, 82448
38.8861, 82448
38.8964, 82448
38.9067, 81800
38.9169, 81368
38.9271, 81152
38.9374, 81152
38.9476, 80936
38.9578, 80720
38.968, 80720
38.9784, 80288
38.9892, 80288
38.9997, 79856
39.0101, 79640
39.0206, 79640
39.0317, 79424
39.0423, 79424
39.0526, 79208
39.063, 78992
39.0737, 78992
39.0841, 78776
39.0951, 78992
39.1057, 79208
39.1164, 79208
39.127, 79208
39.1372, 78992
39.1474, 79208
39.1575, 78992
39.1677, 78776
39.1779, 78776
39.188, 78776
39.1982, 78776
39.2084, 78992
39.2186, 78992
39.2288, 78992
39.239, 79208
39.2491, 79208
39.2593, 79208
39.2695, 79208
39.2797, 79208
39.2899, 79208
39.3, 79424
39.3102, 79424
39.3204, 79424
39.3307, 79424
39.3489, 79856
39.3592, 79856
39.3695, 79856
39.3798, 79640
39.3901, 79208
39.4004, 78992
39.4107, 78776
39.4211, 78560
39.4313, 78128
39.4416, 78128
39.4518, 77912
39.462, 77696
39.4722, 77480
39.4826, 77912
39.4933, 77696
39.5037, 77048
39.5146, 77048
39.5252, 77264
39.5357, 77480
39.5462, 77480
39.5567, 77480
39.5674, 77480
39.5779, 77480
39.5883, 77480
39.5986, 77480
39.6089, 77480
39.6211, 77696
39.6314, 78344
39.6417, 78344
39.652, 78344
39.6623, 78344
39.6727, 78776
39.683, 78992
39.6936, 79424
39.7041, 78560
39.7146, 78344
39.725, 78344
39.7363, 77696
39.7466, 77912
39.7571, 78128
39.7675, 78128
39.7791, 77912
39.791, 77480
39.8056, 77696
39.818, 78560
39.8308, 79208
39.8437, 79208
39.8573, 79208
39.8703, 79856
39.8821, 80072
39.893, 80720
39.9035, 81584
39.9137, 82016
39.9239, 80936
39.934, 80720
39.9442, 80504
39.9543, 80288
39.9644, 80288
39.9745, 79856
39.9846, 79208
39.9948, 78992
40.0051, 79424
40.0155, 79424
40.0259, 79208
40.0362, 79208
40.0465, 79424
40.0569, 79424
40.0671, 79208
40.0775, 79208
40.0878, 78992
40.0989, 78992
40.1093, 78992
40.1196, 78992
40.1299, 78992
40.1403, 78776
40.1507, 78560
40.1611, 77912
40.1714, 77696
40.1818, 77696
40.1921, 77696
40.2024, 77696
40.2128, 77696
40.2232, 77696
40.2335, 77696
40.2441, 77696
40.2545, 77696
40.2648, 77696
40.275, 77912
40.2853, 78128
40.2955, 77912
40.3058, 78560
40.3161, 78560
40.3264, 78560
40.3367, 78560
40.347, 78776
40.3572, 78776
40.3674, 78560
40.3776, 78992
40.388, 78992
40.3983, 78992
40.4086, 80288
40.419, 80504
40.4293, 81152
40.4395, 81800
40.4498, 82016
40.4601, 81368
40.4704, 81368
40.4807, 81368
40.491, 80720
40.5012, 80504
40.5115, 80504
40.5226, 80504
40.5339, 80072
40.5455, 79856
40.5577, 80072
40.5695, 81584
40.5806, 81800
40.591, 82232
40.6013, 82448
40.6117, 82664
40.6223, 82880
40.6331, 82880
40.6435, 83096
40.6539, 83312
40.6647, 82448
40.6759, 81800
40.687, 81368
40.6979, 81368
40.7088, 81800
40.7203, 81800
40.7312, 81584
40.7421, 81152
40.7532, 81368
40.7642, 81584
40.7759, 81584
40.7869, 81584
40.7979, 82016
40.8084, 81584
40.8189, 80936
40.8299, 81152
40.8402, 80936
40.8508, 80720
40.8614, 80504
40.8718, 80504
40.8822, 80288
40.8934, 80288
40.9042, 80072
40.9149, 80072
40.9257, 80072
40.9363, 79856
40.9465, 79424
40.9567, 79424
40.9669, 79424
40.9771, 79640
40.9873, 79640
40.9975, 79208
41.0077, 78992
41.0179, 78776
41.0281, 78560
41.0383, 78560
41.0485, 78128
41.0587, 78128
41.0688, 77912
41.0791, 78128
41.0893, 78992
41.0996, 79856
41.1099, 79208
41.1201, 78992
41.1304, 78992
41.1407, 78992
41.151, 78992
41.1612, 78992
41.1716, 78992
41.182, 78776
41.1927, 78560
41.2033, 78128
41.2148, 77912
41.2265, 77912
41.2373, 77696
41.2482, 77696
41.259, 77696
41.2698, 77480
41.285, 77480
41.2961, 79640
41.3067, 80936
41.3178, 81800
41.3286, 82448
41.3401, 83312
41.3504, 83744
41.3607, 83528
41.371, 83312
41.3813, 83312
41.3916, 83312
41.4019, 83528
41.4121, 83528
41.4224, 82232
41.4325, 80720
41.4427, 80288
41.4528, 80072
41.4629, 79640
41.473, 79424
41.4832, 79424
41.4934, 79424
41.5036, 79424
41.5137, 79424
41.524, 79208
41.5342, 78992
41.5445, 78776
41.555, 79856
41.5652, 79208
41.5755, 78776
41.5858, 79424
41.5963, 82016
41.6084, 81584
41.6219, 82016
41.6337, 82664
41.6451, 83744
41.6556, 84176
41.6662, 83096
41.6768, 83528
41.6873, 83528
41.6979, 82880
41.7083, 83096
41.7189, 82664
41.7305, 82232
41.7414, 82232
41.7528, 82232
41.7637, 82232
41.774, 82880
41.7843, 82880
41.7945, 81800
41.8047, 80936
41.8148, 80288
41.825, 79856
41.8352, 79856
41.8454, 79424
41.8557, 79424
41.866, 79208
41.8762, 79640
41.8864, 79640
41.8967, 79856
41.907, 79856
41.9173, 80072
41.9275, 80288
41.9377, 80504
41.9479, 80720
41.9582, 82232
41.9685, 82016
41.9788, 80720
41.9894, 80504
42.0003, 80072
42.0107, 79856
42.0212, 79640
42.0316, 79424
42.0418, 79424
42.0522, 79208
42.0625, 79208
42.0729, 78776
42.0832, 78776
42.0935, 78776
42.1037, 78776
42.1142, 78776
42.1246, 78560
42.1348, 79424
42.1451, 79424
42.1555, 79640
42.1659, 80288
42.1763, 79856
42.1865, 80072
42.1967, 80072
42.207, 80288
42.2173, 82016
42.2275, 81800
42.2378, 81368
42.2481, 81152
42.2586, 80936
42.269, 80072
42.2794, 79856
42.2898, 79640
42.3001, 79640
42.3105, 79424
42.3207, 79424
42.3311, 79424
42.3414, 79208
42.3518, 79208
42.3622, 78992
42.3726, 78992
42.3829, 78776
42.3932, 78992
42.4035, 79424
42.4138, 79856
42.4241, 80720
42.4344, 81800
42.4448, 82232
42.4551, 82880
42.4654, 83528
42.4757, 83528
42.486, 83528
42.4963, 82664
42.5066, 82016
42.5168, 81152
42.527, 80720
42.5373, 80504
42.5475, 80504
42.5576, 80720
42.5678, 80504
42.5779, 80288
42.5881, 80288
42.5982, 80288
42.6084, 80288
42.6186, 80936
42.6288, 80720
42.639, 80720
42.6492, 80936
42.6594, 80936
42.6696, 80936
42.6798, 81368
42.6901, 81368
42.7004, 81368
42.7107, 81152
42.7218, 80720
42.7348, 80720
42.7465, 80288
42.7585, 80504
42.7702, 80936
42.7816, 80936
42.7926, 80936
42.8039, 81152
42.8147, 81368
42.8254, 81584
42.836, 81584
42.8466, 81584
42.8571, 81152
42.8676, 81152
42.8781, 80936
42.8884, 80720
42.9089, 81368
42.9192, 80936
42.9295, 80720
42.9399, 80720
42.9503, 80504
42.9607, 80288
42.9711, 80072
42.9815, 79856
42.9919, 79424
43.0022, 79208
43.0125, 78992
43.0228, 78560
43.0329, 78344
43.0431, 78128
43.0532, 77912
43.0634, 77480
43.0736, 77480
43.0837, 78560
43.0939, 78992
43.1046, 79856
43.1165, 80720
43.1277, 81152
43.1388, 81368
43.1504, 81584
43.1615, 81584
43.1719, 81584
43.1836, 81584
43.1942, 81800
43.2046, 81800
43.2151, 81800
43.2253, 82232
43.2356, 82664
43.2458, 82448
43.2561, 82016
43.2665, 81800
43.2767, 82232
43.2869, 83096
43.2972, 83744
43.3075, 83096
43.3178, 82664
43.328, 82232
43.3382, 82664
43.3485, 83528
43.3586, 81584
43.3687, 80504
43.3788, 78992
43.3892, 78776
43.3995, 78992
43.4097, 79424
43.4199, 79640
43.4302, 79640
43.4404, 79640
43.4507, 79856
43.4609, 79640
43.4712, 79640
43.4815, 79640
43.4918, 79424
43.502, 79208
43.5123, 78344
43.5226, 78128
43.5329, 77696
43.5433, 77480
43.5536, 77480
43.564, 77264
43.5744, 77048
43.5849, 77048
43.5953, 77048
43.6057, 77048
43.6161, 77480
43.6265, 77048
43.637, 77048
43.6474, 77480
43.6577, 77696
43.6681, 78344
43.6784, 78344
43.6887, 78128
43.699, 78128
43.7091, 78128
43.7193, 78344
43.7294, 78560
43.7397, 78560
43.7499, 78560
43.7603, 78992
43.7706, 79208
43.7809, 79208
43.7912, 79208
43.8015, 78992
43.8118, 78992
43.822, 79640
43.8323, 79856
43.8426, 80072
43.8528, 79640
43.8631, 79424
43.8734, 78992
43.8837, 78992
43.894, 78992
43.9044, 78992
43.9154, 78776
43.9263, 78776
43.9372, 78560
43.9484, 78560
43.959, 79856
43.9696, 80288
43.9802, 80504
43.991, 80936
44.0016, 81800
44.0122, 82016
44.0231, 81800
44.0344, 81584
44.046, 81152
44.0565, 80504
44.0669, 80072
44.0771, 80072
44.0874, 79640
44.0976, 79424
44.1078, 78992
44.118, 78776
44.1283, 78992
44.1385, 78776
44.1488, 78776
44.1592, 78776
44.1695, 78560
44.1797, 78560
44.19, 79640
44.2002, 80072
44.2116, 80072
44.2222, 79640
44.2326, 79424
44.2433, 79424
44.2537, 79424
44.2641, 79208
44.2747, 79424
44.2851, 79424
44.2954, 79424
44.3057, 79640
44.3159, 79640
44.326, 79640
44.3362, 79640
44.3464, 79856
44.3566, 81368
44.3668, 82232
44.3769, 80288
44.3871, 80072
44.4049, 80288
44.4152, 80288
44.4255, 80288
44.4358, 79856
44.4462, 79424
44.4565, 78992
44.4669, 78776
44.4772, 78776
44.4876, 78344
44.498, 78344
44.5088, 78344
44.5199, 78344
44.5306, 78128
44.541, 78128
44.5514, 77912
44.5618, 77912
44.5721, 77912
44.5824, 77696
44.5926, 77696
44.6029, 77696
44.6133, 77480
44.6237, 77480
44.6339, 77480
44.6441, 77696
44.6544, 77480
44.6645, 77696
44.6748, 77696
44.685, 77912
44.6953, 77912
44.7092, 78560
44.7196, 78776
44.7369, 78776
44.7474, 78776
44.7578, 78776
44.7682, 78992
44.779, 82016
44.7908, 81584
44.8021, 81368
44.8134, 81800
44.824, 82880
44.8347, 83312
44.8455, 83528
44.8561, 82664
44.8668, 82016
44.8773, 81584
44.8879, 81368
44.8984, 81152
44.9089, 81152
44.9193, 80504
44.9296, 80072
44.94, 79208
44.9504, 79208
44.9607, 79208
44.9711, 79424
44.9815, 79424
44.992, 79640
45.0024, 79640
45.0129, 79856
45.0233, 79640
45.0337, 79640
45.0441, 79640
45.0545, 79424
45.0649, 79208
45.0752, 79208
45.0854, 78992
45.0958, 78992
45.1062, 78992
45.1164, 79208
45.1267, 78992
45.1371, 78560
45.1474, 78344
45.1577, 78128
45.1682, 77912
45.1785, 78128
45.1888, 78128
45.1991, 78344
45.2093, 78128
45.2195, 78344
45.2297, 78128
45.24, 78128
45.2502, 78128
45.2604, 78128
45.2705, 78128
45.2807, 77696
45.2909, 77696
45.3011, 77696
45.3114, 77480
45.3217, 78344
45.3322, 80072
45.3425, 79640
45.3529, 79640
45.3633, 79208
45.3735, 79208
45.3837, 79208
45.3941, 80288
45.4044, 80936
45.4147, 81152
45.4252, 80936
45.4358, 81152
45.4461, 82016
45.4565, 83096
45.467, 83960
45.4782, 83744
45.4887, 83312
45.4992, 83312
45.5096, 83312
45.5199, 83528
45.5303, 83528
45.5406, 83528
45.551, 83528
45.5616, 83744
45.5721, 83744
45.5823, 83744
45.5926, 83744
45.6029, 83744
45.6132, 83528
45.6234, 83096
45.6336, 83096
45.6438, 82880
45.654, 83096
45.6642, 82880
45.6744, 82880
45.6846, 82664
45.6948, 82664
45.7051, 82448
45.7154, 82232
45.7258, 81800
45.7362, 81800
45.7466, 81800
45.7571, 81800
45.7674, 81800
45.7777, 82016
45.788, 82232
45.7983, 81584
45.8087, 81584
45.8191, 82664
45.8295, 82664
45.8399, 82664
45.8507, 83096
45.8628, 81368
45.8741, 80720
45.885, 80288
45.8957, 79856
45.9064, 79640
45.917, 79640
45.9277, 79424
45.9383, 79208
45.9485, 79424
45.9589, 79208
45.9696, 79208
45.9801, 79208
45.9905, 79208
46.0008, 79208
46.0113, 79208
46.0249, 80072
46.0354, 79856
46.0455, 79856
46.0557, 79856
46.0659, 80072
46.0761, 80072
46.0862, 80504
46.0963, 80720
46.1065, 80720
46.1166, 80504
46.1268, 80072
46.1371, 80072
46.1473, 80288
46.158, 80720
46.1688, 82016
46.1794, 81152
46.1898, 80936
46.2001, 80720
46.2104, 80288
46.2206, 79424
46.2308, 79208
46.2411, 78992
46.2513, 78776
46.2616, 78776
46.272, 78560
46.2822, 78344
46.2924, 77912
46.3027, 77696
46.3131, 77480
46.3235, 77264
46.3338, 77048
46.3445, 77264
46.3549, 77264
46.3653, 77912
46.3756, 78560
46.386, 80288
46.3963, 81368
46.4067, 82016
46.4171, 83096
46.4274, 83528
46.4377, 82880
46.448, 82232
46.4582, 83312
46.4684, 81368
46.4811, 81152
46.4913, 84176
46.5016, 88712
46.5118, 89360
46.5221, 89792
46.5323, 88064
46.5425, 87200
46.5527, 83312
46.5629, 82232
46.573, 81584
46.5831, 80936
46.5933, 80288
46.6035, 79208
46.6137, 78992
46.6241, 78992
46.6346, 78992
46.6449, 79208
46.6552, 79208
46.6655, 79208
46.6758, 79208
46.6861, 79208
46.6964, 79208
46.7068, 79208
46.7171, 79208
46.7274, 79208
46.7377, 78992
46.748, 78992
46.7584, 78776
46.7688, 78560
46.7792, 78560
46.7896, 78344
46.7999, 78128
46.8104, 78128
46.8209, 78344
46.8316, 78128
46.8422, 77912
46.8534, 77696
46.8639, 77696
46.8743, 77480
46.8849, 77480
46.8955, 78560
46.9063, 79856
46.9172, 80504
46.9281, 81368
46.9386, 81584
46.949, 82016
46.9593, 82232
46.9696, 82664
46.98, 81584
46.9903, 80936
47.0006, 81152
47.0111, 81800
47.0213, 81152
47.0316, 80504
47.0417, 80288
47.0519, 80288
47.062, 80288
47.0722, 80288
47.0824, 80072
47.0925, 80072
47.1027, 80072
47.1128, 80288
47.1409, 80504
47.1513, 80288
47.1617, 80072
47.1722, 79856
47.1826, 79424
47.193, 78992
47.2035, 78776
47.2139, 78776
47.2243, 78560
47.2347, 78560
47.2452, 78560
47.2556, 78560
47.266, 78560
47.2764, 78560
47.2869, 78560
47.2973, 78560
47.3078, 78560
47.3182, 78344
47.3286, 78560
47.339, 78344
47.3493, 78344
47.3597, 78344
47.3701, 78128
47.3804, 77912
47.3908, 77912
47.4011, 77912
47.4115, 77912
47.4218, 77696
47.4321, 77912
47.4424, 77912
47.4526, 77696
47.4629, 77696
47.4733, 77480
47.4835, 77048
47.4938, 76616
47.504, 76832
47.5144, 77048
47.525, 77264
47.5353, 77264
47.5457, 77264
47.556, 77048
47.5664, 77048
47.5772, 77912
47.5886, 77912
47.5993, 77696
47.6096, 77912
47.6199, 77912
47.6308, 77696
47.6419, 77696
47.6536, 77696
47.6654, 77696
47.6762, 77696
47.6868, 77696
47.6978, 77696
47.7085, 77696
47.7188, 77696
47.7291, 77696
47.7393, 78344
47.7494, 77912
47.7596, 77696
47.7697, 77696
47.7798, 77696
47.7899, 77480
47.8, 77480
47.8101, 77480
47.8202, 77480
47.8303, 77696
47.8404, 77696
47.8506, 77696
47.8607, 77912
47.8709, 80072
47.881, 83096
47.8913, 81152
47.9015, 80288
47.9118, 80504
47.922, 80720
47.9325, 80504
47.9429, 80504
47.9531, 81584
47.9634, 81800
47.9736, 80936
47.9839, 80504
47.9941, 80504
48.0044, 81152
48.0146, 80504
48.0248, 79640
48.0351, 79856
48.0455, 80720
48.056, 80936
48.0663, 81152
48.0768, 81152
48.0872, 81368
48.0976, 80504
48.108, 80504
48.1183, 80720
48.1287, 82232
48.1389, 80936
48.1497, 80288
48.16, 81584
48.1702, 83312
48.1805, 84608
48.1909, 83312
48.2012, 83096
48.2115, 82880
48.2219, 83096
48.2322, 83528
48.2425, 82016
48.2528, 81368
48.2631, 80936
48.2733, 80504
48.2836, 80288
48.2938, 79424
48.304, 78992
48.3143, 78776
48.3246, 78776
48.3349, 78560
48.3452, 78344
48.3557, 78128
48.366, 77912
48.3762, 77912
48.3864, 77912
48.3967, 77696
48.407, 77696
48.4174, 77696
48.4276, 77696
48.4379, 77696
48.4481, 77912
48.4582, 78344
48.4685, 78776
48.4789, 80072
48.4892, 79208
48.4995, 78344
48.5099, 78560
48.5202, 78992
48.5307, 79208
48.5415, 79424
48.5518, 78776
48.5621, 78344
48.5725, 78560
48.5829, 78344
48.5933, 78344
48.6037, 78560
48.6141, 78560
48.626, 78776
48.6364, 79640
48.6467, 80072
48.6573, 80072
48.6677, 80072
48.6781, 80288
48.6969, 80936
48.7073, 81152
48.7177, 81368
48.7279, 81368
48.7383, 80288
48.7487, 80072
48.7591, 79856
48.7695, 79640
48.7799, 78992
48.7902, 78560
48.8006, 78560
48.811, 78344
48.8214, 78344
48.8318, 78128
48.8422, 78128
48.8527, 78128
48.8631, 78344
48.8734, 78344
48.8838, 78776
48.8942, 78776
48.9046, 78776
48.9149, 78776
48.9252, 78992
48.9355, 78992
48.9459, 78992
48.9565, 78992
48.9668, 78992
48.9771, 78992
48.9873, 78560
48.9976, 78344
49.0079, 78128
49.018, 78344
49.0282, 78344
49.0384, 78344
49.0486, 78128
49.0588, 78128
49.0689, 78560
49.0794, 78560
49.0896, 79208
49.0998, 79208
49.1101, 78992
49.1203, 78992
49.1305, 78776
49.1409, 78776
49.151, 78992
49.1613, 78992
49.1715, 78992
49.1816, 78992
49.1918, 78992
49.202, 78992
49.2122, 78992
49.2224, 78992
49.2326, 80288
49.2427, 80288
49.2529, 80072
49.263, 79640
49.2732, 79424
49.2834, 78776
49.2936, 78560
49.3037, 78344
49.3139, 78128
49.3241, 78128
49.3342, 78128
49.3444, 78344
49.3545, 78560
49.3649, 78992
49.3751, 79208
49.3854, 79208
49.3959, 79208
49.4063, 79208
49.4167, 79208
49.4272, 78776
49.4376, 78560
49.4479, 78560
49.4581, 78560
49.4685, 78560
49.4788, 78344
49.489, 77912
49.4993, 77696
49.5095, 77480
49.5197, 77696
49.53, 77912
49.5403, 78128
49.5507, 78776
49.5612, 79640
49.5716, 79856
49.5819, 79424
49.5922, 79208
49.6023, 78992
49.6126, 79640
49.6229, 81368
49.6333, 83312
49.6435, 83960
49.6537, 84608
49.6639, 84392
49.6742, 85256
49.6844, 86984
49.6946, 87632
49.7049, 87848
49.716, 87416
49.7272, 85472
49.7378, 85040
49.7504, 84392
49.7624, 83960
49.774, 83744
49.7854, 83744
49.7969, 83528
49.8083, 83312
49.8195, 83744
49.8305, 83312
