time, temp
0.000794795, 64952
0.0115563, 64952
0.022097, 64952
0.0325449, 65168
0.042945, 65384
0.0535867, 65384
0.0645008, 65384
0.0751316, 65384
0.0857692, 65384
0.0963801, 65384
0.106971, 65384
0.117534, 65600
0.128259, 65600
0.138804, 65600
0.14932, 65600
0.159867, 65600
0.170271, 65816
0.180801, 65816
0.191464, 65816
0.202038, 65816
0.212622, 65816
0.223139, 65816
0.233751, 65816
0.244346, 65816
0.254909, 65816
0.265454, 65816
0.275969, 66032
0.286363, 66032
0.29684, 66680
0.307339, 66680
0.317825, 67112
0.328338, 67544
0.338713, 69488
0.349178, 70352
0.359762, 70784
0.370244, 69920
0.380789, 69920
0.391246, 70352
0.401602, 71432
0.411968, 73376
0.42241, 72944
0.432747, 74240
0.443112, 76184
0.453445, 77048
0.463811, 77048
0.474099, 77912
0.484326, 78344
0.494529, 78776
0.504789, 78992
0.515071, 79424
0.525685, 79424
0.536027, 79640
0.546296, 80288
0.556563, 80720
0.56683, 80720
0.577133, 80072
0.587356, 79640
0.597579, 77264
0.607936, 77696
0.618226, 78128
0.628467, 79208
0.638698, 79640
0.64894, 80288
0.659183, 80504
0.669423, 79640
0.679683, 79208
0.689943, 80072
0.700238, 78992
0.710465, 78776
0.720704, 78560
0.731064, 78344
0.741349, 77696
0.751642, 77696
0.761851, 78560
0.772081, 78776
0.782306, 79640
0.792503, 78776
0.802787, 78560
0.813054, 81152
0.823261, 81152
0.833466, 82232
0.843694, 84824
0.854029, 85040
0.864363, 85688
0.87469, 85904
0.885049, 86768
0.895255, 87200
0.905483, 87632
0.915703, 86336
0.925988, 86120
0.936266, 85688
0.946535, 85256
0.956837, 84824
0.967166, 85256
0.977426, 83096
0.987675, 81584
0.997874, 79856
1.00815, 79208
1.01846, 78776
1.02872, 78992
1.03893, 78992
1.04918, 80936
1.05948, 81368
1.06979, 82016
1.0801, 82448
1.09038, 82016
1.1007, 80720
1.11102, 80504
1.12135, 80720
1.1317, 80720
1.14205, 80504
1.15239, 80504
1.16272, 80288
1.17308, 80072
1.18348, 79424
1.19379, 79856
1.20407, 79424
1.21434, 79856
1.22459, 80504
1.2348, 81368
1.24501, 82232
1.25521, 83096
1.26546, 83960
1.27569, 84176
1.28596, 83312
1.29622, 83528
1.30659, 82880
1.31701, 82232
1.32729, 82448
1.33764, 82880
1.34802, 82232
1.35835, 82448
1.36873, 82880
1.37907, 81800
1.3894, 81368
1.39992, 80936
1.41012, 81152
1.4203, 81152
1.43046, 81152
1.44065, 81152
1.45088, 80936
1.46114, 80720
1.47129, 80720
1.48149, 80720
1.49187, 80504
1.50208, 80072
1.51225, 80288
1.52235, 80288
1.53247, 80288
1.54269, 79424
1.55296, 79424
1.56339, 78560
1.57376, 77912
1.5841, 79208
1.59438, 79856
1.60467, 80720
1.61504, 80936
1.62541, 81368
1.63583, 81368
1.64617, 82232
1.65644, 82880
1.66673, 82664
1.67715, 82880
1.68749, 82232
1.69785, 82448
1.70822, 82232
1.71854, 82448
1.72886, 82232
1.73917, 82448
1.74946, 83312
1.75981, 84392
1.77015, 84392
1.78051, 85256
1.79085, 86552
1.80119, 87848
1.81152, 86120
1.82182, 85256
1.83215, 85256
1.84248, 85472
1.85285, 86552
1.86318, 87200
1.8735, 87632
1.88384, 86984
1.89417, 86336
1.90455, 86768
1.91486, 86552
1.92522, 87200
1.93556, 86768
1.9459, 86984
1.95621, 87200
1.96646, 86984
1.97668, 86768
1.98695, 86120
1.9972, 85040
2.00739, 85688
2.01757, 85040
2.02784, 83960
2.03808, 83960
2.04834, 83312
2.05861, 82880
2.06888, 83312
2.07914, 83528
2.08945, 83960
2.09967, 83744
2.10987, 82880
2.12006, 82880
2.13024, 83744
2.14044, 84176
2.15066, 82664
2.16083, 82016
2.17103, 82448
2.18125, 82232
2.19151, 82232
2.2019, 81800
2.21224, 82016
2.22258, 81368
2.23288, 80936
2.24321, 82016
2.25354, 81800
2.26387, 81152
2.27422, 81800
2.28457, 81584
2.29478, 81800
2.30502, 81368
2.31523, 82016
2.32545, 82880
2.33564, 81584
2.34586, 81800
2.35617, 82448
2.36643, 82016
2.37667, 82232
2.38692, 81800
2.39731, 82232
2.40757, 82232
2.41782, 82232
2.42805, 83096
2.43829, 83096
2.44856, 84608
2.45865, 84176
2.46877, 84608
2.47886, 84824
2.48901, 84392
2.49915, 84392
2.50926, 84392
2.51938, 85040
2.52959, 83528
2.53988, 82232
2.55012, 81800
2.56032, 82880
2.57052, 83744
2.58076, 83744
2.59095, 83744
2.60108, 84176
2.61123, 84176
2.62147, 84392
2.63163, 84824
2.64177, 85040
2.65192, 84392
2.6621, 84176
2.67234, 83096
2.68253, 82016
2.69276, 82016
2.70298, 82232
2.71322, 80936
2.72348, 81584
2.73373, 81368
2.74398, 81584
2.75431, 81152
2.76461, 80504
2.7749, 80936
2.78519, 81800
2.79554, 80504
2.80591, 80288
2.81625, 80504
2.82649, 80504
2.83679, 80072
2.84711, 81152
2.85735, 81368
2.86763, 82448
2.87781, 82016
2.88801, 81152
2.8982, 81152
2.90838, 82016
2.91857, 82664
2.92887, 81800
2.9391, 80504
2.94937, 80504
2.9597, 81152
2.96996, 81368
2.98026, 80288
2.99059, 80720
3.00084, 80936
3.01103, 81368
3.02127, 80504
3.03151, 81584
3.04167, 81584
3.05188, 80720
3.06219, 80720
3.07248, 81152
3.08278, 80720
3.09311, 80072
3.10344, 80936
3.11375, 81152
3.12398, 81368
3.13426, 80936
3.14447, 80936
3.15471, 81584
3.16496, 80720
3.17521, 80936
3.18552, 80720
3.19582, 80720
3.20608, 80720
3.21645, 80504
3.22679, 80504
3.23709, 79856
3.24745, 79424
3.25803, 79208
3.2684, 80072
3.27868, 80288
3.28935, 80288
3.29955, 81152
3.30975, 81800
3.32, 81800
3.33022, 82016
3.3405, 81368
3.35083, 81152
3.36114, 81152
3.37153, 80720
3.38191, 80936
3.39232, 81800
3.40266, 82232
3.41305, 82448
3.42339, 82664
3.43422, 83096
3.44457, 83096
3.45488, 82880
3.46518, 83528
3.47546, 83528
3.48567, 85040
3.49588, 86336
3.50615, 86984
3.51642, 87416
3.52668, 88496
3.53699, 87848
3.54723, 87200
3.55752, 86768
3.56785, 86768
3.57819, 86120
3.58855, 85904
3.59886, 86120
3.60919, 85688
3.61953, 85472
3.62985, 85688
3.64025, 86336
3.65065, 86768
3.6609, 85688
3.67122, 84608
3.68145, 83312
3.69174, 82664
3.70212, 82016
3.71238, 81584
3.7226, 81368
3.73279, 81152
3.7431, 80936
3.75328, 80720
3.7635, 80072
3.77372, 80072
3.7839, 79856
3.8017, 80504
3.81212, 82448
3.82236, 84176
3.83265, 82880
3.84288, 82880
3.85311, 82664
3.86334, 81368
3.87352, 80504
3.88369, 80288
3.89392, 80720
3.90431, 81368
3.91469, 82232
3.92504, 82448
3.93536, 82232
3.94569, 83744
3.956, 82664
3.96634, 83096
3.97665, 82664
3.98702, 82880
3.9973, 83528
4.00756, 83744
4.01792, 83744
4.02826, 83744
4.03855, 84608
4.04899, 84176
4.05933, 84176
4.06959, 84608
4.07997, 87416
4.09031, 88064
4.10066, 87848
4.11101, 88496
4.12137, 87632
4.13176, 87848
4.14216, 87848
4.15249, 86984
4.16277, 87632
4.17304, 85040
4.18332, 83744
4.19358, 83096
4.2039, 82448
4.21416, 82016
4.22449, 81584
4.23478, 81368
4.24503, 81152
4.25526, 80720
4.26562, 80288
4.27602, 80072
4.28632, 79856
4.29661, 79640
4.30725, 79856
4.31774, 80288
4.32808, 80720
4.33837, 80936
4.34861, 81368
4.35884, 82016
4.36908, 82880
4.37938, 84392
4.38968, 83960
4.4, 84176
4.41023, 83096
4.42042, 82664
4.43071, 82448
4.44099, 82664
4.45138, 83528
4.46176, 85688
4.47215, 85040
4.48243, 84392
4.49271, 86120
4.50298, 86552
4.51328, 84824
4.52356, 85904
4.53387, 87848
4.54419, 86984
4.55458, 89360
4.56496, 88496
4.57518, 89144
4.58546, 88712
4.59583, 88280
4.60612, 87632
4.61649, 86984
4.62685, 87416
4.63718, 86768
4.64755, 86984
4.6579, 87200
4.6683, 86768
4.67864, 86984
4.68898, 86768
4.69931, 86552
4.70972, 87632
4.72012, 87200
4.73043, 85904
4.74076, 84176
4.75103, 83096
4.76132, 82016
4.77156, 81800
4.78197, 81368
4.79229, 80936
4.8025, 80504
4.81272, 80072
4.82298, 80072
4.83322, 80072
4.84345, 79856
4.85378, 79640
4.86409, 81584
4.87519, 82016
4.88562, 82232
4.89614, 82664
4.90638, 83312
4.9166, 83096
4.92682, 83528
4.93708, 83096
4.94732, 82232
4.95759, 81584
4.96799, 82232
4.97832, 82664
4.9887, 84608
4.99907, 84392
5.00943, 83096
5.01994, 84176
5.03029, 83096
5.04062, 82448
5.0509, 84176
5.0612, 85688
5.07141, 88280
5.08163, 90440
5.09188, 88712
5.10209, 87416
5.11233, 87848
5.12253, 88712
5.1328, 88064
5.14308, 87632
5.15343, 87200
5.16388, 87200
5.17425, 86984
5.18468, 86768
5.195, 86984
5.20529, 86552
5.21558, 86552
5.22595, 86768
5.23622, 86984
5.24648, 86336
5.2568, 83960
5.26708, 83312
5.27739, 82664
5.28772, 82232
5.29803, 82016
5.30833, 85472
5.31872, 85040
5.32901, 85256
5.33927, 85904
5.34954, 85904
5.35986, 86120
5.37009, 86120
5.38035, 86336
5.39054, 86336
5.40077, 86120
5.41103, 86768
5.42123, 85472
5.43144, 85472
5.44167, 85688
5.45187, 85256
5.46213, 85472
5.47233, 85688
5.48253, 85904
5.49282, 85256
5.50309, 85904
5.51334, 85256
5.5236, 84608
5.53394, 85040
5.54422, 85040
5.5545, 84392
5.56481, 84608
5.57508, 84608
5.58537, 85040
5.59575, 84608
5.60599, 85472
5.61619, 84824
5.6264, 83960
5.63665, 84392
5.64684, 84608
5.65704, 84392
5.66731, 84824
5.6776, 84608
5.68793, 84824
5.69814, 84824
5.70835, 84608
5.71855, 85040
5.72873, 84176
5.73895, 83528
5.74922, 83528
5.75949, 82664
5.76988, 82448
5.78024, 82664
5.79058, 82232
5.80087, 82448
5.81116, 83312
5.82137, 83528
5.83162, 83096
5.84184, 83744
5.85208, 83744
5.86227, 83960
5.87253, 83528
5.88275, 84392
5.89299, 84392
5.90324, 83312
5.91348, 83744
5.92365, 84176
5.93384, 83528
5.94404, 83744
5.95423, 83744
5.96439, 83960
5.9746, 83744
5.98481, 84392
5.99503, 83744
6.00523, 83096
6.01542, 83744
6.0256, 83744
6.03583, 83312
6.04615, 83744
6.05646, 83528
6.06677, 83744
6.07708, 83096
6.08741, 83096
6.0976, 83960
6.10783, 83744
6.11807, 82232
6.12832, 82232
6.13861, 81800
6.14898, 81368
6.15927, 81368
6.16957, 81152
6.17987, 81584
6.19013, 82232
6.20036, 82664
6.21062, 82232
6.2208, 82880
6.23098, 83312
6.24117, 83312
6.25136, 82880
6.26155, 83312
6.27173, 82880
6.28192, 82880
6.29216, 83096
6.3024, 83096
6.3126, 82664
6.3228, 83312
6.33306, 83528
6.34331, 83096
6.35379, 82664
6.36413, 82880
6.37441, 82232
6.38474, 81584
6.39512, 81152
6.40546, 81584
6.41588, 81152
6.42617, 80936
6.43646, 81152
6.44677, 80720
6.45714, 80720
6.4675, 80936
6.4778, 80504
6.48815, 81152
6.49844, 81584
6.50873, 81152
6.51904, 81368
6.52935, 81368
6.53962, 81584
6.54989, 81152
6.56024, 80936
6.57049, 82016
6.58073, 82016
6.59099, 81584
6.60124, 82016
6.61148, 82016
6.62175, 82448
6.632, 82232
6.64221, 83096
6.65238, 83096
6.66264, 81800
6.67298, 82016
6.68328, 82880
6.69354, 82664
6.70384, 82880
6.71409, 82448
6.7243, 82664
6.73455, 82664
6.74475, 82880
6.75498, 83528
6.76519, 83744
6.77531, 85256
6.78539, 85040
6.79549, 85256
6.80561, 85688
6.81576, 85472
6.82585, 85688
6.83593, 85688
6.84602, 85688
6.85612, 85256
6.86632, 83744
6.87653, 82664
6.88673, 83312
6.89696, 83744
6.90725, 84608
6.91745, 84608
6.92763, 84824
6.93782, 85040
6.94803, 84824
6.95823, 85040
6.96833, 85472
6.97842, 85688
6.98862, 85040
6.99883, 84608
7.00908, 83312
7.01931, 82664
7.02963, 82880
7.03993, 82232
7.0503, 81800
7.06058, 82448
7.07086, 82664
7.08111, 83096
7.0913, 83528
7.10172, 82664
7.11199, 82232
7.12224, 82664
7.13248, 83528
7.14272, 83528
7.153, 81800
7.16326, 81368
7.17353, 81800
7.18379, 82232
7.19405, 82016
7.20441, 81584
7.21467, 82016
7.22497, 82016
7.23515, 82664
7.24535, 82448
7.25553, 83096
7.26578, 82232
7.27602, 81152
7.28628, 81584
7.29652, 82232
7.30672, 81800
7.31692, 82232
7.3271, 82448
7.33733, 82664
7.34755, 82232
7.35775, 82232
7.36795, 82880
7.37812, 82880
7.38839, 82016
7.3987, 82016
7.40894, 81800
7.41913, 82016
7.42933, 82016
7.43953, 82448
7.44971, 81584
7.45995, 81368
7.4702, 81368
7.4805, 81584
7.49078, 80720
7.50106, 80504
7.51134, 80504
7.5216, 80072
7.53187, 81152
7.54209, 81584
7.55234, 81800
7.56252, 82016
7.57271, 82448
7.58289, 82232
7.59309, 82448
7.6033, 83312
7.61359, 82016
7.62383, 81584
7.63401, 82016
7.64419, 82448
7.65439, 82448
7.66457, 82448
7.67475, 82880
7.68495, 82664
7.69516, 82232
7.70537, 83096
7.71554, 81800
7.72579, 82016
7.73602, 82448
7.74624, 82448
7.75644, 82448
7.76661, 82448
7.77676, 82880
7.78694, 82664
7.79715, 82448
7.8073, 82448
7.81749, 81800
7.82769, 82232
7.83787, 82448
7.84803, 82448
7.85823, 82448
7.86842, 82880
7.87858, 83096
7.88878, 82664
7.89897, 82448
7.90918, 82880
7.91937, 81584
7.92962, 81152
7.93991, 81152
7.95018, 80720
7.96046, 80288
7.97076, 80720
7.98107, 80072
7.99139, 80504
8.00174, 81152
8.01203, 81152
8.02228, 80936
8.03256, 80936
8.04285, 81152
8.05313, 80504
8.06341, 80072
8.07368, 80288
8.08396, 79640
8.09427, 79856
8.10453, 80072
8.11484, 80720
8.12507, 81368
8.13531, 81584
8.14556, 82232
8.15587, 82880
8.16615, 83312
8.17646, 82880
8.18675, 82880
8.1971, 82664
8.20745, 82016
8.21769, 82880
8.22798, 83312
8.23832, 83096
8.2487, 83096
8.25905, 83312
8.26947, 83528
8.27978, 84392
8.29003, 85472
8.30025, 86336
8.31046, 88280
8.32075, 87848
8.33105, 87416
8.3414, 86552
8.35177, 86120
8.36206, 85688
8.37234, 86120
8.38269, 86120
8.39306, 86552
8.40342, 85688
8.41383, 86120
8.4241, 86552
8.43439, 86768
8.44474, 85472
8.45501, 84608
8.46517, 82232
8.47529, 81584
8.4854, 80936
8.49551, 80720
8.50562, 80072
8.51575, 79208
8.52588, 79208
8.5361, 79208
8.54628, 78776
8.55649, 78560
8.56673, 80072
8.57702, 79424
8.58735, 78776
8.59763, 78344
8.60791, 78560
8.61819, 79208
8.62855, 78560
8.63897, 78344
8.64924, 78128
8.65965, 78344
8.66994, 79424
8.6802, 79424
8.69047, 79856
8.70083, 80936
8.71107, 82880
8.72133, 83528
8.73166, 83528
8.74196, 83528
8.7522, 83960
8.76244, 83312
8.77275, 82880
8.78306, 82880
8.79339, 82016
8.8037, 82232
8.81404, 82664
8.82444, 83960
8.83471, 83744
8.84491, 82016
8.85501, 81152
8.86511, 80288
8.87521, 79208
8.88533, 78776
8.89554, 78776
8.90578, 78776
8.91601, 78776
8.92622, 79208
8.93648, 78992
8.94674, 78992
8.95708, 78776
8.96739, 78344
8.97768, 78128
8.98787, 78560
8.9981, 78992
9.00839, 78560
9.01873, 78128
9.02914, 78128
9.0395, 77912
9.04977, 77696
9.06001, 78560
9.07023, 79640
9.08053, 79640
9.09078, 80072
9.10104, 80072
9.11125, 80720
9.12145, 82880
9.13169, 83744
9.14199, 84608
9.1523, 85256
9.1626, 85688
9.17304, 85040
9.1833, 85040
9.19352, 84392
9.20375, 82664
9.2139, 81368
9.22401, 80072
9.23413, 79856
9.24427, 79640
9.25444, 80936
9.26473, 81800
9.27503, 82664
9.28524, 82880
9.29554, 82880
9.30585, 82232
9.31609, 81800
9.32632, 80720
9.33657, 79856
9.34677, 78992
9.35694, 78560
9.36712, 78344
9.37738, 78560
9.38766, 78992
9.39793, 78560
9.4082, 78560
9.41845, 78344
9.42869, 78560
9.43896, 77912
9.44922, 77480
9.4596, 77696
9.46985, 77480
9.48009, 83960
9.49028, 85472
9.50053, 86120
9.51081, 87848
9.52104, 89360
9.53134, 86768
9.54167, 87200
9.552, 87416
9.56226, 86984
9.57249, 86552
9.5827, 85904
9.59297, 85256
9.60324, 84176
9.61347, 82880
9.62366, 82448
9.63383, 81584
9.64395, 81152
9.65406, 80936
9.66418, 80720
9.67433, 80288
9.68443, 80072
9.69458, 80504
9.70483, 80720
9.71495, 80504
9.72506, 80288
9.73516, 80072
9.74527, 79640
9.75538, 79640
9.76563, 79856
9.77589, 80072
9.78617, 80072
9.79645, 79856
9.80675, 80072
9.81711, 79856
9.82743, 79640
9.83768, 79424
9.84797, 79208
9.85832, 79424
9.86866, 79208
9.87909, 79856
9.88935, 81800
9.89963, 82664
9.90993, 83312
9.92024, 82016
9.93047, 82448
9.94068, 86768
9.95091, 87848
9.96129, 87848
9.97156, 88064
9.98178, 88496
9.99203, 86984
10.0023, 87632
10.013, 87632
10.0233, 87200
10.0337, 86984
10.0442, 86984
10.0546, 85904
10.0649, 85256
10.0751, 84176
10.0853, 82448
10.0954, 81152
10.1055, 80504
10.1158, 80072
10.126, 79424
10.1362, 78776
10.1464, 78344
10.1568, 78776
10.1671, 78992
10.1774, 79208
10.1877, 78992
10.198, 78560
10.2082, 78560
10.2185, 78776
10.2287, 78560
10.239, 77912
10.2492, 77912
10.2594, 77696
10.2698, 77912
10.2801, 78344
10.2904, 79424
10.3008, 80072
10.3112, 80936
10.3216, 82664
10.3319, 83312
10.3422, 83096
10.3524, 82880
10.3627, 85904
10.3729, 89144
10.3832, 90224
10.3934, 91952
10.4036, 89144
10.4139, 87848
10.4242, 86768
10.4347, 86120
10.4451, 86336
10.4555, 86984
10.4659, 86768
10.4764, 85472
10.4868, 83744
10.4971, 82880
10.5072, 82448
10.5173, 82016
10.5275, 81584
10.5377, 80720
10.5478, 80288
10.558, 79856
10.5682, 79424
10.5784, 79208
10.5888, 78992
10.599, 78776
10.6093, 78560
10.6196, 78344
10.6299, 78344
10.6403, 78344
10.6506, 78344
10.661, 78344
10.6713, 78560
10.6817, 78344
10.6921, 77912
10.7025, 77696
10.7129, 77480
10.7231, 77480
10.7337, 78128
10.7441, 80072
10.7551, 80720
10.7654, 80936
10.7759, 80720
10.7861, 80936
10.7964, 81800
10.8067, 81800
10.8172, 81368
10.8274, 81152
10.8377, 82880
10.848, 84176
10.8583, 85256
10.8688, 86768
10.8791, 85904
10.8893, 85688
10.8996, 86120
10.9099, 86336
10.9204, 86120
10.931, 86552
10.9416, 86120
10.952, 85688
10.9623, 84824
10.9726, 83960
10.9828, 81584
10.993, 80720
11.0031, 80072
11.0132, 79640
11.0235, 78776
11.0337, 78128
11.0439, 78128
11.0542, 78344
11.0644, 78776
11.0747, 79424
11.085, 79424
11.0952, 79208
11.1055, 79208
11.1156, 78776
11.1258, 78560
11.136, 77912
11.1463, 77480
11.1567, 77264
11.1671, 77264
11.1775, 77048
11.1878, 77048
11.1982, 77048
11.2086, 77264
11.219, 76832
11.2295, 76832
11.2403, 76832
11.2508, 76832
11.2611, 76832
11.2716, 77048
11.2819, 76616
11.2922, 77264
11.3025, 78560
11.3128, 80720
11.3231, 82232
11.3334, 82232
11.3437, 83960
11.354, 83744
11.3643, 84824
11.375, 85256
11.3857, 85904
11.3962, 86120
11.4065, 86120
11.4169, 85472
11.4274, 85688
11.4378, 85040
11.4481, 84392
11.4584, 83528
11.4685, 82016
11.4787, 81368
11.4888, 80936
11.499, 80504
11.5092, 79640
11.5195, 78776
11.5298, 78344
11.5402, 78128
11.5506, 78128
11.5609, 78128
11.5713, 78128
11.5816, 78128
11.592, 77696
11.6023, 77480
11.6126, 77480
11.6229, 77480
11.6332, 77480
11.6435, 77480
11.6537, 77696
11.664, 78776
11.6743, 79424
11.6846, 79856
11.6948, 80072
11.705, 80288
11.7153, 79856
11.7257, 80720
11.7359, 83096
11.7462, 83528
11.7567, 83312
11.7671, 82880
11.7776, 83096
11.788, 82664
11.7983, 82232
11.8087, 82880
11.819, 86120
11.8293, 88280
11.8395, 90008
11.8497, 89360
11.8601, 88496
11.8704, 86552
11.8808, 86120
11.8912, 85040
11.9014, 84824
11.9115, 85256
11.9217, 85688
11.9319, 85688
11.942, 84824
11.9522, 83744
11.9623, 82232
11.9725, 80504
11.9826, 79856
11.9928, 79208
12.003, 78776
12.0134, 78560
12.0239, 78344
12.0342, 78128
12.0445, 77912
12.0549, 77912
12.0652, 77912
12.0755, 77912
12.0858, 78128
12.0961, 78128
12.1065, 78128
12.1168, 77696
12.1272, 77696
12.1377, 77696
12.1483, 77696
12.1587, 77696
12.169, 77480
12.1794, 78128
12.1897, 77696
12.2002, 78128
12.2104, 78128
12.2207, 77912
12.2309, 78560
12.2412, 78992
12.2515, 79208
12.2618, 78992
12.2723, 79208
12.2826, 81584
12.293, 82232
12.3032, 83312
12.3135, 84608
12.3239, 85040
12.3343, 86336
12.3446, 86768
12.3549, 86984
12.3652, 86552
12.3756, 86336
12.386, 85472
12.3963, 84608
12.4066, 82448
12.4168, 81584
12.427, 80936
12.4371, 80288
12.4473, 79640
12.4576, 78560
12.4684, 78344
12.4787, 78128
12.4891, 77912
12.4994, 78128
12.5097, 78128
12.52, 78128
12.5303, 77912
12.5406, 77696
12.5511, 77912
12.5613, 78560
12.5716, 78128
12.5819, 77912
12.5921, 77912
12.6024, 78344
12.6129, 78992
12.6232, 79856
12.6337, 80072
12.6441, 79640
12.6544, 81152
12.6647, 81152
12.675, 81152
12.6854, 81584
12.6957, 82448
12.7059, 87416
12.7161, 86984
12.7264, 87416
12.7367, 88064
12.7471, 87416
12.7575, 86768
12.768, 86552
12.7783, 85688
12.7889, 85040
12.7994, 84608
12.81, 84392
12.8207, 83960
12.831, 83744
12.8414, 82880
12.8516, 80504
12.8618, 80072
12.872, 79424
12.8822, 78776
12.8925, 78344
12.9028, 77912
12.9131, 77696
12.9233, 77696
12.9336, 77480
12.944, 77264
12.9544, 77264
12.9648, 77480
12.9751, 77696
12.9854, 77480
12.9957, 77696
13.006, 77264
13.0163, 77048
13.0266, 77048
13.0369, 77264
13.0473, 77264
13.0577, 77480
13.0681, 77696
13.0785, 77480
13.0889, 77264
13.0993, 77264
13.1097, 77480
13.1201, 77480
13.1304, 77696
13.1415, 82232
13.1518, 83528
13.162, 84608
13.1723, 84824
13.1827, 85040
13.193, 86336
13.2033, 86336
13.2137, 85688
13.2242, 85472
13.2346, 86552
13.2449, 86120
13.2553, 86552
13.2658, 86768
13.2762, 86336
13.2866, 85904
13.2969, 84392
13.3073, 82448
13.3174, 81368
13.3276, 80504
13.3377, 78992
13.3479, 78560
13.3591, 78128
13.3705, 77696
13.3809, 77480
13.3913, 77264
13.4016, 77264
13.4119, 77480
13.4221, 77912
13.4325, 77912
13.4427, 77912
13.4529, 77480
13.4631, 77480
13.4732, 77264
13.4834, 77480
13.4937, 78128
13.5039, 78560
13.5142, 78344
13.5245, 78776
13.5348, 78776
13.545, 78344
13.5553, 78560
13.5656, 78128
13.5759, 81368
13.5861, 82448
13.5963, 83528
13.6066, 83528
13.6168, 83960
13.6271, 84824
13.6375, 85472
13.6478, 85256
13.658, 86768
13.6683, 86768
13.6786, 86984
13.6889, 87200
13.6992, 86336
13.7094, 85256
13.7198, 84824
13.73, 83528
13.7402, 82880
13.7504, 81800
13.7605, 81368
13.7707, 80936
13.7808, 80072
13.791, 79640
13.8011, 79424
13.8113, 79424
13.8218, 79640
13.8322, 79208
13.8426, 79208
13.8529, 78776
13.8632, 78776
13.8735, 78560
13.8839, 78560
13.8942, 78560
13.9045, 78560
13.9148, 78560
13.9251, 78344
13.9355, 78776
13.9458, 78776
13.956, 78776
13.9663, 79424
13.9765, 79640
13.9867, 79424
13.9969, 79424
14.0071, 79856
14.0174, 80288
14.0276, 81584
14.0379, 82664
14.0483, 82016
14.0587, 82664
14.069, 81800
14.0794, 81152
14.0897, 81368
14.1, 82664
14.1102, 83744
14.1206, 84392
14.1309, 85904
14.1411, 85904
14.1515, 85688
14.1619, 84392
14.1722, 85040
14.1826, 85688
14.1927, 85904
14.2029, 85904
14.2131, 85904
14.2233, 85904
14.2334, 83744
14.2436, 82232
14.2537, 81368
14.2638, 80504
14.274, 80072
14.2842, 78560
14.2944, 78128
14.3046, 78128
14.315, 78344
14.3255, 78992
14.3358, 80288
14.3461, 80936
14.3564, 82664
14.3666, 83312
14.3768, 82664
14.387, 81152
14.3973, 81152
14.4075, 81152
14.4177, 80720
14.4283, 80072
14.4388, 79424
14.4494, 79856
14.4596, 81584
14.4699, 80504
14.4803, 81584
14.4905, 82448
14.5008, 85688
14.5111, 87416
14.5214, 87200
14.5319, 86984
14.5422, 86984
14.5525, 86336
14.5628, 85688
14.5732, 85040
14.5835, 86336
14.5938, 86336
14.6041, 86336
14.6144, 85688
14.6248, 85040
14.6353, 84392
14.6457, 83960
14.6559, 83960
14.6661, 83096
14.6762, 82232
14.6864, 81152
14.6965, 81152
14.7066, 80720
14.7168, 80504
14.7269, 80288
14.737, 79856
14.7472, 79856
14.7576, 80720
14.768, 81152
14.7783, 80504
14.7885, 79640
14.7987, 79424
14.8091, 79208
14.8193, 79208
14.8296, 78992
14.8398, 79640
14.8501, 80504
14.8604, 80720
14.8707, 80936
14.8811, 80288
14.8915, 80072
14.9018, 81368
14.9121, 82448
14.9243, 82232
14.9346, 83096
14.9449, 84392
14.9551, 86984
14.9653, 88064
14.9756, 86768
14.9858, 87200
14.996, 86768
15.0062, 85040
15.0166, 84824
15.0268, 84824
15.0371, 84824
15.0474, 84824
15.058, 84608
15.0684, 84608
15.0787, 83960
15.089, 83528
15.0994, 82664
15.1095, 82016
15.1196, 81800
15.1298, 80936
15.1399, 80504
15.1501, 80072
15.1602, 79640
15.1704, 79640
15.1806, 78992
15.1913, 78776
15.2016, 78776
15.2118, 78560
15.2222, 78560
15.2324, 78992
15.2427, 79208
15.253, 79424
15.2633, 80504
15.2736, 80288
15.2839, 80504
15.2942, 80720
15.3044, 80936
15.3147, 81152
15.325, 80288
15.3352, 79856
15.3455, 79208
15.3558, 79424
15.3662, 79208
15.3765, 79640
15.3867, 80720
15.397, 82664
15.4072, 85472
15.4175, 86768
15.4278, 85256
15.438, 85688
15.4483, 85688
15.4587, 84824
15.469, 85256
15.4793, 86120
15.4896, 85688
15.4999, 85040
15.5103, 84176
15.5207, 84176
15.5311, 83312
15.5414, 83096
15.5516, 82664
15.5618, 82016
15.5719, 81368
15.5821, 80504
15.5923, 80072
15.6025, 79640
15.6127, 79208
15.6229, 79208
15.6332, 78776
15.6435, 78776
15.6538, 78344
15.6641, 78344
15.6745, 78128
15.6849, 77912
15.6953, 77912
15.7057, 77696
15.7161, 77696
15.7265, 77264
15.7369, 77264
15.7473, 77048
15.7578, 77048
15.7681, 77264
15.7784, 77480
15.7888, 77696
15.7991, 77696
15.8093, 77696
15.8196, 78560
15.8298, 80072
15.8401, 81368
15.8504, 81584
15.8608, 81584
15.871, 81584
15.8813, 80288
15.8917, 79856
15.902, 79856
15.9124, 81152
15.9226, 83960
15.9329, 84608
15.9431, 85040
15.9534, 85472
15.9636, 85472
15.9739, 85040
15.9843, 84824
15.9946, 85256
16.005, 84824
16.0155, 85256
16.0258, 83744
16.036, 82232
16.0461, 81584
16.0562, 80720
16.0664, 80072
16.0765, 78992
16.0867, 78560
16.0969, 78344
16.1073, 78128
16.1176, 77912
16.128, 77696
16.1382, 77480
16.1485, 77480
16.1589, 77480
16.1691, 77912
16.1793, 78128
16.1897, 78128
16.2, 78560
16.2102, 78992
16.2205, 78992
16.2308, 79424
16.241, 79640
16.2513, 79424
16.2615, 78992
16.2719, 78344
16.2822, 78992
16.2924, 79208
16.3027, 79424
16.3129, 79640
16.3231, 79424
16.3334, 79640
16.3437, 79640
16.3541, 79208
16.3644, 79208
16.3747, 83312
16.3849, 85040
16.3951, 86120
16.4056, 87200
16.4159, 87416
16.4262, 85688
16.4365, 85256
16.447, 84824
16.4574, 84392
16.4678, 84392
16.4782, 84392
16.489, 83744
16.4995, 83096
16.5099, 82448
16.5201, 80720
16.5303, 80072
16.5404, 79640
16.5505, 79208
16.5607, 78560
16.5711, 78128
16.5814, 77912
16.5917, 77696
16.6019, 77696
16.6124, 77480
16.6228, 77696
16.6331, 77696
16.6434, 77912
16.6537, 78344
16.664, 78560
16.6742, 78560
16.6846, 78776
16.6948, 78992
16.7051, 81368
16.7154, 81584
16.7257, 82448
16.736, 83960
16.7463, 83312
16.7565, 82664
16.7668, 82232
16.777, 83312
16.7873, 83096
16.7975, 84824
16.8079, 84608
16.8183, 83960
16.8287, 83744
16.8391, 83528
16.8495, 83312
16.8599, 83744
16.8703, 84824
16.8807, 85472
16.8911, 86120
16.9017, 86120
16.9122, 84176
16.9228, 83528
16.933, 82232
16.9431, 81368
16.9532, 80720
16.9633, 79640
16.9735, 78992
16.9837, 78776
16.9939, 79208
17.004, 78992
17.0143, 78992
17.0246, 78776
17.0349, 78776
17.0453, 78776
17.0557, 78776
17.066, 79640
17.0763, 79856
17.0866, 79424
17.097, 79856
17.1072, 80720
17.1174, 83096
17.1277, 82448
17.138, 82880
17.1483, 82448
17.1586, 82448
17.1691, 83960
17.1794, 82880
17.1897, 83312
17.2, 84392
17.2103, 88280
17.2207, 88712
17.2311, 88280
17.2414, 87848
17.2517, 86768
17.262, 85688
17.2726, 85040
17.283, 84824
17.2935, 84608
17.3042, 84392
17.3147, 84176
17.3251, 83528
17.3353, 83096
17.3456, 82448
17.3558, 81584
17.3659, 80720
17.3761, 80288
17.3862, 79856
17.3966, 79208
17.4068, 78776
17.4172, 78560
17.4275, 78560
17.438, 78560
17.4483, 78560
17.4587, 78128
17.469, 78128
17.4793, 78128
17.4898, 77912
17.5002, 78128
17.5106, 77912
17.521, 77912
17.5316, 77696
17.542, 77480
17.5524, 77264
17.5628, 77696
17.5733, 77480
17.5839, 78128
17.5943, 77912
17.6046, 78560
17.615, 78344
17.6254, 78992
17.6357, 78992
17.646, 78560
17.6565, 79424
17.6667, 80072
17.677, 82448
17.6873, 81800
17.6977, 86336
17.7081, 88712
17.7184, 88496
17.7287, 87200
17.7393, 86768
17.7496, 85688
17.7601, 85040
17.7708, 84392
17.7814, 84392
17.792, 84176
17.8023, 83528
17.8126, 83312
17.8232, 83096
17.8335, 81800
17.8437, 80288
17.8538, 79640
17.864, 79208
17.8742, 78992
17.8847, 78776
17.895, 78560
17.9054, 78776
17.9157, 78776
17.926, 79208
17.9363, 79424
17.9466, 78776
17.9568, 78344
17.9669, 78344
17.9772, 77912
17.9875, 77912
17.9978, 77696
18.0081, 77912
18.0184, 77912
18.0287, 77696
18.0391, 78992
18.0495, 79424
18.06, 80504
18.0704, 80288
18.0807, 80936
18.0909, 81152
18.1011, 82016
18.1114, 83096
18.1216, 83960
18.132, 84392
18.1422, 85472
18.1525, 86336
18.1628, 86336
18.1731, 85472
18.1834, 85472
18.1937, 86120
18.204, 86336
18.2143, 86120
18.2247, 86552
18.2352, 85040
18.2457, 84176
18.256, 83744
18.2663, 82880
18.2766, 83096
18.2868, 81800
18.297, 81368
18.3071, 80720
18.3173, 80504
18.3278, 80072
18.3381, 78992
18.3482, 78776
18.3584, 78560
18.369, 78560
18.3795, 78560
18.3898, 79424
18.4001, 79208
18.4104, 78992
18.4206, 79208
18.4311, 80072
18.4413, 80504
18.4516, 80936
18.462, 80504
18.4722, 80288
18.4824, 79424
18.4926, 78992
18.5029, 78776
18.5133, 78560
18.5237, 78344
18.534, 80504
18.5444, 80504
18.5546, 80288
18.5649, 82016
18.5752, 84176
18.5855, 84608
18.5959, 84176
18.6061, 85256
18.6164, 85688
18.6268, 85904
18.6373, 86336
18.6476, 86552
18.658, 85904
18.6683, 85472
18.6787, 84824
18.689, 84824
18.6993, 84608
18.7098, 84608
18.7203, 84392
18.7307, 83960
18.7412, 83744
18.7515, 84176
18.7617, 83960
18.7719, 82232
18.782, 80288
18.7922, 79640
18.8023, 79424
18.8128, 79640
18.8232, 79424
18.8336, 79856
18.8439, 79640
18.8541, 78992
18.8644, 78560
18.8748, 78344
18.8851, 78128
18.896, 78344
18.9063, 78128
18.9167, 77912
18.9274, 77912
18.9377, 78128
18.948, 78560
18.9583, 78776
18.9686, 79424
18.9789, 79640
18.9893, 79640
18.9995, 79856
19.0097, 80072
19.02, 83960
19.0302, 85256
19.0404, 85904
19.0506, 85904
19.0609, 86120
19.0712, 85688
19.0815, 85040
19.092, 84608
19.1026, 84176
19.113, 85256
19.1234, 85904
19.1339, 85688
19.1442, 85256
19.1546, 85040
19.1649, 84824
19.1752, 84608
19.1855, 84392
19.1958, 83312
19.2059, 82016
19.216, 81368
19.2262, 80720
19.2364, 80072
19.2466, 79424
19.2568, 78992
19.267, 78560
19.2772, 78560
19.2874, 78344
19.2976, 78344
19.3081, 78344
19.3184, 78128
19.3288, 77696
19.3392, 77696
19.3496, 77480
19.3601, 77480
19.3706, 77480
19.3809, 77480
19.3912, 77264
19.4014, 77048
19.4116, 77048
19.4219, 77048
19.4323, 77048
19.4428, 76832
19.4532, 77048
19.4636, 77048
19.474, 77264
19.4843, 77480
19.4947, 77264
19.505, 77696
19.5154, 79424
19.5257, 79856
19.5361, 80288
19.5463, 80936
19.5565, 82664
19.5668, 82880
19.5771, 82232
19.5873, 82232
19.5977, 81584
19.6082, 80504
19.6185, 79640
19.6289, 79424
19.6395, 79208
19.6501, 78992
19.6606, 79856
19.6711, 80936
19.6814, 81800
19.6917, 82664
19.702, 84176
19.7124, 84824
19.7227, 85904
19.733, 85256
19.7433, 84392
19.7536, 82016
19.764, 80936
19.7742, 80072
19.7842, 79424
19.7944, 78776
19.8047, 78560
19.8151, 78776
19.8255, 78560
19.8357, 78776
19.8459, 79208
19.8562, 79856
19.8666, 78776
19.877, 78992
19.8873, 79424
19.8975, 79640
19.9078, 80072
19.9181, 80072
19.9284, 79424
19.939, 79208
19.9495, 79424
19.9598, 78992
19.97, 79640
19.9802, 79640
19.9905, 80936
20.001, 81800
20.0119, 83096
20.0222, 83528
20.0324, 82880
20.0428, 83528
20.053, 82664
20.0633, 81800
20.0736, 81584
20.084, 80936
20.0946, 80504
20.1051, 80072
20.1155, 79856
20.1261, 79856
20.1366, 79856
20.147, 81800
20.1573, 82448
20.1676, 83096
20.1779, 83528
20.1881, 84176
20.1984, 81368
20.2087, 81152
20.219, 81800
20.2294, 81584
20.2398, 81368
20.2499, 80072
20.2601, 79856
20.2702, 79424
20.2804, 79208
20.2907, 79424
20.3009, 79424
20.3111, 79856
20.3214, 80720
20.3318, 80288
20.3421, 80504
20.3524, 80072
20.3628, 80504
20.3731, 80072
20.3834, 80288
20.3937, 80720
20.4039, 80504
20.4142, 80072
20.4247, 80504
20.435, 80288
20.4452, 83096
20.4554, 83528
20.4657, 82880
20.4759, 83096
20.4861, 82664
20.4964, 82232
20.5067, 82232
20.5169, 81800
20.5272, 81800
20.5375, 82448
20.5479, 82448
20.5581, 81800
20.5685, 81584
20.5789, 81368
20.5893, 81368
20.5997, 83312
20.6103, 84392
20.6205, 84824
20.6308, 84608
20.641, 82880
20.6511, 80504
20.6612, 79856
20.6858, 78992
20.6965, 78776
20.7071, 78776
20.7175, 78776
20.7277, 78992
20.7379, 78992
20.7482, 78992
20.7584, 79208
20.7687, 79208
20.779, 80288
20.7893, 80504
20.7998, 80720
20.8102, 80720
20.8205, 80288
20.8307, 79856
20.841, 79856
20.8513, 79424
20.8617, 78776
20.8721, 78992
20.8824, 78992
20.8928, 79424
20.9032, 79208
20.9136, 79856
20.9245, 80504
20.9348, 80072
20.945, 79640
20.9553, 81152
20.9656, 82880
20.9759, 83096
20.9862, 83960
20.9965, 84176
21.0068, 84608
21.0171, 85040
21.0274, 85472
21.0377, 85040
21.0482, 84392
21.0586, 84176
21.0692, 83960
21.0795, 83312
21.0898, 82664
21.1001, 82232
21.1103, 81368
21.1206, 80720
21.1308, 80720
21.1411, 80936
21.1513, 80720
21.1616, 80072
21.1718, 79208
21.1819, 78776
21.1924, 78992
21.2027, 79208
21.2129, 79208
21.2231, 80288
21.2334, 80504
21.2437, 80504
21.2539, 79856
21.2642, 78992
21.2745, 78992
21.2851, 78992
21.2955, 78776
21.3059, 78560
21.3162, 78344
21.3267, 78344
21.3371, 78560
21.3473, 79856
21.3577, 81368
21.368, 82016
21.3784, 82880
21.3886, 83744
21.3988, 83312
21.409, 83744
21.4193, 86120
21.4296, 86552
21.4399, 86336
21.4502, 86336
21.4606, 84608
21.471, 84392
21.4816, 83960
21.4922, 83744
21.5028, 83744
21.5132, 83744
21.5236, 83960
21.534, 84392
