time, temp
0.00815367, 64736
0.0193829, 64736
0.0306683, 64736
0.0413199, 64952
0.0518304, 64952
0.0622023, 64952
0.0729638, 64952
0.0836748, 64952
0.0942217, 64952
0.104782, 64952
0.115144, 65168
0.125406, 65168
0.135662, 65168
0.1459, 65168
0.156341, 65168
0.16656, 65168
0.176737, 65384
0.186949, 65384
0.197191, 65384
0.207464, 65384
0.217689, 65384
0.227885, 65168
0.238074, 65384
0.248258, 65384
0.258484, 65384
0.268691, 65384
0.27889, 65600
0.289089, 65384
0.299279, 65600
0.309482, 65600
0.319676, 65384
0.329873, 65384
0.340078, 65384
0.350329, 65384
0.360501, 65384
0.370646, 65384
0.380787, 65384
0.390933, 65384
0.401075, 65384
0.41124, 65384
0.421396, 65384
0.431953, 65384
0.442506, 65600
0.453144, 65600
0.463789, 65600
0.474366, 65600
0.484844, 65600
0.495219, 65816
0.505609, 66032
0.516012, 66032
0.526347, 66032
0.536679, 66248
0.547146, 66248
0.55755, 66248
0.56801, 66248
0.578417, 66248
0.588838, 66248
0.599222, 66464
0.6096, 66464
0.619943, 66464
0.630261, 66464
0.640544, 66680
0.650901, 66680
0.66122, 66680
0.671585, 66680
0.68206, 66680
0.692361, 66896
0.702499, 66896
0.712811, 66896
0.722968, 66896
0.733107, 66896
0.743243, 66896
0.753374, 66896
0.763504, 66896
0.773637, 67112
0.783801, 66896
0.793935, 67112
0.804118, 67112
0.814276, 67112
0.82441, 67112
0.834543, 67112
0.844675, 67328
0.854803, 67328
0.864933, 67328
0.87506, 67328
0.885223, 67328
0.895356, 67328
0.905501, 67328
0.915647, 67328
0.925776, 67328
0.935904, 67328
0.946033, 67328
0.95616, 67544
0.966306, 67544
0.976674, 67544
0.986847, 67544
0.997103, 67760
1.0073, 67760
1.01754, 67976
1.02775, 67976
1.03799, 67976
1.04829, 67760
1.05847, 67976
1.06871, 67976
1.07899, 67976
1.0893, 68192
1.09957, 68192
1.10976, 68408
1.11991, 68624
1.13011, 68840
1.14032, 68840
1.15056, 69056
1.16092, 70352
1.17121, 70352
1.18147, 70784
1.19173, 71000
1.20203, 71216
1.21233, 71432
1.22266, 71648
1.23298, 71864
1.24327, 72080
1.25355, 72296
1.26379, 72512
1.27405, 72728
1.28426, 72728
1.29448, 72944
1.3047, 72944
1.3149, 73160
1.3251, 73160
1.33532, 73376
1.34579, 73592
1.35605, 73592
1.36628, 72944
1.37649, 72512
1.38679, 72296
1.39714, 72080
1.40765, 74888
1.41793, 75968
1.42817, 75104
1.43838, 74888
1.44863, 74888
1.45887, 75320
1.46912, 75320
1.47945, 75320
1.48977, 75320
1.50028, 75320
1.51083, 77264
1.52118, 75968
1.53139, 75536
1.54163, 75536
1.55199, 75536
1.56228, 75320
1.57256, 75536
1.58286, 75320
1.59311, 75536
1.60339, 76616
1.6137, 78344
1.62396, 78344
1.63417, 78344
1.6444, 78344
1.65465, 78560
1.66485, 78560
1.67505, 78560
1.68533, 78560
1.69556, 78560
1.70577, 79208
1.71596, 79424
1.72619, 79208
1.73647, 79208
1.74674, 79208
1.757, 79208
1.7672, 79208
1.77743, 79424
1.78771, 79424
1.79815, 80288
1.8088, 80504
1.81977, 80720
1.83048, 80936
1.84125, 81152
1.85172, 81800
1.86217, 82016
1.87248, 80720
1.8827, 79208
1.89294, 78992
1.90316, 78560
1.91332, 78344
1.92349, 78344
1.9337, 78344
1.94386, 78560
1.95408, 78560
1.96426, 78560
1.97441, 78560
1.98458, 78560
1.99484, 78560
2.00509, 78560
2.01537, 78344
2.02571, 78344
2.03597, 78344
2.04621, 78344
2.0564, 78560
2.0666, 78776
2.07684, 78560
2.08715, 78776
2.09736, 78776
2.10755, 78776
2.11776, 78992
2.128, 78992
2.13824, 78992
2.14851, 78992
2.15881, 78992
2.16911, 78776
2.17941, 78776
2.18963, 78776
2.19989, 78776
2.21019, 78776
2.22049, 78776
2.23264, 79208
2.24294, 80936
2.25325, 80288
2.26378, 80936
2.27416, 81800
2.28447, 82232
2.29473, 83096
2.30501, 82664
2.31549, 83528
2.3259, 83960
2.33615, 83960
2.34663, 84176
2.35717, 84392
2.3678, 84608
2.37837, 84608
2.38881, 83312
2.39948, 82664
2.40967, 82448
2.41985, 82232
2.43003, 82232
2.44021, 82880
2.45039, 82880
2.46061, 83096
2.47082, 83096
2.48102, 83096
2.49123, 83096
2.50148, 82880
2.51176, 82880
2.52203, 82880
2.53232, 82880
2.54256, 83096
2.55283, 83096
2.56309, 83096
2.57338, 83312
2.58372, 83312
2.59399, 83528
2.60425, 83528
2.61448, 83528
2.62491, 83528
2.63529, 83744
2.64559, 83744
2.65588, 83744
2.66615, 83528
2.67643, 83528
2.68677, 83312
2.69714, 83312
2.7075, 83096
2.71778, 83096
2.72804, 83096
2.73831, 82880
2.74862, 82880
2.75891, 82880
2.76917, 82880
2.77951, 82880
2.78979, 82880
2.8001, 83528
2.81031, 83096
2.82075, 83744
2.83118, 84392
2.84171, 83744
2.85219, 84176
2.8627, 84176
2.87311, 84392
2.88362, 84608
2.89397, 83744
2.90414, 82016
2.91432, 81368
2.92458, 80936
2.93481, 80504
2.94501, 80288
2.95521, 80072
2.9654, 80072
2.97561, 80072
2.98589, 80072
2.99622, 79640
3.00659, 79856
3.01732, 79640
3.02768, 79856
3.0379, 79640
3.04813, 79856
3.05837, 80072
3.06858, 80288
3.0788, 80072
3.08908, 80288
3.09932, 80072
3.10954, 80072
3.11976, 80072
3.13001, 80288
3.1403, 80072
3.15054, 80072
3.16087, 80072
3.17109, 80072
3.18141, 80504
3.19169, 83312
3.20196, 83096
3.21219, 84176
3.22242, 84392
3.23269, 85040
3.24293, 85688
3.25326, 86768
3.26357, 88064
3.27391, 88712
3.28419, 88064
3.29453, 87632
3.30485, 86552
3.31513, 86984
3.32534, 86336
3.33567, 85904
3.346, 86984
3.35629, 86768
3.36663, 85904
3.37692, 85904
3.38721, 85904
3.39751, 86336
3.40779, 86120
3.41809, 86336
3.42836, 86336
3.43865, 87632
3.44893, 86552
3.45915, 87200
3.46945, 86768
3.47977, 86552
3.49013, 86768
3.50046, 86552
3.51074, 86984
3.52106, 87200
3.53136, 86768
3.54166, 86552
3.55199, 86984
3.56231, 86336
3.57255, 86552
3.583, 86552
3.59339, 86336
3.60378, 86336
3.61409, 86336
3.62429, 84824
3.63458, 82880
3.64477, 84392
3.655, 87632
3.66512, 88928
3.67525, 89576
3.68541, 89576
3.69559, 90224
3.70572, 90440
3.71592, 89576
3.72615, 90008
3.73637, 89576
3.74668, 88064
3.75689, 88496
3.76718, 88280
3.77746, 87416
3.78766, 88064
3.79786, 88496
3.80816, 88064
3.81848, 87416
3.82876, 87848
3.83902, 88496
3.84929, 86984
3.85956, 87416
3.86984, 87416
3.88023, 86768
3.89054, 87632
3.90091, 87632
3.91117, 88496
3.92144, 88496
3.9318, 87200
3.94213, 86552
3.95255, 87416
3.96301, 87848
3.97334, 87848
3.98359, 86768
3.99388, 86336
4.0042, 86768
4.01449, 86552
4.02487, 86120
4.03519, 86552
4.04547, 86552
4.05575, 86120
4.06613, 85472
4.07643, 85688
4.08674, 85904
4.09706, 85040
4.10743, 85256
4.11769, 85688
4.12799, 85688
4.13837, 85688
4.14895, 85472
4.15953, 85688
4.16986, 85688
4.18018, 85040
4.19049, 85688
4.20083, 85256
4.2111, 84392
4.2214, 83960
4.23171, 84392
4.24208, 84608
4.25259, 84392
4.26299, 83528
4.27325, 84176
4.28358, 84824
4.29378, 84176
4.30408, 83528
4.31437, 83960
4.32464, 83960
4.33492, 83312
4.34517, 83744
4.3554, 83960
4.36571, 83528
4.37608, 84176
4.38632, 84608
4.39672, 84608
4.40699, 83960
4.41729, 84176
4.42759, 84824
4.43785, 82880
4.44821, 83312
4.45847, 83312
4.46882, 83096
4.47908, 83312
4.48929, 83312
4.49948, 82880
4.50973, 83528
4.52003, 83960
4.53024, 84176
4.54044, 84176
4.55064, 83744
4.56084, 84176
4.57113, 84176
4.58138, 83960
4.59151, 84824
4.60166, 85688
4.61197, 86120
4.62209, 85904
4.63218, 86336
4.64226, 86120
4.65236, 86336
4.66245, 86552
4.67256, 86336
4.68265, 86552
4.69283, 83744
4.703, 83312
4.71318, 84176
4.72335, 84824
4.73353, 85472
4.74371, 85472
4.75386, 85904
4.764, 85904
4.77418, 85688
4.78434, 85904
4.79446, 86336
4.80456, 85472
4.81479, 85688
4.82502, 85040
4.83525, 83960
4.8455, 83528
4.85572, 83960
4.86594, 83312
4.87619, 83744
4.88638, 83744
4.89657, 84176
4.90685, 83096
4.91709, 83096
4.92736, 83528
4.93756, 83096
4.94781, 82232
4.95804, 82664
4.96827, 82664
4.97846, 83096
4.98866, 83744
4.99887, 83960
5.00907, 84176
5.01934, 83312
5.02952, 83096
5.03971, 83960
5.04993, 84392
5.06016, 82664
5.07039, 82664
5.08063, 82016
5.0909, 82016
5.10121, 82232
5.11147, 81368
5.12172, 81152
5.13197, 81152
5.14223, 80504
5.15253, 81584
5.16282, 82016
5.17305, 82016
5.18324, 82448
5.19341, 82880
5.20359, 82880
5.21378, 82880
5.22396, 83528
5.23416, 83744
5.24437, 82016
5.25462, 82016
5.26491, 82664
5.27516, 82232
5.28539, 82664
5.29556, 82880
5.30573, 83312
5.31598, 82664
5.32617, 83312
5.33636, 83744
5.34657, 83096
5.35675, 82880
5.36693, 83096
5.3771, 83528
5.38732, 82880
5.39752, 83096
5.40773, 83096
5.41789, 83096
5.42808, 83096
5.43828, 83744
5.44847, 82664
5.45874, 82664
5.46898, 82232
5.47922, 81800
5.48954, 82448
5.49981, 82664
5.51008, 82232
5.52037, 82448
5.53061, 82664
5.54088, 82448
5.55112, 82232
5.5613, 82880
5.57153, 83528
5.58171, 82448
5.59206, 82664
5.60228, 82880
5.61248, 82664
5.62269, 82448
5.63307, 82016
5.6433, 82016
5.65361, 81800
5.66381, 82016
5.67398, 82016
5.68417, 82664
5.69433, 82664
5.70451, 82664
5.71471, 82664
5.72487, 82880
5.73506, 82664
5.74525, 82880
5.75543, 83528
5.76563, 83312
5.77584, 81584
5.78601, 82664
5.79618, 83096
5.80635, 82880
5.81653, 82880
5.82684, 82448
5.83711, 82664
5.84745, 82448
5.85779, 82232
5.86799, 83312
5.87816, 83312
5.88827, 85040
5.8984, 84824
5.9085, 85256
5.91858, 85472
5.92879, 85256
5.93893, 85688
5.94902, 85472
5.95913, 85472
5.96925, 84824
5.97945, 83312
5.98965, 82232
5.99989, 83312
6.01005, 83744
6.02021, 84608
6.03044, 84392
6.04062, 84824
6.0508, 84824
6.06105, 84608
6.07125, 85040
6.08134, 85472
6.09147, 85472
6.10169, 84824
6.11185, 84176
6.12204, 82880
6.13228, 82664
6.14249, 82880
6.15275, 82016
6.16308, 82016
6.1733, 82448
6.18352, 82664
6.19368, 82880
6.20387, 82448
6.21402, 83096
6.22418, 82880
6.23441, 82016
6.24461, 82232
6.25482, 81584
6.26506, 82016
6.27531, 82232
6.28554, 82664
6.29571, 83312
6.30592, 82232
6.3161, 81800
6.32628, 82664
6.33646, 83312
6.34664, 83312
6.35685, 81368
6.36703, 82016
6.3772, 82232
6.38738, 82016
6.39756, 82232
6.40778, 82232
6.41798, 81800
6.42823, 82016
6.43846, 82448
6.44866, 83096
6.45883, 83096
6.46905, 81800
6.47927, 82016
6.4895, 81584
6.49976, 81368
6.51001, 81584
6.52027, 82016
6.53055, 81584
6.54076, 81800
6.55094, 82448
6.5611, 83096
6.5713, 81584
6.58148, 81584
6.59166, 82016
6.60183, 81584
6.61202, 81800
6.62225, 81800
6.63248, 81800
6.64268, 81152
6.65287, 81800
6.66305, 82016
6.67322, 82016
6.68343, 82232
6.69367, 81584
6.70385, 81800
6.71404, 81152
6.72422, 80936
6.73439, 80936
6.74461, 81368
6.7548, 81152
6.76496, 81800
6.77514, 82016
6.78529, 82232
6.79546, 82880
6.80567, 82664
6.81582, 82448
6.82602, 82016
6.83625, 81584
6.84644, 81800
6.85675, 82016
6.86702, 81368
6.87739, 79856
6.88789, 79640
6.89819, 78992
6.90846, 78560
6.91876, 78128
6.92902, 78128
6.93926, 77912
6.94949, 78128
6.95974, 78344
6.96999, 78128
6.98025, 77480
6.99047, 77264
7.00067, 77048
7.01088, 77048
7.02114, 77048
7.03143, 77480
7.04172, 77048
7.05202, 77912
7.06225, 77480
7.07244, 76832
7.08258, 76184
7.09271, 76184
7.10288, 76184
7.11302, 76400
7.12353, 76400
7.13393, 77696
7.14454, 78128
7.1548, 77048
7.16496, 76832
7.17527, 77264
7.18567, 76184
7.19592, 76184
7.20634, 76184
7.21658, 75752
7.22725, 78776
7.23744, 78344
7.2476, 77264
7.25776, 76832
7.2679, 76616
7.27804, 77480
7.28843, 79424
7.29888, 78128
7.30951, 77696
7.32055, 79208
7.33116, 78128
7.34159, 77480
7.35188, 77048
7.36214, 76616
7.37245, 76400
7.3829, 76184
7.39319, 75968
7.40359, 75752
7.41447, 78560
7.42497, 77696
7.43543, 77264
7.44575, 76832
7.45603, 76400
7.46639, 76832
7.47682, 76616
7.4871, 76616
7.49751, 76616
7.50791, 77696
7.5187, 77480
7.52945, 77696
7.54067, 77696
7.55253, 76832
7.56399, 76616
7.57659, 76184
7.58871, 76184
7.60026, 75968
7.61123, 75968
7.62208, 75968
7.63291, 75968
7.64368, 75968
7.65467, 75968
7.66601, 76184
7.67639, 76184
7.68668, 76184
7.69695, 75752
7.70718, 75752
7.71742, 75752
7.72761, 75752
7.73786, 75752
7.74809, 75752
7.7583, 75968
7.7685, 75968
7.77883, 76832
7.78913, 77480
7.7996, 76184
7.80988, 75968
7.82013, 75752
7.8305, 75752
7.8408, 76184
7.85105, 76832
7.86135, 77048
7.87172, 77048
7.88199, 76832
7.89224, 76832
7.90257, 76832
7.91285, 76832
7.92307, 76832
7.93325, 77048
7.94345, 76832
7.9537, 77264
7.96398, 77480
7.97423, 77480
7.98448, 77696
7.99476, 77696
8.00498, 76832
8.01517, 76400
8.02536, 76400
8.03552, 76400
8.05665, 77912
8.06707, 77912
8.07734, 77480
8.08778, 77264
8.09818, 77048
8.10851, 76832
8.11895, 76832
8.1293, 76832
8.13973, 76400
8.15021, 75968
8.16071, 76184
8.17144, 76616
8.18225, 76832
8.19327, 76616
8.20388, 76616
8.21463, 76400
8.22519, 76400
8.23576, 76400
8.24642, 76184
8.25661, 76184
8.26678, 76400
8.27694, 76400
8.28729, 76616
8.29746, 77696
8.30762, 78128
8.31778, 78344
8.32794, 77696
8.33813, 77264
8.34829, 77264
8.35846, 77048
8.36865, 77480
8.3789, 78128
8.38911, 78128
8.39941, 77696
8.40967, 77480
8.41994, 77264
8.43018, 77696
8.44036, 78128
8.45054, 78128
8.4607, 78344
8.47094, 78344
8.48143, 78344
8.49183, 77912
8.50212, 77480
8.51236, 77048
8.52261, 77048
8.53289, 78560
8.5432, 78776
8.55346, 78992
8.56371, 78776
8.57584, 78344
8.58621, 78776
8.59653, 80072
8.60685, 80504
8.61733, 80936
8.62886, 80936
8.63967, 81584
8.65026, 82448
8.66078, 83528
8.67125, 83960
8.68154, 84392
8.69231, 84176
8.70302, 84392
8.71375, 84608
8.72454, 84176
8.73534, 84176
8.74553, 83528
8.75569, 82016
8.76586, 80936
8.776, 80288
8.78618, 80072
8.79635, 79640
8.80655, 78992
8.81679, 78776
8.82694, 78776
8.83723, 78776
8.84745, 78344
8.85761, 78128
8.86778, 77912
8.87793, 77912
8.88808, 77912
8.89821, 77696
8.90834, 77696
8.91854, 77912
8.92876, 77696
8.93895, 77480
8.9491, 77480
8.95932, 77480
8.96947, 77264
8.97991, 77480
8.99024, 77264
9.00045, 77264
9.01062, 77264
9.02088, 77264
9.03107, 77264
9.04124, 77264
9.05167, 77264
9.062, 78560
9.07276, 77696
9.08315, 77264
9.09359, 77048
9.10404, 78128
9.11513, 78344
9.126, 78128
9.13719, 77912
9.14814, 77912
9.15927, 77264
9.17008, 77048
9.18105, 77912
9.19165, 78344
9.20212, 77696
9.21261, 77480
9.22302, 77696
9.23344, 77480
9.2438, 77480
9.2543, 77480
9.26471, 77480
9.27512, 77264
9.28547, 77264
9.29596, 77264
9.30659, 77264
9.31716, 77264
9.32812, 77264
9.34102, 77264
9.35184, 77264
9.3628, 77048
9.37355, 77048
9.38454, 77048
9.39597, 77048
9.40712, 77048
9.41822, 76832
9.43052, 77048
9.44138, 77048
9.45182, 77048
9.4622, 77048
9.47263, 77912
9.48298, 78344
9.49368, 78344
9.5047, 77912
9.51595, 77480
9.52796, 77048
9.53958, 77696
9.5516, 77480
9.56215, 77696
9.57293, 77480
9.58391, 77264
9.59528, 77264
9.60618, 77264
9.6173, 77048
9.62903, 77048
9.63947, 77264
9.64991, 77048
9.66035, 77048
9.67082, 77480
9.68114, 77696
9.69146, 77480
9.70178, 77264
9.71216, 77480
9.72264, 77264
9.73306, 77912
9.74342, 78776
9.75375, 78992
9.76408, 78344
9.77445, 77696
9.7848, 77480
9.79507, 77264
9.80537, 78560
9.81562, 78128
9.82579, 78344
9.83606, 78776
9.84633, 78992
9.85665, 78776
9.86689, 78344
9.87711, 78128
9.88733, 78128
9.89754, 78128
9.90776, 78128
9.91802, 78344
9.92837, 80072
9.93856, 80504
9.94879, 80936
9.95901, 82448
9.96926, 83960
9.97952, 84824
9.98979, 85256
10.0003, 86336
10.0106, 87200
10.0209, 86768
10.0311, 85904
10.0413, 85472
10.0516, 85040
10.0617, 85040
10.072, 84824
10.0821, 84824
10.0925, 84608
10.1033, 85472
10.1136, 84608
10.1237, 83312
10.1339, 82880
10.1441, 82664
10.1543, 82016
10.1645, 81800
10.1747, 81584
10.1849, 81368
10.1953, 82232
10.2057, 82448
10.2158, 81584
10.226, 81152
10.2362, 81152
10.2463, 80504
10.2566, 79640
10.2668, 80072
10.2776, 81584
10.2879, 80720
10.2985, 79856
10.3088, 78992
10.319, 78776
10.3292, 78344
10.3394, 78344
10.3495, 78128
10.3599, 78344
10.3703, 79424
10.3806, 78560
10.3909, 78560
10.4012, 78344
10.4117, 77480
10.422, 77264
10.4323, 77048
10.4427, 77048
10.4533, 78560
10.4657, 80288
10.4771, 80720
10.4901, 78992
10.5087, 78776
10.5195, 78344
10.5308, 77480
10.5425, 77480
10.5542, 77480
10.5652, 77480
10.5767, 77480
10.5897, 77480
10.6002, 77480
10.6111, 77480
10.6223, 77696
10.6326, 77048
10.6429, 77048
10.6531, 76832
10.6636, 76832
10.6741, 77696
10.6846, 77696
10.6951, 77480
10.7055, 77264
10.7158, 77264
10.7262, 77264
10.7364, 77264
10.7466, 77264
10.7568, 77264
10.767, 77264
10.7773, 77264
10.7875, 77264
10.7978, 77264
10.8081, 77264
10.8183, 77264
10.8285, 77048
10.8386, 77264
10.8488, 77696
10.8592, 77912
10.8695, 77912
10.8797, 77480
10.89, 77264
10.9004, 77264
10.9107, 77264
10.9209, 77264
10.9311, 77264
10.9414, 77696
10.9517, 78128
10.962, 78344
10.9722, 78560
10.9825, 78344
10.9929, 78128
11.0032, 78128
11.0134, 77912
11.0306, 77696
11.041, 78344
11.0517, 78128
11.0625, 78128
11.0733, 78128
11.0838, 77696
11.0944, 77480
11.1049, 77480
11.1153, 77264
11.1256, 77480
11.1362, 77480
11.147, 77696
11.1574, 77696
11.1678, 77696
11.1781, 77912
11.1889, 77696
11.2002, 77696
11.2113, 77480
11.2219, 77480
11.2325, 77264
11.2428, 77048
11.253, 76832
11.2632, 76616
11.2734, 76832
11.2836, 76832
11.2938, 76832
11.304, 77048
11.3142, 77264
11.3244, 77696
11.3346, 77480
11.3448, 77480
11.3551, 77480
11.3652, 77696
11.3754, 77480
11.3856, 77696
11.3957, 77696
11.4059, 77696
11.416, 77696
11.4262, 77912
11.4363, 77912
11.4465, 77912
11.4567, 77912
11.4669, 77912
11.4771, 77912
11.4873, 77912
11.4975, 77912
11.5077, 77912
11.5179, 77696
11.528, 77912
11.5382, 77912
11.5487, 78128
11.559, 78128
11.5692, 77912
11.5796, 77912
11.59, 77912
11.6007, 78128
11.6115, 78128
11.622, 78128
11.6325, 78128
11.6431, 78128
11.6535, 78128
11.664, 78128
11.6749, 77912
11.6859, 77912
11.6964, 77912
11.707, 77912
11.7176, 78344
11.7285, 79640
11.7394, 80504
11.7496, 80288
11.7598, 82232
11.7701, 84608
11.7805, 83744
11.791, 83744
11.8013, 83528
11.8117, 83744
11.822, 83744
11.8324, 83960
11.8428, 83960
11.8531, 83744
11.8632, 82664
11.8734, 82016
11.8836, 81584
11.8938, 81152
11.904, 80720
11.9141, 80504
11.9244, 80504
11.9345, 80072
11.9447, 79856
11.955, 79640
11.9652, 79424
11.9753, 79424
11.9855, 79424
11.9957, 79208
12.0058, 78776
12.016, 78560
12.0261, 78992
12.0364, 79208
12.0466, 79208
12.0568, 79208
12.067, 78992
12.0772, 78776
12.0875, 78776
12.0977, 79640
12.1079, 79424
12.1181, 80504
12.1284, 82016
12.1387, 82232
12.1489, 83528
12.1592, 82232
12.1694, 82448
12.1796, 83312
12.1898, 83960
12.2001, 83744
12.2103, 84608
12.2206, 84824
12.2312, 84392
12.2424, 84608
12.2531, 84176
12.2643, 83960
12.2763, 83960
12.2875, 85256
12.2983, 84392
12.3094, 84608
12.3215, 83744
12.3334, 83312
12.3453, 83096
12.3563, 82664
12.3683, 82232
12.3803, 82448
12.3921, 82880
12.4049, 82448
12.416, 82016
12.4279, 82664
12.4403, 81800
12.4537, 81368
12.4649, 80720
12.4756, 80288
12.4879, 80288
12.5003, 79640
12.511, 79856
12.5213, 80288
12.5317, 80720
12.542, 80936
12.5523, 80720
12.5626, 80504
12.573, 80504
12.5836, 80288
12.5942, 80072
12.605, 81152
12.6156, 81584
12.626, 82016
12.6368, 81368
12.6478, 81584
12.6585, 81368
12.6703, 81584
12.6816, 81800
12.692, 80936
12.7023, 80720
12.7126, 79856
12.7228, 78992
12.7329, 78776
12.7432, 78560
12.7533, 78560
12.7635, 78344
12.7737, 78560
12.7839, 78560
12.7942, 78560
12.8046, 78560
12.8151, 78344
12.8258, 78128
12.8362, 78128
12.8467, 78560
12.8572, 78560
12.8676, 79424
12.8779, 80288
12.8883, 80504
12.8989, 80504
12.9106, 81152
12.9211, 80288
12.932, 80072
12.9428, 80288
12.9542, 80720
12.9648, 80072
12.9752, 79640
12.9856, 79424
12.9959, 79208
13.0062, 78776
13.0164, 78560
13.0268, 78560
13.037, 78344
13.0474, 78992
13.0577, 80288
13.0681, 80072
13.0784, 79640
13.0887, 79424
13.099, 78992
13.1093, 78560
13.1195, 78344
13.1298, 78128
13.1401, 78128
13.1504, 78776
13.1608, 78776
13.1715, 78560
13.1853, 78344
13.196, 78128
13.2069, 78344
13.2178, 78344
13.2287, 78344
13.2393, 78344
13.2497, 78344
13.2601, 78128
13.2705, 78128
13.281, 78128
13.2916, 78128
13.3022, 78128
13.3127, 78128
13.323, 78344
13.3333, 78560
13.3435, 78776
13.3538, 79208
13.364, 79208
13.3742, 79208
13.3844, 79208
13.3947, 79424
13.405, 79640
13.4154, 79640
13.4258, 79856
13.4361, 79856
13.4464, 79856
13.4567, 80072
13.4669, 80072
13.4772, 80072
13.4875, 80072
13.5007, 79856
13.5114, 79640
13.5219, 79640
13.5324, 81584
13.5433, 82880
13.5541, 83528
13.565, 83960
13.5756, 84824
13.5861, 84608
13.5967, 83960
13.6076, 84176
13.6183, 84392
13.6291, 84176
13.6399, 83744
13.6505, 83744
13.6613, 83960
13.672, 84176
13.6826, 82880
13.6927, 83096
13.7028, 82880
13.7129, 82232
13.7231, 81152
13.7332, 80288
13.7433, 79856
13.7535, 79424
13.7637, 79424
13.774, 79208
13.7843, 78992
13.7945, 78776
13.8047, 78992
13.8149, 78776
13.8252, 78776
13.8354, 78776
13.8456, 78776
13.8558, 78560
13.8661, 78776
13.8763, 78560
13.8866, 78560
13.8969, 78344
13.9077, 78560
13.9182, 78344
13.929, 78344
13.94, 78344
13.9508, 78344
13.9621, 78128
13.9733, 77912
13.9844, 77912
13.9951, 78128
14.0058, 78344
14.017, 78128
14.0284, 77912
14.0403, 77912
14.0532, 77480
14.0644, 77264
14.0753, 77264
14.0862, 77264
14.0987, 77696
14.1135, 77480
14.1252, 77480
14.1395, 77264
14.152, 77264
14.164, 77480
14.1745, 77696
14.1848, 77480
14.1952, 77264
14.2058, 76832
14.2161, 77696
14.2263, 78128
14.2365, 78344
14.2469, 78560
14.2573, 78128
14.2676, 77696
14.278, 77696
14.2883, 77696
14.2986, 77696
14.3088, 77696
14.319, 78128
14.3292, 78344
14.3395, 78344
14.3498, 77912
14.3601, 77696
14.3704, 77480
14.3807, 77480
14.391, 77480
14.4017, 77480
14.4123, 77480
14.4227, 77696
14.4329, 77480
14.443, 77480
14.4532, 77264
14.4637, 78992
14.4742, 78128
14.4845, 77480
14.4949, 77264
14.5052, 77264
14.5155, 77912
14.5258, 78128
14.5362, 78560
14.5465, 78560
14.5567, 78992
14.5669, 80720
14.5772, 80288
14.5876, 79856
14.5978, 79640
14.6082, 79640
14.6302, 79424
14.6412, 79856
14.6516, 80288
14.6619, 80072
14.6723, 79424
14.6827, 79208
14.6931, 79856
14.7034, 79208
14.7138, 78776
14.7241, 78992
14.7345, 78992
14.7449, 78992
14.7552, 78992
14.7656, 78776
14.776, 78992
14.7863, 78992
14.7966, 78992
14.8071, 79208
14.8175, 79424
14.828, 79424
14.8384, 79424
14.8487, 79424
14.8591, 79424
14.8695, 79424
14.8799, 79424
14.8905, 79208
14.901, 79208
14.9113, 79208
14.9216, 78992
14.9319, 79208
14.9423, 81800
14.9528, 82880
14.9631, 84392
14.9734, 87416
14.9838, 86984
14.9941, 87632
15.0043, 86984
15.0148, 87416
15.0252, 87200
15.0356, 86768
15.0459, 87200
15.0562, 86120
15.0666, 85688
15.0769, 85904
15.0872, 85472
15.0976, 85472
15.1079, 85688
15.1183, 85688
15.1288, 85472
15.1391, 85040
15.1494, 85688
15.1596, 83960
15.1698, 82664
15.1799, 82016
15.1901, 80936
15.2003, 80288
15.2105, 79856
15.2206, 79640
15.2308, 79640
15.2412, 79424
15.2516, 79208
15.262, 79208
15.2723, 78992
15.2826, 78776
15.2929, 78560
15.3032, 78344
15.3136, 78344
15.3239, 78128
15.3341, 78128
15.3444, 77912
15.3548, 77912
15.3651, 77912
15.3754, 77912
15.3857, 78128
15.396, 78560
15.4066, 78560
15.4171, 78560
15.4275, 78776
15.4379, 78992
15.4483, 78992
15.4585, 79208
15.4689, 79424
15.4795, 78560
15.4901, 78344
15.5008, 78344
15.5117, 78344
15.5226, 77912
15.5332, 77912
15.5444, 77696
15.5552, 77696
15.5658, 77696
15.5768, 78344
15.5873, 78992
15.5976, 78776
15.608, 78344
15.6182, 79208
15.6285, 79424
15.6387, 79640
15.649, 79640
15.6594, 79856
15.6698, 79856
15.6804, 78992
15.6911, 78992
15.7017, 78560
15.7121, 78128
15.7226, 77912
15.7334, 77480
15.7465, 77264
15.7571, 77264
15.7675, 77048
15.7778, 77696
15.7889, 78560
15.7996, 78992
15.8099, 78344
15.8208, 77696
15.8311, 77696
15.8413, 77480
15.8515, 77480
15.8618, 77264
15.8722, 77264
15.8825, 77696
15.8933, 78128
15.9041, 77696
15.9144, 77048
15.9248, 77048
15.9354, 77264
15.9458, 78128
15.9562, 78344
15.9665, 78344
15.9772, 77912
15.9877, 77912
15.9983, 78128
16.0088, 77048
16.019, 76832
16.0298, 76616
16.0402, 77048
16.0505, 77264
16.0607, 77480
16.0709, 77480
16.0813, 77912
16.0924, 78992
16.1029, 78128
16.1134, 77912
16.1243, 77696
16.1349, 77696
16.1456, 77480
16.1562, 77480
16.1667, 77480
16.1772, 77480
16.1881, 77264
16.1983, 77264
16.2086, 77264
16.2188, 77264
16.229, 77264
16.2392, 77480
16.2495, 77480
16.2597, 77480
16.2699, 77480
16.28, 77696
16.2902, 77480
16.3003, 77696
16.3105, 77696
16.3206, 77696
16.3308, 77696
16.3409, 77480
16.3511, 77480
16.3612, 77480
16.3714, 77264
16.3816, 77480
16.3917, 77264
16.4019, 77480
16.412, 77480
16.4222, 77696
16.4323, 77912
16.4425, 77912
16.4527, 78128
16.4629, 78128
16.4731, 77912
16.4833, 77912
16.4934, 77696
16.5036, 78344
16.5138, 78344
16.524, 78128
16.5342, 77912
16.5445, 77912
16.5547, 77912
16.5649, 78128
16.5847, 78128
16.5952, 78128
16.6055, 78344
16.616, 78344
16.6267, 78344
16.6372, 78128
16.6478, 78128
16.6584, 78128
16.6688, 78128
16.6794, 78344
16.69, 78344
16.7003, 78128
16.7112, 78128
16.722, 78128
16.7328, 77912
16.7438, 78344
16.7548, 79640
16.7655, 80288
16.7762, 80936
16.7865, 80504
16.7968, 80504
16.8072, 80936
16.8176, 82016
16.828, 83096
16.8384, 83744
16.8488, 83744
16.8592, 83960
16.8696, 83960
16.8799, 84176
16.8902, 84176
16.9004, 82880
16.9106, 82016
16.9208, 81368
16.931, 81152
16.9411, 80936
16.9513, 80504
16.9615, 80504
16.9717, 80288
16.982, 80072
16.9923, 79856
17.0025, 79640
17.0127, 79208
17.023, 79208
17.0332, 78776
17.0434, 78560
17.0536, 78560
17.0638, 78560
17.074, 78344
17.0842, 77912
17.0946, 77696
17.1047, 77696
17.1149, 78128
17.1251, 78344
17.1353, 77912
17.1456, 78128
17.1561, 78560
17.1667, 78560
17.1774, 78560
17.188, 78776
17.1983, 78128
17.2092, 77912
17.2218, 77696
17.2363, 77480
17.2476, 77480
17.2596, 77480
17.271, 77264
17.2816, 77264
17.2922, 77264
17.303, 77264
17.3135, 77048
17.3238, 77048
17.3341, 77048
17.3445, 77048
17.3552, 76832
17.3658, 77912
17.3764, 78128
17.3868, 78128
17.3971, 77480
17.4074, 77480
17.4176, 78128
17.4279, 77912
17.4383, 78128
17.4485, 77696
17.4588, 77264
17.469, 77480
17.4793, 77480
17.4901, 77480
17.5005, 77264
17.511, 77264
17.5213, 77264
17.5316, 77264
17.5418, 77264
17.552, 77264
17.5624, 77264
17.5728, 77264
17.5831, 77264
17.5934, 77264
17.6038, 77264
17.6142, 77264
17.6245, 77264
17.635, 77264
17.6453, 77264
17.6556, 77264
17.6657, 77696
17.676, 78344
17.6864, 78776
17.6969, 78992
17.7072, 78128
17.7176, 78128
17.7284, 77912
17.7395, 77696
17.7499, 77696
17.7604, 77480
17.7711, 77480
17.7816, 77696
17.7926, 77480
17.8035, 77264
17.8139, 77264
17.8255, 77696
17.8361, 78344
17.8466, 78776
17.8571, 78560
17.8675, 78560
17.8779, 78560
17.8883, 78344
17.8987, 78344
17.9091, 78344
17.9195, 78128
17.9298, 78344
17.9402, 78344
17.9507, 78560
17.961, 78992
17.9713, 79856
17.9816, 80288
17.9919, 80720
18.0021, 81152
18.0124, 81152
18.0227, 80504
18.033, 80504
18.0433, 80504
18.0536, 80504
18.064, 80504
18.0743, 80504
18.0845, 80504
18.0949, 80288
18.1053, 80288
18.1157, 80072
18.1261, 80072
18.1364, 80072
18.1468, 80936
18.1571, 82664
18.1673, 84824
18.1776, 83960
18.1878, 84392
18.198, 84176
18.2083, 83528
18.2188, 85040
18.2291, 85040
18.2393, 86552
18.2496, 86120
18.2597, 83744
18.2698, 82016
18.2799, 81368
18.29, 80720
18.3002, 80288
18.3103, 80072
18.3204, 79640
18.3305, 79208
18.3408, 79640
18.3511, 80072
18.3613, 80288
18.3715, 80720
18.3817, 80936
18.3919, 80936
18.4021, 80504
18.4124, 80288
18.4226, 80504
18.4328, 80288
18.4431, 80072
18.4534, 79424
18.4638, 79208
18.4743, 78992
18.4846, 78992
18.4949, 78992
18.5052, 78992
18.5155, 78776
18.5259, 78776
18.5362, 78776
18.5465, 78560
18.5567, 78560
18.5669, 78560
18.5773, 79208
18.5875, 79856
18.5978, 79640
18.608, 79208
18.6183, 79856
18.6286, 79208
18.6388, 78992
18.649, 78776
18.6591, 78560
18.6692, 78560
18.6794, 78560
18.6895, 78560
18.6997, 78560
18.7099, 78560
18.7201, 78344
18.7306, 79424
18.7409, 78776
18.751, 78560
18.7612, 78344
18.7714, 78344
18.7816, 78128
18.7919, 78128
18.8021, 78128
18.8122, 78128
18.8224, 78128
18.8327, 77912
18.8431, 78344
18.8535, 78344
18.8639, 78560
18.8755, 78344
18.8865, 78344
18.8972, 78128
18.9078, 77912
18.9184, 77480
18.9291, 77480
18.9394, 77480
18.9497, 77480
18.9602, 77480
18.9706, 77696
18.9809, 77696
18.9912, 78344
19.0014, 78776
19.0117, 79640
19.0221, 80072
19.0361, 80288
19.0464, 82232
19.0588, 82232
19.0696, 82232
19.08, 81152
19.0905, 81152
19.1008, 80936
19.1112, 80936
19.1217, 80720
19.1327, 80072
19.1435, 79856
19.1541, 79640
19.1647, 79640
19.175, 79640
19.1858, 79208
19.1977, 78992
19.209, 79424
19.2202, 79640
19.2306, 79424
19.2417, 79424
19.2524, 79208
19.2635, 78992
19.2762, 78992
19.2878, 78776
19.2999, 78776
19.3156, 78776
19.3265, 78344
19.3373, 78128
19.3477, 77912
19.3581, 77696
19.3685, 77480
19.3801, 77264
19.3918, 77264
19.4037, 76832
19.4156, 76832
19.4277, 77048
19.4416, 77264
19.4575, 77480
19.47, 77480
19.484, 77912
19.4972, 77912
19.5094, 78128
19.5251, 78776
19.5356, 79208
19.546, 78992
19.5564, 78776
19.5668, 78344
19.5772, 78344
19.5875, 78344
19.5977, 78128
19.6081, 77912
19.6184, 77912
19.6288, 77912
19.6393, 77696
19.6499, 77696
19.6603, 77696
19.6706, 77696
19.681, 77912
19.6913, 78344
19.7016, 78776
19.7119, 79208
19.7222, 79424
19.7325, 79424
19.7435, 79640
19.7544, 80504
19.7658, 80504
19.7768, 80936
19.7882, 80072
19.7998, 79856
19.8108, 79640
19.8216, 79424
19.8321, 78776
19.8425, 78776
19.8532, 78776
19.864, 78776
19.8746, 78776
19.8854, 78776
19.8963, 78776
19.9073, 78776
19.9182, 78776
19.9288, 78776
19.9391, 78560
19.9496, 78560
19.9601, 78344
19.9705, 78344
19.9809, 79208
19.9913, 79640
20.0017, 79424
20.0122, 78992
20.0227, 78776
20.0331, 78560
20.0437, 78344
20.0542, 77696
20.0647, 77696
20.0752, 78344
20.0857, 78560
20.096, 78776
20.1064, 78344
20.1169, 78128
20.1274, 77912
20.138, 77480
20.1486, 77264
20.1592, 77264
20.1695, 77264
20.1797, 77048
20.1899, 77048
20.2001, 77048
20.2103, 77264
20.2205, 77264
20.2309, 77264
20.2411, 77696
20.2513, 77912
20.2615, 78128
20.2717, 78128
20.282, 77912
20.2924, 77696
20.3028, 77696
20.3132, 77480
20.3235, 77696
20.3338, 78344
20.3441, 78560
20.3543, 78560
20.3645, 78560
20.3749, 78560
20.3852, 78128
20.3955, 78128
20.4057, 77912
20.416, 78776
20.4265, 80936
20.4368, 81152
20.4473, 82664
20.4576, 83528
20.4681, 83744
20.4786, 84176
20.489, 85472
20.4994, 85472
20.5098, 85904
20.5201, 85472
20.5305, 86552
20.5409, 86984
20.5513, 86552
20.5617, 87416
20.5721, 87848
20.5826, 87632
20.593, 87632
20.6035, 87200
20.6139, 87200
20.6243, 87200
20.6346, 86984
20.645, 87200
20.6554, 87632
20.6657, 86768
20.676, 85688
20.6864, 85040
20.6967, 84824
20.7071, 85688
20.7174, 85688
20.7277, 85904
20.7379, 85904
20.7482, 85904
20.7585, 85688
20.7686, 83528
20.7787, 81800
20.7889, 81584
20.799, 80936
20.8091, 80720
20.8192, 80288
20.8294, 80072
20.8396, 79856
20.8498, 79640
20.86, 79424
20.8704, 79208
20.8809, 78776
20.8913, 78560
20.9017, 78560
20.912, 78344
20.9223, 78344
20.9329, 78128
20.9432, 77912
20.9535, 77912
20.9639, 78128
20.9743, 78128
20.9848, 78128
20.9953, 78128
21.0059, 78344
21.0162, 78128
21.0264, 78560
21.037, 78560
21.0477, 78560
21.0585, 78992
21.069, 79208
21.0795, 79424
21.0899, 79424
21.1003, 79424
21.1108, 79640
21.1212, 79640
21.1315, 79640
21.1417, 79856
21.152, 80072
21.1624, 79424
21.1727, 79208
21.183, 79208
21.1933, 79208
21.2043, 79424
21.2168, 79424
21.2273, 79208
21.2386, 79856
21.2495, 80288
21.2598, 80504
21.2701, 80720
21.2812, 80936
21.2918, 80504
21.3022, 80504
21.3126, 80072
21.3231, 79640
21.3336, 79208
21.3449, 79856
21.3608, 80936
21.3725, 81152
21.383, 80504
21.3934, 79424
21.4036, 79424
21.4139, 78992
21.4242, 78992
21.4345, 78992
21.4456, 78776
21.4577, 78992
21.4695, 79208
21.482, 78992
21.4926, 78776
21.503, 78776
21.5135, 78128
21.5239, 77912
21.5345, 77696
21.5449, 77696
21.5553, 77480
21.5656, 77480
21.5769, 77912
21.5877, 78344
21.5984, 77912
21.6094, 77696
21.6202, 77696
21.6307, 77480
21.641, 77264
21.6514, 77264
21.6618, 77264
21.672, 77264
21.6823, 77264
21.6926, 78128
21.7029, 78128
21.7131, 77912
21.7233, 77696
21.7335, 77480
21.7437, 77264
21.7539, 77696
21.7641, 78776
21.7749, 79208
21.7855, 80072
21.796, 79424
21.8068, 78776
21.8173, 78344
21.8277, 77912
21.8382, 77696
21.8486, 77480
21.8591, 77264
21.8698, 77264
21.8801, 77264
21.8903, 77048
21.9005, 77048
21.9108, 77048
21.9211, 77048
21.9313, 77912
21.9415, 78344
21.9517, 78344
21.9619, 78128
21.972, 77912
21.9822, 77912
21.9924, 77696
22.0025, 77696
22.0127, 77696
22.0229, 77912
22.033, 78128
22.0432, 78128
22.0534, 77912
22.0636, 77696
22.0737, 77696
22.0839, 77912
22.0941, 78128
22.1043, 78344
22.1149, 78344
22.1252, 77696
22.1355, 77264
22.1457, 77048
22.1559, 77912
22.166, 78344
22.1762, 78560
22.1864, 77696
22.1966, 77696
22.2068, 77696
22.217, 77696
22.2274, 77696
22.2377, 77696
22.2479, 77480
22.258, 77696
22.2726, 77696
22.2831, 77912
22.2936, 78128
22.3042, 78128
22.3167, 77480
22.3271, 77480
22.3375, 77480
22.3479, 79208
22.3583, 78992
22.3687, 79424
22.3791, 81152
22.3895, 81800
22.4003, 83528
22.4109, 83960
22.4214, 84608
22.432, 85040
22.4428, 83528
22.4536, 83312
22.4643, 83312
22.4746, 83312
22.4849, 83312
22.4952, 83528
22.5056, 84176
22.5159, 84608
22.5261, 85040
22.5364, 85256
22.5467, 85472
22.5569, 84176
22.5671, 83312
22.5773, 83096
22.5874, 82448
22.5976, 82232
22.6077, 82016
22.6179, 82016
22.628, 82016
22.6382, 82232
22.6484, 82232
22.6586, 82016
22.6688, 82016
22.679, 81800
22.6892, 81800
22.6995, 81152
22.7098, 80936
22.72, 80720
22.7301, 80504
22.7404, 80504
22.7506, 80504
22.7608, 80504
22.771, 80720
22.7813, 80504
22.7915, 80288
22.8017, 80504
22.812, 80936
22.8224, 80720
22.8331, 80720
22.8438, 81152
22.8542, 81152
22.865, 81152
22.8758, 81368
22.8868, 80936
22.8978, 80720
22.9087, 80504
22.9197, 80504
22.9305, 80936
22.9415, 80936
22.9538, 80936
22.9648, 80720
22.9756, 80504
22.9859, 80504
22.9964, 80504
23.0072, 80720
23.0179, 80936
23.0282, 80936
23.0385, 80936
23.0488, 80936
23.0593, 81152
23.07, 81152
23.0804, 80936
23.0909, 80936
23.1012, 80720
23.1115, 80720
23.1218, 80288
23.1321, 80072
23.1424, 79640
23.1527, 79424
23.1631, 79424
23.1734, 79208
23.1837, 79208
23.194, 78992
23.2043, 78776
23.2147, 78560
23.2249, 78344
23.2353, 78560
23.2455, 77912
23.2558, 77696
23.266, 77696
23.2762, 77696
23.2867, 77696
23.2973, 77696
23.3083, 77696
23.319, 77696
23.3294, 77480
23.3399, 77696
23.3503, 77696
23.3607, 77696
23.3792, 78560
23.3898, 80072
23.4015, 80504
23.4119, 80504
23.4229, 80504
23.4345, 80720
23.4449, 79856
23.4552, 79208
23.4657, 79208
23.4762, 79640
23.4869, 79424
23.4982, 79208
23.5097, 78992
23.5212, 78776
23.532, 78776
23.5431, 78776
23.5541, 78776
23.5647, 78776
23.5756, 78560
23.5876, 78344
23.599, 78344
23.6098, 78560
23.6202, 78560
23.6308, 78560
23.6412, 78560
23.6516, 78560
23.662, 78560
23.6724, 78560
23.6828, 78776
23.6932, 78776
23.7035, 78776
23.7138, 78776
23.7241, 78992
23.7345, 78776
23.7449, 78992
23.7553, 78992
23.7656, 78992
23.776, 78992
23.7863, 78992
23.7966, 79208
23.8071, 78992
23.8176, 79208
23.8279, 79208
23.8383, 79208
23.8488, 79208
23.8593, 79208
23.8697, 79208
23.88, 79208
23.8904, 79208
23.9007, 79208
23.9111, 78776
23.9215, 78560
23.9319, 78992
23.9422, 78776
23.9526, 78776
23.963, 78560
23.9733, 78344
23.9836, 78128
23.994, 78344
24.0043, 78344
24.0146, 78776
24.0249, 78344
24.0351, 80720
24.0453, 83312
24.0556, 81584
24.0658, 81152
24.076, 81368
24.0863, 81368
24.0965, 81584
24.1067, 81800
24.1169, 82016
24.1272, 81800
24.1373, 82016
24.1475, 81800
24.1576, 81152
24.1677, 80936
24.1778, 80936
24.188, 80504
24.1981, 80504
24.2082, 80504
24.2183, 80288
24.2284, 80288
24.2386, 80288
24.2487, 80072
24.2589, 80072
24.269, 80288
24.2791, 80288
24.2893, 80072
24.2995, 79856
24.3097, 80072
24.3199, 80720
24.3302, 80504
24.3404, 80504
24.3506, 80720
24.3609, 80288
24.3711, 79856
24.3814, 79640
24.3917, 79424
24.402, 79208
24.4124, 78992
24.4228, 78992
24.4331, 78776
24.4434, 78992
24.4549, 78776
24.4679, 78344
24.4825, 78776
24.4939, 79208
24.5049, 79424
24.5165, 80288
24.5272, 80936
24.5381, 80504
24.5488, 79856
24.5595, 79856
24.5707, 80288
24.5822, 80504
24.5928, 80720
24.6035, 79856
24.6142, 79424
24.6251, 79208
24.6358, 78992
24.6467, 79208
24.6575, 78992
24.6698, 78344
24.6835, 77912
24.6955, 77696
24.7064, 77480
24.7167, 77912
24.7271, 77696
24.738, 78128
24.7483, 78128
24.7587, 77912
24.7691, 77696
24.7795, 77480
24.7898, 77264
24.8001, 77480
24.8105, 77480
24.821, 77480
24.8314, 77696
24.8417, 77696
24.852, 77480
24.8622, 77264
24.8724, 77264
24.883, 77480
24.8958, 77696
24.9095, 77480
24.9203, 77264
24.9308, 77048
24.9412, 77048
24.9515, 76832
24.9618, 76616
24.9722, 76616
24.9824, 76616
24.9926, 76832
25.0031, 78560
25.0139, 77696
25.0249, 77480
25.0356, 77264
25.0465, 77048
25.0572, 77264
25.068, 77480
25.0797, 77480
25.0903, 77480
25.1061, 78344
25.1195, 78344
25.1304, 78560
25.142, 78344
25.1531, 78128
25.1636, 77912
25.1743, 77696
25.1851, 77696
25.1957, 77696
25.2065, 77480
25.2171, 77696
25.2275, 77696
25.2381, 77480
25.2488, 77696
25.2592, 77480
25.2712, 77480
25.282, 77264
25.2929, 77264
25.3037, 77264
25.3146, 77264
25.3256, 77264
25.3363, 77264
25.3467, 77264
25.3571, 77048
25.3675, 76832
25.3777, 76832
25.3879, 76832
25.3981, 76832
25.4083, 77048
25.4185, 77264
25.4286, 77480
25.4388, 77480
25.449, 77264
25.4592, 77048
25.4694, 77264
25.4796, 77264
25.4898, 77480
25.5, 77480
25.5102, 77264
25.5203, 77264
25.5305, 77264
25.5407, 77264
25.5509, 77264
25.5611, 77264
25.5712, 77264
25.5814, 77264
25.5915, 77264
25.6017, 78128
25.6119, 78560
25.6221, 78776
25.6322, 78560
25.6424, 77912
25.6526, 77912
25.6628, 77696
25.673, 77480
25.6834, 77264
25.6942, 77480
25.7047, 77264
25.7154, 77264
25.7261, 77480
25.7365, 77264
25.7474, 77480
25.7578, 77480
25.7684, 77480
25.7849, 77480
25.7959, 77480
25.807, 77480
25.8177, 77480
25.8279, 77480
25.8382, 77048
25.8485, 76832
25.859, 76832
25.8692, 77048
25.8794, 77264
25.8895, 77480
25.8997, 77480
25.9099, 77480
25.9201, 77480
25.9304, 77696
25.9406, 78128
25.9508, 78344
25.961, 78128
25.9714, 78128
25.9817, 78344
25.992, 77912
26.0022, 77696
26.0125, 77696
26.0227, 78560
26.0331, 81152
26.0433, 83096
26.0536, 83744
26.0639, 84176
26.0742, 84608
26.0845, 85040
26.0948, 85472
26.105, 85472
26.1154, 85688
26.1257, 85688
26.136, 85688
26.1463, 84608
26.1565, 83312
26.1667, 82880
26.1768, 82448
26.187, 82448
26.1972, 82016
26.2074, 82232
26.2177, 83312
26.228, 83744
26.2382, 83960
26.2485, 84824
26.2588, 85904
26.269, 87848
26.2792, 88280
26.2895, 88928
26.2998, 89144
26.3101, 87632
26.3204, 86984
26.3309, 86552
26.3413, 85904
26.3517, 85472
26.3619, 85256
26.3724, 85256
26.3827, 85904
26.3929, 86120
26.4032, 86552
26.4134, 86768
26.4236, 86768
26.4339, 86768
26.4441, 86768
26.4545, 85904
26.4647, 86120
26.4749, 86552
26.4852, 86336
26.4955, 85256
26.5057, 84824
26.516, 85256
26.5262, 84176
26.5365, 82880
26.5467, 81368
26.557, 80936
26.5674, 80504
26.5777, 80072
26.5881, 79640
26.5984, 79208
26.6094, 78992
26.6201, 78992
26.6305, 78992
26.6413, 78776
26.6516, 78776
26.662, 78560
26.6725, 78344
26.6833, 78128
26.6956, 78128
26.706, 78128
26.7165, 78128
26.7274, 77912
26.7391, 77912
26.7494, 78344
26.7596, 78560
26.7701, 78560
26.7804, 78776
26.791, 78992
26.8019, 78344
26.8133, 78128
26.8263, 77696
26.8387, 77696
26.8525, 77696
26.8662, 77912
26.8781, 77912
26.8898, 77480
26.9012, 77264
26.9122, 77048
26.925, 77264
26.9367, 77264
26.9474, 77048
26.958, 77048
26.9687, 77264
26.9803, 77696
26.9927, 77480
27.0031, 77480
27.0137, 77480
27.0241, 77480
27.0355, 77480
27.0465, 77480
27.0576, 77480
27.069, 77264
27.083, 77480
27.0958, 77264
27.1064, 77264
27.117, 77264
27.1293, 77264
27.1478, 77048
27.1753, 77264
27.1861, 77264
27.1969, 77048
27.2083, 77048
27.2193, 77264
27.2304, 77048
27.2411, 76832
27.2517, 76832
27.2621, 76832
27.2724, 76832
27.283, 77264
27.2936, 77480
27.3039, 77912
27.3142, 77912
27.3246, 78128
27.3349, 78128
27.3452, 78128
27.3555, 77480
27.3659, 77264
27.3762, 77264
27.3869, 77048
27.3976, 77264
27.4084, 77264
27.4191, 77264
27.4296, 77264
27.4401, 77264
27.4505, 77264
27.4608, 77480
27.4711, 77480
27.4816, 77480
27.4919, 77264
27.5024, 77264
27.5133, 77480
27.5242, 77480
27.5347, 77696
27.5455, 77696
27.5563, 77480
27.5674, 77696
27.578, 77696
27.5887, 77696
27.5995, 77480
27.6102, 77696
27.6208, 77480
27.631, 77264
27.6412, 77264
27.6516, 77048
27.662, 77048
27.6722, 77048
27.6824, 76832
27.6926, 76832
27.7028, 77048
27.713, 77048
27.7233, 77048
27.7335, 77912
27.7437, 78128
27.7539, 78560
27.7642, 78128
27.7744, 77696
27.7846, 77480
27.7948, 77696
27.805, 77696
27.8152, 77696
27.8254, 77912
27.8356, 77912
27.8458, 77912
27.8561, 77912
27.8664, 77696
27.8768, 77480
27.887, 77264
27.8972, 77480
27.9075, 77480
27.9177, 77480
27.9279, 77696
27.9381, 77912
27.9483, 77912
27.9586, 77696
27.969, 77696
27.9794, 77696
27.9899, 77696
28.0005, 77912
28.0109, 77912
28.0222, 78992
28.0328, 80720
28.0434, 81152
28.0538, 82232
28.0645, 82664
28.0746, 81368
28.0848, 81368
28.095, 82016
28.1052, 81368
28.1153, 81368
28.1255, 81152
28.1356, 81152
28.1458, 81152
28.1559, 81152
28.1661, 81152
28.1762, 81152
28.1864, 80936
28.1968, 81800
28.207, 81152
28.2172, 80936
28.2273, 80936
28.2375, 80720
28.2476, 80720
28.2577, 80720
28.2679, 80720
28.278, 80288
28.2881, 80072
28.2982, 81152
28.3084, 80720
28.3185, 80072
28.3288, 79856
28.339, 79424
28.3491, 79424
28.3593, 79856
28.3695, 80288
28.3798, 80720
28.3901, 81800
28.4004, 82232
28.4106, 82448
28.4208, 82232
28.4313, 82016
28.4416, 84176
28.4537, 84824
28.4641, 85040
28.4744, 85256
28.4847, 83528
28.4949, 86336
28.5051, 87416
28.5154, 89792
28.5256, 90224
28.536, 88064
28.5462, 87848
28.5565, 87416
28.5669, 86552
28.5773, 85688
28.5877, 85256
28.5981, 85040
28.6089, 85040
28.6193, 84824
28.6297, 84824
28.64, 84392
28.6503, 84176
28.6607, 84176
28.6711, 84176
28.6814, 84176
28.6918, 84608
28.7021, 85256
28.7124, 84608
28.7234, 85472
28.734, 85688
28.7443, 85688
28.7546, 84608
28.7649, 83312
28.7754, 82448
28.7859, 82016
28.7966, 82232
28.807, 82016
28.8172, 80936
28.8273, 80504
28.8375, 80288
28.8476, 80288
28.8647, 79424
28.8751, 79208
28.8855, 78992
28.8959, 78992
28.9064, 78776
28.9167, 78776
28.927, 78776
28.9373, 78776
28.9475, 78776
28.9578, 79208
28.968, 79640
28.9782, 80072
28.9884, 79856
28.9986, 79640
29.0089, 79424
29.0192, 79424
29.0299, 79640
29.0403, 79856
29.0507, 79856
29.0611, 80072
29.0714, 79856
29.0817, 79424
29.092, 79208
29.1023, 79208
29.1126, 78992
29.1233, 78992
29.1337, 79424
29.1443, 79424
29.1549, 79424
29.1653, 79208
29.1757, 78776
29.1861, 78776
29.1968, 78776
29.2072, 78560
29.2177, 79640
29.2283, 79424
29.2393, 78992
29.2498, 78776
29.2601, 78560
29.2705, 78776
29.2809, 78776
29.2912, 78776
29.3015, 78560
29.3119, 78560
29.3224, 78344
29.333, 78128
29.3435, 78128
29.3571, 77912
29.3697, 77912
29.3807, 78128
29.3917, 77912
29.406, 77912
29.4167, 77912
29.4273, 77912
29.4378, 77912
29.4499, 77696
29.4613, 77912
29.4756, 77912
29.4889, 77912
29.4998, 77912
29.5106, 78128
29.5217, 78128
29.5354, 78344
29.5461, 78560
29.557, 78560
29.5683, 78560
29.5789, 78776
29.5894, 78776
29.5997, 78776
29.6101, 78776
29.6205, 78776
29.6308, 78776
29.6411, 78776
29.6515, 78560
29.6618, 78560
29.6723, 78560
29.6827, 78776
29.6935, 78776
29.7039, 78992
29.7143, 78992
29.725, 78992
29.7356, 78992
29.7461, 78992
29.7566, 78776
29.7669, 78560
29.7775, 78776
29.788, 78560
29.7983, 78344
29.8087, 78128
29.8189, 78344
29.829, 78128
29.8392, 78128
29.8494, 77912
29.8596, 77912
29.8699, 77912
29.8802, 77912
29.8905, 77696
29.9008, 78776
29.911, 79424
29.9212, 79856
29.9316, 80072
29.9418, 79424
29.9521, 79640
29.9623, 79640
29.9727, 80504
29.983, 81368
29.9934, 81800
30.0037, 82232
30.0144, 82232
30.0248, 82448
30.0406, 82880
30.051, 83744
30.0616, 84392
30.0726, 83528
30.0832, 83312
30.0936, 83312
30.1047, 83312
30.1155, 83528
30.1263, 83528
30.1373, 82880
30.1482, 82448
30.1592, 82448
30.1701, 82448
30.1802, 82232
30.1906, 81584
30.2008, 81368
30.2109, 81368
30.2211, 81368
30.2314, 80936
30.2417, 80720
30.2519, 80720
30.2621, 80720
30.2724, 80720
30.2826, 80504
30.2928, 80288
30.303, 80288
30.3131, 80288
30.3234, 80288
30.3335, 80072
30.3438, 80072
30.354, 80072
30.3641, 80072
30.3745, 80288
30.3847, 80072
30.3949, 80072
30.4051, 79856
30.4153, 79856
30.4257, 79856
30.4363, 79856
30.4465, 79424
30.457, 79208
30.4674, 78992
30.4778, 78776
30.4881, 78776
30.4986, 78344
30.5089, 78128
30.5192, 78128
30.5297, 78128
30.54, 77912
30.551, 77912
30.5641, 77696
30.5775, 77696
30.5879, 77696
30.5984, 77696
30.609, 77912
30.6196, 77912
30.63, 77912
30.6404, 78128
30.6508, 78128
30.6615, 78128
30.6735, 77912
30.6844, 77696
30.6964, 77912
30.708, 78344
30.7191, 79856
30.7301, 80288
30.741, 80072
30.7518, 79640
30.7628, 79208
30.7733, 79208
30.7844, 79208
30.796, 79208
30.8068, 79208
30.8171, 79424
30.8276, 79424
30.8379, 79424
30.8488, 79640
30.8599, 79856
30.8709, 79640
30.8819, 79856
30.8925, 80072
30.9033, 80072
30.915, 80072
30.9258, 80072
30.9376, 80072
30.9492, 80072
30.9599, 80288
30.9704, 80288
30.9807, 80288
30.991, 80288
31.0013, 80288
31.0116, 80504
31.0219, 80504
31.0322, 80504
31.0426, 80504
31.0529, 80504
31.0633, 80720
31.0737, 80720
31.084, 80720
31.0943, 80936
31.1047, 81152
31.115, 80936
31.1253, 80720
31.1356, 80720
31.146, 80720
31.1564, 80720
31.1669, 80504
31.1773, 80504
31.1876, 80504
31.198, 80072
31.2084, 80072
31.2191, 79424
31.2298, 79208
31.2401, 81152
31.2505, 81800
31.2608, 82880
31.2712, 82664
31.2817, 82232
31.2921, 82232
31.3026, 82016
31.313, 81800
31.3236, 81584
31.3342, 80936
31.3446, 80720
31.3549, 80720
31.3653, 80504
31.3756, 80288
31.3859, 80072
31.3962, 79856
31.4065, 80288
31.4168, 80072
31.4272, 80072
31.4375, 80288
31.4479, 80504
31.4582, 80720
31.4685, 80720
31.4788, 80936
31.4891, 80936
31.4993, 80936
31.5095, 80936
31.5197, 81152
31.53, 80936
31.5403, 80720
31.5506, 80720
31.5611, 80504
31.5714, 80504
31.5816, 81368
31.592, 80288
31.6024, 79640
31.6126, 79208
31.6228, 78992
31.633, 78776
31.6432, 78776
31.6534, 78776
31.6638, 78776
31.6752, 79424
31.6867, 79856
31.697, 80288
31.7073, 80072
31.7177, 80288
31.7286, 80288
31.7388, 80504
31.7489, 80504
31.7591, 80288
31.7693, 80072
31.7795, 80504
31.7901, 83096
31.8009, 83960
31.8115, 83744
31.8219, 83960
31.8323, 83960
31.8427, 83960
31.8532, 83960
31.8636, 83744
31.8738, 83744
31.8842, 83528
31.8946, 83312
31.905, 82880
31.9154, 81152
31.9256, 80720
31.9359, 80288
31.9465, 80072
31.9568, 80504
31.967, 80720
31.9791, 80936
31.9898, 80936
32.001, 81800
32.0113, 80936
32.0217, 80504
32.032, 80072
32.0422, 79424
32.0527, 79208
32.063, 78992
32.0732, 78776
32.0835, 78776
32.0938, 79640
32.1045, 79856
32.115, 79856
32.1257, 79424
32.1363, 78992
32.1473, 78776
32.1581, 78776
32.1696, 78560
32.1814, 78560
32.1922, 78560
32.2032, 78344
32.2177, 78128
32.2305, 77912
32.2412, 78560
32.2515, 78560
32.2618, 78344
32.2721, 78560
32.2826, 78560
32.293, 78560
32.3033, 78776
32.3135, 78992
32.3238, 78992
32.3342, 78992
32.3445, 78992
32.3546, 78992
32.3647, 79208
32.3751, 79424
32.3855, 79856
32.396, 79424
32.4065, 79208
32.4168, 78992
32.4271, 78776
32.4374, 78992
32.4476, 79208
32.4579, 79208
32.4681, 79424
32.4784, 79640
32.4888, 79640
32.4991, 79424
32.5095, 79208
32.5198, 78776
32.53, 78776
32.5402, 78560
32.5504, 78560
32.5607, 78560
32.571, 78560
32.5813, 78560
32.5917, 78776
32.6021, 78560
32.6124, 78776
32.6229, 78992
32.6333, 78992
32.6436, 79208
32.6539, 79208
32.6643, 79424
32.6746, 79208
32.6848, 79424
32.6953, 79640
32.7059, 79640
32.7172, 79856
32.7278, 79856
32.7384, 79856
32.749, 79856
32.7595, 79856
32.7701, 79856
32.7806, 79856
32.7912, 79640
32.8014, 79208
32.8116, 79208
32.8218, 78992
32.832, 78992
32.8422, 78776
32.8524, 78776
32.8627, 78776
32.873, 78560
32.8832, 78344
32.8934, 78344
32.9037, 78344
32.9138, 78128
32.924, 77912
32.9342, 77912
32.9444, 77912
32.9546, 77696
32.9648, 77696
32.975, 77912
32.9852, 78128
32.9954, 78344
33.0055, 78560
33.0158, 78128
33.026, 77912
33.0362, 77912
33.0465, 77912
33.0568, 77912
33.0671, 77696
33.0774, 77696
33.0875, 77696
33.0977, 77696
33.1079, 77696
33.1181, 77696
33.1282, 77696
33.1384, 80720
33.1486, 83528
33.1588, 85040
33.1692, 84176
33.1797, 84392
33.1901, 84608
33.2005, 84392
33.2114, 83960
33.2222, 83960
33.2325, 83960
33.2433, 83960
33.2539, 84176
33.2645, 84176
33.2753, 84392
33.286, 84392
33.2964, 82880
33.3066, 82664
33.3168, 82232
33.327, 81800
33.3372, 82016
33.3474, 82016
33.3576, 81800
33.3678, 81800
33.378, 81800
33.3882, 81584
33.3983, 81584
33.4085, 81584
33.4186, 81584
33.4288, 81584
33.439, 81584
33.4492, 81368
33.4594, 81368
33.4697, 81368
33.4798, 81368
33.49, 81152
33.5001, 81152
33.5103, 81368
33.5204, 81368
33.5306, 81584
33.5409, 81368
33.551, 81368
33.5613, 81152
33.5715, 81368
33.5817, 81368
33.5921, 80936
33.6023, 80720
33.6126, 80504
33.6229, 80288
33.6331, 80288
33.6432, 80072
33.6535, 80504
33.6638, 80072
33.674, 79856
33.6847, 80072
33.6951, 80072
33.7055, 80072
33.7158, 80504
33.726, 80072
33.7444, 80072
33.7551, 80072
33.7663, 81368
33.7777, 82016
33.7885, 82448
33.8021, 82664
33.8154, 82664
33.8275, 83744
33.8383, 83744
33.8493, 84176
33.861, 84392
33.8747, 83528
33.8859, 83312
33.8974, 83312
33.9097, 83096
33.9214, 82880
33.9327, 82448
33.9439, 82232
33.9545, 82016
33.9655, 81800
33.9765, 82016
33.9883, 82232
33.9994, 81800
34.0104, 82016
34.0212, 82016
34.0326, 82016
34.0439, 81800
34.0543, 82016
34.0647, 82016
34.075, 82232
34.0853, 82448
34.0956, 82016
34.1059, 81584
34.1163, 81584
34.1267, 81584
34.1373, 81152
34.1487, 81152
34.1596, 81368
34.1706, 81800
34.1824, 81584
34.1943, 80936
34.2063, 80720
34.2175, 80504
34.2285, 80072
34.2414, 80072
34.2525, 79856
34.264, 79856
34.2762, 79640
34.2875, 79640
34.2992, 79640
34.3099, 79208
34.3212, 78992
34.3334, 78776
34.3454, 78776
34.3563, 78776
34.3668, 78776
34.3773, 78344
34.3879, 78776
34.3993, 78776
34.4105, 78560
34.4221, 78776
34.4337, 78560
34.4458, 78560
34.4571, 78776
34.4689, 78776
34.4804, 78776
34.4915, 78344
34.5032, 78560
34.5144, 78344
34.526, 78344
34.537, 78344
34.5475, 78344
34.558, 78344
34.5685, 78344
34.5796, 78128
34.5905, 77696
34.601, 77480
34.6118, 77264
34.6222, 77264
34.6325, 77264
34.6429, 77264
34.6532, 77480
34.6636, 77480
34.674, 77480
34.6843, 77696
34.6945, 77480
34.7048, 77696
34.7151, 77912
34.7254, 78128
34.7357, 78344
34.7461, 78128
34.7565, 78128
34.7669, 78128
34.7772, 78128
34.7874, 78128
34.7977, 78128
34.808, 77912
34.8183, 78128
34.8286, 78344
34.8389, 78560
34.8492, 78560
34.8596, 78560
34.8701, 78344
34.8804, 78128
34.8908, 77912
34.9011, 78344
34.9114, 78344
34.9217, 78128
34.9321, 78560
34.9424, 80072
34.9528, 80936
34.9632, 80720
34.9737, 81368
34.9841, 81800
34.9949, 81368
35.0052, 81584
35.016, 81584
35.0269, 81584
35.0376, 81584
35.0485, 81584
35.0594, 82016
35.0704, 82448
35.0813, 83096
35.0921, 83096
35.1025, 83312
35.1129, 83312
35.1232, 83312
35.1335, 82448
35.1438, 82016
35.1542, 81800
35.1644, 81800
35.1748, 81584
35.1851, 81584
35.1954, 81584
35.2056, 81368
35.2158, 81368
35.2261, 81584
35.2366, 81584
35.2474, 81584
35.2579, 81584
35.2688, 81368
35.2793, 81368
35.2901, 82232
35.3007, 82664
35.3112, 83096
35.3215, 82448
35.3323, 81800
35.3528, 81152
35.3642, 80936
35.3747, 80720
35.3851, 80288
35.3959, 80504
35.4065, 80720
35.4169, 80504
35.4275, 80072
35.4381, 79856
35.449, 79856
35.4597, 79856
35.4703, 79856
35.481, 79640
35.4916, 79640
35.5022, 79856
35.5129, 79640
35.5233, 79208
35.5337, 78992
35.544, 79424
35.5545, 79424
35.5649, 79640
35.5752, 79856
35.5858, 80072
35.5972, 80072
35.6079, 80072
35.62, 80072
35.631, 80072
35.6417, 80072
35.653, 80288
35.6644, 80288
35.6761, 80288
35.6882, 80072
35.7, 80072
35.712, 79856
35.7236, 79856
35.7347, 79856
35.7451, 80288
35.7556, 80288
35.766, 79856
35.7765, 80072
35.7878, 81368
35.8017, 81368
35.8133, 80936
35.8256, 80720
35.838, 80720
35.8491, 80072
35.8613, 79856
35.8724, 79640
35.8836, 79424
35.8944, 79424
35.9056, 79640
35.9181, 79424
35.9317, 79208
35.9449, 79208
35.9556, 79208
35.9668, 79208
35.9776, 78992
35.9885, 78776
35.9993, 78776
36.0097, 78776
36.0201, 78776
36.0305, 78776
36.0409, 78776
36.0524, 78560
36.0657, 78560
36.0777, 78344
36.0893, 78344
36.1012, 78128
36.1147, 77912
36.1302, 77912
36.1411, 77912
36.1515, 77696
36.1618, 77696
36.1722, 77696
36.1826, 77480
36.1929, 77480
36.2033, 77480
36.2137, 77480
36.224, 77696
36.2343, 77480
36.2447, 77480
36.2551, 77480
36.2654, 77480
36.2758, 77264
36.2861, 77264
36.2964, 77264
36.307, 77048
36.3172, 77480
36.3276, 77480
36.3379, 77480
36.3481, 77480
36.3583, 77480
36.3685, 77264
36.3787, 77264
36.3889, 77696
36.3991, 77912
36.4093, 78128
36.4195, 77912
36.4296, 77696
36.4398, 77912
36.45, 77912
36.4602, 78128
36.4705, 78344
36.4808, 77912
36.4912, 77912
36.5015, 77912
36.5117, 77696
36.522, 77480
36.5324, 77912
36.5428, 78560
36.553, 79208
36.5633, 79640
36.5737, 79424
36.5841, 79424
36.5945, 79208
36.6048, 79208
36.6152, 79208
36.6255, 79208
36.6358, 78992
36.6461, 78992
36.6564, 79208
36.6669, 79424
36.6771, 82880
36.6873, 83528
36.6976, 83960
36.7079, 84608
36.7181, 85256
36.7285, 85256
36.7388, 85256
36.7491, 85904
36.7594, 86552
36.7697, 85904
36.78, 85256
36.7902, 85472
36.8006, 85472
36.8109, 85904
36.8213, 86552
36.8316, 86768
36.8419, 86768
36.8521, 86768
36.8624, 86768
36.8727, 85472
36.883, 84608
36.8934, 84176
36.9038, 84824
36.9141, 86552
36.9245, 86768
36.9348, 86768
36.945, 84608
36.9553, 83312
36.9655, 82448
36.9756, 81152
36.9857, 80936
36.9959, 80504
37.0061, 80288
37.0164, 79856
37.0267, 79640
37.0371, 79640
37.0475, 79856
37.0579, 79856
37.0683, 79856
37.0789, 79424
37.0895, 79208
37.0999, 79208
37.1103, 78992
37.1208, 79208
37.1312, 79208
37.1416, 79424
37.152, 79856
37.1624, 80072
37.1727, 79856
37.1832, 79856
37.1936, 79640
37.204, 79424
37.2142, 79424
37.2244, 80504
37.2347, 81152
37.2452, 81152
37.2557, 81152
37.2663, 80504
37.2766, 80072
37.2868, 79856
37.2972, 79856
37.3079, 79856
37.3183, 79640
37.3286, 79208
37.339, 79208
37.3495, 79208
37.3605, 79208
37.371, 78992
37.3815, 78776
37.3919, 78560
37.4021, 78344
37.4123, 78344
37.4226, 78128
37.4329, 78128
37.4432, 78128
37.4537, 78344
37.4641, 78560
37.4745, 78560
37.485, 78344
37.4957, 78128
37.5064, 78128
37.5168, 78128
37.5275, 78344
37.5381, 78344
37.5485, 78560
37.559, 78560
37.5699, 79424
37.5831, 79856
37.5935, 79208
37.6038, 78992
37.6141, 78776
37.6244, 78776
37.6348, 78560
37.6452, 78560
37.6557, 78560
37.6665, 79208
37.678, 79208
37.6884, 78992
37.6987, 79208
37.7097, 78776
37.721, 78776
37.7315, 78776
37.7422, 78776
37.753, 78776
37.7639, 78776
37.7764, 78776
37.7873, 78560
37.7982, 78776
37.8196, 79208
37.8304, 79424
37.8411, 79424
37.8521, 79424
37.8627, 79424
37.8732, 79424
37.8838, 79424
37.8942, 79640
37.9046, 79424
37.9149, 79208
37.9255, 79424
37.9359, 79424
37.9463, 79640
37.9568, 79856
37.9673, 79640
37.9776, 79208
37.9878, 78992
37.998, 78992
38.0082, 78776
38.0185, 78776
38.0289, 78560
38.0393, 78344
38.0496, 78128
38.0598, 78128
38.0701, 77912
38.0804, 77912
38.0905, 77912
38.1008, 77696
38.111, 77696
38.1212, 77696
38.1314, 77696
38.1487, 77912
38.1593, 77912
38.1696, 78128
38.18, 77912
38.1906, 77912
38.201, 77912
38.2113, 77912
38.2217, 77912
38.232, 77912
38.2423, 78128
38.2527, 78128
38.2631, 77912
38.2737, 78128
38.2846, 78128
38.2955, 78128
38.3063, 78128
38.3168, 78128
38.3273, 78128
38.3378, 78128
38.3483, 78128
38.3592, 78128
38.3697, 78128
38.38, 78128
38.3903, 77696
38.4006, 77696
38.4109, 77696
38.4213, 77480
38.4316, 77480
38.442, 77480
38.4523, 77480
38.4626, 77480
38.473, 77480
38.4833, 77696
38.4937, 77696
38.504, 77480
38.5279, 77912
38.5384, 77912
38.5491, 78128
38.5597, 78128
38.5702, 78128
38.5811, 78128
38.5916, 78128
38.6024, 78344
38.6136, 78344
38.6244, 78344
38.6353, 78344
38.6463, 78344
38.6565, 78128
38.6667, 78128
38.6769, 78776
38.6871, 79640
38.6974, 81800
38.7075, 85904
38.7177, 86768
38.728, 85688
38.7383, 85040
38.7485, 85040
38.7588, 85472
38.769, 84176
38.7793, 83312
38.7896, 82880
38.7999, 83096
38.8101, 83096
38.8203, 82880
38.8305, 82664
38.8406, 82448
38.8508, 82448
38.8609, 82448
38.8711, 82232
38.8812, 82232
38.8914, 82448
38.9016, 82232
38.9117, 82016
38.922, 81800
38.9322, 82016
38.9424, 81800
38.9526, 81800
38.9628, 81800
38.973, 82016
38.9832, 82448
38.9935, 82016
39.0037, 81800
39.0139, 81368
39.0241, 81584
39.0344, 81152
39.0446, 80936
39.0574, 80936
39.0677, 81800
39.0781, 82016
39.0885, 82664
39.0988, 82448
39.1091, 82016
39.1194, 82448
39.1296, 82880
39.1398, 82880
39.1501, 82664
39.1603, 82664
39.1709, 82016
39.1825, 81368
39.193, 80936
39.2039, 80720
39.2144, 80720
39.2256, 80504
39.2367, 80072
39.2475, 79856
39.2583, 79856
39.2688, 79640
39.2792, 79208
39.2895, 79208
39.2998, 78992
39.3101, 78992
39.3204, 78776
39.3311, 78560
39.3417, 78560
39.3526, 78560
39.363, 78344
39.3734, 78560
39.3838, 78560
39.3943, 78560
39.4047, 78776
39.415, 78776
39.4254, 78776
39.4358, 78776
39.4462, 78992
39.4565, 78992
39.4668, 78992
39.477, 78992
39.4874, 78992
39.4976, 78992
39.508, 78992
39.5186, 78992
39.5293, 79208
39.5398, 78992
39.5502, 78992
39.5604, 78992
39.5707, 78992
39.581, 78776
39.5913, 78776
39.6018, 78776
39.612, 78776
39.6222, 78776
39.6324, 78344
39.6426, 78776
39.6529, 78560
39.6631, 78128
39.6734, 78128
39.6839, 78344
39.6945, 78128
39.7053, 78560
39.7162, 78560
39.7266, 78560
39.737, 78344
39.7472, 78560
39.7575, 78560
39.7679, 78992
39.7783, 78776
39.7887, 78776
39.7991, 78560
39.8095, 78560
39.82, 78560
39.8304, 78560
39.8409, 78560
39.8514, 78560
39.8619, 78560
39.8723, 78560
39.8828, 78560
39.8933, 78560
39.9037, 78344
39.9142, 78344
39.9247, 78344
39.935, 78560
39.9455, 78560
39.9558, 78344
39.9663, 78344
39.9766, 78560
39.9871, 77912
39.9975, 77912
40.0077, 77912
40.018, 77912
40.0283, 77696
40.0428, 78128
40.0532, 78560
40.0637, 78560
40.0742, 78560
40.0845, 78560
40.095, 78560
40.1054, 78560
40.1157, 78560
40.126, 78344
40.1364, 78560
40.1469, 78560
40.1572, 78128
40.1674, 78344
40.1776, 78776
40.188, 78992
40.1983, 79424
40.2088, 82232
40.2191, 83312
40.2295, 84176
40.2399, 85040
40.2504, 85472
40.2608, 85256
40.2716, 84824
40.2825, 84608
40.2934, 83960
40.3044, 83744
40.3155, 83744
40.3265, 83528
40.3371, 83744
40.3473, 83744
40.3576, 82880
40.3678, 82448
40.378, 82232
40.3883, 82016
40.3985, 81800
40.4087, 81800
40.419, 81800
40.4292, 81584
40.4394, 81584
40.4497, 81584
40.46, 81368
40.4702, 81368
40.4806, 81368
40.5046, 82016
40.5151, 82664
40.5258, 83528
40.5365, 83312
40.5468, 83744
40.5574, 83096
40.5677, 82448
40.5781, 82232
40.5884, 82016
40.599, 81800
40.6098, 81800
40.6205, 82016
40.6311, 81800
40.6422, 82016
40.653, 82016
40.6636, 82016
40.6743, 82232
40.6852, 82016
40.6964, 81800
40.7072, 81800
40.7174, 81368
40.7277, 80936
40.7383, 80504
40.7486, 80288
40.7589, 80288
40.7695, 80072
40.7801, 79856
40.7907, 79640
40.8012, 79424
40.8116, 79208
40.8221, 79208
40.8327, 78992
40.8437, 78992
40.8544, 78992
40.8653, 78776
40.8774, 78560
40.8929, 78128
40.9039, 78128
40.9144, 77912
40.9249, 77696
40.9354, 77696
40.9458, 77696
40.9562, 77480
40.9668, 77696
40.9772, 77480
40.9875, 77480
40.9978, 77480
41.0095, 77480
41.0203, 77696
41.0306, 77912
41.0408, 78128
41.0511, 77912
41.0614, 77912
41.0718, 77912
41.0821, 77912
41.0925, 77912
41.1031, 77912
41.1138, 78128
41.1244, 78128
41.1354, 77912
41.1464, 77912
41.1591, 77912
41.1769, 77912
41.1882, 77696
41.1994, 78128
41.2103, 78344
41.2215, 78344
41.2326, 78344
41.243, 78128
41.2533, 78128
41.2637, 77912
41.274, 78128
41.2844, 78560
41.2949, 79640
41.3053, 80072
41.3159, 80288
41.3263, 79424
41.3366, 79208
41.3468, 79424
41.3571, 79208
41.3675, 78992
41.378, 78776
41.3884, 78560
41.3989, 78560
41.4092, 78344
41.4287, 79640
41.4393, 80072
41.4506, 80288
41.4619, 79856
41.4724, 79640
41.4834, 79856
41.4958, 79208
41.5076, 78776
41.5181, 78560
41.5288, 78776
41.5405, 79208
41.5575, 79208
41.5681, 79208
41.5784, 79424
41.5889, 79208
41.5993, 79208
41.6097, 79208
41.6202, 79424
41.6305, 79208
41.6409, 79424
41.6514, 79208
41.6618, 79208
41.6722, 79424
41.6826, 79208
41.693, 79424
41.7034, 79424
41.7138, 79424
41.7241, 79424
41.7344, 79424
41.7449, 79424
41.7553, 79424
41.7657, 79640
41.7761, 79424
41.7866, 79640
41.797, 79640
41.8074, 79640
41.8178, 79640
41.8282, 79640
41.8385, 79640
41.8489, 79640
41.8593, 79640
41.8696, 79640
41.8799, 79640
41.8904, 79640
41.9007, 79424
41.9113, 79424
41.9233, 79640
41.9338, 79424
41.9442, 78992
41.9547, 78992
41.9658, 78776
41.9763, 78776
41.9867, 78560
41.9971, 78776
42.0074, 80720
42.0178, 83744
42.0282, 84176
42.0385, 84176
42.0488, 85040
42.059, 85688
42.0693, 83960
42.0796, 83960
42.0899, 83960
42.1001, 83528
42.1104, 82664
42.1205, 82016
42.1307, 81584
42.1408, 81368
42.1509, 80936
42.161, 80720
42.1711, 80504
42.1813, 80504
42.1914, 80288
42.2015, 80288
42.2116, 80072
42.2217, 80072
42.2318, 79424
42.242, 79424
42.2522, 79424
42.2625, 79856
42.2728, 80288
42.2832, 80936
42.2935, 80936
42.3037, 80936
42.314, 80936
42.3243, 80936
42.3346, 80288
42.3448, 80288
42.3551, 80288
42.3654, 80072
42.3757, 79856
42.3859, 80072
42.3962, 79856
42.4065, 80072
42.4167, 80072
42.427, 79856
42.4373, 79856
42.4476, 79856
42.4579, 79856
42.4683, 79208
42.4788, 78776
42.489, 78776
42.4994, 78560
42.5098, 78560
42.5201, 78344
42.5306, 78992
42.5413, 78992
42.5519, 78992
42.5623, 78560
42.5727, 78344
42.583, 78128
42.5933, 78128
42.6035, 77912
42.6138, 77912
42.6243, 77912
42.6348, 77912
42.6454, 77912
42.6557, 77912
42.666, 77912
42.6763, 77912
42.6866, 77912
42.6971, 77912
42.7074, 77696
42.7178, 77696
42.7282, 77480
42.7387, 77480
42.7496, 77696
42.76, 77480
42.7704, 77264
42.7807, 77264
42.791, 77264
42.8014, 77264
42.8117, 77264
42.8222, 77264
42.8325, 77264
42.8429, 77264
42.8534, 77480
42.8638, 77696
42.8741, 77480
42.8844, 77696
42.8947, 77696
42.9051, 77480
42.9159, 77480
42.9267, 77480
42.9373, 77480
42.9481, 78128
42.9613, 79424
42.973, 81368
42.9838, 82232
42.9953, 82448
43.0081, 81800
43.0194, 81584
43.0302, 81584
43.0415, 81584
43.0534, 81368
43.0655, 81368
43.0773, 80720
43.0892, 80720
43.0997, 80504
43.1104, 80288
43.121, 80072
43.1313, 79856
43.1417, 79640
43.152, 79208
43.1623, 78992
43.1725, 79208
43.1827, 79208
43.1929, 78992
43.2031, 78992
43.2134, 79208
43.2237, 78992
43.234, 78776
43.2442, 78560
43.2544, 78560
43.2646, 78344
43.2749, 78128
43.2851, 78128
43.2952, 77912
43.3054, 77912
43.3157, 77912
43.3258, 77912
43.336, 77912
43.3462, 77912
43.3564, 77696
43.3666, 77912
43.3768, 77912
43.387, 77912
43.3972, 77912
43.4075, 77696
43.4177, 77912
43.4279, 77912
43.4381, 77696
43.4483, 77696
43.4586, 77696
43.4687, 77912
43.4789, 77912
43.4891, 78128
43.4993, 78128
43.5095, 78128
43.5197, 78344
43.5328, 78560
43.5431, 78776
43.5534, 78992
43.5637, 78992
43.5746, 79208
43.585, 79424
43.5956, 79424
43.6065, 79424
43.6171, 79424
43.6277, 79424
43.638, 79208
43.6487, 79424
43.6594, 79424
43.6697, 79208
43.6804, 79208
43.6913, 79424
43.7019, 79424
43.7124, 79424
43.7232, 79424
43.7348, 79424
43.7454, 79424
43.7556, 79208
43.7661, 78992
43.7763, 79208
43.7866, 79208
43.7969, 79208
43.8073, 79208
43.8176, 78992
43.8279, 78560
43.8381, 78344
43.8484, 79208
43.8587, 80072
43.869, 81152
43.8793, 81368
43.8896, 81584
43.9, 81800
43.9103, 82016
43.9207, 83744
43.9311, 84176
43.9414, 84392
43.9518, 84392
43.9621, 84608
43.9724, 84824
43.9826, 84392
43.9928, 82880
44.003, 82232
44.0132, 81800
44.0234, 81368
44.0335, 80936
44.0437, 80936
44.0538, 80720
44.064, 80720
44.0743, 80504
44.0845, 80504
44.0946, 80504
44.1048, 80720
44.1286, 82664
44.139, 82448
44.1496, 82016
44.16, 82016
44.1702, 80936
44.1814, 80720
44.1921, 80504
44.2026, 80072
44.2132, 80072
44.2238, 79856
44.2343, 79640
44.2451, 79208
44.2554, 78776
44.2657, 78344
44.2759, 78128
44.2862, 78128
44.2964, 77696
44.3066, 77480
44.3169, 77480
44.3272, 77264
44.3376, 77480
44.3483, 77696
44.3594, 77696
44.3699, 77696
44.3802, 77696
44.3907, 77696
44.4012, 77912
44.4117, 77912
44.4222, 77912
44.4325, 77912
44.4431, 77912
44.4535, 77912
44.464, 77912
44.4744, 77912
44.4848, 77912
44.4951, 77912
44.5056, 77912
44.5161, 77912
44.5264, 78344
44.5367, 78128
44.5469, 77912
44.5572, 77696
44.5675, 77912
44.5778, 77696
44.5883, 77696
44.5989, 77480
44.6096, 77048
44.6204, 76832
44.6312, 78776
44.6455, 81584
44.6597, 82232
44.6734, 82232
44.6863, 83096
44.6975, 82016
44.708, 81152
44.7188, 80504
44.7296, 81800
44.7401, 85040
44.7506, 84824
44.7612, 83960
44.7718, 83096
44.7825, 82016
44.7933, 81368
44.8045, 80936
44.8156, 80720
44.8262, 80288
44.8365, 80288
44.8469, 80288
44.8575, 80072
44.8684, 79856
44.8797, 79856
44.8908, 79856
44.9024, 79640
44.9132, 79640
44.924, 79640
44.9348, 79424
44.9457, 79424
44.9571, 79424
44.9683, 79424
44.98, 79208
44.9911, 79208
45.0015, 79424
45.012, 79208
45.0224, 79424
45.0327, 79424
45.0431, 79424
45.0537, 79424
45.0641, 79640
45.0744, 79640
45.0848, 79640
45.0951, 79640
45.1056, 79640
45.1159, 79856
45.1264, 79640
45.1368, 79856
45.1473, 79640
45.1577, 79424
45.168, 79208
45.1784, 79208
45.189, 79424
45.1993, 79424
45.2096, 78992
45.22, 78992
45.2303, 78560
45.2407, 78560
45.2511, 78560
45.2615, 78560
45.2719, 78992
45.2823, 78992
45.2927, 78992
45.303, 78992
45.3133, 78992
45.3236, 79208
45.3339, 78560
45.3442, 78560
45.3544, 78776
45.3647, 78992
45.375, 79208
45.3853, 79856
45.3955, 80072
45.4058, 80936
45.4161, 81152
45.4264, 81584
45.4366, 82448
45.4469, 83312
45.4571, 84176
45.4674, 84392
45.4776, 84608
45.4878, 84824
45.498, 85040
45.5082, 85472
45.5185, 85256
45.5287, 85040
45.539, 84824
45.5493, 84392
45.5596, 83744
45.5697, 83528
45.5799, 83312
45.5901, 83096
45.6003, 83096
45.6105, 83096
45.6207, 82880
45.6309, 82880
45.6411, 82880
45.6516, 82880
45.6622, 84824
45.6725, 83744
45.6827, 83528
45.6929, 83312
45.7031, 83312
45.7133, 82880
45.7235, 82664
45.7337, 82448
45.7439, 82448
45.7541, 82448
45.7644, 82232
45.7748, 83744
45.7853, 83744
45.7963, 83528
45.8073, 83312
45.818, 83312
45.8292, 83312
45.8403, 83312
45.8519, 82664
45.8625, 82232
45.8727, 81800
45.883, 81152
45.8932, 80720
45.9035, 80720
45.9137, 80504
45.9239, 80072
45.9343, 80504
45.945, 79856
45.9567, 79424
45.9672, 79208
45.9793, 79640
45.99, 79856
46.0016, 80504
46.0182, 81584
46.0301, 83528
46.0411, 83744
46.0515, 83312
46.0618, 83312
46.0722, 82880
46.083, 81800
46.0951, 81368
46.1058, 82448
46.1163, 82664
46.1271, 82448
46.1384, 82016
46.1522, 81800
46.1673, 81584
46.179, 81152
46.1895, 80936
46.2004, 80504
46.2143, 80288
46.2268, 80072
46.2383, 80072
46.2489, 79856
46.2594, 78776
46.2699, 78776
46.2803, 78776
46.2907, 78776
46.301, 78560
46.3112, 78776
46.3215, 78776
46.3318, 78992
46.3424, 78776
46.353, 78560
46.3636, 78560
46.3742, 78560
46.3847, 78776
46.3954, 79640
46.4057, 80072
46.4162, 80288
46.4267, 80288
46.4372, 79640
46.4474, 79424
46.4579, 79208
46.4685, 78992
46.4788, 78992
46.4891, 78776
46.4994, 78776
46.5097, 78560
46.5202, 78560
46.5312, 78560
46.5426, 78344
46.5544, 78344
46.5657, 78344
46.577, 78344
46.5887, 78344
46.6014, 78344
46.6138, 78992
46.6257, 78992
46.6382, 78776
46.6494, 78776
46.6607, 78560
46.6715, 78560
46.6824, 78560
46.6939, 78560
46.7048, 78560
46.7165, 78776
46.7298, 78560
46.7431, 78560
46.7569, 78344
46.7676, 78344
46.7778, 78344
46.7881, 78128
46.7983, 78128
46.8088, 78128
46.8191, 78128
46.8293, 78128
46.8396, 78128
46.8501, 78128
46.8604, 78128
46.8706, 77912
46.8809, 77912
46.8915, 77912
46.9017, 77696
46.9119, 77696
46.9223, 77696
46.9325, 77696
46.9428, 77696
46.953, 77696
46.9631, 77696
46.9733, 77696
46.9836, 77480
46.9938, 77480
47.004, 77480
47.0142, 77480
47.0244, 77480
47.0346, 77696
47.0449, 77696
47.0553, 77696
47.0658, 77480
47.0763, 77480
47.0868, 77696
47.0972, 77912
47.1075, 77912
47.1179, 78128
47.1281, 78128
47.1383, 78344
47.1485, 78344
47.1588, 78344
47.169, 78344
47.1793, 78560
47.1896, 78992
47.1999, 79208
47.2106, 79424
47.221, 79424
47.2314, 80072
47.2419, 80072
47.2522, 80072
47.2627, 80072
47.2731, 80072
47.2835, 80504
47.2938, 80504
47.3044, 80504
47.3147, 80720
47.3251, 80936
47.3357, 81152
47.3461, 81800
47.3565, 82016
47.3669, 82664
47.3772, 85040
47.3878, 86120
47.3985, 86552
47.4089, 86552
47.4193, 87200
47.4298, 87200
47.4404, 87200
47.451, 87632
47.4616, 87416
47.4722, 86552
47.4829, 86120
47.4935, 85904
47.504, 85688
47.5144, 84824
47.5248, 84176
47.535, 84392
47.5451, 84824
47.5553, 83960
47.5656, 85904
47.5759, 85472
47.586, 86768
47.5962, 86336
47.6063, 84608
47.6164, 82880
47.6266, 82448
47.6368, 81800
47.647, 81368
47.6572, 81152
47.6676, 80288
47.6778, 79856
47.6881, 79424
47.6984, 79424
47.7086, 80072
47.7187, 80936
47.7289, 81584
47.7391, 82016
47.7494, 82232
47.7596, 82232
47.7698, 82880
47.7801, 83960
47.7904, 85256
47.8006, 86120
47.8108, 87416
47.821, 88280
47.8313, 86120
47.8415, 85256
47.8517, 83960
47.8619, 83096
47.872, 82232
47.8822, 82016
47.8925, 84392
47.9028, 85256
47.9129, 83960
47.9232, 83528
47.9334, 83312
47.9435, 83312
47.9538, 83528
47.9639, 83096
47.9741, 83096
47.9844, 82880
47.9947, 83528
48.005, 83744
48.0152, 83528
48.0254, 83312
48.0356, 83096
48.0458, 83312
48.0559, 83096
48.0661, 83096
48.0763, 82880
48.0869, 83528
48.0978, 85256
48.108, 83960
48.1182, 83528
48.1284, 83096
48.1385, 83096
48.1488, 83096
48.1591, 82664
48.1694, 82448
48.1797, 82232
48.1903, 82880
48.2006, 82232
48.2108, 82016
48.2209, 81584
48.2312, 81152
48.2414, 81152
48.2516, 81368
48.2619, 81368
48.2726, 82448
48.2836, 82232
48.2942, 81800
48.3053, 81584
48.3159, 80936
48.3266, 80504
48.3377, 80504
48.3487, 80072
48.3595, 80072
48.3704, 79856
48.3808, 80072
48.3914, 80288
48.4023, 80288
48.4127, 80288
48.4232, 81152
48.4334, 82232
48.4438, 82880
48.4544, 83096
48.4651, 83096
48.4754, 83312
48.4858, 83312
48.4962, 83312
48.5066, 83312
48.517, 83312
48.5273, 82664
48.5377, 82016
48.5481, 82016
48.5585, 81800
48.5694, 81584
48.5797, 81368
48.59, 81152
48.6003, 81152
48.6109, 80936
48.6214, 80720
48.6317, 80072
48.6421, 80072
48.6525, 79640
48.6634, 79640
48.6737, 79640
48.684, 79640
48.6942, 79640
48.7045, 79856
48.7148, 79640
48.7252, 79424
48.7364, 79424
48.7526, 78992
48.7634, 78992
48.7741, 78776
48.7845, 78560
48.803, 78992
48.8164, 79208
48.8275, 79208
48.8387, 79424
48.8495, 79424
48.8616, 79208
48.8765, 79208
48.887, 79208
48.8976, 79424
48.9085, 79424
48.92, 79640
48.9362, 79424
48.9492, 79424
48.9601, 79208
48.971, 79208
48.9816, 79424
48.992, 79424
49.0029, 79208
49.0135, 79208
49.0241, 79208
49.0352, 78992
49.0462, 78992
49.0572, 78992
49.0689, 78776
49.0803, 78776
49.0921, 78560
49.1028, 78560
49.1131, 78560
49.1238, 78560
49.1371, 78560
49.148, 78560
49.1613, 78560
49.1731, 78560
49.1839, 78560
49.1973, 78560
49.2077, 78560
49.2179, 78560
49.2281, 78560
49.2383, 78560
49.2486, 78776
49.2589, 78776
49.2693, 78776
49.2796, 78560
49.2898, 78560
49.3, 78344
49.3101, 78128
49.3203, 78128
49.3307, 77912
49.341, 77912
49.3512, 77696
49.3614, 77696
49.3716, 77696
49.3818, 77480
49.392, 77480
49.4022, 77480
49.4124, 77696
49.4226, 77696
49.4329, 77480
49.4431, 77480
49.4534, 77480
49.4637, 77696
49.4739, 77912
49.4841, 78128
49.4945, 78128
49.5048, 78344
49.5151, 78344
49.5256, 78344
49.5361, 78344
49.5465, 78344
49.5567, 78128
49.5669, 78128
49.5771, 78128
49.5873, 78128
49.5975, 78128
49.6077, 77912
49.6181, 77696
49.6287, 77480
49.6391, 77264
49.6494, 77264
49.6596, 77264
49.6698, 77264
49.6801, 77264
49.6904, 77480
49.7006, 77480
49.7108, 77480
49.721, 77480
49.7312, 77480
49.7414, 77264
49.7517, 77480
49.762, 77696
49.7723, 77696
49.7825, 77696
49.7927, 81152
49.8029, 83312
49.8132, 84608
49.8235, 85256
49.8337, 85904
49.844, 83528
49.8544, 82880
49.8647, 83096
49.875, 83096
49.8853, 84176
49.8957, 84608
49.9059, 84176
49.9161, 82880
49.9263, 82232
49.9365, 81800
49.9477, 81800
49.9579, 83312
49.9683, 84176
49.9786, 85040
49.9888, 83960
49.9992, 85904
50.0096, 86768
50.021, 87200
50.0313, 87200
50.0417, 86120
50.0522, 85472
50.0626, 84608
50.0729, 84608
50.0834, 84824
50.094, 84608
50.1043, 84824
50.1147, 84608
50.1251, 84608
50.1357, 84608
50.1461, 84608
50.1564, 84608
50.1672, 84608
50.1784, 84392
50.1887, 84176
50.199, 84392
50.2093, 84608
50.2196, 84824
50.2299, 84824
50.2404, 84176
50.2507, 83744
50.2609, 83096
50.2712, 83960
50.2817, 85256
50.292, 84824
50.3023, 84176
50.3125, 84176
50.3228, 83528
50.3331, 82880
50.3434, 82664
50.3537, 82448
50.364, 81800
50.3742, 81584
50.3845, 81368
50.395, 81152
50.4052, 80720
50.4155, 80072
50.4257, 79856
50.436, 79640
50.4462, 79640
50.4568, 79640
50.4671, 79424
50.4778, 79208
50.4882, 79208
50.4986, 79208
50.509, 78992
50.5193, 78992
50.5301, 78776
50.5408, 78776
50.5511, 78776
50.5614, 78776
50.5716, 78992
50.5819, 79208
50.5921, 79208
50.6024, 79640
50.6127, 79640
50.623, 79640
50.6333, 79640
50.6437, 79640
50.6544, 79424
50.6649, 79208
50.676, 79208
50.6867, 78776
50.6975, 78560
50.7082, 78560
50.7217, 78344
50.7347, 78344
50.7457, 78344
50.7563, 78128
50.7669, 78128
50.7785, 78128
50.7944, 77912
50.8102, 77912
50.8227, 77696
50.8346, 77912
50.8463, 78128
50.8568, 77912
50.8671, 77696
50.8775, 77912
50.8879, 78128
50.8985, 78128
50.9123, 78128
50.9234, 78344
50.9343, 78344
50.9447, 78128
50.9551, 78128
50.9653, 77912
50.9756, 77912
50.9861, 77696
50.9964, 77912
51.0068, 78128
51.0171, 77912
51.0272, 78128
51.0375, 78344
51.0478, 78128
51.0581, 78344
51.0685, 78560
51.0789, 78344
51.0897, 78344
51.1009, 78344
51.1114, 78344
51.1221, 78344
51.1328, 78128
51.1434, 78128
51.1541, 78128
51.1651, 78128
51.1753, 77912
51.1857, 77696
51.196, 77696
51.2064, 77696
51.2167, 77696
51.2271, 77696
51.2374, 77696
51.2478, 77696
51.2585, 77912
51.269, 78128
51.2798, 78128
51.2904, 78128
51.3011, 78128
51.3116, 78128
51.3224, 78128
51.3329, 78128
51.3432, 77912
51.3543, 77912
51.3652, 78128
51.376, 78128
51.3864, 78128
51.3973, 77912
51.4079, 77912
51.4185, 77912
51.4291, 77912
51.4404, 77912
51.4513, 77912
51.462, 77912
51.4723, 77912
51.4827, 77912
51.493, 77912
51.5034, 77912
51.5137, 77912
51.524, 77696
51.5343, 77696
51.5445, 78560
51.5548, 79208
51.5651, 79208
51.5754, 80504
51.5856, 81152
51.5959, 81584
51.6062, 81800
51.6165, 82232
51.6268, 82448
51.6371, 82448
51.6474, 82448
51.6577, 82664
51.6679, 82664
51.6781, 82664
51.6883, 82664
51.6986, 82448
51.7087, 82448
51.7189, 82232
51.7291, 82232
51.7393, 82232
51.7495, 82232
51.7597, 82016
51.77, 82232
51.7807, 82016
51.7911, 82232
51.8014, 82448
51.8118, 82664
51.8236, 82664
51.8367, 82880
51.848, 81800
51.8588, 81584
51.8705, 81584
51.8814, 81800
51.8921, 81800
51.9029, 81800
51.9135, 82016
51.9239, 81800
51.9341, 81368
51.9443, 81152
51.9545, 81152
51.9646, 81584
51.9749, 81584
51.985, 82016
51.9952, 82664
52.0054, 82448
52.0155, 82664
52.0258, 83528
52.036, 83096
52.0461, 83096
52.0563, 82664
52.0666, 83312
52.0769, 83528
52.0873, 81800
52.0978, 81368
52.1088, 80936
52.1192, 80720
52.1296, 80720
52.1399, 80720
52.1504, 80720
52.1607, 80720
52.171, 80936
52.1813, 81152
52.1917, 81152
52.202, 81368
52.2124, 81584
52.2231, 81584
52.2335, 81584
52.2439, 81584
52.2542, 81368
52.2645, 81368
52.2748, 81152
52.2851, 81152
52.2955, 81368
52.3059, 81584
52.3161, 81152
52.3263, 80504
52.3365, 80720
52.3469, 80936
52.3573, 80720
52.3677, 80072
52.378, 79424
52.3883, 79208
52.3985, 79208
52.4088, 78992
52.4207, 79208
52.431, 80720
52.4415, 81368
52.4518, 81800
52.4623, 80720
52.4728, 80504
52.4834, 80936
52.494, 80288
52.5055, 79424
52.5161, 78992
52.5266, 78992
52.5369, 78992
52.5474, 79424
52.5577, 79640
52.568, 79640
52.5785, 79640
52.5889, 79424
52.5992, 79424
52.6094, 78992
52.6197, 79208
52.63, 79208
52.6403, 79208
52.6513, 78992
52.6623, 78992
52.673, 79208
52.6838, 79208
52.6949, 79208
52.7062, 79424
52.7165, 79208
52.727, 79424
52.7373, 79424
52.7477, 79640
52.758, 79640
52.7684, 79856
52.7787, 79856
52.7892, 79856
52.7997, 79856
52.8101, 79856
52.8205, 80072
52.831, 80072
52.8414, 80072
52.8518, 80072
52.8623, 80072
52.8727, 80072
52.883, 80072
52.8934, 80072
52.9037, 79856
52.914, 80072
52.9243, 80072
52.9348, 79856
52.9451, 80072
52.9554, 80072
52.9657, 79640
52.976, 79424
52.9863, 79208
52.9967, 79640
53.0071, 79856
53.0174, 79640
53.0277, 79640
53.038, 79640
53.0483, 79640
53.0587, 79424
53.069, 79640
53.0795, 79424
53.0898, 79424
53.1002, 79424
53.1105, 79208
53.1209, 79208
53.1312, 79424
53.1416, 79424
53.1519, 78992
53.1621, 79640
53.1724, 80288
53.1828, 81152
53.193, 81800
53.2033, 83528
53.2135, 84824
53.2238, 85904
53.2341, 85040
53.2443, 84176
53.2545, 84824
53.2648, 86552
53.2751, 86984
53.2853, 86768
53.2955, 85688
53.3057, 85040
53.3177, 84608
53.3279, 85256
53.3381, 85040
53.3484, 84392
53.3586, 84392
53.369, 84176
53.3796, 85256
53.3898, 84392
53.4, 83744
53.4103, 83312
53.4206, 83096
53.4309, 83528
53.4412, 83528
53.4532, 82664
53.4639, 83312
53.4743, 83528
53.4853, 83960
53.4967, 84176
53.5075, 84176
53.5198, 83528
53.5307, 83096
53.5419, 82880
53.5527, 82664
53.5633, 82232
53.5736, 81800
53.5838, 81800
53.5941, 81800
53.6043, 81800
53.6146, 82880
53.6249, 83096
53.6353, 83096
53.6457, 82880
53.656, 82880
53.6664, 82880
53.6768, 82448
53.6872, 82016
53.6978, 82016
53.7085, 81584
53.7195, 81152
53.7301, 81152
53.7409, 80936
53.7517, 80720
53.7624, 80720
53.7735, 80504
53.7852, 80288
53.7957, 80072
53.8061, 79856
53.8164, 79640
53.8267, 79424
53.8375, 79208
53.8479, 79208
53.8587, 78992
53.8693, 78992
53.8799, 78992
53.8902, 78992
53.9006, 78776
53.911, 78776
53.9213, 78776
53.9316, 78776
53.9419, 78776
53.9523, 78776
53.9627, 78776
53.9734, 78776
53.9839, 78560
53.9947, 78560
54.0052, 78560
54.0155, 78344
54.0261, 78128
54.0365, 78128
54.047, 78128
54.0574, 78128
54.0679, 77912
54.0789, 78128
54.0892, 77912
54.0994, 77912
54.1096, 77696
54.12, 77696
54.1303, 77696
54.1408, 77696
54.1511, 77696
54.1616, 77696
54.1729, 77696
54.1848, 77696
54.198, 77912
54.2093, 78128
54.2203, 78128
54.2333, 78128
54.2448, 78128
54.2562, 78128
54.2684, 78128
54.2802, 78128
54.2918, 78344
54.3035, 78128
54.3147, 78344
54.3252, 78128
54.3357, 78344
54.3462, 78128
54.3571, 78128
54.3678, 77912
54.378, 77912
54.3882, 77912
54.3984, 77912
54.4086, 77696
54.4191, 77912
54.4294, 77696
54.4396, 77912
54.45, 77912
54.4602, 77912
54.4704, 77912
54.4806, 77696
54.4908, 77696
54.5011, 77912
54.5114, 77912
54.5218, 77912
54.5321, 78128
54.5424, 78128
54.5528, 78128
54.563, 78128
54.5733, 78128
54.5835, 78128
54.5938, 78128
54.604, 78128
54.6142, 78128
54.6246, 78128
54.6349, 78128
54.6452, 78128
54.6555, 78344
54.6658, 78344
54.676, 78128
54.6862, 78344
54.6964, 78344
54.7068, 78344
54.717, 78128
54.7272, 78344
54.7374, 78128
54.7478, 78128
54.7582, 78344
54.7686, 78344
54.7791, 78560
54.7895, 78344
54.8, 78344
54.8104, 78560
54.8208, 78776
54.8311, 78344
54.8414, 78128
54.8518, 78344
54.8623, 78560
54.8727, 78776
54.883, 78992
54.8933, 79208
54.9037, 79208
54.9141, 79208
54.9332, 78992
54.9436, 79208
54.9541, 79208
54.9647, 79208
54.9751, 79208
54.9854, 80072
54.9959, 80936
55.0065, 81368
55.0179, 81800
55.0282, 82880
55.0385, 84176
55.0488, 86120
55.059, 86552
55.0692, 86984
55.0795, 87848
55.0897, 87200
55.1, 86336
55.1103, 86768
55.1207, 85904
55.1314, 86336
55.1418, 86552
55.1524, 86768
55.1628, 85904
55.1732, 85688
55.1835, 86552
55.1938, 87200
55.2044, 87200
55.2149, 86552
55.2251, 85688
55.2357, 85688
55.246, 85256
55.2563, 84392
55.2664, 83744
55.2765, 83096
55.2866, 82664
55.2968, 82016
55.3071, 81368
55.3174, 80936
55.3276, 80720
55.3378, 80288
55.348, 79640
55.3584, 79640
55.3686, 79424
55.379, 79208
55.3895, 79424
55.3997, 79424
55.41, 79208
55.4202, 79208
55.4305, 79208
55.4408, 79424
55.4511, 79208
55.4613, 78992
55.4716, 78776
55.4819, 78776
55.4923, 78992
55.5026, 78776
55.5129, 78776
55.5231, 78560
55.5337, 78776
55.5442, 78776
55.5546, 78560
55.5648, 78344
55.5751, 78128
55.5854, 77912
55.5978, 77912
55.6084, 78128
55.6188, 78128
55.6294, 78776
55.64, 78776
55.651, 78560
55.6614, 78776
55.672, 78776
55.6823, 78560
55.6928, 78776
55.7031, 78344
55.7134, 78344
55.7241, 78344
55.7345, 78560
55.7451, 78344
55.7555, 78344
55.7659, 78128
55.7763, 78128
55.7873, 78128
55.7978, 77912
55.8091, 78128
55.8199, 78128
55.8304, 77912
55.841, 77912
55.8517, 77912
55.8628, 78128
55.8755, 78128
55.8872, 78128
55.8976, 78128
55.908, 78344
55.9199, 78128
55.9306, 78128
55.9413, 78128
55.9519, 78128
55.9625, 78128
55.9731, 78128
55.9837, 78128
55.994, 78128
56.0044, 78128
56.0153, 78128
56.0265, 78128
56.0372, 77912
56.0477, 77912
56.0583, 79640
56.0695, 80936
56.0849, 82016
56.0957, 82664
56.1062, 83096
56.1169, 82016
56.1272, 80936
56.1384, 80720
56.1504, 79856
56.163, 79424
56.1747, 78992
56.1854, 78776
56.1959, 78560
56.2066, 78560
56.2171, 78560
56.2282, 78560
56.2399, 78560
56.2515, 78776
56.2619, 78560
56.2728, 78344
56.2838, 78560
56.2958, 78344
56.3074, 78344
56.3207, 78344
56.3315, 78344
56.3423, 78560
56.353, 78560
56.3633, 78128
56.3735, 77912
56.3838, 77912
56.394, 77912
56.4043, 78128
56.4146, 78128
56.4248, 78128
56.435, 78128
56.4453, 78128
56.4554, 78128
56.4657, 78128
56.4759, 78344
56.4861, 78344
56.4963, 78128
56.5065, 78128
56.5167, 77912
56.5269, 77912
56.5371, 77696
56.5473, 77696
56.5575, 78128
56.5677, 78128
56.5779, 78344
56.5881, 78560
56.5983, 78560
56.6085, 78776
56.6187, 78992
56.629, 78992
56.6526, 79424
56.6635, 79640
56.674, 79640
56.6848, 79856
56.6954, 80072
56.7057, 80072
56.7164, 80072
56.7268, 80072
56.7373, 80072
56.7478, 79856
56.7584, 79856
56.7689, 80288
56.7791, 80936
56.7894, 80504
56.7995, 80504
56.8097, 80504
56.8201, 80720
56.8304, 80720
56.8406, 80504
56.8508, 80504
56.8609, 80504
56.8711, 80288
56.8812, 80072
56.8914, 80072
56.9016, 79856
56.912, 79856
56.9224, 80504
56.9326, 80504
56.9429, 80720
56.9532, 80936
56.9635, 80936
56.9738, 80936
56.9842, 81152
56.9946, 81368
57.0049, 81152
57.0152, 81152
57.0255, 81152
57.0357, 81152
57.0461, 82016
57.0564, 82232
57.0667, 81800
57.0769, 80936
57.087, 80504
57.0972, 80072
57.1074, 79856
57.1176, 80072
57.1278, 79856
57.138, 79856
57.1481, 80072
57.1583, 80288
57.1685, 80288
57.1786, 80288
57.1888, 80288
57.2086, 82016
57.2189, 82880
57.2291, 83744
57.2394, 83312
57.2496, 83960
57.2598, 82448
57.2701, 82664
57.2806, 84824
57.2914, 84608
57.3017, 85688
57.3121, 85688
57.3224, 86336
57.3327, 85472
57.3431, 84824
57.3533, 84608
57.3636, 84608
57.3739, 84608
57.3841, 84608
57.3945, 84176
57.4052, 84392
57.4165, 84176
57.4269, 84176
57.4372, 84176
57.4475, 84176
57.4579, 83528
57.4682, 82880
57.4786, 82448
57.4889, 82016
57.4992, 81800
57.5097, 81800
57.52, 81584
57.5303, 81368
57.5407, 81152
57.551, 80936
57.5613, 81584
57.5719, 82016
57.5835, 81800
57.5938, 81152
57.605, 81152
57.6157, 81800
57.6265, 82232
57.6369, 82664
57.6473, 82232
57.658, 82232
57.6696, 81800
57.681, 81584
57.6915, 81584
57.7019, 80720
57.7122, 80504
57.7232, 80288
57.7336, 80072
57.7438, 80288
57.754, 80288
57.7642, 80288
57.7744, 79856
57.7846, 79856
57.795, 79856
57.8054, 80504
57.8158, 80072
57.8262, 80072
57.8369, 79856
57.8473, 79640
57.8579, 79640
57.8689, 79424
57.8793, 79424
57.8897, 78992
57.9002, 78992
57.9106, 78776
57.921, 78560
57.9315, 78560
57.9417, 78344
57.952, 78344
57.9623, 78344
57.9727, 78560
57.983, 78560
57.9933, 78344
58.0037, 78344
58.0141, 78128
58.0244, 77912
58.0348, 77696
58.0456, 77696
58.0564, 77696
58.0675, 77696
58.078, 77696
58.0884, 77480
58.0992, 77480
58.11, 77480
58.1204, 77480
58.1308, 77480
58.1413, 77480
58.1517, 77480
58.162, 77480
58.1726, 77480
58.1831, 77696
58.1935, 77696
58.2038, 77696
58.2141, 77480
58.2243, 77264
58.2345, 77264
58.2447, 77264
58.255, 77048
58.2652, 77480
58.2755, 77696
58.2861, 77912
58.2968, 77912
58.3071, 77696
58.3173, 77048
58.3275, 77048
58.3378, 77048
58.3481, 76832
58.3583, 76832
58.3685, 76832
58.3788, 76832
58.389, 77048
58.3994, 77912
58.4096, 78128
58.4198, 77912
58.43, 77480
58.4403, 77480
58.4505, 77264
58.4608, 77264
58.4711, 77048
58.4814, 77264
58.4917, 77912
58.5019, 77912
58.5122, 77912
58.5224, 78560
58.5327, 78560
58.5429, 78560
58.5533, 77912
58.5671, 77696
58.5776, 77480
58.588, 77480
58.5983, 77480
58.6087, 77480
58.6189, 77480
58.6292, 77264
58.6396, 77264
58.65, 77264
58.6605, 77696
58.671, 78344
58.6814, 78992
58.6925, 81584
58.7032, 82664
58.7136, 83312
58.7243, 83312
58.7351, 83528
58.7457, 83744
58.7568, 83528
58.7675, 83528
58.7782, 82448
58.7884, 82448
58.7986, 82664
58.8088, 82016
58.819, 83096
58.8292, 83960
58.8393, 84176
58.8495, 84176
58.8597, 84176
58.8698, 84176
58.88, 84176
58.8901, 84176
58.9004, 83960
58.9105, 83960
58.9207, 83744
58.9309, 83528
58.9411, 83528
58.9512, 83312
58.9614, 83312
58.9717, 83096
58.982, 83096
58.9922, 83096
59.0024, 82880
59.0126, 82880
59.0229, 82880
59.0331, 82664
59.0432, 82664
59.0534, 82664
59.0637, 82664
59.0739, 82664
59.0841, 81368
59.0944, 81368
59.1048, 81152
59.115, 80504
59.1252, 80288
59.1354, 79856
59.1456, 79856
59.1559, 79640
59.1662, 80072
59.1764, 80072
59.1868, 79424
59.1971, 79640
59.2075, 79424
59.2192, 79208
59.2296, 78992
59.2409, 79208
59.2529, 79856
59.2643, 80288
59.275, 80072
59.2854, 81584
59.2972, 82664
59.3135, 82664
59.33, 82448
59.3421, 81152
59.3527, 80936
59.3632, 80720
59.3737, 80288
59.3841, 79640
59.3945, 79208
59.4049, 78992
59.4153, 78992
59.4261, 78560
59.4366, 78344
59.447, 78344
59.4572, 78128
59.4676, 78128
59.478, 78128
59.4883, 77912
59.4986, 77912
59.5089, 78128
59.5196, 77912
59.5305, 77912
59.5411, 77912
59.5538, 77912
59.5648, 77696
59.5758, 77696
59.5872, 77696
59.5979, 77480
59.609, 77480
59.622, 77264
59.6326, 77264
59.6432, 77264
59.6535, 77264
59.6638, 77264
59.674, 77264
59.6843, 77696
59.6949, 77696
59.7059, 77912
59.7182, 77480
59.7288, 77264
59.7399, 77264
59.7529, 77264
59.7649, 77480
59.7774, 77696
59.7884, 77912
59.7993, 77696
59.8114, 77912
59.8238, 77912
59.835, 77912
59.8464, 77912
59.8595, 77912
59.8701, 77912
59.881, 77912
59.8916, 77912
59.9023, 77912
59.9134, 77912
59.925, 77912
59.9395, 77912
59.9501, 77912
59.9605, 77912
59.971, 77696
59.9813, 77480
59.9916, 77480
60.0019, 77480
60.0123, 77480
60.0226, 77480
60.0329, 77480
60.0432, 77480
60.0535, 77480
60.0637, 77480
60.074, 77480
60.0842, 77696
60.0944, 77480
60.1046, 77480
60.1148, 77480
60.125, 77696
60.1353, 77696
60.1455, 77696
60.1557, 77696
60.1659, 77696
60.1761, 77480
60.1863, 77480
60.1965, 77480
60.2067, 77696
60.217, 77696
60.2272, 77696
60.2374, 77912
60.2476, 77912
60.2579, 77912
60.2681, 77912
60.2783, 77912
60.2885, 77912
60.3031, 77912
60.3138, 78128
60.3246, 78128
60.3351, 78128
60.3454, 78344
60.3557, 78776
60.3661, 78560
60.3765, 78560
60.3869, 78776
60.3972, 79208
60.4075, 79640
60.4178, 79856
60.4281, 79856
60.4384, 80072
60.4487, 80288
60.459, 80504
60.4693, 80504
60.4798, 80720
60.4902, 80720
60.5005, 80936
60.5109, 80936
60.5213, 81584
60.532, 83528
60.5426, 84392
60.553, 85688
60.5635, 85904
60.574, 86336
60.5844, 86552
60.595, 85256
60.6054, 84824
60.616, 84824
60.6265, 85688
60.6369, 85472
60.6473, 86120
60.6577, 86552
60.6682, 85688
60.679, 85256
60.6892, 85040
60.6994, 84176
60.7096, 84392
60.7199, 85472
60.7302, 85688
60.7404, 89360
60.7508, 86552
60.7609, 84608
60.771, 83528
60.7811, 82880
60.7913, 81584
60.8014, 81152
60.8116, 80720
60.8218, 80288
60.8321, 79856
60.8422, 79208
60.8526, 79208
60.8631, 79208
60.8734, 79208
60.8838, 79424
60.8941, 79424
60.9044, 79424
60.9147, 79208
60.9249, 79208
60.9351, 78992
60.9452, 78776
60.9555, 78776
60.9658, 78776
60.9761, 78776
60.9864, 78776
60.9967, 78776
61.007, 78776
61.0174, 78992
61.0278, 78992
61.0382, 78992
61.0484, 80720
61.0588, 80288
61.0691, 80504
61.0794, 82232
61.0897, 83528
61.1, 83096
61.1102, 82880
61.1205, 83312
61.1308, 84824
61.141, 84608
61.1513, 84176
61.1616, 83744
61.1719, 83960
61.1823, 85256
61.1925, 83312
61.2027, 83096
61.2129, 82880
61.2231, 82880
61.2333, 82664
61.2434, 82448
61.2536, 82448
61.2637, 82232
61.274, 82448
61.2842, 82664
61.2952, 83312
61.3058, 82880
61.316, 82880
61.3263, 82880
61.3366, 82664
61.3467, 82448
61.3569, 82448
61.367, 82448
61.3772, 82448
61.3875, 82448
61.3977, 82016
61.4079, 83096
61.4183, 83096
61.4288, 83312
61.44, 83312
61.4507, 83096
61.4621, 82664
61.4729, 82232
61.4836, 81800
61.4949, 81584
61.5055, 81368
61.5158, 81368
61.5261, 80504
61.5366, 80504
61.547, 80288
61.5575, 80504
61.5683, 80936
61.5786, 80936
61.5891, 81368
61.6088, 81584
61.6195, 82016
61.6304, 82016
61.6407, 81584
61.6512, 82016
61.662, 81368
61.6729, 81152
61.6835, 80936
61.6938, 80720
61.7042, 80504
61.7147, 80504
61.7252, 80288
61.7361, 80288
61.7466, 80072
61.7573, 80072
61.7679, 80072
61.7782, 79856
61.7896, 79856
61.8003, 79856
61.8109, 79856
61.8215, 79856
61.8321, 79856
61.8435, 79856
61.8551, 79856
61.8658, 79856
61.8761, 79640
61.8865, 79640
61.8969, 79424
61.9073, 79424
61.9178, 79208
61.9282, 79208
61.9386, 78992
61.949, 78776
61.9594, 78776
61.9698, 78560
61.9802, 78560
61.9906, 78560
62.001, 78344
62.0113, 78344
62.0219, 78128
62.0322, 78128
62.0427, 78128
62.0529, 77912
62.0634, 77912
62.0739, 77912
62.0843, 77696
62.0945, 77696
62.1048, 77696
62.1152, 77912
62.1255, 77912
62.1359, 77912
62.1463, 77912
62.1573, 77912
62.1677, 77696
62.1781, 77696
62.1884, 77480
62.1988, 77480
62.2092, 77480
62.2196, 77264
62.2301, 77264
62.2408, 77264
62.2568, 77264
62.2674, 77912
62.2781, 78128
62.2885, 78344
62.2992, 78560
62.3101, 78344
62.3216, 78344
62.3321, 78560
62.3435, 78344
62.3541, 78128
62.3652, 78344
62.3758, 78344
62.3865, 78344
62.3973, 78344
62.408, 78344
62.4189, 78128
62.4293, 78128
62.4399, 78128
62.4502, 77912
62.4604, 77912
62.4706, 77912
62.4808, 77696
62.491, 77696
62.5011, 77696
62.5113, 77696
62.5215, 77696
62.5316, 77696
62.5418, 77696
62.552, 77696
62.5622, 77696
62.5725, 77696
62.5826, 77480
62.5928, 77480
62.603, 77480
62.6132, 77480
62.6234, 77480
62.6336, 77480
62.6438, 77480
62.6539, 77480
62.6641, 77480
62.6743, 77480
62.6846, 77480
62.6948, 77264
62.705, 77480
62.7152, 77480
62.7254, 77264
62.7356, 77480
62.7458, 77264
62.756, 77264
62.7662, 77264
62.7764, 77264
62.7866, 77264
62.7968, 77264
62.8207, 77480
62.8313, 78128
62.8416, 78128
62.852, 78344
62.8624, 78344
62.8728, 78560
62.8831, 78560
62.8934, 78776
62.9038, 78776
62.9143, 78992
62.9246, 79424
62.9349, 79424
62.9452, 79640
62.9556, 79640
62.9659, 79640
62.9761, 80936
62.9864, 82232
62.9966, 83096
63.0069, 83744
63.0172, 84392
63.0275, 85688
63.0378, 85688
63.048, 85904
63.0583, 85256
63.0686, 85040
63.0789, 86120
63.0891, 86552
63.0993, 86552
63.1095, 85904
63.1198, 85688
63.1301, 85040
63.1404, 85256
63.1507, 85256
63.1609, 85040
63.1712, 85040
63.1815, 84392
63.1921, 84176
63.2026, 83960
63.2129, 85040
63.2231, 86552
63.2334, 86768
63.2436, 86768
63.2538, 85688
63.2641, 85472
63.2743, 85040
63.2845, 83960
63.2947, 83528
63.3048, 82880
63.315, 82880
63.3252, 82016
63.3354, 81584
63.3457, 81368
63.3558, 81152
63.3661, 80720
63.3763, 80720
63.3865, 80288
63.3966, 80072
63.4069, 79856
63.4171, 79856
63.4273, 79856
63.4377, 79856
63.448, 79640
63.4584, 79640
63.4688, 79424
63.4792, 79640
63.4895, 79640
63.4999, 79640
63.5106, 79208
63.521, 78992
63.5316, 78776
63.5422, 78776
63.5527, 78776
63.5631, 78776
63.5742, 78560
63.5847, 78560
63.5954, 78560
63.6062, 78560
63.6167, 78560
63.6274, 78560
63.6381, 78560
63.6492, 78128
63.6603, 78128
63.671, 78128
63.6814, 77912
63.6918, 77912
63.702, 77696
63.7123, 77912
63.7225, 77912
63.7328, 77912
63.743, 78128
63.7535, 77912
63.7647, 77912
63.7754, 78128
63.786, 78560
63.7981, 79208
63.8101, 79640
63.8218, 79856
63.8335, 80072
63.846, 80288
63.8577, 80504
63.8701, 80504
63.8812, 80504
63.8931, 80720
63.906, 80720
63.9185, 80936
63.931, 80936
63.9428, 81152
63.9539, 80936
63.9663, 82016
63.9779, 82016
63.989, 82448
64.001, 82664
64.0117, 83312
64.0222, 84392
64.0329, 84392
64.0434, 83312
64.0538, 82664
64.0642, 82448
64.0747, 82232
64.0857, 83312
64.0962, 83312
64.1066, 83528
64.117, 83744
64.1276, 84608
64.1378, 82880
64.148, 82016
64.1583, 81584
64.1687, 81368
64.1793, 80936
64.1897, 80936
64.2001, 80720
64.2104, 80936
64.2215, 82880
64.2327, 83960
64.2435, 83960
64.2539, 84176
64.2643, 82880
64.2748, 82232
64.2852, 82016
64.2959, 81584
64.3062, 81584
64.3169, 81152
64.3272, 80936
64.3401, 80936
64.351, 80720
64.3624, 80504
64.373, 80288
64.3833, 79856
64.3938, 79640
64.4041, 79640
64.4143, 79424
64.4246, 79424
64.4348, 79208
64.445, 79208
64.4553, 79208
64.4655, 79424
64.476, 79424
64.4862, 78992
64.4965, 78776
64.5069, 78560
64.5172, 78776
64.5275, 78776
64.5378, 78344
64.5504, 78344
64.5608, 78344
64.5714, 78560
64.5819, 78560
64.593, 78560
64.6045, 78560
64.6154, 78560
64.6262, 78560
64.6369, 78560
64.6476, 78560
64.6584, 78560
64.669, 78560
64.6798, 78560
64.69, 78344
64.7002, 77912
64.7104, 77912
64.7206, 77912
64.7308, 77696
64.7411, 77696
64.7513, 77696
64.7615, 77696
64.7717, 77696
64.782, 77480
64.7922, 77696
64.8024, 77696
64.8126, 77696
64.8228, 77480
64.833, 77480
64.8432, 77480
64.8534, 77480
64.8636, 77480
64.8738, 77480
64.884, 77480
64.8942, 77480
64.9047, 77480
64.9149, 77480
64.9253, 77480
64.9355, 77480
64.9457, 77480
64.956, 77480
64.9662, 77480
64.9764, 77480
64.9867, 77480
64.9969, 77480
65.0071, 77480
65.0175, 77696
65.0279, 77696
65.0382, 77912
65.0485, 77912
65.0599, 78128
65.0704, 78344
65.0808, 78560
65.0916, 78560
65.1021, 78776
65.1125, 78776
65.1233, 78992
65.1338, 78992
65.1443, 78992
65.1547, 78992
65.1655, 79208
65.1761, 79424
65.1868, 81800
65.1974, 82448
65.2081, 82880
65.2192, 83096
65.23, 83312
65.2408, 83312
65.2518, 83312
65.262, 83312
65.2722, 82880
65.2825, 83960
65.2927, 84392
65.303, 84608
65.3134, 84608
65.3237, 84608
65.334, 84608
65.3443, 84392
65.3545, 84392
65.3648, 84392
65.3751, 84608
65.3853, 84392
65.3955, 84176
65.4057, 83960
65.4159, 83312
65.4263, 83096
65.4366, 82880
65.4469, 82664
65.4571, 82016
65.4673, 80936
65.4776, 80720
65.4878, 80072
65.4981, 79856
65.5084, 79640
65.5189, 79208
65.5293, 79208
65.5396, 78992
65.55, 78776
65.5603, 78776
65.5705, 78560
65.5807, 78560
65.591, 78560
65.6014, 78560
65.6116, 78344
65.6218, 78344
65.6321, 78560
65.6425, 78776
65.6529, 78776
65.6636, 78992
65.6745, 78992
65.686, 78992
65.6971, 78992
65.708, 78992
65.7186, 78776
65.7303, 78776
65.7443, 78776
65.7593, 78992
65.7754, 78776
65.787, 78992
65.7975, 78992
65.8082, 78776
65.8201, 78776
65.8325, 78776
65.8435, 78560
65.8572, 78560
65.8693, 78344
65.8797, 78344
65.8902, 78560
65.9004, 78344
65.9108, 78344
65.921, 78560
65.9314, 78560
65.9418, 78560
65.9523, 78560
65.9627, 78128
65.9731, 77912
65.9834, 77912
65.9937, 77912
66.0041, 77912
66.0144, 77912
66.025, 77912
66.0355, 77696
66.0458, 77696
66.0561, 77696
66.0664, 77696
66.0767, 77696
66.0871, 77696
66.0974, 77696
66.1077, 77480
66.1179, 77480
66.1281, 77480
66.1384, 77480
66.1486, 77480
66.1589, 77480
66.1693, 77480
66.1797, 77480
66.1901, 77480
66.2006, 77480
66.2111, 77480
66.2214, 78560
66.2318, 80072
66.2421, 80936
66.2528, 82232
66.2632, 83096
66.2737, 82448
66.2854, 82448
66.2977, 82232
66.3082, 81584
66.3191, 81152
66.3303, 82448
66.3411, 83312
66.352, 82880
66.3643, 82016
66.375, 82016
66.3853, 81800
66.3956, 81368
66.4061, 80936
66.4164, 80936
66.4268, 80504
66.4372, 80288
66.4476, 80288
66.4581, 80288
66.4685, 80288
66.4788, 80504
66.4892, 80288
66.4996, 80504
66.5099, 80504
66.5204, 80504
66.5307, 80720
66.541, 80720
66.5514, 80720
66.5617, 80720
66.572, 80720
66.5824, 80936
66.5928, 80936
66.6032, 81152
66.6135, 81152
66.6238, 81152
66.6341, 81152
66.6444, 81152
66.6548, 80936
66.6651, 80936
66.6756, 81152
66.6861, 81152
66.6967, 81152
66.7072, 81800
66.7177, 82232
66.7281, 82664
66.7386, 82880
66.749, 83744
66.7593, 85040
66.7695, 85904
66.7797, 86120
66.7901, 85472
66.8004, 85040
66.8106, 86336
66.8208, 86552
66.831, 84608
66.8411, 83096
66.8513, 82448
66.8614, 82016
66.8715, 81584
66.8816, 81152
66.8917, 80720
66.9021, 80288
66.9123, 80072
66.9224, 79856
66.9325, 79640
66.9429, 80504
66.9532, 80720
66.9634, 80936
66.9737, 81152
66.9839, 81584
66.9941, 81584
67.0044, 81584
67.0146, 81584
67.0249, 81152
67.0351, 80288
67.0454, 80072
67.0557, 80072
67.066, 79640
67.0764, 79424
67.0869, 79208
67.0977, 79640
67.1081, 79856
67.1185, 79640
67.1288, 80072
67.139, 80288
67.1493, 80936
67.1595, 81584
67.1698, 81584
67.18, 81800
67.1908, 80936
67.201, 81584
67.2115, 81152
67.2218, 81152
67.2322, 81800
67.2431, 82016
67.2543, 82232
67.265, 82232
67.2758, 82232
67.2868, 82448
67.2977, 82448
67.3083, 82448
67.3189, 81368
67.3291, 81152
67.3394, 80936
67.3496, 80720
67.3599, 81152
67.3702, 83096
67.3806, 83312
67.3908, 83528
67.4011, 83744
67.4112, 83744
67.4215, 83960
67.4318, 83960
67.442, 83960
67.4522, 84176
67.4625, 84176
67.4728, 84176
67.4831, 84176
67.5015, 84176
67.5119, 84608
67.5223, 83960
67.5327, 83096
67.5434, 82664
67.5541, 82664
67.5649, 82448
67.5756, 82448
67.5864, 82016
67.5978, 81800
67.6085, 81584
67.6192, 82016
67.6296, 81800
67.6411, 81800
67.6519, 82448
67.6633, 82448
67.674, 82664
67.6854, 82664
67.6961, 82664
67.7071, 82664
67.7177, 82664
67.7279, 82664
67.7382, 82232
67.7485, 82448
67.759, 81800
67.7694, 80936
67.7797, 80936
67.7899, 80936
67.8002, 80936
67.8104, 80936
67.8206, 81152
67.8309, 81584
67.8411, 81368
67.8513, 81584
67.8616, 81584
67.8719, 81584
67.8824, 80720
67.8934, 80504
67.9037, 80288
67.9141, 80072
67.9243, 80072
67.9345, 80072
67.9447, 79640
67.955, 79640
67.9653, 79424
67.9755, 79424
67.9858, 79856
67.996, 80072
68.0063, 79856
68.0166, 79856
68.0329, 79856
68.0444, 80504
68.0559, 80288
68.0665, 80072
68.0789, 80504
68.0896, 80504
68.1012, 80288
68.1147, 80072
68.1267, 80072
68.1383, 79856
68.1494, 79856
68.1607, 79856
68.1712, 79856
68.1818, 80072
68.1924, 80072
68.203, 80072
68.2136, 80072
68.2239, 80072
68.2342, 80288
68.2445, 80288
68.255, 80288
68.2656, 80072
68.2762, 79640
68.2866, 79640
68.2969, 79424
68.3073, 79424
68.3177, 79424
68.3281, 79640
68.3384, 79640
68.3488, 79640
68.3592, 79640
68.3702, 79208
68.3806, 78992
68.391, 78992
68.4016, 78776
68.4119, 78560
68.4223, 78344
68.433, 78344
68.4435, 78344
68.4538, 78128
68.4641, 77912
68.4745, 77912
68.4848, 77912
68.4951, 77912
68.5053, 77480
68.5156, 77696
68.5259, 77696
68.5362, 77480
68.5463, 77480
68.5565, 77480
68.5668, 77480
68.577, 77696
68.5872, 77696
68.5974, 77696
68.6076, 77696
68.6178, 77696
68.6281, 77696
68.6383, 77480
68.6485, 77480
68.6587, 77480
68.669, 77480
68.6792, 77264
68.693, 77480
68.7033, 77696
68.7136, 77912
68.7238, 77912
68.734, 78128
68.7443, 78560
68.7545, 78344
68.7648, 78560
68.7757, 78776
68.786, 78776
68.7963, 79208
68.8066, 79208
68.8169, 79208
68.8271, 78776
68.8374, 78992
68.8476, 78992
68.8577, 79208
68.8679, 81368
68.8781, 82664
68.8884, 83744
68.8987, 84824
68.909, 85472
68.9195, 86768
68.9298, 86120
68.9403, 84392
68.9506, 83744
68.9611, 83960
68.9714, 84608
68.9818, 84392
68.9923, 85688
69.0026, 86120
69.0129, 86768
69.0233, 86984
69.0337, 86768
69.0442, 85688
69.0545, 85472
69.0649, 85472
69.0753, 84824
69.0857, 84392
69.096, 84176
69.1063, 84608
69.1166, 83744
69.1269, 84176
69.1371, 86336
69.1473, 86984
69.1576, 86336
69.1678, 85040
69.178, 84176
69.1883, 82232
69.1987, 81800
69.2091, 81584
69.2197, 81152
69.2301, 80936
69.2405, 80504
69.2509, 80288
69.2612, 80072
69.2716, 80072
69.2818, 79856
69.2922, 79640
69.3027, 79640
69.3131, 79856
69.3235, 79856
69.3358, 80072
69.3502, 80072
69.3609, 80072
69.3715, 80072
69.382, 80288
69.3924, 80072
69.4029, 80072
69.4133, 80072
69.4238, 80288
69.4342, 80288
69.4445, 80720
69.4559, 80288
69.4685, 79856
69.4803, 79856
69.4919, 79856
69.5052, 79208
69.519, 79208
69.5325, 78992
69.5461, 79424
69.558, 79424
69.5702, 79424
69.5844, 79424
69.5976, 79424
69.6099, 79208
69.6227, 79208
69.6354, 79208
69.6471, 78992
69.6584, 79856
69.6688, 79856
69.6792, 79640
69.6896, 79856
69.7, 80504
69.7106, 80936
69.7211, 80936
69.7319, 81584
69.7444, 81584
69.7573, 81368
69.7696, 80936
69.7813, 81152
69.793, 81584
69.8039, 81152
69.8157, 80720
69.8274, 80504
69.8388, 80288
69.8498, 80288
69.8621, 80072
69.8742, 80072
69.8867, 79856
69.8995, 79856
69.91, 80072
69.9207, 80072
69.9312, 80072
69.9415, 79856
69.952, 79856
69.9623, 79856
69.9726, 79856
69.983, 80072
69.9933, 80504
70.0037, 80288
70.0143, 80288
70.025, 79640
70.0356, 79424
70.0462, 79208
70.0567, 79208
70.0672, 79208
70.0778, 79208
70.0884, 78992
70.0994, 79208
70.11, 79208
70.1206, 78992
70.1311, 79208
70.1415, 79208
70.1519, 79208
70.1624, 79208
70.173, 78992
70.1847, 78992
70.1957, 78992
70.2067, 78992
70.2171, 78992
70.2273, 79208
70.2378, 79208
70.2487, 79208
