TL = 80000
graph = alexnet
version = 3.1
***
Running Scheduler
Images = 100
Inferences = 1
TL = 80000
graph = alexnet
version = 3.1
***
Running Scheduler
Images = 100
Inferences = 1
Logging temp logs to temp_schedulerv3_1/alexnet_TL80000_dt10000.csv
Main thread running
tdiff = 5.00832, run_cpu_small = 1, run_cpu_big = 1, run_gpu = 1, temp = 76616, min_delta_t = 3.32273e-318, val = 7
tdiff = 10.0067, run_cpu_small = 1, run_cpu_big = 1, run_gpu = 1, temp = 78344, min_delta_t = 3.32273e-318, val = 18
tdiff = 15.0023, run_cpu_small = 1, run_cpu_big = 1, run_gpu = 1, temp = 77912, min_delta_t = 3.32273e-318, val = 29
tdiff = 20.0034, run_cpu_small = 1, run_cpu_big = 1, run_gpu = 1, temp = 77048, min_delta_t = 3.32273e-318, val = 40
tdiff = 25.0038, run_cpu_small = 1, run_cpu_big = 1, run_gpu = 1, temp = 78776, min_delta_t = 3.32273e-318, val = 52
tdiff = 30.0059, run_cpu_small = 1, run_cpu_big = 1, run_gpu = 1, temp = 77696, min_delta_t = 3.32273e-318, val = 63
tdiff = 35.0047, run_cpu_small = 1, run_cpu_big = 1, run_gpu = 1, temp = 78992, min_delta_t = 3.32273e-318, val = 74
tdiff = 40.0077, run_cpu_small = 1, run_cpu_big = 1, run_gpu = 1, temp = 79856, min_delta_t = 3.32273e-318, val = 86
tdiff = 45.01, run_cpu_small = 1, run_cpu_big = 1, run_gpu = 1, temp = 77480, min_delta_t = 3.32273e-318, val = 96
0.461244 per image
0.461244 per inference
