TL = 999999
graph = alexnet
version = 3
***
Running Scheduler
Images = 100
Inferences = 1
TL = 999999
graph = alexnet
version = 3
***
Running Scheduler
Images = 100
Inferences = 1
Logging temp logs to temp_schedulerv3/alexnet_TL999999_dt10000.csv
Main thread running
tdiff = 5.00301, run_cpu_small = 1, run_cpu_big = 1, run_gpu = 1, temp = 71864, min_delta_t = 777.6, val = 7
tdiff = 10.0053, run_cpu_small = 1, run_cpu_big = 1, run_gpu = 1, temp = 72080, min_delta_t = 777.6, val = 21
tdiff = 15.0063, run_cpu_small = 1, run_cpu_big = 1, run_gpu = 1, temp = 76616, min_delta_t = 777.6, val = 33
tdiff = 20.004, run_cpu_small = 1, run_cpu_big = 1, run_gpu = 1, temp = 77048, min_delta_t = 777.6, val = 45
tdiff = 25.0062, run_cpu_small = 1, run_cpu_big = 1, run_gpu = 1, temp = 80504, min_delta_t = 777.6, val = 57
tdiff = 30.0072, run_cpu_small = 1, run_cpu_big = 1, run_gpu = 1, temp = 76616, min_delta_t = 777.6, val = 71
tdiff = 35.0091, run_cpu_small = 1, run_cpu_big = 1, run_gpu = 1, temp = 75752, min_delta_t = 777.6, val = 83
tdiff = 40.0023, run_cpu_small = 1, run_cpu_big = 1, run_gpu = 1, temp = 77048, min_delta_t = 777.6, val = 96
0.413947 per image
0.413947 per inference
