TL = 80000
graph = alexnet
***
Profiling Temperature
[1/7] Processing cpu_small_
[1/20] cpu_small_: start_temp = 51560, index = 50000, max_temp = 3240
[2/20] cpu_small_: start_temp = 54584, index = 55000, max_temp = 432
[3/20] cpu_small_: start_temp = 55016, index = 55000, max_temp = 648
[4/20] cpu_small_: start_temp = 55016, index = 55000, max_temp = 648
[5/20] cpu_small_: start_temp = 54584, index = 55000, max_temp = 1080
[6/20] cpu_small_: start_temp = 55232, index = 55000, max_temp = 216
[7/20] cpu_small_: start_temp = 55448, index = 55000, max_temp = 0
[8/20] cpu_small_: start_temp = 55232, index = 55000, max_temp = 648
[9/20] cpu_small_: start_temp = 55448, index = 55000, max_temp = 432
[10/20] cpu_small_: start_temp = 55232, index = 55000, max_temp = 648
[11/20] cpu_small_: start_temp = 55232, index = 55000, max_temp = 2160
[12/20] cpu_small_: start_temp = 55880, index = 55000, max_temp = 216
[13/20] cpu_small_: start_temp = 55664, index = 55000, max_temp = 648
[14/20] cpu_small_: start_temp = 55880, index = 55000, max_temp = 648
[15/20] cpu_small_: start_temp = 55016, index = 55000, max_temp = 1296
[16/20] cpu_small_: start_temp = 55880, index = 55000, max_temp = 648
[17/20] cpu_small_: start_temp = 55880, index = 55000, max_temp = 216
[18/20] cpu_small_: start_temp = 55664, index = 55000, max_temp = 864
[19/20] cpu_small_: start_temp = 55664, index = 55000, max_temp = 648
[20/20] cpu_small_: start_temp = 56096, index = 55000, max_temp = 216
cpu_small_ Average 777.6
50000={3240,}
Average @ 50000 3240
55000={432,648,648,1080,216,0,648,432,648,2160,216,648,648,1296,648,216,864,648,216,}
Average @ 55000 648

[2/7] Processing cpu_big_
[1/20] cpu_big_: start_temp = 56096, index = 55000, max_temp = 10152
[2/20] cpu_big_: start_temp = 63008, index = 65000, max_temp = 6912
[3/20] cpu_big_: start_temp = 65384, index = 65000, max_temp = 4752
[4/20] cpu_big_: start_temp = 66896, index = 65000, max_temp = 216
[5/20] cpu_big_: start_temp = 65816, index = 65000, max_temp = 5832
[6/20] cpu_big_: start_temp = 71648, index = 70000, max_temp = 0
[7/20] cpu_big_: start_temp = 69272, index = 70000, max_temp = 1512
[8/20] cpu_big_: start_temp = 67760, index = 70000, max_temp = 3672
[9/20] cpu_big_: start_temp = 71432, index = 70000, max_temp = 0
[10/20] cpu_big_: start_temp = 66464, index = 65000, max_temp = 4104
[11/20] cpu_big_: start_temp = 55880, index = 55000, max_temp = 14256
[12/20] cpu_big_: start_temp = 67112, index = 65000, max_temp = 2592
[13/20] cpu_big_: start_temp = 66464, index = 65000, max_temp = 2160
[14/20] cpu_big_: start_temp = 66248, index = 65000, max_temp = 6912
[15/20] cpu_big_: start_temp = 69920, index = 70000, max_temp = 2592
[16/20] cpu_big_: start_temp = 69272, index = 70000, max_temp = 3672
[17/20] cpu_big_: start_temp = 70136, index = 70000, max_temp = 0
[18/20] cpu_big_: start_temp = 64736, index = 65000, max_temp = 7560
[19/20] cpu_big_: start_temp = 69704, index = 70000, max_temp = 216
[20/20] cpu_big_: start_temp = 66680, index = 65000, max_temp = 2808
cpu_big_ Average 3996
55000={10152,14256,}
Average @ 55000 12204
65000={6912,4752,216,5832,4104,2592,2160,6912,7560,2808,}
Average @ 65000 4384.8
70000={0,1512,3672,0,2592,3672,0,216,}
Average @ 70000 1458

[3/7] Processing cpu_big_cpu_small_
[1/20] cpu_big_cpu_small_: start_temp = 57176, index = 55000, max_temp = 17280
[2/20] cpu_big_cpu_small_: start_temp = 59768, index = 60000, max_temp = 14472
[3/20] cpu_big_cpu_small_: start_temp = 59984, index = 60000, max_temp = 13392
[4/20] cpu_big_cpu_small_: start_temp = 59336, index = 60000, max_temp = 10800
[5/20] cpu_big_cpu_small_: start_temp = 59984, index = 60000, max_temp = 14688
[6/20] cpu_big_cpu_small_: start_temp = 59984, index = 60000, max_temp = 13608
[7/20] cpu_big_cpu_small_: start_temp = 60416, index = 60000, max_temp = 13608
[8/20] cpu_big_cpu_small_: start_temp = 59768, index = 60000, max_temp = 15336
[9/20] cpu_big_cpu_small_: start_temp = 60848, index = 60000, max_temp = 14256
[10/20] cpu_big_cpu_small_: start_temp = 60848, index = 60000, max_temp = 14472
[11/20] cpu_big_cpu_small_: start_temp = 57608, index = 60000, max_temp = 12528
[12/20] cpu_big_cpu_small_: start_temp = 59336, index = 60000, max_temp = 14040
[13/20] cpu_big_cpu_small_: start_temp = 59552, index = 60000, max_temp = 15552
[14/20] cpu_big_cpu_small_: start_temp = 61064, index = 60000, max_temp = 14256
[15/20] cpu_big_cpu_small_: start_temp = 60200, index = 60000, max_temp = 14256
[16/20] cpu_big_cpu_small_: start_temp = 60848, index = 60000, max_temp = 13608
[17/20] cpu_big_cpu_small_: start_temp = 61280, index = 60000, max_temp = 14688
[18/20] cpu_big_cpu_small_: start_temp = 61280, index = 60000, max_temp = 14040
[19/20] cpu_big_cpu_small_: start_temp = 60848, index = 60000, max_temp = 10584
[20/20] cpu_big_cpu_small_: start_temp = 61496, index = 60000, max_temp = 7776
cpu_big_cpu_small_ Average 13662
55000={17280,}
Average @ 55000 17280
60000={14472,13392,10800,14688,13608,13608,15336,14256,14472,12528,14040,15552,14256,14256,13608,14688,14040,10584,7776,}
Average @ 60000 13471.6

[4/7] Processing gpu
[1/20] gpu: start_temp = 60416, index = 60000, max_temp = 8424
[2/20] gpu: start_temp = 59552, index = 60000, max_temp = 13608
[3/20] gpu: start_temp = 58688, index = 60000, max_temp = 14256
[4/20] gpu: start_temp = 58688, index = 60000, max_temp = 6480
[5/20] gpu: start_temp = 58256, index = 60000, max_temp = 6696
[6/20] gpu: start_temp = 58256, index = 60000, max_temp = 6480
[7/20] gpu: start_temp = 58688, index = 60000, max_temp = 6048
[8/20] gpu: start_temp = 59336, index = 60000, max_temp = 5832
[9/20] gpu: start_temp = 59336, index = 60000, max_temp = 5616
[10/20] gpu: start_temp = 58688, index = 60000, max_temp = 13824
[11/20] gpu: start_temp = 59768, index = 60000, max_temp = 13176
[12/20] gpu: start_temp = 58472, index = 60000, max_temp = 6264
[13/20] gpu: start_temp = 59552, index = 60000, max_temp = 13176
[14/20] gpu: start_temp = 58472, index = 60000, max_temp = 7128
[15/20] gpu: start_temp = 58256, index = 60000, max_temp = 7128
[16/20] gpu: start_temp = 59120, index = 60000, max_temp = 5400
[17/20] gpu: start_temp = 58688, index = 60000, max_temp = 6912
[18/20] gpu: start_temp = 60416, index = 60000, max_temp = 4968
[19/20] gpu: start_temp = 59552, index = 60000, max_temp = 13392
[20/20] gpu: start_temp = 59552, index = 60000, max_temp = 6912
gpu Average 8586
60000={8424,13608,14256,6480,6696,6480,6048,5832,5616,13824,13176,6264,13176,7128,7128,5400,6912,4968,13392,6912,}
Average @ 60000 8586

[5/7] Processing cpu_small_gpu
[1/20] cpu_small_gpu: start_temp = 59120, index = 60000, max_temp = 9504
[2/20] cpu_small_gpu: start_temp = 59768, index = 60000, max_temp = 14904
[3/20] cpu_small_gpu: start_temp = 60200, index = 60000, max_temp = 14688
[4/20] cpu_small_gpu: start_temp = 60848, index = 60000, max_temp = 6264
[5/20] cpu_small_gpu: start_temp = 61064, index = 60000, max_temp = 14256
[6/20] cpu_small_gpu: start_temp = 61496, index = 60000, max_temp = 6480
[7/20] cpu_small_gpu: start_temp = 60416, index = 60000, max_temp = 14904
[8/20] cpu_small_gpu: start_temp = 59984, index = 60000, max_temp = 8640
[9/20] cpu_small_gpu: start_temp = 60200, index = 60000, max_temp = 8856
[10/20] cpu_small_gpu: start_temp = 60416, index = 60000, max_temp = 7776
[11/20] cpu_small_gpu: start_temp = 59336, index = 60000, max_temp = 15336
[12/20] cpu_small_gpu: start_temp = 61928, index = 60000, max_temp = 7992
[13/20] cpu_small_gpu: start_temp = 62576, index = 65000, max_temp = 13176
[14/20] cpu_small_gpu: start_temp = 62360, index = 60000, max_temp = 7560
[15/20] cpu_small_gpu: start_temp = 61928, index = 60000, max_temp = 7992
[16/20] cpu_small_gpu: start_temp = 64088, index = 65000, max_temp = 5616
[17/20] cpu_small_gpu: start_temp = 63008, index = 65000, max_temp = 14256
[18/20] cpu_small_gpu: start_temp = 61496, index = 60000, max_temp = 8424
[19/20] cpu_small_gpu: start_temp = 62144, index = 60000, max_temp = 8424
[20/20] cpu_small_gpu: start_temp = 62144, index = 60000, max_temp = 14688
cpu_small_gpu Average 10486.8
60000={9504,14904,14688,6264,14256,6480,14904,8640,8856,7776,15336,7992,7560,7992,8424,8424,14688,}
Average @ 60000 10393.4
65000={13176,5616,14256,}
Average @ 65000 11016

[6/7] Processing cpu_big_gpu
[1/20] cpu_big_gpu: start_temp = 61280, index = 60000, max_temp = 16200
[2/20] cpu_big_gpu: start_temp = 62360, index = 60000, max_temp = 15984
[3/20] cpu_big_gpu: start_temp = 61712, index = 60000, max_temp = 20304
[4/20] cpu_big_gpu: start_temp = 61064, index = 60000, max_temp = 16416
[5/20] cpu_big_gpu: start_temp = 62360, index = 60000, max_temp = 17064
[6/20] cpu_big_gpu: start_temp = 61280, index = 60000, max_temp = 17280
[7/20] cpu_big_gpu: start_temp = 62792, index = 65000, max_temp = 16416
[8/20] cpu_big_gpu: start_temp = 62576, index = 65000, max_temp = 19008
[9/20] cpu_big_gpu: start_temp = 62144, index = 60000, max_temp = 18576
[10/20] cpu_big_gpu: start_temp = 62144, index = 60000, max_temp = 18792
[11/20] cpu_big_gpu: start_temp = 61280, index = 60000, max_temp = 17928
[12/20] cpu_big_gpu: start_temp = 62360, index = 60000, max_temp = 17928
[13/20] cpu_big_gpu: start_temp = 64736, index = 65000, max_temp = 15768
[14/20] cpu_big_gpu: start_temp = 62576, index = 65000, max_temp = 16416
[15/20] cpu_big_gpu: start_temp = 64952, index = 65000, max_temp = 16848
[16/20] cpu_big_gpu: start_temp = 64088, index = 65000, max_temp = 15336
[17/20] cpu_big_gpu: start_temp = 62144, index = 60000, max_temp = 17712
[18/20] cpu_big_gpu: start_temp = 61928, index = 60000, max_temp = 15768
[19/20] cpu_big_gpu: start_temp = 63008, index = 65000, max_temp = 17280
[20/20] cpu_big_gpu: start_temp = 62576, index = 65000, max_temp = 20088
cpu_big_gpu Average 17355.6
60000={16200,15984,20304,16416,17064,17280,18576,18792,17928,17928,17712,15768,}
Average @ 60000 17496
65000={16416,19008,15768,16416,16848,15336,17280,20088,}
Average @ 65000 17145

[7/7] Processing cpu_big_cpu_small_gpu
[1/20] cpu_big_cpu_small_gpu: start_temp = 61928, index = 60000, max_temp = 22032
[2/20] cpu_big_cpu_small_gpu: start_temp = 64088, index = 65000, max_temp = 20088
[3/20] cpu_big_cpu_small_gpu: start_temp = 64736, index = 65000, max_temp = 18144
[4/20] cpu_big_cpu_small_gpu: start_temp = 64952, index = 65000, max_temp = 17712
[5/20] cpu_big_cpu_small_gpu: start_temp = 64088, index = 65000, max_temp = 19872
[6/20] cpu_big_cpu_small_gpu: start_temp = 64088, index = 65000, max_temp = 17712
[7/20] cpu_big_cpu_small_gpu: start_temp = 64304, index = 65000, max_temp = 20304
[8/20] cpu_big_cpu_small_gpu: start_temp = 63872, index = 65000, max_temp = 20088
[9/20] cpu_big_cpu_small_gpu: start_temp = 65168, index = 65000, max_temp = 18144
[10/20] cpu_big_cpu_small_gpu: start_temp = 65816, index = 65000, max_temp = 18576
[11/20] cpu_big_cpu_small_gpu: start_temp = 62792, index = 65000, max_temp = 19008
[12/20] cpu_big_cpu_small_gpu: start_temp = 66032, index = 65000, max_temp = 17280
[13/20] cpu_big_cpu_small_gpu: start_temp = 64952, index = 65000, max_temp = 20304
[14/20] cpu_big_cpu_small_gpu: start_temp = 63656, index = 65000, max_temp = 20088
[15/20] cpu_big_cpu_small_gpu: start_temp = 65816, index = 65000, max_temp = 18576
[16/20] cpu_big_cpu_small_gpu: start_temp = 64736, index = 65000, max_temp = 19224
[17/20] cpu_big_cpu_small_gpu: start_temp = 65600, index = 65000, max_temp = 19008
[18/20] cpu_big_cpu_small_gpu: start_temp = 64952, index = 65000, max_temp = 16632
[19/20] cpu_big_cpu_small_gpu: start_temp = 64952, index = 65000, max_temp = 18792
[20/20] cpu_big_cpu_small_gpu: start_temp = 65384, index = 65000, max_temp = 22032
cpu_big_cpu_small_gpu Average 19180.8
60000={22032,}
Average @ 60000 22032
65000={20088,18144,17712,19872,17712,20304,20088,18144,18576,19008,17280,20304,20088,18576,19224,19008,16632,18792,22032,}
Average @ 65000 19030.7

