TL = 999999
graph = alexnet
version = 4
Images = 100
Inferences = 10
***
Running Scheduler
TL = 999999
graph = alexnet
version = 4
Images = 100
Inferences = 10
***
Running Scheduler
Logging temp logs to temp_schedulerv4/alexnet_TL999999_dt1000.csv
Main thread running
tdiff = 5.0006, run_cpu_small = 1, run_cpu_big = 1, run_gpu = 1, temp = 76616, min_delta_t = 1219.61, val = 4
tdiff = 10.0008, run_cpu_small = 1, run_cpu_big = 1, run_gpu = 1, temp = 78128, min_delta_t = 1219.61, val = 12
tdiff = 15.0007, run_cpu_small = 1, run_cpu_big = 1, run_gpu = 1, temp = 79424, min_delta_t = 1219.61, val = 19
tdiff = 20.0008, run_cpu_small = 1, run_cpu_big = 1, run_gpu = 1, temp = 78992, min_delta_t = 1219.61, val = 27
tdiff = 25.0005, run_cpu_small = 1, run_cpu_big = 1, run_gpu = 1, temp = 80504, min_delta_t = 1219.61, val = 35
tdiff = 30, run_cpu_small = 1, run_cpu_big = 1, run_gpu = 1, temp = 78776, min_delta_t = 1219.61, val = 42
tdiff = 35, run_cpu_small = 1, run_cpu_big = 1, run_gpu = 1, temp = 86336, min_delta_t = 1219.61, val = 48
tdiff = 40.0002, run_cpu_small = 1, run_cpu_big = 1, run_gpu = 1, temp = 81800, min_delta_t = 1219.61, val = 56
tdiff = 45.0016, run_cpu_small = 1, run_cpu_big = 1, run_gpu = 1, temp = 83528, min_delta_t = 1219.61, val = 62
tdiff = 50.0007, run_cpu_small = 1, run_cpu_big = 1, run_gpu = 1, temp = 82232, min_delta_t = 1219.61, val = 70
tdiff = 55.0003, run_cpu_small = 1, run_cpu_big = 1, run_gpu = 1, temp = 80288, min_delta_t = 1219.61, val = 76
tdiff = 60.0005, run_cpu_small = 1, run_cpu_big = 1, run_gpu = 1, temp = 80504, min_delta_t = 1219.61, val = 84
tdiff = 65.0001, run_cpu_small = 1, run_cpu_big = 1, run_gpu = 1, temp = 78560, min_delta_t = 1219.61, val = 90
tdiff = 70.0004, run_cpu_small = 1, run_cpu_big = 1, run_gpu = 1, temp = 83528, min_delta_t = 1219.61, val = 98
0.708269 per image
0.0708269 per inference
