TL = 999999
graph = alexnet
version = 4
***
Running Scheduler
Images = 100
Inferences = 1
TL = 999999
graph = alexnet
version = 4
***
Running Scheduler
Images = 100
Inferences = 1
Logging temp logs to temp_schedulerv4/alexnet_TL999999_dt10000.csv
Main thread running
tdiff = 5.00501, run_cpu_small = 1, run_cpu_big = 1, run_gpu = 1, temp = 82664, min_delta_t = 16.6797, val = 7
tdiff = 10.0098, run_cpu_small = 1, run_cpu_big = 1, run_gpu = 1, temp = 82232, min_delta_t = 16.6797, val = 18
tdiff = 15.0103, run_cpu_small = 1, run_cpu_big = 1, run_gpu = 1, temp = 79424, min_delta_t = 16.6797, val = 29
tdiff = 20.005, run_cpu_small = 1, run_cpu_big = 1, run_gpu = 1, temp = 79424, min_delta_t = 16.6797, val = 39
tdiff = 25.0075, run_cpu_small = 1, run_cpu_big = 1, run_gpu = 1, temp = 79424, min_delta_t = 16.6797, val = 50
tdiff = 30.0044, run_cpu_small = 1, run_cpu_big = 1, run_gpu = 1, temp = 79424, min_delta_t = 16.6797, val = 63
tdiff = 35.0001, run_cpu_small = 1, run_cpu_big = 1, run_gpu = 1, temp = 78992, min_delta_t = 16.6797, val = 74
tdiff = 40.0011, run_cpu_small = 1, run_cpu_big = 1, run_gpu = 1, temp = 83096, min_delta_t = 16.6797, val = 85
tdiff = 45.0072, run_cpu_small = 1, run_cpu_big = 1, run_gpu = 1, temp = 79208, min_delta_t = 16.6797, val = 96
0.461386 per image
0.461386 per inference
