TL = 999999
graph = googlenet
version = 3.1
Images = 100
Inferences = 10
***
Running Scheduler
TL = 999999
graph = googlenet
version = 3.1
Images = 100
Inferences = 10
***
Running Scheduler
Logging temp logs to temp_schedulerv3_1/googlenet_TL999999_dt1000.csv
Main thread running
tdiff = 5.00084, run_cpu_small = 1, run_cpu_big = 1, run_gpu = 1, temp = 85472, min_delta_t = 3.32273e-318, val = 3
tdiff = 10.0007, run_cpu_small = 1, run_cpu_big = 1, run_gpu = 1, temp = 83744, min_delta_t = 3.32273e-318, val = 7
tdiff = 15.0012, run_cpu_small = 1, run_cpu_big = 1, run_gpu = 1, temp = 81368, min_delta_t = 3.32273e-318, val = 13
tdiff = 20.0011, run_cpu_small = 1, run_cpu_big = 1, run_gpu = 1, temp = 80504, min_delta_t = 3.32273e-318, val = 21
tdiff = 25.0011, run_cpu_small = 1, run_cpu_big = 1, run_gpu = 1, temp = 83528, min_delta_t = 3.32273e-318, val = 30
tdiff = 30.0011, run_cpu_small = 1, run_cpu_big = 1, run_gpu = 1, temp = 81800, min_delta_t = 3.32273e-318, val = 38
tdiff = 35.0011, run_cpu_small = 1, run_cpu_big = 1, run_gpu = 1, temp = 80504, min_delta_t = 3.32273e-318, val = 46
tdiff = 40.0011, run_cpu_small = 1, run_cpu_big = 1, run_gpu = 1, temp = 85256, min_delta_t = 3.32273e-318, val = 55
tdiff = 45.0012, run_cpu_small = 1, run_cpu_big = 1, run_gpu = 1, temp = 83744, min_delta_t = 3.32273e-318, val = 62
tdiff = 50.0007, run_cpu_small = 1, run_cpu_big = 1, run_gpu = 1, temp = 84176, min_delta_t = 3.32273e-318, val = 70
tdiff = 55.0008, run_cpu_small = 1, run_cpu_big = 1, run_gpu = 1, temp = 81584, min_delta_t = 3.32273e-318, val = 78
tdiff = 60.0004, run_cpu_small = 1, run_cpu_big = 1, run_gpu = 1, temp = 80072, min_delta_t = 3.32273e-318, val = 87
tdiff = 65.0007, run_cpu_small = 1, run_cpu_big = 1, run_gpu = 1, temp = 83960, min_delta_t = 3.32273e-318, val = 94
0.682753 per image
0.0682753 per inference
