TL = 80000
graph = googlenet
***
Profiling Temperature
[1/7] Processing cpu_small_
[1/20] cpu_small_: start_temp = 63872, index = 65000, max_temp = 1080
[2/20] cpu_small_: start_temp = 64520, index = 65000, max_temp = 648
[3/20] cpu_small_: start_temp = 64736, index = 65000, max_temp = 0
[4/20] cpu_small_: start_temp = 64520, index = 65000, max_temp = 648
[5/20] cpu_small_: start_temp = 64520, index = 65000, max_temp = 0
[6/20] cpu_small_: start_temp = 63872, index = 65000, max_temp = 1080
[7/20] cpu_small_: start_temp = 64304, index = 65000, max_temp = 216
[8/20] cpu_small_: start_temp = 64088, index = 65000, max_temp = 648
[9/20] cpu_small_: start_temp = 64304, index = 65000, max_temp = 216
[10/20] cpu_small_: start_temp = 64088, index = 65000, max_temp = 648
[11/20] cpu_small_: start_temp = 64088, index = 65000, max_temp = 0
[12/20] cpu_small_: start_temp = 63872, index = 65000, max_temp = 648
[13/20] cpu_small_: start_temp = 64088, index = 65000, max_temp = 0
[14/20] cpu_small_: start_temp = 63872, index = 65000, max_temp = 432
[15/20] cpu_small_: start_temp = 64088, index = 65000, max_temp = 216
[16/20] cpu_small_: start_temp = 63872, index = 65000, max_temp = 432
[17/20] cpu_small_: start_temp = 63872, index = 65000, max_temp = 432
[18/20] cpu_small_: start_temp = 63656, index = 65000, max_temp = 864
[19/20] cpu_small_: start_temp = 63872, index = 65000, max_temp = 216
[20/20] cpu_small_: start_temp = 63656, index = 65000, max_temp = 432
cpu_small_ Average 442.8
65000={1080,648,0,648,0,1080,216,648,216,648,0,648,0,432,216,432,432,864,216,432,}
Average @ 65000 442.8

[2/7] Processing cpu_big_
[1/20] cpu_big_: start_temp = 63656, index = 65000, max_temp = 11880
[2/20] cpu_big_: start_temp = 70784, index = 70000, max_temp = 5832
[3/20] cpu_big_: start_temp = 71000, index = 70000, max_temp = 1944
[4/20] cpu_big_: start_temp = 69056, index = 70000, max_temp = 4752
[5/20] cpu_big_: start_temp = 71864, index = 70000, max_temp = 4968
[6/20] cpu_big_: start_temp = 75104, index = 75000, max_temp = 2808
[7/20] cpu_big_: start_temp = 74456, index = 75000, max_temp = 216
[8/20] cpu_big_: start_temp = 70136, index = 70000, max_temp = 4104
[9/20] cpu_big_: start_temp = 72080, index = 70000, max_temp = 6048
[10/20] cpu_big_: start_temp = 72296, index = 70000, max_temp = 5400
[11/20] cpu_big_: start_temp = 63008, index = 65000, max_temp = 12312
[12/20] cpu_big_: start_temp = 70568, index = 70000, max_temp = 1944
[13/20] cpu_big_: start_temp = 68192, index = 70000, max_temp = 7128
[14/20] cpu_big_: start_temp = 71432, index = 70000, max_temp = 5616
[15/20] cpu_big_: start_temp = 71000, index = 70000, max_temp = 3456
[16/20] cpu_big_: start_temp = 70352, index = 70000, max_temp = 3024
[17/20] cpu_big_: start_temp = 69704, index = 70000, max_temp = 5616
[18/20] cpu_big_: start_temp = 71216, index = 70000, max_temp = 6264
[19/20] cpu_big_: start_temp = 72296, index = 70000, max_temp = 2376
[20/20] cpu_big_: start_temp = 72296, index = 70000, max_temp = 1296
cpu_big_ Average 4849.2
65000={11880,12312,}
Average @ 65000 12096
70000={5832,1944,4752,4968,4104,6048,5400,1944,7128,5616,3456,3024,5616,6264,2376,1296,}
Average @ 70000 4360.5
75000={2808,216,}
Average @ 75000 1512

[3/7] Processing cpu_big_cpu_small_
[1/20] cpu_big_cpu_small_: start_temp = 61712, index = 60000, max_temp = 21168
[2/20] cpu_big_cpu_small_: start_temp = 67976, index = 70000, max_temp = 7560
[3/20] cpu_big_cpu_small_: start_temp = 67976, index = 70000, max_temp = 8424
[4/20] cpu_big_cpu_small_: start_temp = 68840, index = 70000, max_temp = 4104
[5/20] cpu_big_cpu_small_: start_temp = 67760, index = 70000, max_temp = 8856
[6/20] cpu_big_cpu_small_: start_temp = 67328, index = 65000, max_temp = 8424
[7/20] cpu_big_cpu_small_: start_temp = 68624, index = 70000, max_temp = 8640
[8/20] cpu_big_cpu_small_: start_temp = 69488, index = 70000, max_temp = 6696
[9/20] cpu_big_cpu_small_: start_temp = 67976, index = 70000, max_temp = 4968
[10/20] cpu_big_cpu_small_: start_temp = 67328, index = 65000, max_temp = 10368
[11/20] cpu_big_cpu_small_: start_temp = 63224, index = 65000, max_temp = 15120
[12/20] cpu_big_cpu_small_: start_temp = 67328, index = 65000, max_temp = 5400
[13/20] cpu_big_cpu_small_: start_temp = 67328, index = 65000, max_temp = 9720
[14/20] cpu_big_cpu_small_: start_temp = 68624, index = 70000, max_temp = 5832
[15/20] cpu_big_cpu_small_: start_temp = 68192, index = 70000, max_temp = 6912
[16/20] cpu_big_cpu_small_: start_temp = 68840, index = 70000, max_temp = 7128
[17/20] cpu_big_cpu_small_: start_temp = 67976, index = 70000, max_temp = 5400
[18/20] cpu_big_cpu_small_: start_temp = 68408, index = 70000, max_temp = 9072
[19/20] cpu_big_cpu_small_: start_temp = 69272, index = 70000, max_temp = 4968
[20/20] cpu_big_cpu_small_: start_temp = 69272, index = 70000, max_temp = 3672
cpu_big_cpu_small_ Average 8121.6
60000={21168,}
Average @ 60000 21168
65000={8424,10368,15120,5400,9720,}
Average @ 65000 9806.4
70000={7560,8424,4104,8856,8640,6696,4968,5832,6912,7128,5400,9072,4968,3672,}
Average @ 70000 6588

[4/7] Processing gpu
[1/20] gpu: start_temp = 62792, index = 65000, max_temp = 7344
[2/20] gpu: start_temp = 63872, index = 65000, max_temp = 7344
[3/20] gpu: start_temp = 64304, index = 65000, max_temp = 14040
[4/20] gpu: start_temp = 63224, index = 65000, max_temp = 15120
[5/20] gpu: start_temp = 63224, index = 65000, max_temp = 7560
[6/20] gpu: start_temp = 63224, index = 65000, max_temp = 7992
[7/20] gpu: start_temp = 63656, index = 65000, max_temp = 6696
[8/20] gpu: start_temp = 63872, index = 65000, max_temp = 6264
[9/20] gpu: start_temp = 63440, index = 65000, max_temp = 7560
[10/20] gpu: start_temp = 64088, index = 65000, max_temp = 14904
[11/20] gpu: start_temp = 63872, index = 65000, max_temp = 15120
[12/20] gpu: start_temp = 63440, index = 65000, max_temp = 7560
[13/20] gpu: start_temp = 63656, index = 65000, max_temp = 6264
[14/20] gpu: start_temp = 63008, index = 65000, max_temp = 15552
[15/20] gpu: start_temp = 63440, index = 65000, max_temp = 7560
[16/20] gpu: start_temp = 63224, index = 65000, max_temp = 15120
[17/20] gpu: start_temp = 63224, index = 65000, max_temp = 14688
[18/20] gpu: start_temp = 63008, index = 65000, max_temp = 7128
[19/20] gpu: start_temp = 62792, index = 65000, max_temp = 5616
[20/20] gpu: start_temp = 62360, index = 60000, max_temp = 7128
gpu Average 9828
60000={7128,}
Average @ 60000 7128
65000={7344,7344,14040,15120,7560,7992,6696,6264,7560,14904,15120,7560,6264,15552,7560,15120,14688,7128,5616,}
Average @ 65000 9970.11

[5/7] Processing cpu_small_gpu
[1/20] cpu_small_gpu: start_temp = 62576, index = 65000, max_temp = 14472
[2/20] cpu_small_gpu: start_temp = 62576, index = 65000, max_temp = 14688
[3/20] cpu_small_gpu: start_temp = 61928, index = 60000, max_temp = 15336
[4/20] cpu_small_gpu: start_temp = 62144, index = 60000, max_temp = 9288
[5/20] cpu_small_gpu: start_temp = 62144, index = 60000, max_temp = 14904
[6/20] cpu_small_gpu: start_temp = 62144, index = 60000, max_temp = 9072
[7/20] cpu_small_gpu: start_temp = 62144, index = 60000, max_temp = 14904
[8/20] cpu_small_gpu: start_temp = 61928, index = 60000, max_temp = 14904
[9/20] cpu_small_gpu: start_temp = 61712, index = 60000, max_temp = 9936
[10/20] cpu_small_gpu: start_temp = 62360, index = 60000, max_temp = 14256
[11/20] cpu_small_gpu: start_temp = 62576, index = 65000, max_temp = 13392
[12/20] cpu_small_gpu: start_temp = 61712, index = 60000, max_temp = 8208
[13/20] cpu_small_gpu: start_temp = 61928, index = 60000, max_temp = 14688
[14/20] cpu_small_gpu: start_temp = 61928, index = 60000, max_temp = 7344
[15/20] cpu_small_gpu: start_temp = 61712, index = 60000, max_temp = 7776
[16/20] cpu_small_gpu: start_temp = 61928, index = 60000, max_temp = 14256
[17/20] cpu_small_gpu: start_temp = 61280, index = 60000, max_temp = 7128
[18/20] cpu_small_gpu: start_temp = 61280, index = 60000, max_temp = 8640
[19/20] cpu_small_gpu: start_temp = 61064, index = 60000, max_temp = 7992
[20/20] cpu_small_gpu: start_temp = 61280, index = 60000, max_temp = 7992
cpu_small_gpu Average 11458.8
60000={15336,9288,14904,9072,14904,14904,9936,14256,8208,14688,7344,7776,14256,7128,8640,7992,7992,}
Average @ 60000 10977.9
65000={14472,14688,13392,}
Average @ 65000 14184

[6/7] Processing cpu_big_gpu
[1/20] cpu_big_gpu: start_temp = 61280, index = 60000, max_temp = 15120
[2/20] cpu_big_gpu: start_temp = 61064, index = 60000, max_temp = 15984
[3/20] cpu_big_gpu: start_temp = 61712, index = 60000, max_temp = 14904
[4/20] cpu_big_gpu: start_temp = 61064, index = 60000, max_temp = 16632
[5/20] cpu_big_gpu: start_temp = 61496, index = 60000, max_temp = 17064
[6/20] cpu_big_gpu: start_temp = 61496, index = 60000, max_temp = 15768
[7/20] cpu_big_gpu: start_temp = 61280, index = 60000, max_temp = 16200
[8/20] cpu_big_gpu: start_temp = 61496, index = 60000, max_temp = 12960
[9/20] cpu_big_gpu: start_temp = 62576, index = 65000, max_temp = 7776
[10/20] cpu_big_gpu: start_temp = 61280, index = 60000, max_temp = 14688
[11/20] cpu_big_gpu: start_temp = 61280, index = 60000, max_temp = 10584
[12/20] cpu_big_gpu: start_temp = 61496, index = 60000, max_temp = 12960
[13/20] cpu_big_gpu: start_temp = 61280, index = 60000, max_temp = 15336
[14/20] cpu_big_gpu: start_temp = 61280, index = 60000, max_temp = 16632
[15/20] cpu_big_gpu: start_temp = 60848, index = 60000, max_temp = 15336
[16/20] cpu_big_gpu: start_temp = 61496, index = 60000, max_temp = 17064
[17/20] cpu_big_gpu: start_temp = 61280, index = 60000, max_temp = 9504
[18/20] cpu_big_gpu: start_temp = 61064, index = 60000, max_temp = 15336
[19/20] cpu_big_gpu: start_temp = 61712, index = 60000, max_temp = 18360
[20/20] cpu_big_gpu: start_temp = 61496, index = 60000, max_temp = 15120
cpu_big_gpu Average 14666.4
60000={15120,15984,14904,16632,17064,15768,16200,12960,14688,10584,12960,15336,16632,15336,17064,9504,15336,18360,15120,}
Average @ 60000 15029.1
65000={7776,}
Average @ 65000 7776

[7/7] Processing cpu_big_cpu_small_gpu
[1/20] cpu_big_cpu_small_gpu: start_temp = 61280, index = 60000, max_temp = 17928
[2/20] cpu_big_cpu_small_gpu: start_temp = 61064, index = 60000, max_temp = 14472
[3/20] cpu_big_cpu_small_gpu: start_temp = 61280, index = 60000, max_temp = 11664
[4/20] cpu_big_cpu_small_gpu: start_temp = 60848, index = 60000, max_temp = 12096
[5/20] cpu_big_cpu_small_gpu: start_temp = 61064, index = 60000, max_temp = 11232
[6/20] cpu_big_cpu_small_gpu: start_temp = 61280, index = 60000, max_temp = 14256
[7/20] cpu_big_cpu_small_gpu: start_temp = 61064, index = 60000, max_temp = 18144
[8/20] cpu_big_cpu_small_gpu: start_temp = 61496, index = 60000, max_temp = 18792
[9/20] cpu_big_cpu_small_gpu: start_temp = 61280, index = 60000, max_temp = 12960
[10/20] cpu_big_cpu_small_gpu: start_temp = 61064, index = 60000, max_temp = 17064
[11/20] cpu_big_cpu_small_gpu: start_temp = 60416, index = 60000, max_temp = 15120
[12/20] cpu_big_cpu_small_gpu: start_temp = 60848, index = 60000, max_temp = 14472
[13/20] cpu_big_cpu_small_gpu: start_temp = 62144, index = 60000, max_temp = 14472
[14/20] cpu_big_cpu_small_gpu: start_temp = 61496, index = 60000, max_temp = 18144
[15/20] cpu_big_cpu_small_gpu: start_temp = 60848, index = 60000, max_temp = 11880
[16/20] cpu_big_cpu_small_gpu: start_temp = 61064, index = 60000, max_temp = 17280
[17/20] cpu_big_cpu_small_gpu: start_temp = 60848, index = 60000, max_temp = 17712
[18/20] cpu_big_cpu_small_gpu: start_temp = 60848, index = 60000, max_temp = 14688
[19/20] cpu_big_cpu_small_gpu: start_temp = 61064, index = 60000, max_temp = 14688
[20/20] cpu_big_cpu_small_gpu: start_temp = 60632, index = 60000, max_temp = 17712
cpu_big_cpu_small_gpu Average 15238.8
60000={17928,14472,11664,12096,11232,14256,18144,18792,12960,17064,15120,14472,14472,18144,11880,17280,17712,14688,14688,17712,}
Average @ 60000 15238.8

