TL = 85000
graph = googlenet
version = 3.1
Images = 100
Inferences = 10
***
Running Scheduler
TL = 85000
graph = googlenet
version = 3.1
Images = 100
Inferences = 10
***
Running Scheduler
Logging temp logs to temp_schedulerv3_1/googlenet_TL85000_dt1000.csv
Main thread running
tdiff = 5.00068, run_cpu_small = 0, run_cpu_big = 0, run_gpu = 0, temp = 86120, min_delta_t = 504, val = 2
tdiff = 10.0014, run_cpu_small = 0, run_cpu_big = 1, run_gpu = 0, temp = 78992, min_delta_t = 504, val = 6
tdiff = 15.0008, run_cpu_small = 0, run_cpu_big = 0, run_gpu = 1, temp = 80720, min_delta_t = 504, val = 14
tdiff = 20.0008, run_cpu_small = 0, run_cpu_big = 0, run_gpu = 0, temp = 84824, min_delta_t = 504, val = 23
tdiff = 25.0012, run_cpu_small = 0, run_cpu_big = 0, run_gpu = 1, temp = 80072, min_delta_t = 504, val = 31
tdiff = 30.0002, run_cpu_small = 0, run_cpu_big = 0, run_gpu = 1, temp = 79640, min_delta_t = 504, val = 40
tdiff = 35, run_cpu_small = 0, run_cpu_big = 0, run_gpu = 0, temp = 84824, min_delta_t = 504, val = 47
tdiff = 40.0002, run_cpu_small = 1, run_cpu_big = 0, run_gpu = 0, temp = 83744, min_delta_t = 504, val = 55
tdiff = 45.0009, run_cpu_small = 0, run_cpu_big = 0, run_gpu = 1, temp = 80504, min_delta_t = 504, val = 63
tdiff = 50.0011, run_cpu_small = 0, run_cpu_big = 0, run_gpu = 0, temp = 84824, min_delta_t = 504, val = 72
tdiff = 55.0006, run_cpu_small = 0, run_cpu_big = 0, run_gpu = 1, temp = 81368, min_delta_t = 504, val = 79
tdiff = 60.0006, run_cpu_small = 0, run_cpu_big = 0, run_gpu = 1, temp = 80288, min_delta_t = 504, val = 87
tdiff = 65.001, run_cpu_small = 0, run_cpu_big = 0, run_gpu = 1, temp = 80720, min_delta_t = 504, val = 95
0.678308 per image
0.0678308 per inference
