TL = 999999
graph = googlenet
version = 3.1
***
Running Scheduler
Images = 100
Inferences = 1
TL = 999999
graph = googlenet
version = 3.1
***
Running Scheduler
Images = 100
Inferences = 1
Logging temp logs to temp_schedulerv3_1/googlenet_TL999999_dt10000.csv
Main thread running
tdiff = 5.00597, run_cpu_small = 1, run_cpu_big = 1, run_gpu = 1, temp = 85904, min_delta_t = 3.32273e-318, val = 24
tdiff = 10.0066, run_cpu_small = 1, run_cpu_big = 1, run_gpu = 1, temp = 83960, min_delta_t = 3.32273e-318, val = 51
tdiff = 15.0066, run_cpu_small = 1, run_cpu_big = 1, run_gpu = 1, temp = 80288, min_delta_t = 3.32273e-318, val = 86
0.168893 per image
0.168893 per inference
