TL = 80000
graph = googlenet
version = 3.1
***
Running Scheduler
Images = 100
Inferences = 1
TL = 80000
graph = googlenet
version = 3.1
***
Running Scheduler
Images = 100
Inferences = 1
Main thread running
tdiff = 5.00943, run_cpu_small = 0, run_cpu_big = 0, run_gpu = 0, temp = 83096, val = 13
tdiff = 10.0023, run_cpu_small = 0, run_cpu_big = 0, run_gpu = 0, temp = 87632, val = 26
tdiff = 15.0062, run_cpu_small = 0, run_cpu_big = 0, run_gpu = 0, temp = 85040, val = 59
tdiff = 20.001, run_cpu_small = 0, run_cpu_big = 0, run_gpu = 0, temp = 81800, val = 90
0.215444 per image
0.215444 per inference
