TL = 999999
graph = googlenet
version = 4
***
Running Scheduler
Images = 100
Inferences = 1
TL = 999999
graph = googlenet
version = 4
***
Running Scheduler
Images = 100
Inferences = 1
Logging temp logs to temp_schedulerv4/googlenet_TL999999_dt10000.csv
Main thread running
tdiff = 5.00715, run_cpu_small = 1, run_cpu_big = 1, run_gpu = 1, temp = 84392, min_delta_t = 953.015, val = 24
tdiff = 10.0099, run_cpu_small = 1, run_cpu_big = 1, run_gpu = 1, temp = 84392, min_delta_t = 953.015, val = 50
tdiff = 15.0099, run_cpu_small = 1, run_cpu_big = 1, run_gpu = 1, temp = 79640, min_delta_t = 953.015, val = 87
0.167559 per image
0.167559 per inference
