TL = 999999
graph = googlenet
version = 4
Images = 100
Inferences = 10
***
Running Scheduler
TL = 999999
graph = googlenet
version = 4
Images = 100
Inferences = 10
***
Running Scheduler
Logging temp logs to temp_schedulerv4/googlenet_TL999999_dt1000.csv
Main thread running
tdiff = 5.00078, run_cpu_small = 1, run_cpu_big = 1, run_gpu = 1, temp = 85904, min_delta_t = 5986.63, val = 3
tdiff = 10.0001, run_cpu_small = 1, run_cpu_big = 1, run_gpu = 1, temp = 85688, min_delta_t = 5986.63, val = 7
tdiff = 15.0003, run_cpu_small = 1, run_cpu_big = 1, run_gpu = 1, temp = 82880, min_delta_t = 5986.63, val = 12
tdiff = 20.0009, run_cpu_small = 1, run_cpu_big = 1, run_gpu = 1, temp = 84176, min_delta_t = 5986.63, val = 20
tdiff = 25.0009, run_cpu_small = 1, run_cpu_big = 1, run_gpu = 1, temp = 83528, min_delta_t = 5986.63, val = 28
tdiff = 30.0002, run_cpu_small = 1, run_cpu_big = 1, run_gpu = 1, temp = 82232, min_delta_t = 5986.63, val = 36
tdiff = 35.0008, run_cpu_small = 1, run_cpu_big = 1, run_gpu = 1, temp = 81800, min_delta_t = 5986.63, val = 43
tdiff = 40.0009, run_cpu_small = 1, run_cpu_big = 1, run_gpu = 1, temp = 84176, min_delta_t = 5986.63, val = 51
tdiff = 45.0002, run_cpu_small = 1, run_cpu_big = 1, run_gpu = 1, temp = 85904, min_delta_t = 5986.63, val = 58
tdiff = 50.0009, run_cpu_small = 1, run_cpu_big = 1, run_gpu = 1, temp = 82880, min_delta_t = 5986.63, val = 65
tdiff = 55.0009, run_cpu_small = 1, run_cpu_big = 1, run_gpu = 1, temp = 85256, min_delta_t = 5986.63, val = 73
tdiff = 60.0002, run_cpu_small = 1, run_cpu_big = 1, run_gpu = 1, temp = 83528, min_delta_t = 5986.63, val = 78
tdiff = 65.0006, run_cpu_small = 1, run_cpu_big = 1, run_gpu = 1, temp = 84824, min_delta_t = 5986.63, val = 86
tdiff = 70.0007, run_cpu_small = 1, run_cpu_big = 1, run_gpu = 1, temp = 82664, min_delta_t = 5986.63, val = 93
tdiff = 75.0002, run_cpu_small = 1, run_cpu_big = 1, run_gpu = 1, temp = 83312, min_delta_t = 5986.63, val = 99
0.752489 per image
0.0752489 per inference
