TL = 999999
graph = mobilenet
version = 3.1
Images = 100
Inferences = 10
***
Running Scheduler
TL = 999999
graph = mobilenet
version = 3.1
Images = 100
Inferences = 10
***
Running Scheduler
Logging temp logs to temp_schedulerv3_1/mobilenet_TL999999_dt1000.csv
Main thread running
tdiff = 5.00025, run_cpu_small = 1, run_cpu_big = 1, run_gpu = 1, temp = 79424, min_delta_t = 3.32273e-318, val = 10
tdiff = 10.0008, run_cpu_small = 1, run_cpu_big = 1, run_gpu = 1, temp = 86984, min_delta_t = 3.32273e-318, val = 28
tdiff = 15.0003, run_cpu_small = 1, run_cpu_big = 1, run_gpu = 1, temp = 84608, min_delta_t = 3.32273e-318, val = 44
tdiff = 20.0009, run_cpu_small = 1, run_cpu_big = 1, run_gpu = 1, temp = 85904, min_delta_t = 3.32273e-318, val = 61
tdiff = 25.0008, run_cpu_small = 1, run_cpu_big = 1, run_gpu = 1, temp = 84392, min_delta_t = 3.32273e-318, val = 77
tdiff = 30.0005, run_cpu_small = 1, run_cpu_big = 1, run_gpu = 1, temp = 81584, min_delta_t = 3.32273e-318, val = 93
0.321012 per image
0.0321012 per inference
