TL = 80000
graph = mobilenet
***
Profiling Temperature
[1/7] Processing cpu_small_
[1/20] cpu_small_: start_temp = 60848, index = 60000, max_temp = 1944
[2/20] cpu_small_: start_temp = 62360, index = 60000, max_temp = 216
[3/20] cpu_small_: start_temp = 61928, index = 60000, max_temp = 0
[4/20] cpu_small_: start_temp = 61712, index = 60000, max_temp = 0
[5/20] cpu_small_: start_temp = 61280, index = 60000, max_temp = 216
[6/20] cpu_small_: start_temp = 61496, index = 60000, max_temp = 0
[7/20] cpu_small_: start_temp = 61496, index = 60000, max_temp = 648
[8/20] cpu_small_: start_temp = 61712, index = 60000, max_temp = 0
[9/20] cpu_small_: start_temp = 61064, index = 60000, max_temp = 216
[10/20] cpu_small_: start_temp = 61280, index = 60000, max_temp = 648
[11/20] cpu_small_: start_temp = 59552, index = 60000, max_temp = 1080
[12/20] cpu_small_: start_temp = 60416, index = 60000, max_temp = 432
[13/20] cpu_small_: start_temp = 60632, index = 60000, max_temp = 0
[14/20] cpu_small_: start_temp = 60632, index = 60000, max_temp = 216
[15/20] cpu_small_: start_temp = 60632, index = 60000, max_temp = 0
[16/20] cpu_small_: start_temp = 60416, index = 60000, max_temp = 216
[17/20] cpu_small_: start_temp = 60416, index = 60000, max_temp = 432
[18/20] cpu_small_: start_temp = 60848, index = 60000, max_temp = 0
[19/20] cpu_small_: start_temp = 60632, index = 60000, max_temp = 0
[20/20] cpu_small_: start_temp = 60416, index = 60000, max_temp = 432
cpu_small_ Average 334.8
60000={1944,216,0,0,216,0,648,0,216,648,1080,432,0,216,0,216,432,0,0,432,}
Average @ 60000 334.8

[2/7] Processing cpu_big_
[1/20] cpu_big_: start_temp = 60632, index = 60000, max_temp = 6696
[2/20] cpu_big_: start_temp = 65168, index = 65000, max_temp = 8640
[3/20] cpu_big_: start_temp = 71000, index = 70000, max_temp = 0
[4/20] cpu_big_: start_temp = 66464, index = 65000, max_temp = 2808
[5/20] cpu_big_: start_temp = 67112, index = 65000, max_temp = 4968
[6/20] cpu_big_: start_temp = 68840, index = 70000, max_temp = 1512
[7/20] cpu_big_: start_temp = 68408, index = 70000, max_temp = 1296
[8/20] cpu_big_: start_temp = 67544, index = 70000, max_temp = 2592
[9/20] cpu_big_: start_temp = 67760, index = 70000, max_temp = 2160
[10/20] cpu_big_: start_temp = 67328, index = 65000, max_temp = 2808
[11/20] cpu_big_: start_temp = 59552, index = 60000, max_temp = 4968
[12/20] cpu_big_: start_temp = 64520, index = 65000, max_temp = 9936
[13/20] cpu_big_: start_temp = 71000, index = 70000, max_temp = 0
[14/20] cpu_big_: start_temp = 67760, index = 70000, max_temp = 1944
[15/20] cpu_big_: start_temp = 67112, index = 65000, max_temp = 5184
[16/20] cpu_big_: start_temp = 68408, index = 70000, max_temp = 2592
[17/20] cpu_big_: start_temp = 67328, index = 65000, max_temp = 3024
[18/20] cpu_big_: start_temp = 67544, index = 70000, max_temp = 3456
[19/20] cpu_big_: start_temp = 69272, index = 70000, max_temp = 1080
[20/20] cpu_big_: start_temp = 67544, index = 70000, max_temp = 3024
cpu_big_ Average 3434.4
60000={6696,4968,}
Average @ 60000 5832
65000={8640,2808,4968,2808,9936,5184,3024,}
Average @ 65000 5338.29
70000={0,1512,1296,2592,2160,0,1944,2592,3456,1080,3024,}
Average @ 70000 1786.91

[3/7] Processing cpu_big_cpu_small_
[1/20] cpu_big_cpu_small_: start_temp = 59120, index = 60000, max_temp = 7560
[2/20] cpu_big_cpu_small_: start_temp = 62360, index = 60000, max_temp = 9288
[3/20] cpu_big_cpu_small_: start_temp = 63008, index = 65000, max_temp = 6480
[4/20] cpu_big_cpu_small_: start_temp = 63656, index = 65000, max_temp = 6048
[5/20] cpu_big_cpu_small_: start_temp = 64304, index = 65000, max_temp = 6264
[6/20] cpu_big_cpu_small_: start_temp = 63872, index = 65000, max_temp = 6264
[7/20] cpu_big_cpu_small_: start_temp = 64088, index = 65000, max_temp = 6264
[8/20] cpu_big_cpu_small_: start_temp = 64736, index = 65000, max_temp = 6480
[9/20] cpu_big_cpu_small_: start_temp = 64736, index = 65000, max_temp = 3672
[10/20] cpu_big_cpu_small_: start_temp = 64304, index = 65000, max_temp = 6696
[11/20] cpu_big_cpu_small_: start_temp = 59552, index = 60000, max_temp = 4752
[12/20] cpu_big_cpu_small_: start_temp = 62360, index = 60000, max_temp = 3456
[13/20] cpu_big_cpu_small_: start_temp = 63008, index = 65000, max_temp = 6912
[14/20] cpu_big_cpu_small_: start_temp = 64088, index = 65000, max_temp = 5400
[15/20] cpu_big_cpu_small_: start_temp = 64304, index = 65000, max_temp = 6048
[16/20] cpu_big_cpu_small_: start_temp = 64088, index = 65000, max_temp = 6696
[17/20] cpu_big_cpu_small_: start_temp = 64304, index = 65000, max_temp = 6480
[18/20] cpu_big_cpu_small_: start_temp = 64304, index = 65000, max_temp = 2376
[19/20] cpu_big_cpu_small_: start_temp = 63656, index = 65000, max_temp = 6264
[20/20] cpu_big_cpu_small_: start_temp = 64520, index = 65000, max_temp = 5616
cpu_big_cpu_small_ Average 5950.8
60000={7560,9288,4752,3456,}
Average @ 60000 6264
65000={6480,6048,6264,6264,6264,6480,3672,6696,6912,5400,6048,6696,6480,2376,6264,5616,}
Average @ 65000 5872.5

[4/7] Processing gpu
[1/20] gpu: start_temp = 64520, index = 65000, max_temp = 8424
[2/20] gpu: start_temp = 61928, index = 60000, max_temp = 4320
[3/20] gpu: start_temp = 63872, index = 65000, max_temp = 2592
[4/20] gpu: start_temp = 61712, index = 60000, max_temp = 4104
[5/20] gpu: start_temp = 61496, index = 60000, max_temp = 3888
[6/20] gpu: start_temp = 61280, index = 60000, max_temp = 4752
[7/20] gpu: start_temp = 61712, index = 60000, max_temp = 4752
[8/20] gpu: start_temp = 62360, index = 60000, max_temp = 3240
[9/20] gpu: start_temp = 61712, index = 60000, max_temp = 3888
[10/20] gpu: start_temp = 61712, index = 60000, max_temp = 4320
[11/20] gpu: start_temp = 59552, index = 60000, max_temp = 5832
[12/20] gpu: start_temp = 61064, index = 60000, max_temp = 4320
[13/20] gpu: start_temp = 61064, index = 60000, max_temp = 4320
[14/20] gpu: start_temp = 61280, index = 60000, max_temp = 10584
[15/20] gpu: start_temp = 61064, index = 60000, max_temp = 4536
[16/20] gpu: start_temp = 61280, index = 60000, max_temp = 10800
[17/20] gpu: start_temp = 61064, index = 60000, max_temp = 3672
[18/20] gpu: start_temp = 61928, index = 60000, max_temp = 3240
[19/20] gpu: start_temp = 61280, index = 60000, max_temp = 10368
[20/20] gpu: start_temp = 60632, index = 60000, max_temp = 4752
gpu Average 5335.2
60000={4320,4104,3888,4752,4752,3240,3888,4320,5832,4320,4320,10584,4536,10800,3672,3240,10368,4752,}
Average @ 60000 5316
65000={8424,2592,}
Average @ 65000 5508

[5/7] Processing cpu_small_gpu
[1/20] cpu_small_gpu: start_temp = 60632, index = 60000, max_temp = 11664
[2/20] cpu_small_gpu: start_temp = 60416, index = 60000, max_temp = 5400
[3/20] cpu_small_gpu: start_temp = 61496, index = 60000, max_temp = 10152
[4/20] cpu_small_gpu: start_temp = 61928, index = 60000, max_temp = 4536
[5/20] cpu_small_gpu: start_temp = 61064, index = 60000, max_temp = 10800
[6/20] cpu_small_gpu: start_temp = 61496, index = 60000, max_temp = 5400
[7/20] cpu_small_gpu: start_temp = 62144, index = 60000, max_temp = 4104
[8/20] cpu_small_gpu: start_temp = 62360, index = 60000, max_temp = 3024
[9/20] cpu_small_gpu: start_temp = 61064, index = 60000, max_temp = 4104
[10/20] cpu_small_gpu: start_temp = 61280, index = 60000, max_temp = 4968
[11/20] cpu_small_gpu: start_temp = 59120, index = 60000, max_temp = 13392
[12/20] cpu_small_gpu: start_temp = 61280, index = 60000, max_temp = 4536
[13/20] cpu_small_gpu: start_temp = 61712, index = 60000, max_temp = 10584
[14/20] cpu_small_gpu: start_temp = 60848, index = 60000, max_temp = 11664
[15/20] cpu_small_gpu: start_temp = 61280, index = 60000, max_temp = 5400
[16/20] cpu_small_gpu: start_temp = 61280, index = 60000, max_temp = 10800
[17/20] cpu_small_gpu: start_temp = 61496, index = 60000, max_temp = 4752
[18/20] cpu_small_gpu: start_temp = 61280, index = 60000, max_temp = 4320
[19/20] cpu_small_gpu: start_temp = 61280, index = 60000, max_temp = 5184
[20/20] cpu_small_gpu: start_temp = 61928, index = 60000, max_temp = 3888
cpu_small_gpu Average 6933.6
60000={11664,5400,10152,4536,10800,5400,4104,3024,4104,4968,13392,4536,10584,11664,5400,10800,4752,4320,5184,3888,}
Average @ 60000 6933.6

[6/7] Processing cpu_big_gpu
[1/20] cpu_big_gpu: start_temp = 61280, index = 60000, max_temp = 11232
[2/20] cpu_big_gpu: start_temp = 61928, index = 60000, max_temp = 4752
[3/20] cpu_big_gpu: start_temp = 61280, index = 60000, max_temp = 4752
[4/20] cpu_big_gpu: start_temp = 61928, index = 60000, max_temp = 5184
[5/20] cpu_big_gpu: start_temp = 62576, index = 65000, max_temp = 10152
[6/20] cpu_big_gpu: start_temp = 61928, index = 60000, max_temp = 7128
[7/20] cpu_big_gpu: start_temp = 61928, index = 60000, max_temp = 3456
[8/20] cpu_big_gpu: start_temp = 61280, index = 60000, max_temp = 4320
[9/20] cpu_big_gpu: start_temp = 61928, index = 60000, max_temp = 4968
[10/20] cpu_big_gpu: start_temp = 62360, index = 60000, max_temp = 7776
[11/20] cpu_big_gpu: start_temp = 59552, index = 60000, max_temp = 10152
[12/20] cpu_big_gpu: start_temp = 62144, index = 60000, max_temp = 10800
[13/20] cpu_big_gpu: start_temp = 61280, index = 60000, max_temp = 6480
[14/20] cpu_big_gpu: start_temp = 62144, index = 60000, max_temp = 5616
[15/20] cpu_big_gpu: start_temp = 62576, index = 65000, max_temp = 4968
[16/20] cpu_big_gpu: start_temp = 61496, index = 60000, max_temp = 4104
[17/20] cpu_big_gpu: start_temp = 61064, index = 60000, max_temp = 5400
[18/20] cpu_big_gpu: start_temp = 62360, index = 60000, max_temp = 9936
[19/20] cpu_big_gpu: start_temp = 61280, index = 60000, max_temp = 4536
[20/20] cpu_big_gpu: start_temp = 62360, index = 60000, max_temp = 10368
cpu_big_gpu Average 6804
60000={11232,4752,4752,5184,7128,3456,4320,4968,7776,10152,10800,6480,5616,4104,5400,9936,4536,10368,}
Average @ 60000 6720
65000={10152,4968,}
Average @ 65000 7560

[7/7] Processing cpu_big_cpu_small_gpu
[1/20] cpu_big_cpu_small_gpu: start_temp = 61280, index = 60000, max_temp = 4968
[2/20] cpu_big_cpu_small_gpu: start_temp = 61712, index = 60000, max_temp = 5400
[3/20] cpu_big_cpu_small_gpu: start_temp = 65384, index = 65000, max_temp = 4320
[4/20] cpu_big_cpu_small_gpu: start_temp = 61712, index = 60000, max_temp = 10368
[5/20] cpu_big_cpu_small_gpu: start_temp = 61496, index = 60000, max_temp = 6912
[6/20] cpu_big_cpu_small_gpu: start_temp = 62576, index = 65000, max_temp = 10800
[7/20] cpu_big_cpu_small_gpu: start_temp = 60848, index = 60000, max_temp = 4968
[8/20] cpu_big_cpu_small_gpu: start_temp = 61064, index = 60000, max_temp = 6912
[9/20] cpu_big_cpu_small_gpu: start_temp = 62576, index = 65000, max_temp = 10368
[10/20] cpu_big_cpu_small_gpu: start_temp = 62360, index = 60000, max_temp = 10368
[11/20] cpu_big_cpu_small_gpu: start_temp = 59552, index = 60000, max_temp = 7560
[12/20] cpu_big_cpu_small_gpu: start_temp = 61712, index = 60000, max_temp = 5184
[13/20] cpu_big_cpu_small_gpu: start_temp = 62792, index = 65000, max_temp = 7344
[14/20] cpu_big_cpu_small_gpu: start_temp = 62144, index = 60000, max_temp = 7560
[15/20] cpu_big_cpu_small_gpu: start_temp = 61496, index = 60000, max_temp = 5832
[16/20] cpu_big_cpu_small_gpu: start_temp = 61496, index = 60000, max_temp = 6696
[17/20] cpu_big_cpu_small_gpu: start_temp = 62144, index = 60000, max_temp = 4320
[18/20] cpu_big_cpu_small_gpu: start_temp = 61280, index = 60000, max_temp = 5616
[19/20] cpu_big_cpu_small_gpu: start_temp = 62144, index = 60000, max_temp = 11016
[20/20] cpu_big_cpu_small_gpu: start_temp = 61712, index = 60000, max_temp = 6264
cpu_big_cpu_small_gpu Average 7138.8
60000={4968,5400,10368,6912,4968,6912,10368,7560,5184,7560,5832,6696,4320,5616,11016,6264,}
Average @ 60000 6871.5
65000={4320,10800,10368,7344,}
Average @ 65000 8208

