TL = 80000
graph = mobilenet
version = 4
***
Running Scheduler
Images = 100
Inferences = 1
TL = 80000
graph = mobilenet
version = 4
***
Running Scheduler
Images = 100
Inferences = 1
Logging temp logs to temp_schedulerv4/mobilenet_TL80000_dt10000.csv
Main thread running
tdiff = 5.00082, run_cpu_small = 0, run_cpu_big = 0, run_gpu = 0, temp = 80936, min_delta_t = 44.3223, val = 42
tdiff = 10.0091, run_cpu_small = 1, run_cpu_big = 1, run_gpu = 0, temp = 77264, min_delta_t = 44.3223, val = 97
0.103126 per image
0.103126 per inference
