TL = 80000
graph = mobilenet
version = 3
***
Running Scheduler
Images = 100
Inferences = 1
Sleeping for 5 seconds
TL = 80000
graph = mobilenet
version = 3
***
Running Scheduler
Images = 100
Inferences = 1
Sleeping for 5 seconds
Main thread running
tdiff = 5.00035, run_cpu_small = 1, run_cpu_big = 1, run_gpu = 0, temp = 73592, min_delta_t = 334.8, val = 37
tdiff = 10.0089, run_cpu_small = 1, run_cpu_big = 0, run_gpu = 0, temp = 78560, min_delta_t = 334.8, val = 81
0.120532 per image
0.120532 per inference
