TL = 85000
graph = mobilenet
version = 3
Images = 100
Inferences = 10
***
Running Scheduler
TL = 85000
graph = mobilenet
version = 3
Images = 100
Inferences = 10
***
Running Scheduler
Logging temp logs to temp_schedulerv3/mobilenet_TL85000_dt1000.csv
Main thread running
tdiff = 5.00124, run_cpu_small = 0, run_cpu_big = 0, run_gpu = 0, temp = 85040, min_delta_t = 481.14, val = 8
tdiff = 10.001, run_cpu_small = 0, run_cpu_big = 0, run_gpu = 0, temp = 84824, min_delta_t = 481.14, val = 18
tdiff = 15.0011, run_cpu_small = 0, run_cpu_big = 0, run_gpu = 0, temp = 84608, min_delta_t = 481.14, val = 28
tdiff = 20.0005, run_cpu_small = 1, run_cpu_big = 0, run_gpu = 0, temp = 84392, min_delta_t = 481.14, val = 39
tdiff = 25.0009, run_cpu_small = 1, run_cpu_big = 0, run_gpu = 0, temp = 83744, min_delta_t = 481.14, val = 50
tdiff = 30.0011, run_cpu_small = 1, run_cpu_big = 0, run_gpu = 0, temp = 81152, min_delta_t = 481.14, val = 60
tdiff = 35, run_cpu_small = 0, run_cpu_big = 0, run_gpu = 0, temp = 84824, min_delta_t = 481.14, val = 70
tdiff = 40.0002, run_cpu_small = 1, run_cpu_big = 0, run_gpu = 0, temp = 82880, min_delta_t = 481.14, val = 80
tdiff = 45.0005, run_cpu_small = 1, run_cpu_big = 0, run_gpu = 0, temp = 80072, min_delta_t = 481.14, val = 91
0.49383 per image
0.049383 per inference
