TL = 80000
graph = resnet50
***
Profiling Time
[1/3] Processing CPU Small
CPU Small [1/10] 2.14154
CPU Small [2/10] 2.34829
CPU Small [3/10] 2.24589
CPU Small [4/10] 2.14451
CPU Small [5/10] 2.70892
CPU Small [6/10] 2.29371
CPU Small [7/10] 2.50262
CPU Small [8/10] 2.3583
CPU Small [9/10] 2.44474
CPU Small [10/10] 2.10037
CPU Small Average 2.32889
[2/3] Processing CPU Big
CPU Big [1/10] 2.56743
CPU Big [2/10] 2.28864
CPU Big [3/10] 2.55654
CPU Big [4/10] 2.35633
CPU Big [5/10] 2.42876
CPU Big [6/10] 2.38079
CPU Big [7/10] 2.07901
CPU Big [8/10] 2.339
CPU Big [9/10] 2.5775
CPU Big [10/10] 2.16182
CPU Big Average 2.37358
[3/3] Processing GPU
GPU [1/10] 8.61384
GPU [2/10] 1.66346
GPU [3/10] 3.24141
GPU [4/10] 3.25097
GPU [5/10] 3.31768
GPU [6/10] 3.24149
GPU [7/10] 2.154
GPU [8/10] 1.51401
GPU [9/10] 3.09893
GPU [10/10] 2.687
GPU Average 3.27828
