TL = 80000
graph = resnet50
version = 3
***
Running Scheduler
Images = 100
Inferences = 1
Sleeping for 5 seconds
TL = 80000
graph = resnet50
version = 3
***
Running Scheduler
Images = 100
Inferences = 1
Sleeping for 5 seconds
Logging temp logs to temp_schedulerv3/resnet50_TL80000_dt10000.csv
Main thread running
tdiff = 5.00149, run_cpu_small = 0, run_cpu_big = 0, run_gpu = 0, temp = 78560, min_delta_t = 4103.9, val = 3
tdiff = 10.0028, run_cpu_small = 1, run_cpu_big = 0, run_gpu = 0, temp = 70136, min_delta_t = 4103.9, val = 9
tdiff = 15.0038, run_cpu_small = 1, run_cpu_big = 0, run_gpu = 0, temp = 69920, min_delta_t = 4103.9, val = 15
tdiff = 20.0057, run_cpu_small = 1, run_cpu_big = 0, run_gpu = 0, temp = 70352, min_delta_t = 4103.9, val = 21
tdiff = 25.0052, run_cpu_small = 1, run_cpu_big = 0, run_gpu = 0, temp = 70136, min_delta_t = 4103.9, val = 27
tdiff = 30.0058, run_cpu_small = 1, run_cpu_big = 0, run_gpu = 0, temp = 71000, min_delta_t = 4103.9, val = 34
tdiff = 35.009, run_cpu_small = 1, run_cpu_big = 0, run_gpu = 1, temp = 68624, min_delta_t = 4103.9, val = 38
tdiff = 40.0036, run_cpu_small = 1, run_cpu_big = 0, run_gpu = 0, temp = 70352, min_delta_t = 4103.9, val = 45
tdiff = 45.0054, run_cpu_small = 1, run_cpu_big = 0, run_gpu = 1, temp = 69488, min_delta_t = 4103.9, val = 51
tdiff = 50.0007, run_cpu_small = 1, run_cpu_big = 0, run_gpu = 0, temp = 70568, min_delta_t = 4103.9, val = 58
tdiff = 55.0085, run_cpu_small = 1, run_cpu_big = 0, run_gpu = 0, temp = 70136, min_delta_t = 4103.9, val = 64
tdiff = 60.0058, run_cpu_small = 1, run_cpu_big = 0, run_gpu = 1, temp = 69488, min_delta_t = 4103.9, val = 69
tdiff = 65.0029, run_cpu_small = 1, run_cpu_big = 0, run_gpu = 1, temp = 68624, min_delta_t = 4103.9, val = 75
tdiff = 70.0044, run_cpu_small = 1, run_cpu_big = 0, run_gpu = 0, temp = 70136, min_delta_t = 4103.9, val = 82
tdiff = 75.0083, run_cpu_small = 1, run_cpu_big = 0, run_gpu = 0, temp = 69920, min_delta_t = 4103.9, val = 89
tdiff = 80.0059, run_cpu_small = 1, run_cpu_big = 0, run_gpu = 0, temp = 69920, min_delta_t = 4103.9, val = 94
0.838056 per image
0.838056 per inference
