TL = 999999
graph = resnet50
version = 4
***
Running Scheduler
Images = 100
Inferences = 1
TL = 999999
graph = resnet50
version = 4
***
Running Scheduler
Images = 100
Inferences = 1
Logging temp logs to temp_schedulerv4/resnet50_TL999999_dt10000.csv
Main thread running
tdiff = 5.01018, run_cpu_small = 1, run_cpu_big = 1, run_gpu = 1, temp = 87416, min_delta_t = 256.844, val = 4
tdiff = 10.0055, run_cpu_small = 1, run_cpu_big = 1, run_gpu = 1, temp = 77048, min_delta_t = 256.844, val = 11
tdiff = 15.01, run_cpu_small = 1, run_cpu_big = 1, run_gpu = 1, temp = 77048, min_delta_t = 256.844, val = 19
tdiff = 20.0081, run_cpu_small = 1, run_cpu_big = 1, run_gpu = 1, temp = 80072, min_delta_t = 256.844, val = 27
tdiff = 25.0043, run_cpu_small = 1, run_cpu_big = 1, run_gpu = 1, temp = 77480, min_delta_t = 256.844, val = 34
tdiff = 30.0018, run_cpu_small = 1, run_cpu_big = 1, run_gpu = 1, temp = 77264, min_delta_t = 256.844, val = 43
tdiff = 35.007, run_cpu_small = 1, run_cpu_big = 1, run_gpu = 1, temp = 77264, min_delta_t = 256.844, val = 51
tdiff = 40.0043, run_cpu_small = 1, run_cpu_big = 1, run_gpu = 1, temp = 81800, min_delta_t = 256.844, val = 59
tdiff = 45.0088, run_cpu_small = 1, run_cpu_big = 1, run_gpu = 1, temp = 77912, min_delta_t = 256.844, val = 66
tdiff = 50.0023, run_cpu_small = 1, run_cpu_big = 1, run_gpu = 1, temp = 81800, min_delta_t = 256.844, val = 74
tdiff = 55.0032, run_cpu_small = 1, run_cpu_big = 1, run_gpu = 1, temp = 83528, min_delta_t = 256.844, val = 82
tdiff = 60.0035, run_cpu_small = 1, run_cpu_big = 1, run_gpu = 1, temp = 79856, min_delta_t = 256.844, val = 88
tdiff = 65.0013, run_cpu_small = 1, run_cpu_big = 1, run_gpu = 1, temp = 78560, min_delta_t = 256.844, val = 96
0.666804 per image
0.666804 per inference
