TL = 80000
graph = resnet50
version = 3.1
Images = 600
Inferences = 10
***
Running Scheduler
TL = 80000
graph = resnet50
version = 3.1
Images = 600
Inferences = 10
***
Running Scheduler
Logging temp logs to temp_schedulerv3_1/resnet50_TL80000_dt1000_motivation.csv
Main thread running
tdiff = 5.00041, run_cpu_small = 1, run_cpu_big = 0, run_gpu = 0, temp = 77048, min_delta_t = 1555.2, val = 0
tdiff = 10.0009, run_cpu_small = 1, run_cpu_big = 0, run_gpu = 1, temp = 59120, min_delta_t = 1555.2, val = 3
tdiff = 15.0008, run_cpu_small = 1, run_cpu_big = 0, run_gpu = 1, temp = 59336, min_delta_t = 1555.2, val = 6
tdiff = 20.0011, run_cpu_small = 1, run_cpu_big = 0, run_gpu = 1, temp = 59768, min_delta_t = 1555.2, val = 9
tdiff = 25.0004, run_cpu_small = 1, run_cpu_big = 0, run_gpu = 1, temp = 61280, min_delta_t = 1555.2, val = 12
tdiff = 30.0011, run_cpu_small = 1, run_cpu_big = 0, run_gpu = 1, temp = 62576, min_delta_t = 1555.2, val = 15
tdiff = 35.0001, run_cpu_small = 1, run_cpu_big = 0, run_gpu = 1, temp = 63440, min_delta_t = 1555.2, val = 18
tdiff = 40.0009, run_cpu_small = 1, run_cpu_big = 0, run_gpu = 1, temp = 65600, min_delta_t = 1555.2, val = 21
tdiff = 45.0008, run_cpu_small = 1, run_cpu_big = 0, run_gpu = 1, temp = 64952, min_delta_t = 1555.2, val = 24
tdiff = 50.001, run_cpu_small = 1, run_cpu_big = 0, run_gpu = 1, temp = 64304, min_delta_t = 1555.2, val = 27
tdiff = 55.0001, run_cpu_small = 0, run_cpu_big = 0, run_gpu = 1, temp = 67328, min_delta_t = 1555.2, val = 29
tdiff = 60.0008, run_cpu_small = 0, run_cpu_big = 0, run_gpu = 1, temp = 67112, min_delta_t = 1555.2, val = 33
tdiff = 65.0008, run_cpu_small = 1, run_cpu_big = 0, run_gpu = 1, temp = 63872, min_delta_t = 1555.2, val = 35
tdiff = 70.0009, run_cpu_small = 1, run_cpu_big = 0, run_gpu = 1, temp = 63224, min_delta_t = 1555.2, val = 36
tdiff = 75.0002, run_cpu_small = 1, run_cpu_big = 0, run_gpu = 1, temp = 64952, min_delta_t = 1555.2, val = 39
tdiff = 80.0002, run_cpu_small = 0, run_cpu_big = 0, run_gpu = 1, temp = 66680, min_delta_t = 1555.2, val = 42
tdiff = 85.0007, run_cpu_small = 0, run_cpu_big = 0, run_gpu = 1, temp = 67976, min_delta_t = 1555.2, val = 45
tdiff = 90.0009, run_cpu_small = 0, run_cpu_big = 0, run_gpu = 1, temp = 69488, min_delta_t = 1555.2, val = 48
tdiff = 95.0007, run_cpu_small = 0, run_cpu_big = 0, run_gpu = 1, temp = 66680, min_delta_t = 1555.2, val = 51
tdiff = 100.001, run_cpu_small = 0, run_cpu_big = 0, run_gpu = 1, temp = 69704, min_delta_t = 1555.2, val = 54
tdiff = 105.001, run_cpu_small = 0, run_cpu_big = 0, run_gpu = 1, temp = 68192, min_delta_t = 1555.2, val = 57
tdiff = 110, run_cpu_small = 1, run_cpu_big = 0, run_gpu = 1, temp = 64736, min_delta_t = 1555.2, val = 58
tdiff = 115.001, run_cpu_small = 0, run_cpu_big = 0, run_gpu = 1, temp = 67328, min_delta_t = 1555.2, val = 60
tdiff = 120, run_cpu_small = 0, run_cpu_big = 0, run_gpu = 1, temp = 68408, min_delta_t = 1555.2, val = 63
tdiff = 125.001, run_cpu_small = 0, run_cpu_big = 0, run_gpu = 1, temp = 68624, min_delta_t = 1555.2, val = 66
tdiff = 130, run_cpu_small = 0, run_cpu_big = 0, run_gpu = 1, temp = 69272, min_delta_t = 1555.2, val = 69
tdiff = 135.001, run_cpu_small = 0, run_cpu_big = 0, run_gpu = 1, temp = 69488, min_delta_t = 1555.2, val = 72
tdiff = 140.001, run_cpu_small = 0, run_cpu_big = 0, run_gpu = 1, temp = 71432, min_delta_t = 1555.2, val = 75
tdiff = 145.001, run_cpu_small = 0, run_cpu_big = 0, run_gpu = 1, temp = 69272, min_delta_t = 1555.2, val = 78
tdiff = 150.001, run_cpu_small = 0, run_cpu_big = 0, run_gpu = 1, temp = 66896, min_delta_t = 1555.2, val = 81
tdiff = 155.001, run_cpu_small = 0, run_cpu_big = 0, run_gpu = 1, temp = 66464, min_delta_t = 1555.2, val = 82
tdiff = 160.001, run_cpu_small = 1, run_cpu_big = 0, run_gpu = 1, temp = 65168, min_delta_t = 1555.2, val = 83
tdiff = 165.001, run_cpu_small = 0, run_cpu_big = 0, run_gpu = 1, temp = 69920, min_delta_t = 1555.2, val = 86
tdiff = 170, run_cpu_small = 0, run_cpu_big = 0, run_gpu = 1, temp = 71432, min_delta_t = 1555.2, val = 90
tdiff = 175.001, run_cpu_small = 0, run_cpu_big = 0, run_gpu = 1, temp = 70568, min_delta_t = 1555.2, val = 93
tdiff = 180.001, run_cpu_small = 1, run_cpu_big = 0, run_gpu = 1, temp = 65816, min_delta_t = 1555.2, val = 94
tdiff = 185.001, run_cpu_small = 0, run_cpu_big = 0, run_gpu = 1, temp = 66248, min_delta_t = 1555.2, val = 96
tdiff = 190.001, run_cpu_small = 1, run_cpu_big = 0, run_gpu = 1, temp = 65384, min_delta_t = 1555.2, val = 99
tdiff = 195.001, run_cpu_small = 1, run_cpu_big = 0, run_gpu = 1, temp = 64952, min_delta_t = 1555.2, val = 99
tdiff = 200.001, run_cpu_small = 0, run_cpu_big = 0, run_gpu = 1, temp = 68192, min_delta_t = 1555.2, val = 102
tdiff = 205.001, run_cpu_small = 0, run_cpu_big = 0, run_gpu = 1, temp = 69920, min_delta_t = 1555.2, val = 105
tdiff = 210, run_cpu_small = 0, run_cpu_big = 0, run_gpu = 1, temp = 70352, min_delta_t = 1555.2, val = 108
tdiff = 215.001, run_cpu_small = 0, run_cpu_big = 0, run_gpu = 1, temp = 67112, min_delta_t = 1555.2, val = 111
tdiff = 220, run_cpu_small = 1, run_cpu_big = 0, run_gpu = 1, temp = 65384, min_delta_t = 1555.2, val = 112
tdiff = 225, run_cpu_small = 0, run_cpu_big = 0, run_gpu = 1, temp = 66248, min_delta_t = 1555.2, val = 115
tdiff = 230.001, run_cpu_small = 0, run_cpu_big = 0, run_gpu = 1, temp = 69704, min_delta_t = 1555.2, val = 117
tdiff = 235, run_cpu_small = 0, run_cpu_big = 0, run_gpu = 1, temp = 69704, min_delta_t = 1555.2, val = 120
tdiff = 240.001, run_cpu_small = 0, run_cpu_big = 0, run_gpu = 1, temp = 70568, min_delta_t = 1555.2, val = 123
tdiff = 245, run_cpu_small = 0, run_cpu_big = 0, run_gpu = 1, temp = 66248, min_delta_t = 1555.2, val = 126
tdiff = 250.001, run_cpu_small = 1, run_cpu_big = 0, run_gpu = 0, temp = 71864, min_delta_t = 1555.2, val = 127
tdiff = 255, run_cpu_small = 0, run_cpu_big = 0, run_gpu = 1, temp = 70784, min_delta_t = 1555.2, val = 130
tdiff = 260.001, run_cpu_small = 0, run_cpu_big = 0, run_gpu = 1, temp = 68192, min_delta_t = 1555.2, val = 133
tdiff = 265.001, run_cpu_small = 0, run_cpu_big = 0, run_gpu = 1, temp = 67112, min_delta_t = 1555.2, val = 134
tdiff = 270.001, run_cpu_small = 0, run_cpu_big = 0, run_gpu = 1, temp = 70352, min_delta_t = 1555.2, val = 137
tdiff = 275.001, run_cpu_small = 0, run_cpu_big = 0, run_gpu = 1, temp = 69704, min_delta_t = 1555.2, val = 140
tdiff = 280.001, run_cpu_small = 0, run_cpu_big = 0, run_gpu = 1, temp = 68192, min_delta_t = 1555.2, val = 143
tdiff = 285.001, run_cpu_small = 0, run_cpu_big = 0, run_gpu = 1, temp = 71432, min_delta_t = 1555.2, val = 145
tdiff = 290.001, run_cpu_small = 0, run_cpu_big = 0, run_gpu = 1, temp = 66464, min_delta_t = 1555.2, val = 147
tdiff = 295.001, run_cpu_small = 0, run_cpu_big = 0, run_gpu = 1, temp = 66032, min_delta_t = 1555.2, val = 148
tdiff = 300, run_cpu_small = 0, run_cpu_big = 0, run_gpu = 1, temp = 66032, min_delta_t = 1555.2, val = 151
tdiff = 305, run_cpu_small = 0, run_cpu_big = 0, run_gpu = 1, temp = 66896, min_delta_t = 1555.2, val = 151
tdiff = 310, run_cpu_small = 0, run_cpu_big = 0, run_gpu = 1, temp = 69704, min_delta_t = 1555.2, val = 153
tdiff = 315.001, run_cpu_small = 0, run_cpu_big = 0, run_gpu = 1, temp = 66032, min_delta_t = 1555.2, val = 156
tdiff = 320, run_cpu_small = 0, run_cpu_big = 0, run_gpu = 1, temp = 66032, min_delta_t = 1555.2, val = 157
tdiff = 325, run_cpu_small = 0, run_cpu_big = 0, run_gpu = 1, temp = 67760, min_delta_t = 1555.2, val = 160
tdiff = 330.001, run_cpu_small = 0, run_cpu_big = 0, run_gpu = 1, temp = 68192, min_delta_t = 1555.2, val = 163
tdiff = 335.001, run_cpu_small = 0, run_cpu_big = 0, run_gpu = 1, temp = 67328, min_delta_t = 1555.2, val = 166
tdiff = 340.001, run_cpu_small = 0, run_cpu_big = 0, run_gpu = 1, temp = 66032, min_delta_t = 1555.2, val = 167
tdiff = 345, run_cpu_small = 0, run_cpu_big = 0, run_gpu = 1, temp = 66464, min_delta_t = 1555.2, val = 168
tdiff = 350.001, run_cpu_small = 0, run_cpu_big = 0, run_gpu = 1, temp = 70784, min_delta_t = 1555.2, val = 172
tdiff = 355.001, run_cpu_small = 0, run_cpu_big = 0, run_gpu = 1, temp = 70568, min_delta_t = 1555.2, val = 175
tdiff = 360.001, run_cpu_small = 0, run_cpu_big = 0, run_gpu = 1, temp = 66680, min_delta_t = 1555.2, val = 178
tdiff = 365.001, run_cpu_small = 0, run_cpu_big = 0, run_gpu = 1, temp = 71432, min_delta_t = 1555.2, val = 180
tdiff = 370, run_cpu_small = 0, run_cpu_big = 0, run_gpu = 1, temp = 67760, min_delta_t = 1555.2, val = 182
tdiff = 375.001, run_cpu_small = 0, run_cpu_big = 0, run_gpu = 1, temp = 67328, min_delta_t = 1555.2, val = 183
tdiff = 380.001, run_cpu_small = 0, run_cpu_big = 0, run_gpu = 1, temp = 67328, min_delta_t = 1555.2, val = 186
tdiff = 385, run_cpu_small = 0, run_cpu_big = 0, run_gpu = 1, temp = 71216, min_delta_t = 1555.2, val = 189
tdiff = 390, run_cpu_small = 1, run_cpu_big = 0, run_gpu = 0, temp = 72296, min_delta_t = 1555.2, val = 191
tdiff = 395, run_cpu_small = 0, run_cpu_big = 0, run_gpu = 1, temp = 71000, min_delta_t = 1555.2, val = 194
tdiff = 400.003, run_cpu_small = 0, run_cpu_big = 0, run_gpu = 1, temp = 69488, min_delta_t = 1555.2, val = 197
tdiff = 405, run_cpu_small = 0, run_cpu_big = 0, run_gpu = 1, temp = 69488, min_delta_t = 1555.2, val = 200
tdiff = 410, run_cpu_small = 1, run_cpu_big = 0, run_gpu = 0, temp = 72728, min_delta_t = 1555.2, val = 203
tdiff = 415.001, run_cpu_small = 0, run_cpu_big = 0, run_gpu = 1, temp = 69056, min_delta_t = 1555.2, val = 205
tdiff = 420.001, run_cpu_small = 1, run_cpu_big = 0, run_gpu = 0, temp = 72512, min_delta_t = 1555.2, val = 207
tdiff = 425, run_cpu_small = 0, run_cpu_big = 0, run_gpu = 1, temp = 67760, min_delta_t = 1555.2, val = 210
tdiff = 430, run_cpu_small = 0, run_cpu_big = 0, run_gpu = 1, temp = 69920, min_delta_t = 1555.2, val = 212
tdiff = 435, run_cpu_small = 0, run_cpu_big = 0, run_gpu = 1, temp = 66032, min_delta_t = 1555.2, val = 215
tdiff = 440.001, run_cpu_small = 1, run_cpu_big = 0, run_gpu = 0, temp = 72080, min_delta_t = 1555.2, val = 217
tdiff = 445, run_cpu_small = 0, run_cpu_big = 0, run_gpu = 1, temp = 68192, min_delta_t = 1555.2, val = 218
tdiff = 450, run_cpu_small = 0, run_cpu_big = 0, run_gpu = 1, temp = 67760, min_delta_t = 1555.2, val = 220
tdiff = 455.001, run_cpu_small = 0, run_cpu_big = 0, run_gpu = 1, temp = 69488, min_delta_t = 1555.2, val = 223
tdiff = 460.001, run_cpu_small = 0, run_cpu_big = 0, run_gpu = 1, temp = 66248, min_delta_t = 1555.2, val = 226
tdiff = 465.001, run_cpu_small = 0, run_cpu_big = 0, run_gpu = 1, temp = 69488, min_delta_t = 1555.2, val = 228
tdiff = 470.001, run_cpu_small = 0, run_cpu_big = 0, run_gpu = 1, temp = 68624, min_delta_t = 1555.2, val = 231
tdiff = 475, run_cpu_small = 0, run_cpu_big = 0, run_gpu = 1, temp = 69272, min_delta_t = 1555.2, val = 234
tdiff = 480, run_cpu_small = 0, run_cpu_big = 0, run_gpu = 1, temp = 70784, min_delta_t = 1555.2, val = 236
tdiff = 485, run_cpu_small = 0, run_cpu_big = 0, run_gpu = 1, temp = 66464, min_delta_t = 1555.2, val = 239
tdiff = 490.001, run_cpu_small = 1, run_cpu_big = 0, run_gpu = 0, temp = 73160, min_delta_t = 1555.2, val = 241
tdiff = 495, run_cpu_small = 0, run_cpu_big = 0, run_gpu = 1, temp = 68408, min_delta_t = 1555.2, val = 243
tdiff = 500, run_cpu_small = 1, run_cpu_big = 0, run_gpu = 0, temp = 73808, min_delta_t = 1555.2, val = 245
tdiff = 505.001, run_cpu_small = 0, run_cpu_big = 0, run_gpu = 1, temp = 69920, min_delta_t = 1555.2, val = 248
tdiff = 510.001, run_cpu_small = 0, run_cpu_big = 0, run_gpu = 1, temp = 69704, min_delta_t = 1555.2, val = 251
tdiff = 515.001, run_cpu_small = 0, run_cpu_big = 0, run_gpu = 1, temp = 71216, min_delta_t = 1555.2, val = 253
tdiff = 520.001, run_cpu_small = 0, run_cpu_big = 0, run_gpu = 1, temp = 70784, min_delta_t = 1555.2, val = 256
tdiff = 525, run_cpu_small = 0, run_cpu_big = 0, run_gpu = 1, temp = 67976, min_delta_t = 1555.2, val = 259
tdiff = 530.001, run_cpu_small = 1, run_cpu_big = 0, run_gpu = 0, temp = 71864, min_delta_t = 1555.2, val = 261
tdiff = 535.001, run_cpu_small = 0, run_cpu_big = 0, run_gpu = 1, temp = 66680, min_delta_t = 1555.2, val = 262
tdiff = 540, run_cpu_small = 1, run_cpu_big = 0, run_gpu = 1, temp = 65168, min_delta_t = 1555.2, val = 264
tdiff = 545.001, run_cpu_small = 0, run_cpu_big = 0, run_gpu = 1, temp = 70136, min_delta_t = 1555.2, val = 266
tdiff = 550, run_cpu_small = 0, run_cpu_big = 0, run_gpu = 1, temp = 71432, min_delta_t = 1555.2, val = 269
tdiff = 555.001, run_cpu_small = 0, run_cpu_big = 0, run_gpu = 1, temp = 66464, min_delta_t = 1555.2, val = 270
tdiff = 560, run_cpu_small = 0, run_cpu_big = 0, run_gpu = 1, temp = 66464, min_delta_t = 1555.2, val = 272
tdiff = 565.001, run_cpu_small = 0, run_cpu_big = 0, run_gpu = 1, temp = 70136, min_delta_t = 1555.2, val = 274
tdiff = 570.001, run_cpu_small = 0, run_cpu_big = 0, run_gpu = 1, temp = 69704, min_delta_t = 1555.2, val = 277
tdiff = 575, run_cpu_small = 0, run_cpu_big = 0, run_gpu = 1, temp = 66896, min_delta_t = 1555.2, val = 280
tdiff = 580.001, run_cpu_small = 0, run_cpu_big = 0, run_gpu = 1, temp = 68192, min_delta_t = 1555.2, val = 280
tdiff = 585.001, run_cpu_small = 0, run_cpu_big = 0, run_gpu = 1, temp = 68408, min_delta_t = 1555.2, val = 282
tdiff = 590, run_cpu_small = 0, run_cpu_big = 0, run_gpu = 1, temp = 70784, min_delta_t = 1555.2, val = 285
tdiff = 595, run_cpu_small = 0, run_cpu_big = 0, run_gpu = 1, temp = 67544, min_delta_t = 1555.2, val = 286
tdiff = 600.001, run_cpu_small = 0, run_cpu_big = 0, run_gpu = 1, temp = 66248, min_delta_t = 1555.2, val = 288
tdiff = 605.001, run_cpu_small = 0, run_cpu_big = 0, run_gpu = 1, temp = 66896, min_delta_t = 1555.2, val = 291
tdiff = 610.001, run_cpu_small = 0, run_cpu_big = 0, run_gpu = 1, temp = 71432, min_delta_t = 1555.2, val = 293
tdiff = 615, run_cpu_small = 0, run_cpu_big = 0, run_gpu = 1, temp = 69056, min_delta_t = 1555.2, val = 296
tdiff = 620, run_cpu_small = 0, run_cpu_big = 0, run_gpu = 1, temp = 68840, min_delta_t = 1555.2, val = 299
tdiff = 625.001, run_cpu_small = 0, run_cpu_big = 0, run_gpu = 1, temp = 71000, min_delta_t = 1555.2, val = 301
tdiff = 630, run_cpu_small = 0, run_cpu_big = 0, run_gpu = 1, temp = 68192, min_delta_t = 1555.2, val = 304
tdiff = 635.001, run_cpu_small = 0, run_cpu_big = 0, run_gpu = 1, temp = 69488, min_delta_t = 1555.2, val = 305
tdiff = 640.001, run_cpu_small = 0, run_cpu_big = 0, run_gpu = 1, temp = 67976, min_delta_t = 1555.2, val = 306
tdiff = 645.001, run_cpu_small = 1, run_cpu_big = 0, run_gpu = 0, temp = 72080, min_delta_t = 1555.2, val = 309
tdiff = 650.001, run_cpu_small = 0, run_cpu_big = 0, run_gpu = 1, temp = 67544, min_delta_t = 1555.2, val = 312
tdiff = 655.001, run_cpu_small = 1, run_cpu_big = 0, run_gpu = 0, temp = 72296, min_delta_t = 1555.2, val = 314
tdiff = 660, run_cpu_small = 0, run_cpu_big = 0, run_gpu = 1, temp = 68840, min_delta_t = 1555.2, val = 317
tdiff = 665, run_cpu_small = 0, run_cpu_big = 0, run_gpu = 1, temp = 69920, min_delta_t = 1555.2, val = 319
tdiff = 670, run_cpu_small = 1, run_cpu_big = 0, run_gpu = 0, temp = 71648, min_delta_t = 1555.2, val = 322
tdiff = 675, run_cpu_small = 1, run_cpu_big = 0, run_gpu = 0, temp = 72728, min_delta_t = 1555.2, val = 325
tdiff = 680, run_cpu_small = 1, run_cpu_big = 0, run_gpu = 0, temp = 73160, min_delta_t = 1555.2, val = 327
tdiff = 685, run_cpu_small = 1, run_cpu_big = 0, run_gpu = 0, temp = 74456, min_delta_t = 1555.2, val = 330
tdiff = 690, run_cpu_small = 1, run_cpu_big = 0, run_gpu = 0, temp = 72080, min_delta_t = 1555.2, val = 333
tdiff = 695.001, run_cpu_small = 0, run_cpu_big = 0, run_gpu = 1, temp = 71216, min_delta_t = 1555.2, val = 336
tdiff = 700, run_cpu_small = 1, run_cpu_big = 0, run_gpu = 0, temp = 74672, min_delta_t = 1555.2, val = 337
tdiff = 705, run_cpu_small = 0, run_cpu_big = 0, run_gpu = 1, temp = 68840, min_delta_t = 1555.2, val = 339
tdiff = 710, run_cpu_small = 0, run_cpu_big = 0, run_gpu = 1, temp = 69488, min_delta_t = 1555.2, val = 341
tdiff = 715.001, run_cpu_small = 1, run_cpu_big = 0, run_gpu = 0, temp = 71648, min_delta_t = 1555.2, val = 344
tdiff = 720.001, run_cpu_small = 0, run_cpu_big = 0, run_gpu = 1, temp = 68840, min_delta_t = 1555.2, val = 345
tdiff = 725.001, run_cpu_small = 0, run_cpu_big = 0, run_gpu = 1, temp = 67760, min_delta_t = 1555.2, val = 347
tdiff = 730.001, run_cpu_small = 0, run_cpu_big = 0, run_gpu = 1, temp = 69056, min_delta_t = 1555.2, val = 348
tdiff = 735, run_cpu_small = 0, run_cpu_big = 0, run_gpu = 1, temp = 67760, min_delta_t = 1555.2, val = 349
tdiff = 740.001, run_cpu_small = 1, run_cpu_big = 0, run_gpu = 0, temp = 72944, min_delta_t = 1555.2, val = 352
tdiff = 745, run_cpu_small = 0, run_cpu_big = 0, run_gpu = 1, temp = 67976, min_delta_t = 1555.2, val = 355
tdiff = 750.001, run_cpu_small = 0, run_cpu_big = 0, run_gpu = 1, temp = 69488, min_delta_t = 1555.2, val = 358
tdiff = 755.001, run_cpu_small = 0, run_cpu_big = 0, run_gpu = 1, temp = 67760, min_delta_t = 1555.2, val = 359
tdiff = 760.001, run_cpu_small = 0, run_cpu_big = 0, run_gpu = 1, temp = 68408, min_delta_t = 1555.2, val = 360
tdiff = 765.007, run_cpu_small = 0, run_cpu_big = 0, run_gpu = 1, temp = 67976, min_delta_t = 1555.2, val = 363
tdiff = 770.001, run_cpu_small = 1, run_cpu_big = 0, run_gpu = 0, temp = 73160, min_delta_t = 1555.2, val = 365
tdiff = 775.001, run_cpu_small = 1, run_cpu_big = 0, run_gpu = 0, temp = 72512, min_delta_t = 1555.2, val = 368
tdiff = 780.001, run_cpu_small = 0, run_cpu_big = 0, run_gpu = 1, temp = 66248, min_delta_t = 1555.2, val = 371
tdiff = 785.001, run_cpu_small = 0, run_cpu_big = 0, run_gpu = 1, temp = 70568, min_delta_t = 1555.2, val = 373
tdiff = 790.001, run_cpu_small = 0, run_cpu_big = 0, run_gpu = 1, temp = 66680, min_delta_t = 1555.2, val = 376
tdiff = 795.001, run_cpu_small = 1, run_cpu_big = 0, run_gpu = 0, temp = 71864, min_delta_t = 1555.2, val = 378
tdiff = 800.001, run_cpu_small = 0, run_cpu_big = 0, run_gpu = 1, temp = 67328, min_delta_t = 1555.2, val = 381
tdiff = 805, run_cpu_small = 1, run_cpu_big = 0, run_gpu = 0, temp = 73592, min_delta_t = 1555.2, val = 382
tdiff = 810.001, run_cpu_small = 1, run_cpu_big = 0, run_gpu = 0, temp = 71864, min_delta_t = 1555.2, val = 385
tdiff = 815, run_cpu_small = 1, run_cpu_big = 0, run_gpu = 0, temp = 73376, min_delta_t = 1555.2, val = 388
tdiff = 820, run_cpu_small = 0, run_cpu_big = 0, run_gpu = 1, temp = 70568, min_delta_t = 1555.2, val = 390
tdiff = 825.001, run_cpu_small = 1, run_cpu_big = 0, run_gpu = 0, temp = 73160, min_delta_t = 1555.2, val = 393
tdiff = 830, run_cpu_small = 0, run_cpu_big = 0, run_gpu = 1, temp = 69920, min_delta_t = 1555.2, val = 395
tdiff = 835, run_cpu_small = 0, run_cpu_big = 0, run_gpu = 1, temp = 68192, min_delta_t = 1555.2, val = 397
tdiff = 840.001, run_cpu_small = 0, run_cpu_big = 0, run_gpu = 1, temp = 68408, min_delta_t = 1555.2, val = 399
tdiff = 845, run_cpu_small = 0, run_cpu_big = 0, run_gpu = 1, temp = 70568, min_delta_t = 1555.2, val = 401
tdiff = 850, run_cpu_small = 1, run_cpu_big = 0, run_gpu = 0, temp = 73592, min_delta_t = 1555.2, val = 404
tdiff = 855.001, run_cpu_small = 0, run_cpu_big = 0, run_gpu = 1, temp = 71000, min_delta_t = 1555.2, val = 406
tdiff = 860.001, run_cpu_small = 0, run_cpu_big = 0, run_gpu = 1, temp = 67544, min_delta_t = 1555.2, val = 408
tdiff = 865.001, run_cpu_small = 1, run_cpu_big = 0, run_gpu = 1, temp = 65600, min_delta_t = 1555.2, val = 409
tdiff = 870.001, run_cpu_small = 1, run_cpu_big = 0, run_gpu = 0, temp = 72296, min_delta_t = 1555.2, val = 411
tdiff = 875.001, run_cpu_small = 1, run_cpu_big = 0, run_gpu = 0, temp = 72944, min_delta_t = 1555.2, val = 414
tdiff = 880.001, run_cpu_small = 0, run_cpu_big = 0, run_gpu = 1, temp = 69488, min_delta_t = 1555.2, val = 416
tdiff = 885.001, run_cpu_small = 0, run_cpu_big = 0, run_gpu = 1, temp = 69704, min_delta_t = 1555.2, val = 417
tdiff = 890, run_cpu_small = 0, run_cpu_big = 0, run_gpu = 1, temp = 66896, min_delta_t = 1555.2, val = 420
tdiff = 895.001, run_cpu_small = 1, run_cpu_big = 0, run_gpu = 0, temp = 72296, min_delta_t = 1555.2, val = 422
tdiff = 900, run_cpu_small = 1, run_cpu_big = 0, run_gpu = 0, temp = 72080, min_delta_t = 1555.2, val = 425
tdiff = 905.001, run_cpu_small = 0, run_cpu_big = 0, run_gpu = 1, temp = 68192, min_delta_t = 1555.2, val = 427
tdiff = 910.001, run_cpu_small = 1, run_cpu_big = 0, run_gpu = 0, temp = 72512, min_delta_t = 1555.2, val = 429
tdiff = 915, run_cpu_small = 0, run_cpu_big = 0, run_gpu = 1, temp = 71432, min_delta_t = 1555.2, val = 432
tdiff = 920, run_cpu_small = 0, run_cpu_big = 0, run_gpu = 1, temp = 69272, min_delta_t = 1555.2, val = 434
tdiff = 925, run_cpu_small = 0, run_cpu_big = 0, run_gpu = 1, temp = 70784, min_delta_t = 1555.2, val = 436
tdiff = 930, run_cpu_small = 0, run_cpu_big = 0, run_gpu = 1, temp = 69488, min_delta_t = 1555.2, val = 439
tdiff = 935.001, run_cpu_small = 0, run_cpu_big = 0, run_gpu = 1, temp = 67328, min_delta_t = 1555.2, val = 441
tdiff = 940.001, run_cpu_small = 1, run_cpu_big = 0, run_gpu = 0, temp = 74024, min_delta_t = 1555.2, val = 443
tdiff = 945, run_cpu_small = 0, run_cpu_big = 0, run_gpu = 1, temp = 67976, min_delta_t = 1555.2, val = 445
tdiff = 950.001, run_cpu_small = 0, run_cpu_big = 0, run_gpu = 1, temp = 67544, min_delta_t = 1555.2, val = 446
tdiff = 955, run_cpu_small = 1, run_cpu_big = 0, run_gpu = 0, temp = 73376, min_delta_t = 1555.2, val = 449
tdiff = 960, run_cpu_small = 1, run_cpu_big = 0, run_gpu = 0, temp = 72080, min_delta_t = 1555.2, val = 452
tdiff = 965.001, run_cpu_small = 1, run_cpu_big = 0, run_gpu = 0, temp = 71864, min_delta_t = 1555.2, val = 454
tdiff = 970.001, run_cpu_small = 0, run_cpu_big = 0, run_gpu = 1, temp = 69272, min_delta_t = 1555.2, val = 455
tdiff = 975, run_cpu_small = 0, run_cpu_big = 0, run_gpu = 1, temp = 70568, min_delta_t = 1555.2, val = 457
tdiff = 980, run_cpu_small = 0, run_cpu_big = 0, run_gpu = 1, temp = 71432, min_delta_t = 1555.2, val = 460
tdiff = 985.001, run_cpu_small = 0, run_cpu_big = 0, run_gpu = 1, temp = 71000, min_delta_t = 1555.2, val = 463
tdiff = 990, run_cpu_small = 0, run_cpu_big = 0, run_gpu = 1, temp = 69704, min_delta_t = 1555.2, val = 465
tdiff = 995, run_cpu_small = 0, run_cpu_big = 0, run_gpu = 1, temp = 67976, min_delta_t = 1555.2, val = 468
tdiff = 1000, run_cpu_small = 0, run_cpu_big = 0, run_gpu = 1, temp = 68408, min_delta_t = 1555.2, val = 468
tdiff = 1005, run_cpu_small = 0, run_cpu_big = 0, run_gpu = 1, temp = 68624, min_delta_t = 1555.2, val = 470
tdiff = 1010, run_cpu_small = 0, run_cpu_big = 0, run_gpu = 1, temp = 66680, min_delta_t = 1555.2, val = 473
tdiff = 1015, run_cpu_small = 0, run_cpu_big = 0, run_gpu = 1, temp = 70784, min_delta_t = 1555.2, val = 475
tdiff = 1020, run_cpu_small = 0, run_cpu_big = 0, run_gpu = 1, temp = 67976, min_delta_t = 1555.2, val = 477
tdiff = 1025, run_cpu_small = 0, run_cpu_big = 0, run_gpu = 1, temp = 67328, min_delta_t = 1555.2, val = 478
tdiff = 1030, run_cpu_small = 0, run_cpu_big = 0, run_gpu = 1, temp = 69272, min_delta_t = 1555.2, val = 481
tdiff = 1035, run_cpu_small = 0, run_cpu_big = 0, run_gpu = 1, temp = 70352, min_delta_t = 1555.2, val = 483
tdiff = 1040, run_cpu_small = 0, run_cpu_big = 0, run_gpu = 1, temp = 66032, min_delta_t = 1555.2, val = 486
tdiff = 1045, run_cpu_small = 1, run_cpu_big = 0, run_gpu = 0, temp = 72512, min_delta_t = 1555.2, val = 488
tdiff = 1050, run_cpu_small = 1, run_cpu_big = 0, run_gpu = 0, temp = 71648, min_delta_t = 1555.2, val = 491
tdiff = 1055, run_cpu_small = 1, run_cpu_big = 0, run_gpu = 0, temp = 72728, min_delta_t = 1555.2, val = 493
tdiff = 1060, run_cpu_small = 0, run_cpu_big = 0, run_gpu = 1, temp = 69488, min_delta_t = 1555.2, val = 496
tdiff = 1065, run_cpu_small = 0, run_cpu_big = 0, run_gpu = 1, temp = 67112, min_delta_t = 1555.2, val = 498
tdiff = 1070, run_cpu_small = 0, run_cpu_big = 0, run_gpu = 1, temp = 67760, min_delta_t = 1555.2, val = 500
tdiff = 1075, run_cpu_small = 0, run_cpu_big = 0, run_gpu = 1, temp = 69056, min_delta_t = 1555.2, val = 501
tdiff = 1080, run_cpu_small = 0, run_cpu_big = 0, run_gpu = 1, temp = 68840, min_delta_t = 1555.2, val = 502
tdiff = 1085, run_cpu_small = 0, run_cpu_big = 0, run_gpu = 1, temp = 68192, min_delta_t = 1555.2, val = 505
tdiff = 1090, run_cpu_small = 0, run_cpu_big = 0, run_gpu = 1, temp = 67760, min_delta_t = 1555.2, val = 506
tdiff = 1095, run_cpu_small = 0, run_cpu_big = 0, run_gpu = 1, temp = 70784, min_delta_t = 1555.2, val = 509
tdiff = 1100, run_cpu_small = 0, run_cpu_big = 0, run_gpu = 1, temp = 68192, min_delta_t = 1555.2, val = 512
tdiff = 1105, run_cpu_small = 0, run_cpu_big = 0, run_gpu = 1, temp = 68408, min_delta_t = 1555.2, val = 512
tdiff = 1110, run_cpu_small = 0, run_cpu_big = 0, run_gpu = 1, temp = 68840, min_delta_t = 1555.2, val = 514
tdiff = 1115, run_cpu_small = 0, run_cpu_big = 0, run_gpu = 1, temp = 67112, min_delta_t = 1555.2, val = 517
tdiff = 1120, run_cpu_small = 0, run_cpu_big = 0, run_gpu = 1, temp = 68840, min_delta_t = 1555.2, val = 518
tdiff = 1125, run_cpu_small = 0, run_cpu_big = 0, run_gpu = 1, temp = 68624, min_delta_t = 1555.2, val = 519
tdiff = 1130, run_cpu_small = 1, run_cpu_big = 0, run_gpu = 0, temp = 73592, min_delta_t = 1555.2, val = 523
tdiff = 1135, run_cpu_small = 0, run_cpu_big = 0, run_gpu = 1, temp = 71216, min_delta_t = 1555.2, val = 525
tdiff = 1140, run_cpu_small = 0, run_cpu_big = 0, run_gpu = 1, temp = 68408, min_delta_t = 1555.2, val = 528
tdiff = 1145, run_cpu_small = 1, run_cpu_big = 0, run_gpu = 0, temp = 71648, min_delta_t = 1555.2, val = 530
tdiff = 1150, run_cpu_small = 0, run_cpu_big = 0, run_gpu = 1, temp = 68840, min_delta_t = 1555.2, val = 532
tdiff = 1155, run_cpu_small = 0, run_cpu_big = 0, run_gpu = 1, temp = 67544, min_delta_t = 1555.2, val = 533
tdiff = 1160, run_cpu_small = 0, run_cpu_big = 0, run_gpu = 1, temp = 68192, min_delta_t = 1555.2, val = 536
tdiff = 1165, run_cpu_small = 0, run_cpu_big = 0, run_gpu = 1, temp = 70784, min_delta_t = 1555.2, val = 538
tdiff = 1170, run_cpu_small = 0, run_cpu_big = 0, run_gpu = 1, temp = 67328, min_delta_t = 1555.2, val = 541
tdiff = 1175, run_cpu_small = 0, run_cpu_big = 0, run_gpu = 1, temp = 70568, min_delta_t = 1555.2, val = 543
tdiff = 1180, run_cpu_small = 1, run_cpu_big = 0, run_gpu = 1, temp = 65816, min_delta_t = 1555.2, val = 546
tdiff = 1185, run_cpu_small = 0, run_cpu_big = 0, run_gpu = 1, temp = 68624, min_delta_t = 1555.2, val = 546
tdiff = 1190, run_cpu_small = 1, run_cpu_big = 0, run_gpu = 0, temp = 71864, min_delta_t = 1555.2, val = 548
tdiff = 1195, run_cpu_small = 0, run_cpu_big = 0, run_gpu = 1, temp = 66896, min_delta_t = 1555.2, val = 551
tdiff = 1200, run_cpu_small = 1, run_cpu_big = 0, run_gpu = 1, temp = 65600, min_delta_t = 1555.2, val = 552
tdiff = 1205, run_cpu_small = 1, run_cpu_big = 0, run_gpu = 0, temp = 71864, min_delta_t = 1555.2, val = 554
tdiff = 1210, run_cpu_small = 1, run_cpu_big = 0, run_gpu = 0, temp = 71864, min_delta_t = 1555.2, val = 557
tdiff = 1215, run_cpu_small = 0, run_cpu_big = 0, run_gpu = 1, temp = 67976, min_delta_t = 1555.2, val = 560
tdiff = 1220, run_cpu_small = 1, run_cpu_big = 0, run_gpu = 0, temp = 73160, min_delta_t = 1555.2, val = 561
tdiff = 1225, run_cpu_small = 1, run_cpu_big = 0, run_gpu = 0, temp = 72296, min_delta_t = 1555.2, val = 564
tdiff = 1230, run_cpu_small = 1, run_cpu_big = 0, run_gpu = 0, temp = 71648, min_delta_t = 1555.2, val = 567
tdiff = 1235, run_cpu_small = 1, run_cpu_big = 0, run_gpu = 0, temp = 74888, min_delta_t = 1555.2, val = 570
tdiff = 1240, run_cpu_small = 1, run_cpu_big = 0, run_gpu = 0, temp = 72080, min_delta_t = 1555.2, val = 572
tdiff = 1245, run_cpu_small = 0, run_cpu_big = 0, run_gpu = 1, temp = 66248, min_delta_t = 1555.2, val = 574
tdiff = 1250, run_cpu_small = 0, run_cpu_big = 0, run_gpu = 1, temp = 67328, min_delta_t = 1555.2, val = 575
tdiff = 1255, run_cpu_small = 1, run_cpu_big = 0, run_gpu = 0, temp = 71864, min_delta_t = 1555.2, val = 577
tdiff = 1260, run_cpu_small = 0, run_cpu_big = 0, run_gpu = 1, temp = 66464, min_delta_t = 1555.2, val = 580
tdiff = 1265, run_cpu_small = 1, run_cpu_big = 0, run_gpu = 0, temp = 71648, min_delta_t = 1555.2, val = 582
tdiff = 1270, run_cpu_small = 0, run_cpu_big = 0, run_gpu = 1, temp = 70136, min_delta_t = 1555.2, val = 584
tdiff = 1275, run_cpu_small = 0, run_cpu_big = 0, run_gpu = 1, temp = 68840, min_delta_t = 1555.2, val = 586
tdiff = 1280, run_cpu_small = 1, run_cpu_big = 0, run_gpu = 0, temp = 73592, min_delta_t = 1555.2, val = 588
tdiff = 1285, run_cpu_small = 1, run_cpu_big = 0, run_gpu = 0, temp = 72080, min_delta_t = 1555.2, val = 591
tdiff = 1290, run_cpu_small = 1, run_cpu_big = 0, run_gpu = 0, temp = 73160, min_delta_t = 1555.2, val = 594
tdiff = 1295, run_cpu_small = 1, run_cpu_big = 0, run_gpu = 0, temp = 72728, min_delta_t = 1555.2, val = 596
tdiff = 1300, run_cpu_small = 0, run_cpu_big = 0, run_gpu = 1, temp = 68624, min_delta_t = 1555.2, val = 599
2.16984 per image
0.216984 per inference
