TL = 999999
graph = resnet50
version = 3
***
Running Scheduler
Images = 100
Inferences = 1
TL = 999999
graph = resnet50
version = 3
***
Running Scheduler
Images = 100
Inferences = 1
Logging temp logs to temp_schedulerv3/resnet50_TL999999_dt10000.csv
Main thread running
tdiff = 5.0085, run_cpu_small = 1, run_cpu_big = 1, run_gpu = 1, temp = 85904, min_delta_t = 4103.9, val = 4
tdiff = 10.0022, run_cpu_small = 1, run_cpu_big = 1, run_gpu = 1, temp = 76400, min_delta_t = 4103.9, val = 11
tdiff = 15.0033, run_cpu_small = 1, run_cpu_big = 1, run_gpu = 1, temp = 77264, min_delta_t = 4103.9, val = 19
tdiff = 20.0009, run_cpu_small = 1, run_cpu_big = 1, run_gpu = 1, temp = 82664, min_delta_t = 4103.9, val = 26
tdiff = 25.0081, run_cpu_small = 1, run_cpu_big = 1, run_gpu = 1, temp = 80720, min_delta_t = 4103.9, val = 33
tdiff = 30.0053, run_cpu_small = 1, run_cpu_big = 1, run_gpu = 1, temp = 77696, min_delta_t = 4103.9, val = 41
tdiff = 35.0009, run_cpu_small = 1, run_cpu_big = 1, run_gpu = 1, temp = 84176, min_delta_t = 4103.9, val = 49
tdiff = 40.0034, run_cpu_small = 1, run_cpu_big = 1, run_gpu = 1, temp = 77048, min_delta_t = 4103.9, val = 57
tdiff = 45.0049, run_cpu_small = 1, run_cpu_big = 1, run_gpu = 1, temp = 76616, min_delta_t = 4103.9, val = 65
tdiff = 50.0088, run_cpu_small = 1, run_cpu_big = 1, run_gpu = 1, temp = 77696, min_delta_t = 4103.9, val = 73
tdiff = 55.0008, run_cpu_small = 1, run_cpu_big = 1, run_gpu = 1, temp = 80936, min_delta_t = 4103.9, val = 81
tdiff = 60.0085, run_cpu_small = 1, run_cpu_big = 1, run_gpu = 1, temp = 84392, min_delta_t = 4103.9, val = 88
tdiff = 65.0059, run_cpu_small = 1, run_cpu_big = 1, run_gpu = 1, temp = 78776, min_delta_t = 4103.9, val = 95
0.673122 per image
0.673122 per inference
