TL = 80000
graph = squeezenet
version = 3.1
Images = 100
Inferences = 10
***
Running Scheduler
TL = 80000
graph = squeezenet
version = 3.1
Images = 100
Inferences = 10
***
Running Scheduler
Logging temp logs to temp_schedulerv3_1/squeezenet_TL80000_dt1000.csv
Main thread running
tdiff = 5.00045, run_cpu_small = 0, run_cpu_big = 0, run_gpu = 0, temp = 82664, min_delta_t = 518.4, val = 7
tdiff = 10.0008, run_cpu_small = 1, run_cpu_big = 0, run_gpu = 0, temp = 75320, min_delta_t = 518.4, val = 20
tdiff = 15.0009, run_cpu_small = 0, run_cpu_big = 0, run_gpu = 0, temp = 81584, min_delta_t = 518.4, val = 30
tdiff = 20.0002, run_cpu_small = 1, run_cpu_big = 0, run_gpu = 0, temp = 79424, min_delta_t = 518.4, val = 41
tdiff = 25, run_cpu_small = 0, run_cpu_big = 0, run_gpu = 0, temp = 82664, min_delta_t = 518.4, val = 51
tdiff = 30.0002, run_cpu_small = 0, run_cpu_big = 0, run_gpu = 0, temp = 85472, min_delta_t = 518.4, val = 60
tdiff = 35, run_cpu_small = 0, run_cpu_big = 0, run_gpu = 0, temp = 85256, min_delta_t = 518.4, val = 70
tdiff = 40.0009, run_cpu_small = 0, run_cpu_big = 0, run_gpu = 0, temp = 82016, min_delta_t = 518.4, val = 80
tdiff = 45.001, run_cpu_small = 0, run_cpu_big = 0, run_gpu = 0, temp = 80720, min_delta_t = 518.4, val = 89
tdiff = 50.001, run_cpu_small = 1, run_cpu_big = 0, run_gpu = 0, temp = 75320, min_delta_t = 518.4, val = 98
0.508224 per image
0.0508224 per inference
