TL = 999999
graph = squeezenet
version = 3.1
Images = 100
Inferences = 10
***
Running Scheduler
TL = 999999
graph = squeezenet
version = 3.1
Images = 100
Inferences = 10
***
Running Scheduler
Logging temp logs to temp_schedulerv3_1/squeezenet_TL999999_dt1000.csv
Main thread running
tdiff = 5.00032, run_cpu_small = 1, run_cpu_big = 1, run_gpu = 1, temp = 85904, min_delta_t = 3.32273e-318, val = 8
tdiff = 10.0008, run_cpu_small = 1, run_cpu_big = 1, run_gpu = 1, temp = 78992, min_delta_t = 3.32273e-318, val = 22
tdiff = 15.0003, run_cpu_small = 1, run_cpu_big = 1, run_gpu = 1, temp = 79856, min_delta_t = 3.32273e-318, val = 37
tdiff = 20.0003, run_cpu_small = 1, run_cpu_big = 1, run_gpu = 1, temp = 82664, min_delta_t = 3.32273e-318, val = 54
tdiff = 25.0007, run_cpu_small = 1, run_cpu_big = 1, run_gpu = 1, temp = 83096, min_delta_t = 3.32273e-318, val = 71
tdiff = 30.0006, run_cpu_small = 1, run_cpu_big = 1, run_gpu = 1, temp = 80288, min_delta_t = 3.32273e-318, val = 85
0.343429 per image
0.0343429 per inference
