TL = 80000
graph = squeezenet
version = 3
***
Running Scheduler
Images = 100
Inferences = 1
Sleeping for 5 seconds
TL = 80000
graph = squeezenet
version = 3
***
Running Scheduler
Images = 100
Inferences = 1
Sleeping for 5 seconds
Main thread running
tdiff = 5.00278, run_cpu_small = 1, run_cpu_big = 0, run_gpu = 0, temp = 75968, min_delta_t = 172.8, val = 23
tdiff = 10.0084, run_cpu_small = 1, run_cpu_big = 0, run_gpu = 0, temp = 76184, min_delta_t = 172.8, val = 76
0.124768 per image
0.124768 per inference
