TL = 80000
graph = squeezenet
version = 3
Images = 100
Inferences = 10
***
Running Scheduler
TL = 80000
graph = squeezenet
version = 3
Images = 100
Inferences = 10
***
Running Scheduler
Logging temp logs to temp_schedulerv3/squeezenet_TL80000_dt1000.csv
Main thread running
tdiff = 5.00073, run_cpu_small = 1, run_cpu_big = 0, run_gpu = 0, temp = 78128, min_delta_t = 527.04, val = 4
tdiff = 10.0009, run_cpu_small = 1, run_cpu_big = 0, run_gpu = 0, temp = 75968, min_delta_t = 527.04, val = 13
tdiff = 15.0003, run_cpu_small = 1, run_cpu_big = 0, run_gpu = 0, temp = 75968, min_delta_t = 527.04, val = 21
tdiff = 20.0011, run_cpu_small = 0, run_cpu_big = 0, run_gpu = 0, temp = 82880, min_delta_t = 527.04, val = 29
tdiff = 25.0007, run_cpu_small = 0, run_cpu_big = 0, run_gpu = 0, temp = 82232, min_delta_t = 527.04, val = 37
tdiff = 30.001, run_cpu_small = 1, run_cpu_big = 0, run_gpu = 0, temp = 75968, min_delta_t = 527.04, val = 45
tdiff = 35.001, run_cpu_small = 1, run_cpu_big = 0, run_gpu = 0, temp = 75968, min_delta_t = 527.04, val = 53
tdiff = 40.0007, run_cpu_small = 1, run_cpu_big = 0, run_gpu = 0, temp = 76184, min_delta_t = 527.04, val = 61
tdiff = 45.0001, run_cpu_small = 1, run_cpu_big = 0, run_gpu = 0, temp = 76400, min_delta_t = 527.04, val = 69
tdiff = 50.0011, run_cpu_small = 1, run_cpu_big = 0, run_gpu = 0, temp = 76184, min_delta_t = 527.04, val = 77
tdiff = 55.0006, run_cpu_small = 1, run_cpu_big = 0, run_gpu = 0, temp = 78128, min_delta_t = 527.04, val = 85
tdiff = 60.0003, run_cpu_small = 1, run_cpu_big = 0, run_gpu = 0, temp = 76616, min_delta_t = 527.04, val = 93
0.646871 per image
0.0646871 per inference
