TL = 85000
graph = squeezenet
version = 3
Images = 100
Inferences = 10
***
Running Scheduler
TL = 85000
graph = squeezenet
version = 3
Images = 100
Inferences = 10
***
Running Scheduler
Logging temp logs to temp_schedulerv3/squeezenet_TL85000_dt1000.csv
Main thread running
tdiff = 5.00056, run_cpu_small = 0, run_cpu_big = 0, run_gpu = 0, temp = 85256, min_delta_t = 527.04, val = 5
tdiff = 10.0007, run_cpu_small = 1, run_cpu_big = 0, run_gpu = 0, temp = 84176, min_delta_t = 527.04, val = 14
tdiff = 15.0001, run_cpu_small = 0, run_cpu_big = 0, run_gpu = 0, temp = 85472, min_delta_t = 527.04, val = 24
tdiff = 20.0006, run_cpu_small = 0, run_cpu_big = 0, run_gpu = 0, temp = 85256, min_delta_t = 527.04, val = 32
tdiff = 25.0006, run_cpu_small = 1, run_cpu_big = 0, run_gpu = 0, temp = 84392, min_delta_t = 527.04, val = 42
tdiff = 30.0001, run_cpu_small = 0, run_cpu_big = 0, run_gpu = 0, temp = 84608, min_delta_t = 527.04, val = 51
tdiff = 35.0002, run_cpu_small = 1, run_cpu_big = 0, run_gpu = 0, temp = 84392, min_delta_t = 527.04, val = 60
tdiff = 40, run_cpu_small = 1, run_cpu_big = 0, run_gpu = 0, temp = 83960, min_delta_t = 527.04, val = 69
tdiff = 45.0008, run_cpu_small = 1, run_cpu_big = 0, run_gpu = 0, temp = 84392, min_delta_t = 527.04, val = 78
tdiff = 50.0007, run_cpu_small = 1, run_cpu_big = 0, run_gpu = 0, temp = 84176, min_delta_t = 527.04, val = 87
tdiff = 55.0005, run_cpu_small = 1, run_cpu_big = 0, run_gpu = 0, temp = 83744, min_delta_t = 527.04, val = 96
0.571697 per image
0.0571697 per inference
