TL = 80000
graph = squeezenet
***
Profiling Temperature
[1/7] Processing cpu_small_
[1/20] cpu_small_: start_temp = 62144, index = 60000, max_temp = 216
[2/20] cpu_small_: start_temp = 61280, index = 60000, max_temp = 216
[3/20] cpu_small_: start_temp = 61496, index = 60000, max_temp = 216
[4/20] cpu_small_: start_temp = 61496, index = 60000, max_temp = 0
[5/20] cpu_small_: start_temp = 61496, index = 60000, max_temp = 0
[6/20] cpu_small_: start_temp = 61280, index = 60000, max_temp = 0
[7/20] cpu_small_: start_temp = 61064, index = 60000, max_temp = 216
[8/20] cpu_small_: start_temp = 61064, index = 60000, max_temp = 216
[9/20] cpu_small_: start_temp = 61064, index = 60000, max_temp = 216
[10/20] cpu_small_: start_temp = 61064, index = 60000, max_temp = 0
[11/20] cpu_small_: start_temp = 59984, index = 60000, max_temp = 0
[12/20] cpu_small_: start_temp = 59984, index = 60000, max_temp = 648
[13/20] cpu_small_: start_temp = 60632, index = 60000, max_temp = 0
[14/20] cpu_small_: start_temp = 59984, index = 60000, max_temp = 0
[15/20] cpu_small_: start_temp = 59984, index = 60000, max_temp = 1080
[16/20] cpu_small_: start_temp = 61064, index = 60000, max_temp = 216
[17/20] cpu_small_: start_temp = 61064, index = 60000, max_temp = 0
[18/20] cpu_small_: start_temp = 60848, index = 60000, max_temp = 216
[19/20] cpu_small_: start_temp = 60848, index = 60000, max_temp = 0
[20/20] cpu_small_: start_temp = 60848, index = 60000, max_temp = 0
cpu_small_ Average 172.8
60000={216,216,216,0,0,0,216,216,216,0,0,648,0,0,1080,216,0,216,0,0,}
Average @ 60000 172.8

[2/7] Processing cpu_big_
[1/20] cpu_big_: start_temp = 60632, index = 60000, max_temp = 4752
[2/20] cpu_big_: start_temp = 64088, index = 65000, max_temp = 2592
[3/20] cpu_big_: start_temp = 65600, index = 65000, max_temp = 2592
[4/20] cpu_big_: start_temp = 66464, index = 65000, max_temp = 1296
[5/20] cpu_big_: start_temp = 67112, index = 65000, max_temp = 0
[6/20] cpu_big_: start_temp = 66680, index = 65000, max_temp = 1080
[7/20] cpu_big_: start_temp = 67112, index = 65000, max_temp = 1512
[8/20] cpu_big_: start_temp = 65816, index = 65000, max_temp = 3240
[9/20] cpu_big_: start_temp = 67976, index = 70000, max_temp = 1080
[10/20] cpu_big_: start_temp = 68624, index = 70000, max_temp = 0
[11/20] cpu_big_: start_temp = 59552, index = 60000, max_temp = 6048
[12/20] cpu_big_: start_temp = 65168, index = 65000, max_temp = 1296
[13/20] cpu_big_: start_temp = 64952, index = 65000, max_temp = 2808
[14/20] cpu_big_: start_temp = 67760, index = 70000, max_temp = 216
[15/20] cpu_big_: start_temp = 67328, index = 65000, max_temp = 1080
[16/20] cpu_big_: start_temp = 68408, index = 70000, max_temp = 0
[17/20] cpu_big_: start_temp = 66248, index = 65000, max_temp = 1728
[18/20] cpu_big_: start_temp = 66896, index = 65000, max_temp = 1080
[19/20] cpu_big_: start_temp = 66248, index = 65000, max_temp = 2160
[20/20] cpu_big_: start_temp = 66896, index = 65000, max_temp = 1512
cpu_big_ Average 1803.6
60000={4752,6048,}
Average @ 60000 5400
65000={2592,2592,1296,0,1080,1512,3240,1296,2808,1080,1728,1080,2160,1512,}
Average @ 65000 1712.57
70000={1080,0,216,0,}
Average @ 70000 324

[3/7] Processing cpu_big_cpu_small_
[1/20] cpu_big_cpu_small_: start_temp = 58904, index = 60000, max_temp = 4320
[2/20] cpu_big_cpu_small_: start_temp = 60416, index = 60000, max_temp = 4968
[3/20] cpu_big_cpu_small_: start_temp = 62360, index = 60000, max_temp = 6048
[4/20] cpu_big_cpu_small_: start_temp = 63224, index = 65000, max_temp = 3024
[5/20] cpu_big_cpu_small_: start_temp = 63008, index = 65000, max_temp = 5616
[6/20] cpu_big_cpu_small_: start_temp = 65384, index = 65000, max_temp = 4320
[7/20] cpu_big_cpu_small_: start_temp = 64952, index = 65000, max_temp = 6264
[8/20] cpu_big_cpu_small_: start_temp = 65600, index = 65000, max_temp = 2592
[9/20] cpu_big_cpu_small_: start_temp = 64736, index = 65000, max_temp = 5616
[10/20] cpu_big_cpu_small_: start_temp = 65384, index = 65000, max_temp = 5184
[11/20] cpu_big_cpu_small_: start_temp = 59984, index = 60000, max_temp = 2808
[12/20] cpu_big_cpu_small_: start_temp = 62576, index = 65000, max_temp = 8640
[13/20] cpu_big_cpu_small_: start_temp = 64736, index = 65000, max_temp = 1944
[14/20] cpu_big_cpu_small_: start_temp = 63872, index = 65000, max_temp = 6048
[15/20] cpu_big_cpu_small_: start_temp = 66032, index = 65000, max_temp = 4320
[16/20] cpu_big_cpu_small_: start_temp = 65600, index = 65000, max_temp = 6048
[17/20] cpu_big_cpu_small_: start_temp = 65600, index = 65000, max_temp = 3024
[18/20] cpu_big_cpu_small_: start_temp = 66032, index = 65000, max_temp = 4968
[19/20] cpu_big_cpu_small_: start_temp = 66032, index = 65000, max_temp = 5184
[20/20] cpu_big_cpu_small_: start_temp = 66032, index = 65000, max_temp = 5184
cpu_big_cpu_small_ Average 4806
60000={4320,4968,6048,2808,}
Average @ 60000 4536
65000={3024,5616,4320,6264,2592,5616,5184,8640,1944,6048,4320,6048,3024,4968,5184,5184,}
Average @ 65000 4873.5

[4/7] Processing gpu
[1/20] gpu: start_temp = 59336, index = 60000, max_temp = 6912
[2/20] gpu: start_temp = 61928, index = 60000, max_temp = 5400
[3/20] gpu: start_temp = 65384, index = 65000, max_temp = 4752
[4/20] gpu: start_temp = 63440, index = 65000, max_temp = 11664
[5/20] gpu: start_temp = 62144, index = 60000, max_temp = 13176
[6/20] gpu: start_temp = 62360, index = 60000, max_temp = 4320
[7/20] gpu: start_temp = 63008, index = 65000, max_temp = 3672
[8/20] gpu: start_temp = 63224, index = 65000, max_temp = 4968
[9/20] gpu: start_temp = 63224, index = 65000, max_temp = 3672
[10/20] gpu: start_temp = 62792, index = 65000, max_temp = 4104
[11/20] gpu: start_temp = 59768, index = 60000, max_temp = 15120
[12/20] gpu: start_temp = 62576, index = 65000, max_temp = 4968
[13/20] gpu: start_temp = 62144, index = 60000, max_temp = 5832
[14/20] gpu: start_temp = 63440, index = 65000, max_temp = 11880
[15/20] gpu: start_temp = 64088, index = 65000, max_temp = 11232
[16/20] gpu: start_temp = 65816, index = 65000, max_temp = 3240
[17/20] gpu: start_temp = 63440, index = 65000, max_temp = 3456
[18/20] gpu: start_temp = 63008, index = 65000, max_temp = 12528
[19/20] gpu: start_temp = 62792, index = 65000, max_temp = 4320
[20/20] gpu: start_temp = 64736, index = 65000, max_temp = 5616
gpu Average 7041.6
60000={6912,5400,13176,4320,15120,5832,}
Average @ 60000 8460
65000={4752,11664,3672,4968,3672,4104,4968,11880,11232,3240,3456,12528,4320,5616,}
Average @ 65000 6433.71

[5/7] Processing cpu_small_gpu
[1/20] cpu_small_gpu: start_temp = 62576, index = 65000, max_temp = 12960
[2/20] cpu_small_gpu: start_temp = 62360, index = 60000, max_temp = 5184
[3/20] cpu_small_gpu: start_temp = 63224, index = 65000, max_temp = 12528
[4/20] cpu_small_gpu: start_temp = 62792, index = 65000, max_temp = 6048
[5/20] cpu_small_gpu: start_temp = 63872, index = 65000, max_temp = 3672
[6/20] cpu_small_gpu: start_temp = 62792, index = 65000, max_temp = 4320
[7/20] cpu_small_gpu: start_temp = 62792, index = 65000, max_temp = 4536
[8/20] cpu_small_gpu: start_temp = 63224, index = 65000, max_temp = 5184
[9/20] cpu_small_gpu: start_temp = 63440, index = 65000, max_temp = 7128
[10/20] cpu_small_gpu: start_temp = 63224, index = 65000, max_temp = 3888
[11/20] cpu_small_gpu: start_temp = 60200, index = 60000, max_temp = 7128
[12/20] cpu_small_gpu: start_temp = 63224, index = 65000, max_temp = 4104
[13/20] cpu_small_gpu: start_temp = 62792, index = 65000, max_temp = 4752
[14/20] cpu_small_gpu: start_temp = 63224, index = 65000, max_temp = 5616
[15/20] cpu_small_gpu: start_temp = 63440, index = 65000, max_temp = 3888
[16/20] cpu_small_gpu: start_temp = 63440, index = 65000, max_temp = 12528
[17/20] cpu_small_gpu: start_temp = 63440, index = 65000, max_temp = 5400
[18/20] cpu_small_gpu: start_temp = 63440, index = 65000, max_temp = 12096
[19/20] cpu_small_gpu: start_temp = 63008, index = 65000, max_temp = 5400
[20/20] cpu_small_gpu: start_temp = 63656, index = 65000, max_temp = 5400
cpu_small_gpu Average 6588
60000={5184,7128,}
Average @ 60000 6156
65000={12960,12528,6048,3672,4320,4536,5184,7128,3888,4104,4752,5616,3888,12528,5400,12096,5400,5400,}
Average @ 65000 6636

[6/7] Processing cpu_big_gpu
[1/20] cpu_big_gpu: start_temp = 64304, index = 65000, max_temp = 7776
[2/20] cpu_big_gpu: start_temp = 63224, index = 65000, max_temp = 5832
[3/20] cpu_big_gpu: start_temp = 64088, index = 65000, max_temp = 11448
[4/20] cpu_big_gpu: start_temp = 63224, index = 65000, max_temp = 5616
[5/20] cpu_big_gpu: start_temp = 64304, index = 65000, max_temp = 7992
[6/20] cpu_big_gpu: start_temp = 64736, index = 65000, max_temp = 9288
[7/20] cpu_big_gpu: start_temp = 63872, index = 65000, max_temp = 12528
[8/20] cpu_big_gpu: start_temp = 64304, index = 65000, max_temp = 5832
[9/20] cpu_big_gpu: start_temp = 63656, index = 65000, max_temp = 7560
[10/20] cpu_big_gpu: start_temp = 64736, index = 65000, max_temp = 11448
[11/20] cpu_big_gpu: start_temp = 61496, index = 60000, max_temp = 7560
[12/20] cpu_big_gpu: start_temp = 62576, index = 65000, max_temp = 6912
[13/20] cpu_big_gpu: start_temp = 63224, index = 65000, max_temp = 4968
[14/20] cpu_big_gpu: start_temp = 63008, index = 65000, max_temp = 6048
[15/20] cpu_big_gpu: start_temp = 63224, index = 65000, max_temp = 5616
[16/20] cpu_big_gpu: start_temp = 64736, index = 65000, max_temp = 4536
[17/20] cpu_big_gpu: start_temp = 64088, index = 65000, max_temp = 4320
[18/20] cpu_big_gpu: start_temp = 64304, index = 65000, max_temp = 4536
[19/20] cpu_big_gpu: start_temp = 64520, index = 65000, max_temp = 11880
[20/20] cpu_big_gpu: start_temp = 63872, index = 65000, max_temp = 3672
cpu_big_gpu Average 7268.4
60000={7560,}
Average @ 60000 7560
65000={7776,5832,11448,5616,7992,9288,12528,5832,7560,11448,6912,4968,6048,5616,4536,4320,4536,11880,3672,}
Average @ 65000 7253.05

[7/7] Processing cpu_big_cpu_small_gpu
[1/20] cpu_big_cpu_small_gpu: start_temp = 63008, index = 65000, max_temp = 9072
[2/20] cpu_big_cpu_small_gpu: start_temp = 63872, index = 65000, max_temp = 5832
[3/20] cpu_big_cpu_small_gpu: start_temp = 63656, index = 65000, max_temp = 8424
[4/20] cpu_big_cpu_small_gpu: start_temp = 64736, index = 65000, max_temp = 11448
[5/20] cpu_big_cpu_small_gpu: start_temp = 63656, index = 65000, max_temp = 12312
[6/20] cpu_big_cpu_small_gpu: start_temp = 63656, index = 65000, max_temp = 5832
[7/20] cpu_big_cpu_small_gpu: start_temp = 63656, index = 65000, max_temp = 5616
[8/20] cpu_big_cpu_small_gpu: start_temp = 63872, index = 65000, max_temp = 12528
[9/20] cpu_big_cpu_small_gpu: start_temp = 64736, index = 65000, max_temp = 11016
[10/20] cpu_big_cpu_small_gpu: start_temp = 63440, index = 65000, max_temp = 6696
[11/20] cpu_big_cpu_small_gpu: start_temp = 61064, index = 60000, max_temp = 14688
[12/20] cpu_big_cpu_small_gpu: start_temp = 62792, index = 65000, max_temp = 6048
[13/20] cpu_big_cpu_small_gpu: start_temp = 62792, index = 65000, max_temp = 7776
[14/20] cpu_big_cpu_small_gpu: start_temp = 63656, index = 65000, max_temp = 7992
[15/20] cpu_big_cpu_small_gpu: start_temp = 62792, index = 65000, max_temp = 7344
[16/20] cpu_big_cpu_small_gpu: start_temp = 63224, index = 65000, max_temp = 7128
[17/20] cpu_big_cpu_small_gpu: start_temp = 64304, index = 65000, max_temp = 4536
[18/20] cpu_big_cpu_small_gpu: start_temp = 63008, index = 65000, max_temp = 7560
[19/20] cpu_big_cpu_small_gpu: start_temp = 63224, index = 65000, max_temp = 6480
[20/20] cpu_big_cpu_small_gpu: start_temp = 65384, index = 65000, max_temp = 10800
cpu_big_cpu_small_gpu Average 8456.4
60000={14688,}
Average @ 60000 14688
65000={9072,5832,8424,11448,12312,5832,5616,12528,11016,6696,6048,7776,7992,7344,7128,4536,7560,6480,10800,}
Average @ 65000 8128.42

