TL = 80000
graph = squeezenet
version = 4
Images = 100
Inferences = 10
***
Running Scheduler
TL = 80000
graph = squeezenet
version = 4
Images = 100
Inferences = 10
***
Running Scheduler
Logging temp logs to temp_schedulerv4/squeezenet_TL80000_dt1000.csv
Main thread running
tdiff = 5.00073, run_cpu_small = 0, run_cpu_big = 0, run_gpu = 0, temp = 78776, min_delta_t = 2228.42, val = 4
tdiff = 10.0008, run_cpu_small = 0, run_cpu_big = 0, run_gpu = 0, temp = 80720, min_delta_t = 2228.42, val = 12
tdiff = 15.0002, run_cpu_small = 0, run_cpu_big = 0, run_gpu = 0, temp = 78992, min_delta_t = 2228.42, val = 20
tdiff = 20.0009, run_cpu_small = 0, run_cpu_big = 0, run_gpu = 0, temp = 79208, min_delta_t = 2228.42, val = 28
tdiff = 25.0002, run_cpu_small = 0, run_cpu_big = 0, run_gpu = 0, temp = 84176, min_delta_t = 2228.42, val = 34
tdiff = 30.0001, run_cpu_small = 0, run_cpu_big = 0, run_gpu = 0, temp = 80072, min_delta_t = 2228.42, val = 42
tdiff = 35.0001, run_cpu_small = 0, run_cpu_big = 0, run_gpu = 0, temp = 85040, min_delta_t = 2228.42, val = 48
tdiff = 40.0002, run_cpu_small = 0, run_cpu_big = 0, run_gpu = 0, temp = 78560, min_delta_t = 2228.42, val = 56
tdiff = 45.0013, run_cpu_small = 0, run_cpu_big = 0, run_gpu = 0, temp = 84392, min_delta_t = 2228.42, val = 62
tdiff = 50.0009, run_cpu_small = 0, run_cpu_big = 0, run_gpu = 0, temp = 83528, min_delta_t = 2228.42, val = 68
tdiff = 55.0005, run_cpu_small = 0, run_cpu_big = 0, run_gpu = 0, temp = 84608, min_delta_t = 2228.42, val = 74
tdiff = 60.0005, run_cpu_small = 0, run_cpu_big = 0, run_gpu = 0, temp = 84608, min_delta_t = 2228.42, val = 80
tdiff = 65.0003, run_cpu_small = 0, run_cpu_big = 0, run_gpu = 0, temp = 83744, min_delta_t = 2228.42, val = 86
tdiff = 70.0002, run_cpu_small = 0, run_cpu_big = 0, run_gpu = 0, temp = 84392, min_delta_t = 2228.42, val = 92
tdiff = 75.0007, run_cpu_small = 0, run_cpu_big = 0, run_gpu = 0, temp = 83744, min_delta_t = 2228.42, val = 98
0.758127 per image
0.0758127 per inference
